tiles: {3,4,6,8,12}  ring N=24
k=1: 15 seeds (15 used)
[PeriodSolver k=1] ⚑ INCOMPLETE-REGION (grid long-side reach): 84 solved cmm/rect long axes exceed poolLmax=5.60 and are not enumerated
  [0] [3,3,3,3,3,3]                cells=1 lat=23 raw=2 gateRej=0 fanLat=0 obl=0 19496ms
[PeriodSolver k=1] ⚑ INCOMPLETE-REGION (grid long-side reach): 48 solved cmm/rect long axes exceed poolLmax=5.60 and are not enumerated
  [1] [3,3,3,3,6]                  cells=1 lat=4 raw=4 gateRej=0 fanLat=0 obl=0 2563ms
[PeriodSolver k=1] ⚑ INCOMPLETE-REGION (grid long-side reach): 192 solved cmm/rect long axes exceed poolLmax=5.60 and are not enumerated
  [2] [3,3,3,4,4]                  cells=1 lat=48 raw=1 gateRej=0 fanLat=0 obl=108 2185ms
  [3] [3,3,4,3,4]                  cells=1 lat=48 raw=1 gateRej=0 fanLat=0 obl=108 1559ms
[PeriodSolver k=1] ⚑ INCOMPLETE-REGION (grid long-side reach): 216 solved cmm/rect long axes exceed poolLmax=5.60 and are not enumerated
[PeriodSolver k=1] ⚑ INCOMPLETE-REGION (grid long-side reach): 72 solved cmm/rect long axes exceed poolLmax=5.60 and are not enumerated
[PeriodSolver k=1] ⚑ INCOMPLETE-REGION (grid long-side reach): 144 solved cmm/rect long axes exceed poolLmax=5.60 and are not enumerated
  [8] [3,4,6,4]                    cells=1 lat=4 raw=1 gateRej=0 fanLat=0 obl=0 542ms
  [9] [3,6,3,6]                    cells=1 lat=11 raw=2 gateRej=0 fanLat=0 obl=0 2377ms
[PeriodSolver k=1] ⚑ INCOMPLETE-REGION (grid long-side reach): 384 solved cmm/rect long axes exceed poolLmax=5.60 and are not enumerated
  [10] [3,12,12]                    cells=1 lat=6 raw=1 gateRej=0 fanLat=0 obl=0 504ms
[PeriodSolver k=1] ⚑ INCOMPLETE-REGION (grid long-side reach): 104 solved cmm/rect long axes exceed poolLmax=5.60 and are not enumerated
  [11] [4,4,4,4]                    cells=1 lat=18 raw=1 gateRej=0 fanLat=0 obl=0 6684ms
[PeriodSolver k=1] ⚑ INCOMPLETE-REGION (grid long-side reach): 252 solved cmm/rect long axes exceed poolLmax=5.60 and are not enumerated
  [12] [4,6,12]                     cells=1 lat=3 raw=1 gateRej=0 fanLat=0 obl=0 585ms
[PeriodSolver k=1] ⚑ INCOMPLETE-REGION (grid long-side reach): 160 solved cmm/rect long axes exceed poolLmax=5.60 and are not enumerated
  [13] [4,8,8]                      cells=1 lat=8 raw=1 gateRej=0 fanLat=0 obl=0 705ms
[PeriodSolver k=1] ⚑ INCOMPLETE-REGION (grid long-side reach): 108 solved cmm/rect long axes exceed poolLmax=5.60 and are not enumerated
  [14] [6,6,6]                      cells=1 lat=12 raw=1 gateRej=0 fanLat=0 obl=0 1946ms

k=1: 11 distinct tilings (from 11 raw cells), 0 seeds timed out, 39.9s total
COMPOSITION digest=6f9ca9cf2d16c75f count=11
