=== build-doubled-atlas (side-1 + side-2 regular {3,4,6,12}) ===
  loaded 1505 developed tilings from tools/ctrnact-oracle/run-k4-regular-doubled/ctrnact-cells-k4.json
  ctrnact-01_3h-3cm-1  3.6₂  faces=3
  ctrnact-01_3t-4cs-1  3.3₂  faces=3
  ctrnact-01_4q-3bo-1  4.4₂  faces=2
  ctrnact-01_6t-3bf-1  6.3₂  faces=3
  ctrnact-01_q-2as_3bp-1  4₂  faces=1
  ctrnact-01_t-2am_4cy-1  3₂  faces=2
  ctrnact-02_34h-3cf_4ff-1  3.4.6₂  faces=9
  ctrnact-02_34q-4ep_5bi-1  3.4.4₂  faces=10
  ctrnact-02_36h-3ch_4fl-1  3.6.6₂  faces=9
  ctrnact-02_36q-3bm_4dp-1  3.6.4₂  faces=8
  ctrnact-02_36t-2am_3bf_4cx-1  3.6.3₂  faces=9
  ctrnact-02_36t-3be_5aq-1  3.6.3₂  faces=6
  ctrnact-02_36t-4cr_5ai-1  3.6.3₂  faces=15
  ctrnact-02_3h-4fa_4gq-1  3.6₂  faces=9
  ctrnact-02_3h-4gr_5ct-1  3.6₂  faces=15
  ctrnact-02_3q-2at_4ep_5cj-1  3.4₂  faces=5
  ctrnact-02_3q-2av_4ep_5cj-1  3.4₂  faces=10
  ctrnact-02_3qh-2az_4eo_4gc-1  3.4₂.6₂  faces=12
  ctrnact-02_3t-2am2_4cr_6bg-1  3.3₂  faces=6
  ctrnact-02_3t-2am_4ct_4cx-1  3.3₂  faces=8
  ctrnact-02_3t-2am_4cu_4cx-1  3.3₂  faces=4
  ctrnact-02_3t-2ao_4cr_6bh-1  3.3₂  faces=12
  ctrnact-02_3t-2ap_4cq_6bl-1  3.3₂  faces=9
  ctrnact-02_3t-2ap_4cr_6bg-1  3.3₂  faces=12
  ctrnact-02_3t-2ap_4cx_6bo-1  3.3₂  faces=8
  ctrnact-02_3t-4cq_6at-1  3.3₂  faces=5
  ctrnact-02_3t-4cs_4cu-1  3.3₂  faces=6
  ctrnact-02_3t-4cu_6ab-1  3.3₂  faces=8
  ctrnact-02_3th-2am_2ay_4cr_5dc-1  3.3₂.6₂  faces=15
  ctrnact-02_3th-2ax_4fu_4gq-1  3.3₂.6₂  faces=6
  ctrnact-02_3th-3bu_4gu-1  3.3₂.6₂  faces=9
  ctrnact-02_3w-2aa_3aj_4bn-1  3.12₂  faces=9
  ctrnact-02_46t-3bc_4cc-1  4.6.3₂  faces=9
  ctrnact-02_4q-2as_3bk_4ea-1  4.4₂  faces=3
  ctrnact-02_4q-2as_3bk_4ea-2  4.4₂  faces=3
  ctrnact-02_4q-2as_3bo_3bp-1  4.4₂  faces=6
  ctrnact-02_4q-3bk_4de-1  4.4₂  faces=6
  ctrnact-02_4t-2am_3bc_5bd-1  4.3₂  faces=4
  ctrnact-02_4t-2am_3bc_5bd-2  4.3₂  faces=4
  ctrnact-02_6t-2ap_3bf_4cz-1  6.3₂  faces=9
  ctrnact-02_q-2as_2au_2av_3bp_4el-1  4₂  faces=3
  ctrnact-02_q-2as_2au_3bp_4ei-1  4₂  faces=2
  ctrnact-02_t-2al_2ap_4cy_6br-1  3₂  faces=4
  ctrnact-02_t-2am_2ao_2ap_4cy_6bv-1  3₂  faces=6
  ctrnact-02_tq-2am_2aq_2au_3bp_5cq-1  3₂.4₂  faces=4
  ctrnact-02_tq-2am_2as_3bi_4ew-1  3₂.4₂  faces=3
  ctrnact-02_tq-2ap_2aq_2as_4cy_5cq-1  3₂.4₂  faces=5
  ctrnact-03_346q-3bm_4as_4dn-1  3.4.6.4₂  faces=20
  ctrnact-03_346t-2al_3bd_4cc_5aw-1  3.4.6.3₂  faces=21
  ctrnact-03_34cq-4ac_4dc_4eo-1  3.4.12.4₂  faces=16
  ctrnact-03_34ct-4ac_4cq_5ag-1  3.4.12.3₂  faces=27
  ctrnact-03_34q-2as_4eo_5ad_5ci-1  3.4.4₂  faces=11
  ctrnact-03_34q-2as_4eo_5ad_5ci-2  3.4.4₂  faces=11
  ctrnact-03_34q-3bk_4eo_5bm-1  3.4.4₂  faces=9
  ctrnact-03_34t-2al_3bd_5aj_5aw-1  3.4.3₂  faces=8
  ctrnact-03_34t-2am_4cq_5ad_6bf-1  3.4.3₂  faces=12
  ctrnact-03_34t-2am_4cq_5ad_6bf-2  3.4.3₂  faces=12
  ctrnact-03_34t-2an_3bc_5aw_6bn-1  3.4.3₂  faces=14
  ctrnact-03_34t-3bc_5aj_6aa-1  3.4.3₂  faces=14
  ctrnact-03_36h-2bb_3bz_3ch_4fa-1  3.6.6₂  faces=4
  ctrnact-03_36h-2bb_4gl_4gq_5ae-1  3.6.6₂  faces=21
  ctrnact-03_36h-3ch_4fl_5af-1  3.6.6₂  faces=18
  ctrnact-03_36h-4au_4ey_4gq-1  3.6.6₂  faces=24
  ctrnact-03_36h-4ey_4gq_5ae-1  3.6.6₂  faces=21
  ctrnact-03_36q-2at_3bm_4am_4ec-1  3.6.4₂  faces=4
  ctrnact-03_36q-2at_3bm_4an_4ec-1  3.6.4₂  faces=8
  ctrnact-03_36q-2av_3bm_4am_4ec-1  3.6.4₂  faces=8
  ctrnact-03_36q-2av_3bm_4an_4ec-1  3.6.4₂  faces=4
  ctrnact-03_36t-2al_2am_2ap_3be_5bg_6bl-1  3.6.3₂  faces=9
  ctrnact-03_36t-2al_3be_4ci_6ba-1  3.6.3₂  faces=5
  ctrnact-03_36t-2am2_3be_4am_5bf-1  3.6.3₂  faces=5
  ctrnact-03_36t-2am2_3be_4an_5bf-1  3.6.3₂  faces=10
  ctrnact-03_36t-2am_2an_3be_5bg_6ba-1  3.6.3₂  faces=7
  ctrnact-03_36t-2am_2ao_3be_4ci_6bl-1  3.6.3₂  faces=7
  ctrnact-03_36t-2am_2ap_3bf_4cx_4cz-1  3.6.3₂  faces=15
  ctrnact-03_36t-2am_2ap_4cr_5af_6bk-1  3.6.3₂  faces=27
  ctrnact-03_36t-2am_3be2_5bc-1  3.6.3₂  faces=10
  ctrnact-03_36t-2am_3be_3bf_5bb-1  3.6.3₂  faces=5
  ctrnact-03_36t-2am_3be_4ch_4cx-1  3.6.3₂  faces=5
  ctrnact-03_36t-2am_3be_4ch_4cx-2  3.6.3₂  faces=10
  ctrnact-03_36t-2ap_3be_4am_5bf-1  3.6.3₂  faces=10
  ctrnact-03_36t-2ap_3be_4an_5bf-1  3.6.3₂  faces=5
  ctrnact-03_36t-2ap_3be_4ct_5bf-1  3.6.3₂  faces=9
  ctrnact-03_36t-2ap_3be_5bb_6bo-1  3.6.3₂  faces=14
  ctrnact-03_36t-3be_4ch_4cs-1  3.6.3₂  faces=8
  ctrnact-03_36t-3be_4ch_4cs-2  3.6.3₂  faces=4
  ctrnact-03_36t-3be_4ci_4cv-1  3.6.3₂  faces=5
  ctrnact-03_36t-3bf_4cr_4cw-1  3.6.3₂  faces=15
  ctrnact-03_36t-3bf_4ct_4cu-1  3.6.3₂  faces=15
  ctrnact-03_36t-4cq_5ae_6am-1  3.6.3₂  faces=21
  ctrnact-03_36t-4cr_5af_6al-1  3.6.3₂  faces=27
  ctrnact-03_36th-2ax_3be_4fp_4gs-1  3.6.3₂.6₂  faces=12
  ctrnact-03_36th-2ax_3be_4fq_6at-1  3.6.3₂.6₂  faces=16
  ctrnact-03_36th-3be_3ch_4fm-1  3.6.3₂.6₂  faces=12
  ctrnact-03_36tq-2al_2ar_3bm_4dy_5cb-1  3.6.3₂.4₂  faces=7
  ctrnact-03_36tq-2aq_2as_3be_4ci_5cn-1  3.6.3₂.4₂  faces=6
  ctrnact-03_36tq-2aq_4eo_5ae_5cd-1  3.6.3₂.4₂  faces=24
  ctrnact-03_36tqh-2aq_2az_3bm_4dy_4gc-1  3.6.3₂.4₂.6₂  faces=18
  ctrnact-03_3h-2bb_4gl_4gr_5cs-1  3.6₂  faces=9
  ctrnact-03_3h-2bc_3cm_4gm_4gr-1  3.6₂  faces=5
  ctrnact-03_3h-2be_3cm_4gm_4gr-1  3.6₂  faces=10
  ctrnact-03_3h-3cm_4gq_5cs-1  3.6₂  faces=7
  ctrnact-03_3h-4gq_5cs_6ai-1  3.6₂  faces=27
  ctrnact-03_3h-4gr_5ct_6af-1  3.6₂  faces=19
  ctrnact-03_3q-2as_4eo_5ci_6ag-1  3.4₂  faces=9
  ctrnact-03_3q-2as_4eo_5ci_6ah-1  3.4₂  faces=9
  ctrnact-03_3q-2at_2aw2_4en_4ep_5cj-1  3.4₂  faces=7
  ctrnact-03_3q-2at_2aw_4ek_4ep_5cj-1  3.4₂  faces=6
  ctrnact-03_3q-2au_2aw_4el_4ep_5cj-1  3.4₂  faces=12
  ctrnact-03_3q-2av_2aw2_4en_4ep_5cj-1  3.4₂  faces=14
  ctrnact-03_3q-2aw_3bq_4ep_5cj-1  3.4₂  faces=6
  ctrnact-03_3q-2aw_3bq_4ep_5cj-3  3.4₂  faces=12
  ctrnact-03_3q-4ep_5bk_6ae-1  3.4₂  faces=18
  ctrnact-03_3qhw-2ah_2aj_2ba_3aq_4eo_4gc-1  3.4₂.6₂.12₂  faces=18
  ctrnact-03_3t-2al_4cr_6ak_6ax-1  3.3₂  faces=12
  ctrnact-03_3t-2al_4cr_6ak_6ba-1  3.3₂  faces=10
  ctrnact-03_3t-2al_4cr_6am_6ax-1  3.3₂  faces=10
  ctrnact-03_3t-2am2_2ap3_4cr_6bg_6bw-1  3.3₂  faces=10
  ctrnact-03_3t-2am2_2ap_4cr_4cu_6bm-1  3.3₂  faces=8
  ctrnact-03_3t-2am2_2ap_4cr_4cx_6bk-1  3.3₂  faces=8
  ctrnact-03_3t-2am_2an_4cr_6ax_6bj-1  3.3₂  faces=12
  ctrnact-03_3t-2am_2ao_4cr_6ak_6bl-1  3.3₂  faces=12
  ctrnact-03_3t-2am_2ap2_4cr_6bg_6bt-1  3.3₂  faces=8
  ctrnact-03_3t-2am_2ap2_4cr_6bm_6bo-1  3.3₂  faces=20
  ctrnact-03_3t-2am_2ap_4ct_4cx_4cz-1  3.3₂  faces=12
  ctrnact-03_3t-2am_2ap_4cu_4cx_4cz-1  3.3₂  faces=6
  ctrnact-03_3t-2am_2ap_4cu_4cx_4cz-2  3.3₂  faces=6
  ctrnact-03_3t-2am_2ap_4cu_4cx_4cz-3  3.3₂  faces=12
  ctrnact-03_3t-2am_4cq_6ag_6bf-1  3.3₂  faces=10
  ctrnact-03_3t-2am_4cq_6ah_6bf-1  3.3₂  faces=10
  ctrnact-03_3t-2am_4cr_4cu_6ay-1  3.3₂  faces=8
  ctrnact-03_3t-2am_4cr_4cu_6bb-1  3.3₂  faces=6
  ctrnact-03_3t-2am_4cr_4cx_6al-1  3.3₂  faces=8
  ctrnact-03_3t-2am_4cr_4cx_6al-2  3.3₂  faces=16
  ctrnact-03_3t-2am_4cr_4cx_6an-1  3.3₂  faces=6
  ctrnact-03_3t-2am_4cr_4cx_6ar-1  3.3₂  faces=12
  ctrnact-03_3t-2am_4cu_4cx_6ab-1  3.3₂  faces=14
  ctrnact-03_3t-2an_2ap2_4cr_6bg_6bu-1  3.3₂  faces=16
  ctrnact-03_3t-2an_4cq_6ba_6bn-1  3.3₂  faces=14
  ctrnact-03_3t-2an_4cr_4cu_6bc-1  3.3₂  faces=12
  ctrnact-03_3t-2ao_2ap2_4cx_4cy_6bv-1  3.3₂  faces=15
  ctrnact-03_3t-2ao_2ap_4cq_6bl_6bq-1  3.3₂  faces=11
  ctrnact-03_3t-2ao_4cr_4cx_6ao-1  3.3₂  faces=12
  ctrnact-03_3t-2ap2_4cr_4cu_6bm-1  3.3₂  faces=16
  ctrnact-03_3t-2ap2_4cr_4cx_6bk-1  3.3₂  faces=16
  ctrnact-03_3t-2ap2_4cr_4cz_6bg-1  3.3₂  faces=8
  ctrnact-03_3t-2ap2_4cr_4cz_6bg-3  3.3₂  faces=16
  ctrnact-03_3t-2ap4_4cr_6bg_6bw-1  3.3₂  faces=20
  ctrnact-03_3t-2ap_4cr_6ay_6bo-1  3.3₂  faces=20
  ctrnact-03_3t-2ap_4ct_4cx_4cy-1  3.3₂  faces=5
  ctrnact-03_3t-2ap_4cu_4cx_4cy-1  3.3₂  faces=10
  ctrnact-03_3t-2ap_4cu_4cx_6bo-1  3.3₂  faces=14
  ctrnact-03_3t-2ap_4cu_4cz_6ab-1  3.3₂  faces=14
  ctrnact-03_3t-4cq_4cs_6ak-1  3.3₂  faces=12
  ctrnact-03_3t-4cq_4ct_6ak-1  3.3₂  faces=15
  ctrnact-03_3t-4cq_6ai_6ak-1  3.3₂  faces=15
  ctrnact-03_3t-4cq_6aj_6ak-1  3.3₂  faces=21
  ctrnact-03_3t-4cr_4cs_6al-1  3.3₂  faces=14
  ctrnact-03_3t-4cr_4cs_6al-2  3.3₂  faces=7
  ctrnact-03_3t-4cr_4cs_6an-1  3.3₂  faces=10
  ctrnact-03_3t-4cr_4cs_6ar-1  3.3₂  faces=5
  ctrnact-03_3t-4cr_4cu_4cw-1  3.3₂  faces=12
  ctrnact-03_3t-4cr_4cu_4cw-2  3.3₂  faces=6
  ctrnact-03_3t-4cr_4cu_4cw-3  3.3₂  faces=12
  ctrnact-03_3t-4cr_4cv_6ak-1  3.3₂  faces=10
  ctrnact-03_3t-4cr_6ab_6al-1  3.3₂  faces=20
  ctrnact-03_3t-4cr_6af_6al-1  3.3₂  faces=11
  ctrnact-03_3t-4cr_6ai_6ar-1  3.3₂  faces=18
  ctrnact-03_3t-4ct2_4cu-1  3.3₂  faces=12
  ctrnact-03_3th-2am_2ap3_2ay_4cr_5df_6bm-1  3.3₂.6₂  faces=27
  ctrnact-03_3th-2am_3bu_4ct_4gx-1  3.3₂.6₂  faces=15
  ctrnact-03_3th-2ap2_2ay2_4cr_5dc_5df-1  3.3₂.6₂  faces=12
  ctrnact-03_3th-2ap3_2ay_4cx_4cz_5df-1  3.3₂.6₂  faces=21
  ctrnact-03_3th-2ax2_2ay_4fv_4fz_4gr-1  3.3₂.6₂  faces=15
  ctrnact-03_3th-2ax_2ay2_4fu_4ga_4gq-1  3.3₂.6₂  faces=12
  ctrnact-03_3th-2ax_2ay_4fu_4fy_4gq-1  3.3₂.6₂  faces=18
  ctrnact-03_3th-2ay_4cr_4ct_5cz-1  3.3₂.6₂  faces=21
  ctrnact-03_3th-4cq_4gs_5cs-1  3.3₂.6₂  faces=21
  ctrnact-03_3tq-2am2_2ar_2aw_4ep_5cj_5cr-1  3.3₂.4₂  faces=8
  ctrnact-03_3tq-2an_2aq_4eo_5cb_6bn-1  3.3₂.4₂  faces=17
  ctrnact-03_3tq-2ap2_2ar_2at_4cr_5cr_6bg-1  3.3₂.4₂  faces=9
  ctrnact-03_3tq-2ap2_2ar_2av_4cr_5cr_6bg-1  3.3₂.4₂  faces=18
  ctrnact-03_3tq-2ap_2ar_2aw_4ep_5cj_5cr-1  3.3₂.4₂  faces=16
  ctrnact-03_3tq-2aq_2as_4cr_5cn_6ak-1  3.3₂.4₂  faces=11
  ctrnact-03_3tq-2aq_2at_4cr_4eq_5cm-1  3.3₂.4₂  faces=12
  ctrnact-03_3tq-2aq_2av_4cr_4eq_5cm-1  3.3₂.4₂  faces=12
  ctrnact-03_3tq-2ar_2at_4cr_4cu_5co-1  3.3₂.4₂  faces=7
  ctrnact-03_3tq-2ar_2av_4cr_4cu_5co-1  3.3₂.4₂  faces=14
  ctrnact-03_3tqh-2al_2ar_2az_4eo_4gh_5cb-1  3.3₂.4₂.6₂  faces=21
  ctrnact-03_3tqh-2aq_2ba_4eo_4gc_4gh-1  3.3₂.4₂.6₂  faces=9
  ctrnact-03_3tqh-2ar_2as_2az_4cq_4gh_5cn-1  3.3₂.4₂.6₂  faces=21
  ctrnact-03_3tw-2ac_2af_3aj_3al_4bn-1  3.3₂.12₂  faces=6
  ctrnact-03_46t-2ao_3bd_4cc_5bd-1  4.6.3₂  faces=21
  ctrnact-03_4q-2as_2au_2av_3bk_4ea_4el-1  4.4₂  faces=5
  ctrnact-03_4q-2as_2au_2av_3bk_4ea_4el-2  4.4₂  faces=5
  ctrnact-03_4q-2as_2au_3bk_4ea_4ei-1  4.4₂  faces=4
  ctrnact-03_4q-2as_2au_3bk_4ea_4ei-2  4.4₂  faces=4
  ctrnact-03_4q-2as_3bk_4ai_4ea-1  4.4₂  faces=5
  ctrnact-03_4q-2at2_3bl_3bo_4ef-1  4.4₂  faces=4
  ctrnact-03_4q-2at_3bl_4de_4ee-1  4.4₂  faces=6
  ctrnact-03_4q-2at_3bo2_3bq-1  4.4₂  faces=3
  ctrnact-03_4q-2au_3bk_3bp_4ea-1  4.4₂  faces=4
  ctrnact-03_4q-2au_3bk_3bp_4ea-2  4.4₂  faces=4
  ctrnact-03_4q-2av_3bk_4ad_4ee-1  4.4₂  faces=7
  ctrnact-03_4q-2aw_3bl_3bo_4ef-1  4.4₂  faces=8
  ctrnact-03_4q-2aw_3bo_3bq_4eh-1  4.4₂  faces=5
  ctrnact-03_4q-3bk_4ad_4dh-1  4.4₂  faces=5
  ctrnact-03_4q-3bl_3bo_4df-1  4.4₂  faces=4
  ctrnact-03_4q-3bl_3bo_4di-1  4.4₂  faces=3
  ctrnact-03_4q-3bl_3bo_4dj-1  4.4₂  faces=6
  ctrnact-03_4q-3bl_4ae_4df-1  4.4₂  faces=7
  ctrnact-03_4q-3bl_4ak_4df-1  4.4₂  faces=10
  ctrnact-03_4q-3bl_4de_4dh-1  4.4₂  faces=5
  ctrnact-03_4t-2al_2ap_3bc_5bd_6br-1  4.3₂  faces=6
  ctrnact-03_4t-2al_2ap_3bc_5bd_6br-2  4.3₂  faces=6
  ctrnact-03_4t-2al_3bd_4ae_5az-1  4.3₂  faces=12
  ctrnact-03_4t-2am_2ao_2ap_3bc_5bd_6bv-1  4.3₂  faces=8
  ctrnact-03_4t-2am_2ao_2ap_3bc_5bd_6bv-2  4.3₂  faces=8
  ctrnact-03_4t-2am_3bc_4ai_5bd-1  4.3₂  faces=6
  ctrnact-03_4t-2ap_3bc_4cy_5bd-1  4.3₂  faces=6
  ctrnact-03_4t-2ap_3bc_4cy_5bd-2  4.3₂  faces=6
  ctrnact-03_4tq-2am_2aq_2au_3bk_4ea_5cq-1  4.3₂.4₂  faces=6
  ctrnact-03_4tq-2am_2aq_2au_3bk_4ea_5cq-2  4.3₂.4₂  faces=6
  ctrnact-03_4tq-2am_2ar_3bd_4ae_5bz-1  4.3₂.4₂  faces=9
  ctrnact-03_4tq-2ap_2aq_2as_3bc_5bd_5cq-1  4.3₂.4₂  faces=7
  ctrnact-03_4tq-2ap_2aq_2as_3bc_5bd_5cq-2  4.3₂.4₂  faces=7
  ctrnact-03_6th-2ay_3bf_3bv_3cn-1  6.3₂.6₂  faces=9
  ctrnact-03_q-2as2_2au_2av_3bp2_4el-1  4₂  faces=4
  ctrnact-03_q-2as2_2au_3bp2_4ei-1  4₂  faces=3
  ctrnact-03_q-2as_2au2_2av2_3bp_4el2-1  4₂  faces=5
  ctrnact-03_q-2as_2au2_2av_3bp_4ei_4el-1  4₂  faces=4
  ctrnact-03_t-2al_2am_2ap_4cy2_6br-1  3₂  faces=6
  ctrnact-03_t-2al_2ao_2ap2_4cy_6br_6bv-1  3₂  faces=8
  ctrnact-03_t-2am2_2ao_2ap_4cy2_6bv-1  3₂  faces=8
  ctrnact-03_t-2am_2ao2_2ap2_4cy_6bv2-1  3₂  faces=10
  ctrnact-03_th-2al_2ap_2ay_3bv_4gy_5de-1  3₂.6₂  faces=7
  ctrnact-03_th-2ap_2ax_2ay_2bc_3bv_4gp_4gy-1  3₂.6₂  faces=8
  ctrnact-03_th-2ay2_3bv_3cn_4fx-1  3₂.6₂  faces=3
  ctrnact-03_th-2ay2_3bv_3cn_4fy-1  3₂.6₂  faces=6
  ctrnact-03_tq-2al_2ap_2aq_2au_3bp_5cq_6br-1  3₂.4₂  faces=6
  ctrnact-03_tq-2al_2ap_2as_3bi_4ew_6br-1  3₂.4₂  faces=5
  ctrnact-03_tq-2am2_2aq_2au_3bi_4ew_5cq-1  3₂.4₂  faces=6
  ctrnact-03_tq-2am_2ao_2ap_2aq_2au_3bp_5cq_6bv-1  3₂.4₂  faces=8
  ctrnact-03_tq-2am_2ao_2ap_2as_3bi_4ew_6bv-1  3₂.4₂  faces=7
  ctrnact-03_tq-2am_2ap_2aq2_2au_4cy_5cq2-1  3₂.4₂  faces=8
  ctrnact-03_tq-2am_2ap_2aq_2as_4cy2_5cq-1  3₂.4₂  faces=7
  ctrnact-03_tq-2am_2aq_2as_2au_3bp2_5cq-1  3₂.4₂  faces=5
  ctrnact-03_tq-2am_2aq_2au2_2av_3bp_4el_5cq-1  3₂.4₂  faces=6
  ctrnact-03_tq-2am_2as_2au_2av_3bi_4el_4ew-1  3₂.4₂  faces=5
  ctrnact-03_tq-2am_2as_2au_3bi_4ei_4ew-1  3₂.4₂  faces=4
  ctrnact-03_tq-2am_2au_3bi_3bp_4ew-1  3₂.4₂  faces=4
  ctrnact-03_tq-2ao_2ap2_2aq_2as_4cy_5cq_6bv-1  3₂.4₂  faces=9
  ctrnact-03_tq-2ap_2aq2_2as_2au_3bp_5cq2-1  3₂.4₂  faces=7
  ctrnact-03_tq-2ap_2aq_2as2_3bi_4ew_5cq-1  3₂.4₂  faces=6
  ctrnact-03_tq-2ap_2aq_2as_2au_2av_4cy_4el_5cq-1  3₂.4₂  faces=7
  ctrnact-03_tq-2ap_2aq_2as_2au_4cy_4ei_5cq-1  3₂.4₂  faces=6
  ctrnact-03_tq-2ap_2aq_2au_3bi_4ew_5cq-1  3₂.4₂  faces=3
  ctrnact-03_tq-2ap_2aq_2au_3bp_4cy_5cq-1  3₂.4₂  faces=6
  ctrnact-03_tq-2ap_2as_3bi_4cy_4ew-1  3₂.4₂  faces=5
  ctrnact-04_346h-3cf_4ai_4as_4ff-1  3.4.6.6₂  faces=27
  ctrnact-04_346q-3bk_4au_4dg_4eo-1  3.4.6.4₂  faces=11
  ctrnact-04_346q-3bk_4dg_4eo_5ae-1  3.4.6.4₂  faces=10
  ctrnact-04_346q-3bm_4ae_4as_4dn-1  3.4.6.4₂  faces=11
  ctrnact-04_346t-2al_3be_4as_4ce_6ba-1  3.4.6.3₂  faces=10
  ctrnact-04_346t-2al_3be_4as_4ce_6ba-2  3.4.6.3₂  faces=10
  ctrnact-04_346t-2al_3be_4as_4co_5ag-1  3.4.6.3₂  faces=11
  ctrnact-04_346t-2am_2ao_3be_4as_4ce_6bl-1  3.4.6.3₂  faces=12
  ctrnact-04_346t-2am_2ao_3be_4as_4ce_6bl-2  3.4.6.3₂  faces=12
  ctrnact-04_346t-3bc_3be_4ci_5an-1  3.4.6.3₂  faces=7
  ctrnact-04_346t-3bc_3be_4ci_5an-2  3.4.6.3₂  faces=7
  ctrnact-04_346t-3bc_4aq_4cc_5ac-1  3.4.6.3₂  faces=12
  ctrnact-04_346t-3bd_4cc_4cq_5an-1  3.4.6.3₂  faces=27
  ctrnact-04_346t-3be_4as_4ce_4cv-1  3.4.6.3₂  faces=10
  ctrnact-04_346t-3be_4as_4ce_4cv-2  3.4.6.3₂  faces=10
  ctrnact-04_346t-4aq_4cq_5ab_5ag-1  3.4.6.3₂  faces=39
  ctrnact-04_346t-4aq_4cq_5ad_5ag-1  3.4.6.3₂  faces=39
  ctrnact-04_346tq-2aq_2as_3be_4as_4ce_5cn-1  3.4.6.3₂.4₂  faces=11
  ctrnact-04_346tq-2aq_2as_3be_4as_4ce_5cn-2  3.4.6.3₂.4₂  faces=11
  ctrnact-04_34ch-3cf_4ac_4fh_4gq-1  3.4.12.6₂  faces=33
  ctrnact-04_34ct-4ac_4cq_5ad_6ak-1  3.4.12.3₂  faces=48
  ctrnact-04_34h-3cf_4af_4ff_5ac-1  3.4.6₂  faces=21
  ctrnact-04_34h-3cf_4ff_5aa_5ac-1  3.4.6₂  faces=27
  ctrnact-04_34h-4gq_5aa_5ad_5cs-1  3.4.6₂  faces=42
  ctrnact-04_34q-2as_2au_2av_4el_4eo_5ad_5ci-1  3.4.4₂  faces=13
  ctrnact-04_34q-2as_2au_2av_4el_4eo_5ad_5ci-2  3.4.4₂  faces=13
  ctrnact-04_34q-2as_2au_4ei_4eo_5ad_5ci-1  3.4.4₂  faces=12
  ctrnact-04_34q-2as_2au_4ei_4eo_5ad_5ci-2  3.4.4₂  faces=12
  ctrnact-04_34q-2as_3bk_4ep_5bm_5ci-1  3.4.4₂  faces=14
  ctrnact-04_34q-2as_3bl_4ea_4eo_5bm-1  3.4.4₂  faces=12
  ctrnact-04_34q-2as_4ah_4eo_5ad_5ci-1  3.4.4₂  faces=13
  ctrnact-04_34q-2as_4ai_4eo_5ad_5ci-1  3.4.4₂  faces=13
  ctrnact-04_34q-2as_4ak_4eo_5ad_5ci-1  3.4.4₂  faces=15
  ctrnact-04_34q-2as_4ak_4eo_5ad_5ci-2  3.4.4₂  faces=15
  ctrnact-04_34q-2at_3bl_4eb_5ad2-1  3.4.4₂  faces=9
  ctrnact-04_34q-2au_3bp_4eo_5ad_5ci-1  3.4.4₂  faces=12
  ctrnact-04_34q-2au_3bp_4eo_5ad_5ci-2  3.4.4₂  faces=12
  ctrnact-04_34q-2av_3bl_4eb_5ad2-1  3.4.4₂  faces=18
  ctrnact-04_34q-2aw_3bl_4eb_4ep_5cj-1  3.4.4₂  faces=8
  ctrnact-04_34q-2aw_3bl_4eb_4ep_5cj-3  3.4.4₂  faces=16
  ctrnact-04_34q-2aw_3bl_4eb_4ep_5cj-5  3.4.4₂  faces=8
  ctrnact-04_34q-2aw_3bl_4eb_4ep_5cj-7  3.4.4₂  faces=16
  ctrnact-04_34q-3bl_4ep_5bm2-1  3.4.4₂  faces=9
  ctrnact-04_34q-4ep_5ad_5bi_6ai-1  3.4.4₂  faces=40
  ctrnact-04_34t-2al_2ap_4cq_5ad_6bf_6br-1  3.4.3₂  faces=14
  ctrnact-04_34t-2al_2ap_4cq_5ad_6bf_6br-2  3.4.3₂  faces=14
  ctrnact-04_34t-2al_3bd_5aj_5aw_6aa-1  3.4.3₂  faces=26
  ctrnact-04_34t-2al_4cr_5ac_5ag_6ba-1  3.4.3₂  faces=12
  ctrnact-04_34t-2al_4cr_5ac_5ag_6ba-2  3.4.3₂  faces=12
  ctrnact-04_34t-2am2_3bd_5ad2_5be-1  3.4.3₂  faces=10
  ctrnact-04_34t-2am_2ao_2ap_4cq_5ad_6bf_6bv-1  3.4.3₂  faces=16
  ctrnact-04_34t-2am_2ao_2ap_4cq_5ad_6bf_6bv-2  3.4.3₂  faces=16
  ctrnact-04_34t-2am_2ao_4cr_5ac_5ag_6bl-1  3.4.3₂  faces=14
  ctrnact-04_34t-2am_2ao_4cr_5ac_5ag_6bl-2  3.4.3₂  faces=14
  ctrnact-04_34t-2am_3bd_4cr_5am_5ay-1  3.4.3₂  faces=9
  ctrnact-04_34t-2am_3bd_4cr_5am_5ay-2  3.4.3₂  faces=9
  ctrnact-04_34t-2am_3bd_4cr_5am_5ay-3  3.4.3₂  faces=9
  ctrnact-04_34t-2am_3bd_4cr_5am_5ay-4  3.4.3₂  faces=18
  ctrnact-04_34t-2am_4ah_4cq_5ad_6bf-1  3.4.3₂  faces=14
  ctrnact-04_34t-2am_4ai_4cq_5ad_6bf-1  3.4.3₂  faces=14
  ctrnact-04_34t-2am_4ak_4cq_5ad_6bf-1  3.4.3₂  faces=16
  ctrnact-04_34t-2am_4ak_4cq_5ad_6bf-2  3.4.3₂  faces=16
  ctrnact-04_34t-2ao_3bd_5aj_5bd_6aa-1  3.4.3₂  faces=26
  ctrnact-04_34t-2ap2_3bd_4cr_5be_6bg-1  3.4.3₂  faces=10
  ctrnact-04_34t-2ap2_3bd_4cr_5be_6bg-3  3.4.3₂  faces=20
  ctrnact-04_34t-2ap2_3bd_4cr_5be_6bg-5  3.4.3₂  faces=10
  ctrnact-04_34t-2ap2_3bd_4cr_5be_6bg-7  3.4.3₂  faces=20
  ctrnact-04_34t-2ap_3bd_5ad2_5be-1  3.4.3₂  faces=20
  ctrnact-04_34t-2ap_4cq_4cy_5ad_6bf-1  3.4.3₂  faces=14
  ctrnact-04_34t-2ap_4cq_4cy_5ad_6bf-2  3.4.3₂  faces=14
  ctrnact-04_34t-3bc_4cr_5ag_5am-1  3.4.3₂  faces=14
  ctrnact-04_34t-3bc_4cr_5ag_5am-2  3.4.3₂  faces=14
  ctrnact-04_34t-3bc_4cr_5am_6ak-1  3.4.3₂  faces=15
  ctrnact-04_34t-3bc_4cr_5an_6ak-1  3.4.3₂  faces=12
  ctrnact-04_34t-3bc_4cr_5an_6ak-2  3.4.3₂  faces=12
  ctrnact-04_34t-3bd_4cr_4cu_5ao-1  3.4.3₂  faces=8
  ctrnact-04_34t-3bd_4cr_4cu_5ao-3  3.4.3₂  faces=16
  ctrnact-04_34t-3bd_4cr_4cu_5ao-5  3.4.3₂  faces=8
  ctrnact-04_34t-3bd_4cr_4cu_5ao-7  3.4.3₂  faces=16
  ctrnact-04_34t-4cq_4cu_5ad_5ag-1  3.4.3₂  faces=15
  ctrnact-04_34t-4cr_4cv_5ac_5ag-1  3.4.3₂  faces=12
  ctrnact-04_34t-4cr_4cv_5ac_5ag-2  3.4.3₂  faces=12
  ctrnact-04_34th-2an_2ap_2ax_3bd_5aw_5bd_5de-1  3.4.3₂.6₂  faces=33
  ctrnact-04_34th-3bc_3cf_4ff_5aj-1  3.4.3₂.6₂  faces=21
  ctrnact-04_34tq-2am_2aq_2au_4eo_5ad_5ci_5cq-1  3.4.3₂.4₂  faces=14
  ctrnact-04_34tq-2am_2aq_2au_4eo_5ad_5ci_5cq-2  3.4.3₂.4₂  faces=14
  ctrnact-04_34tq-2am_2ar_3bd_4ep_5bu_5by-1  3.4.3₂.4₂  faces=9
  ctrnact-04_34tq-2am_2ar_3bl_4cr_5bq_5bx-1  3.4.3₂.4₂  faces=9
  ctrnact-04_34tq-2ap_2aq_2as_4cq_5ad_5cq_6bf-1  3.4.3₂.4₂  faces=15
  ctrnact-04_34tq-2ap_2aq_2as_4cq_5ad_5cq_6bf-2  3.4.3₂.4₂  faces=15
  ctrnact-04_34tq-2aq_2as_4cr_5ac_5ag_5cn-1  3.4.3₂.4₂  faces=13
  ctrnact-04_34tq-2aq_2as_4cr_5ac_5ag_5cn-2  3.4.3₂.4₂  faces=13
  ctrnact-04_34tq-2aq_3bk_4cr_5bq_6ak-1  3.4.3₂.4₂  faces=15
  ctrnact-04_34tw-3ar_4az_4bp_4cq-1  3.4.3₂.12₂  faces=27
  ctrnact-04_34w-3ar_4az_4bn_6ai-1  3.4.12₂  faces=33
  ctrnact-04_36h-2bb_3bs_3ch_4at_4gl-1  3.6.6₂  faces=7
  ctrnact-04_36h-2bb_3bs_3ch_4at_4gl-2  3.6.6₂  faces=7
  ctrnact-04_36h-2bb_3bz_3ch_4am_4ey-1  3.6.6₂  faces=7
  ctrnact-04_36h-2bc_2bd_3bz_3cd_3ch_4fa-1  3.6.6₂  faces=5
  ctrnact-04_36h-2bd_3cb_4gl_4gq_5ae-1  3.6.6₂  faces=22
  ctrnact-04_36h-3af_3bs_3ch_4fa-1  3.6.6₂  faces=15
  ctrnact-04_36h-3ch_4ap_4au_4fl-1  3.6.6₂  faces=21
  ctrnact-04_36h-3cm_4gr_5af_5ct-1  3.6.6₂  faces=27
  ctrnact-04_36h-4ey_4gq_5af_6ad-1  3.6.6₂  faces=34
  ctrnact-04_36h-4gq_5af_5cs_6ae-1  3.6.6₂  faces=39
  ctrnact-04_36q-2as_4al_4eo_5af_5ci-1  3.6.4₂  faces=12
  ctrnact-04_36q-2as_4al_4eo_5af_5ci-2  3.6.4₂  faces=12
  ctrnact-04_36q-2at_2aw2_3bm_4am_4ec_4en-1  3.6.4₂  faces=6
  ctrnact-04_36q-2at_2aw2_3bm_4an_4ec_4en-1  3.6.4₂  faces=12
  ctrnact-04_36q-2at_2aw_3bm_4am_4ec_4ek-1  3.6.4₂  faces=5
  ctrnact-04_36q-2at_2aw_3bm_4an_4ec_4ek-1  3.6.4₂  faces=10
  ctrnact-04_36q-2at_3bm_4ap2_4ec-1  3.6.4₂  faces=14
  ctrnact-04_36q-2at_3bm_4ap_4au_4ec-1  3.6.4₂  faces=7
  ctrnact-04_36q-2au_2aw_3bm_4am_4ec_4el-1  3.6.4₂  faces=10
  ctrnact-04_36q-2au_2aw_3bm_4an_4ec_4el-1  3.6.4₂  faces=5
  ctrnact-04_36q-2av_2aw2_3bm_4am_4ec_4en-1  3.6.4₂  faces=12
  ctrnact-04_36q-2av_2aw2_3bm_4an_4ec_4en-1  3.6.4₂  faces=6
  ctrnact-04_36q-2av_3bm_4ap2_4ec-1  3.6.4₂  faces=7
  ctrnact-04_36q-2av_3bm_4ap_4au_4ec-1  3.6.4₂  faces=14
  ctrnact-04_36q-2aw_3bm_3bq_4am_4ec-1  3.6.4₂  faces=5
  ctrnact-04_36q-2aw_3bm_3bq_4am_4ec-3  3.6.4₂  faces=10
  ctrnact-04_36q-2aw_3bm_3bq_4an_4ec-1  3.6.4₂  faces=10
  ctrnact-04_36q-2aw_3bm_3bq_4an_4ec-3  3.6.4₂  faces=5
  ctrnact-04_36q-4eo2_5ae_5bk-1  3.6.4₂  faces=30
  ctrnact-04_36qh-2az_3bm_4dp_4eo_4gc-1  3.6.4₂.6₂  faces=24
  ctrnact-04_36qw-2ah_4bj_4bn_4eo_5af-1  3.6.4₂.12₂  faces=42
  ctrnact-04_36t-2al_2an_2ap_3be_5bg_6ba_6br-1  3.6.3₂  faces=9
  ctrnact-04_36t-2al_2ao_2ap_3be_4ci_6bl_6br-1  3.6.3₂  faces=9
  ctrnact-04_36t-2al_2ap_4cq_5ae_6bj_6bq-1  3.6.3₂  faces=31
  ctrnact-04_36t-2al_3af_3be_4co_6at-1  3.6.3₂  faces=19
  ctrnact-04_36t-2al_3be_4am_4ce_6ba-1  3.6.3₂  faces=8
  ctrnact-04_36t-2al_3be_4am_4ci_5au-1  3.6.3₂  faces=8
  ctrnact-04_36t-2al_3be_4ap_4ce_5au-1  3.6.3₂  faces=11
  ctrnact-04_36t-2al_3be_4at_4ce_6ba-1  3.6.3₂  faces=8
  ctrnact-04_36t-2al_3be_4at_4co_6am-1  3.6.3₂  faces=8
  ctrnact-04_36t-2al_3be_4at_4co_6am-2  3.6.3₂  faces=8
  ctrnact-04_36t-2al_3be_4co_5af_6ak-1  3.6.3₂  faces=14
  ctrnact-04_36t-2am2_2ap3_3be_4am_5bf_6bw-1  3.6.3₂  faces=9
  ctrnact-04_36t-2am2_2ap3_3be_4an_5bf_6bw-1  3.6.3₂  faces=18
  ctrnact-04_36t-2am2_3be_4ap2_5bf-1  3.6.3₂  faces=16
  ctrnact-04_36t-2am2_3be_4ap_4au_5bf-1  3.6.3₂  faces=8
  ctrnact-04_36t-2am3_2ap2_3be2_5bh_6bm-1  3.6.3₂  faces=9
  ctrnact-04_36t-2am_2an2_2ap_3be_5bg_6ba_6bu-1  3.6.3₂  faces=11
  ctrnact-04_36t-2am_2an_3be_4am_5au_5bg-1  3.6.3₂  faces=10
  ctrnact-04_36t-2am_2an_3be_4at_4co_6bj-1  3.6.3₂  faces=10
  ctrnact-04_36t-2am_2an_3be_4at_4co_6bj-2  3.6.3₂  faces=10
  ctrnact-04_36t-2am_2ao2_2ap_3be_4ci_6bl_6bv-1  3.6.3₂  faces=11
  ctrnact-04_36t-2am_2ao_2ap_3be2_5bh_6bh-1  3.6.3₂  faces=14
  ctrnact-04_36t-2am_2ao_3be_4am_4ce_6bl-1  3.6.3₂  faces=10
  ctrnact-04_36t-2am_2ao_3be_4at_4ce_6bl-1  3.6.3₂  faces=10
  ctrnact-04_36t-2am_2ap2_3be_4am_5bf_6bt-1  3.6.3₂  faces=7
  ctrnact-04_36t-2am_2ap2_3be_4an_5bf_6bt-1  3.6.3₂  faces=14
  ctrnact-04_36t-2am_2ap3_3be2_5bh_6bm-1  3.6.3₂  faces=18
  ctrnact-04_36t-2am_2ap4_4cr_5af_6bk_6bw-1  3.6.3₂  faces=39
  ctrnact-04_36t-2am_2ap_3be_3bf_4cx_5bf-1  3.6.3₂  faces=7
  ctrnact-04_36t-2am_2ap_3be_3bf_4cx_5bf-2  3.6.3₂  faces=14
  ctrnact-04_36t-2am_2ap_3be_3bf_4cx_5bf-3  3.6.3₂  faces=21
  ctrnact-04_36t-2am_2ap_3be_3bf_4cz_5bb-1  3.6.3₂  faces=7
  ctrnact-04_36t-2am_2ap_3be_4ch_4cx_4cz-1  3.6.3₂  faces=7
  ctrnact-04_36t-2am_2ap_3be_4ch_4cx_4cz-2  3.6.3₂  faces=14
  ctrnact-04_36t-2am_3ag_3be_4ch_4cx-1  3.6.3₂  faces=6
  ctrnact-04_36t-2am_3ag_3be_4ch_4cx-2  3.6.3₂  faces=12
  ctrnact-04_36t-2am_3be_4ci_4cv_4cy-1  3.6.3₂  faces=7
  ctrnact-04_36t-2am_3be_4cr_5ai_5bb-1  3.6.3₂  faces=9
  ctrnact-04_36t-2am_3be_4cu_5af_5bb-1  3.6.3₂  faces=9
  ctrnact-04_36t-2am_4al_4cq_5af_6bf-1  3.6.3₂  faces=13
  ctrnact-04_36t-2am_4al_4cq_5af_6bf-2  3.6.3₂  faces=13
  ctrnact-04_36t-2am_4au_4cr_4cx_5ai-1  3.6.3₂  faces=9
  ctrnact-04_36t-2am_4au_4cr_4cx_5ai-2  3.6.3₂  faces=18
  ctrnact-04_36t-2am_4cr2_5af_6az-1  3.6.3₂  faces=33
  ctrnact-04_36t-2am_4cr2_5ai_6ay-1  3.6.3₂  faces=33
  ctrnact-04_36t-2am_4cr_4ct_5af_6ay-1  3.6.3₂  faces=33
  ctrnact-04_36t-2am_4cr_4cu_4cx_5ai-1  3.6.3₂  faces=27
  ctrnact-04_36t-2an_2ao_3be_5bg_6at_6bn-1  3.6.3₂  faces=21
  ctrnact-04_36t-2an_2ap2_3be_4am_5bf_6bu-1  3.6.3₂  faces=14
  ctrnact-04_36t-2an_2ap2_3be_4an_5bf_6bu-1  3.6.3₂  faces=7
  ctrnact-04_36t-2an_3be_3bf_4co_6ba-1  3.6.3₂  faces=8
  ctrnact-04_36t-2an_4au_4cq_5au_6bn-1  3.6.3₂  faces=29
  ctrnact-04_36t-2an_4cq_5ae_5au_6bn-1  3.6.3₂  faces=26
  ctrnact-04_36t-2ao_2ap_3be_4ci_4cy_6bl-1  3.6.3₂  faces=9
  ctrnact-04_36t-2ao_2ap_3be_4cs_5bf_6bq-1  3.6.3₂  faces=17
  ctrnact-04_36t-2ao_3be_4au_4ce_6bf-1  3.6.3₂  faces=18
  ctrnact-04_36t-2ap2_3be_4am_4cz_5bf-1  3.6.3₂  faces=7
  ctrnact-04_36t-2ap2_3be_4am_4cz_5bf-3  3.6.3₂  faces=14
  ctrnact-04_36t-2ap2_3be_4an_4cz_5bf-1  3.6.3₂  faces=14
  ctrnact-04_36t-2ap2_3be_4an_4cz_5bf-3  3.6.3₂  faces=7
  ctrnact-04_36t-2ap2_3bf_4cr_4cx_6bk-1  3.6.3₂  faces=27
  ctrnact-04_36t-2ap4_3be_4am_5bf_6bw-1  3.6.3₂  faces=18
  ctrnact-04_36t-2ap4_3be_4an_5bf_6bw-1  3.6.3₂  faces=9
  ctrnact-04_36t-2ap_3be2_5bc_6bo-1  3.6.3₂  faces=17
  ctrnact-04_36t-2ap_3be_4ap2_5bf-1  3.6.3₂  faces=8
  ctrnact-04_36t-2ap_3be_4ap_4au_5bf-1  3.6.3₂  faces=16
  ctrnact-04_36t-2ap_3be_4ch_4cx_4cy-1  3.6.3₂  faces=12
  ctrnact-04_36t-2ap_3be_4ch_4cx_4cy-2  3.6.3₂  faces=6
  ctrnact-04_36t-2ap_3be_5af_5bb_6bo-1  3.6.3₂  faces=23
  ctrnact-04_36t-2ap_3bf_4ct_4cx2-1  3.6.3₂  faces=21
  ctrnact-04_36t-2ap_4cr2_5ai_6bg-1  3.6.3₂  faces=33
  ctrnact-04_36t-3ad_3be_4at_5as-1  3.6.3₂  faces=11
  ctrnact-04_36t-3ae_3be_4ap_4ch-1  3.6.3₂  faces=8
  ctrnact-04_36t-3ag_3be_4am_4ch-1  3.6.3₂  faces=15
  ctrnact-04_36t-3ag_3be_4au_5aq-1  3.6.3₂  faces=21
  ctrnact-04_36t-3ag_3be_4ch_4cs-1  3.6.3₂  faces=10
  ctrnact-04_36t-3ag_3be_4ch_4cs-5  3.6.3₂  faces=5
  ctrnact-04_36t-3be_3bf2_5aq-1  3.6.3₂  faces=18
  ctrnact-04_36t-3be_3bf_4cu_5aq-1  3.6.3₂  faces=7
  ctrnact-04_36t-3be_3bf_4cu_5aq-2  3.6.3₂  faces=14
  ctrnact-04_36t-3be_3bf_4cu_5aq-3  3.6.3₂  faces=21
  ctrnact-04_36t-3be_4am_4ce_4cv-1  3.6.3₂  faces=8
  ctrnact-04_36t-3be_4ao_4ap_4ch-1  3.6.3₂  faces=18
  ctrnact-04_36t-3be_4ap2_4ch-1  3.6.3₂  faces=21
  ctrnact-04_36t-3be_4at_4ce_4cv-1  3.6.3₂  faces=8
  ctrnact-04_36t-3be_4ch_4ct2-1  3.6.3₂  faces=14
  ctrnact-04_36t-3be_4ch_4ct2-2  3.6.3₂  faces=7
  ctrnact-04_36t-3be_4ch_4ct_4cu-1  3.6.3₂  faces=7
  ctrnact-04_36t-3be_4ch_4ct_4cu-2  3.6.3₂  faces=14
  ctrnact-04_36t-3be_4cr_4ct_5ar-1  3.6.3₂  faces=12
  ctrnact-04_36t-3be_5af2_5aq-1  3.6.3₂  faces=30
  ctrnact-04_36t-3bf2_4cu_6ab-1  3.6.3₂  faces=14
  ctrnact-04_36t-3bf_4cr_4cu_4cw-1  3.6.3₂  faces=21
  ctrnact-04_36t-3bf_4cr_4cu_6al-1  3.6.3₂  faces=27
  ctrnact-04_36t-3bf_4cr_4cu_6au-1  3.6.3₂  faces=19
  ctrnact-04_36t-3bf_4cu2_6af-1  3.6.3₂  faces=19
  ctrnact-04_36t-4au_4cr_4cs_5ai-1  3.6.3₂  faces=16
  ctrnact-04_36t-4au_4cr_4cs_5ai-2  3.6.3₂  faces=8
  ctrnact-04_36t-4cq_5ae_6ah_6ak-1  3.6.3₂  faces=39
  ctrnact-04_36t-4cq_5af_6ai_6ak-1  3.6.3₂  faces=24
  ctrnact-04_36t-4cr_4ct_4cu_5ai-1  3.6.3₂  faces=27
  ctrnact-04_36t-4cr_5af_5ai_6aj-1  3.6.3₂  faces=18
  ctrnact-04_36th-2al_2ay_2bb2_3bz_3ch_4fu_4go-1  3.6.3₂.6₂  faces=7
  ctrnact-04_36th-2al_2ay_2bd_3bz_3ch_4fu_4go-1  3.6.3₂.6₂  faces=7
  ctrnact-04_36th-2am_2ap2_2ax_2ay_3be_4fq_5df_6bl-1  3.6.3₂.6₂  faces=14
  ctrnact-04_36th-2am_2ay_2bc_3be_3ch_4fs_4gn-1  3.6.3₂.6₂  faces=6
  ctrnact-04_36th-2am_2ay_2be_3be_3ch_4fs_4gn-1  3.6.3₂.6₂  faces=12
  ctrnact-04_36th-2am_3be_3bu_4gu_5bb-1  3.6.3₂.6₂  faces=21
  ctrnact-04_36th-2an_2ay_2bb_3be_4fq_4go_6ba-1  3.6.3₂.6₂  faces=8
  ctrnact-04_36th-2ap2_2ay_3be2_5bh_5dc-1  3.6.3₂.6₂  faces=24
  ctrnact-04_36th-2ap3_2ay_3be_4cx_5bf_5df-1  3.6.3₂.6₂  faces=27
  ctrnact-04_36th-2ax_2ay_2bb_3bz_3ch_4fu_4fx-1  3.6.3₂.6₂  faces=7
  ctrnact-04_36th-2ax_2ay_4cq_4fz_5ae_5cy-1  3.6.3₂.6₂  faces=30
  ctrnact-04_36th-2ax_2bd_2be_3bz_3cd_3ch_4fu-1  3.6.3₂.6₂  faces=18
  ctrnact-04_36th-2ax_3af_3bs_3ch_4fu-1  3.6.3₂.6₂  faces=18
  ctrnact-04_36th-2ax_3be_4at_4ce_5cy-1  3.6.3₂.6₂  faces=27
  ctrnact-04_36th-2ay_3be_3bv_4fq_4gv-1  3.6.3₂.6₂  faces=8
  ctrnact-04_36th-2ay_3be_4cr_5aq_5cz-1  3.6.3₂.6₂  faces=27
  ctrnact-04_36th-2ay_3bf_3bv_3cm_3cn-1  3.6.3₂.6₂  faces=12
  ctrnact-04_36th-2ay_4cq_4fw_5ae_5cy-1  3.6.3₂.6₂  faces=27
  ctrnact-04_36tq-2al_2ap_2ar_2as2_3be_5bg_5cn_5cq-1  3.6.3₂.4₂  faces=11
  ctrnact-04_36tq-2al_2ap_2ar_2au_3be_5bg_5cn_5cq-1  3.6.3₂.4₂  faces=11
  ctrnact-04_36tq-2al_2aq_2ar_4eo_5ae_5cd_5cg-1  3.6.3₂.4₂  faces=33
  ctrnact-04_36tq-2am2_2ar_2aw_3bm_4am_4ec_5cr-1  3.6.3₂.4₂  faces=7
  ctrnact-04_36tq-2am2_2ar_2aw_3bm_4an_4ec_5cr-1  3.6.3₂.4₂  faces=14
  ctrnact-04_36tq-2am_2aq2_2au_3be_4ci_5cn_5cq-1  3.6.3₂.4₂  faces=9
  ctrnact-04_36tq-2am_2ar_2at2_3be_3bm_4ed_5cp-1  3.6.3₂.4₂  faces=7
  ctrnact-04_36tq-2am_2ar_2av2_3be_3bm_4ed_5cp-1  3.6.3₂.4₂  faces=14
  ctrnact-04_36tq-2am_2ar_2aw_3be_3bm_4ed_5cp-1  3.6.3₂.4₂  faces=14
  ctrnact-04_36tq-2am_2ar_2aw_3be_3bm_4ed_5cp-2  3.6.3₂.4₂  faces=7
  ctrnact-04_36tq-2an_2aq2_3bm_4dy_5cb_6bn-1  3.6.3₂.4₂  faces=23
  ctrnact-04_36tq-2ao_2ap_2aq_2as_3be_4ci_5cq_6bl-1  3.6.3₂.4₂  faces=10
  ctrnact-04_36tq-2ao_2ar_2as_4eo_5ae_5cd_5cq-1  3.6.3₂.4₂  faces=33
  ctrnact-04_36tq-2ap2_2ar_2at_3be_4am_5bf_5cr-1  3.6.3₂.4₂  faces=8
  ctrnact-04_36tq-2ap2_2ar_2at_3be_4an_5bf_5cr-1  3.6.3₂.4₂  faces=16
  ctrnact-04_36tq-2ap2_2ar_2av_3be_4am_5bf_5cr-1  3.6.3₂.4₂  faces=16
  ctrnact-04_36tq-2ap2_2ar_2av_3be_4an_5bf_5cr-1  3.6.3₂.4₂  faces=8
  ctrnact-04_36tq-2ap_2ar_2aw_3bm_4am_4ec_5cr-1  3.6.3₂.4₂  faces=14
  ctrnact-04_36tq-2ap_2ar_2aw_3bm_4an_4ec_5cr-1  3.6.3₂.4₂  faces=7
  ctrnact-04_36tq-2aq_2as_2au_2av_3be_4ci_4el_5cn-1  3.6.3₂.4₂  faces=8
  ctrnact-04_36tq-2aq_2as_2au_3be_4ci_4ei_5cn-1  3.6.3₂.4₂  faces=7
  ctrnact-04_36tq-2aq_2as_2av_3be_3bm_4ed_5ck-1  3.6.3₂.4₂  faces=11
  ctrnact-04_36tq-2aq_2as_3be_4am_4ce_5cn-1  3.6.3₂.4₂  faces=9
  ctrnact-04_36tq-2aq_2as_3be_4at_4ce_5cn-1  3.6.3₂.4₂  faces=9
  ctrnact-04_36tq-2aq_2au_3be_3bp_4ci_5cn-1  3.6.3₂.4₂  faces=7
  ctrnact-04_36tq-2ar2_2at_3be_3bm_4ed_5cf-1  3.6.3₂.4₂  faces=14
  ctrnact-04_36tq-2as_3be_3bi_4ci_4et-1  3.6.3₂.4₂  faces=6
  ctrnact-04_36tqh-2aq_2ar_2az2_4eo_4gi_5ae_5cd-1  3.6.3₂.4₂.6₂  faces=36
  ctrnact-04_36tqh-2aq_2at_2ay_2az_2bb_3bz_3ch_4fu_4gk-1  3.6.3₂.4₂.6₂  faces=9
  ctrnact-04_36tqh-2aq_2av_2ay_2az_2bb_3bz_3ch_4fu_4gk-1  3.6.3₂.4₂.6₂  faces=9
  ctrnact-04_36tqh-2ar_2as_2av_2ay_2az_3be_4fq_4gk_5cn-1  3.6.3₂.4₂.6₂  faces=11
  ctrnact-04_36tqh-2ar_2at_2ax_2ba_3bm_4dy_4gc_4gk-1  3.6.3₂.4₂.6₂  faces=10
  ctrnact-04_36tqh-2ar_2av_2ax_2az_4eo_4gk_5ae_5cd-1  3.6.3₂.4₂.6₂  faces=36
  ctrnact-04_3h-2bb_4fa_4gl_4gr_6ae-1  3.6₂  faces=9
  ctrnact-04_3h-2bb_4gl_4gq_6aa_6ah-1  3.6₂  faces=26
  ctrnact-04_3h-2bc2_2bf_3ce_3cm_4gm_4gr-1  3.6₂  faces=6
  ctrnact-04_3h-2bc_2bd_3cd_4gl_4gr_5cs-1  3.6₂  faces=10
  ctrnact-04_3h-2bf2_3ce_3cm_4gm_4gr-1  3.6₂  faces=12
  ctrnact-04_3h-4gq_5cs_6ac_6ah-1  3.6₂  faces=31
  ctrnact-04_3h-4gr_5ct_6ag_6aj-1  3.6₂  faces=33
  ctrnact-04_3h-4gr_5ct_6aj2-1  3.6₂  faces=39
  ctrnact-04_3q-2as_2au_2av_4el_4eo_5ci_6ag-1  3.4₂  faces=11
  ctrnact-04_3q-2as_2au_2av_4el_4eo_5ci_6ah-1  3.4₂  faces=11
  ctrnact-04_3q-2as_2au_4ei_4eo_5ci_6ag-1  3.4₂  faces=10
  ctrnact-04_3q-2as_2au_4ei_4eo_5ci_6ah-1  3.4₂  faces=10
  ctrnact-04_3q-2as_4eo_5ci_6ai_6aj-1  3.4₂  faces=17
  ctrnact-04_3q-2at_2av_4ep2_5cj2-1  3.4₂  faces=20
  ctrnact-04_3q-2at_2aw3_4ek_4en_4ep_5cj-1  3.4₂  faces=8
  ctrnact-04_3q-2at_2aw4_4en2_4ep_5cj-1  3.4₂  faces=9
  ctrnact-04_3q-2at_2aw_3bq2_4ep_5cj-1  3.4₂  faces=7
  ctrnact-04_3q-2at_4ep_5cj_6aj2-1  3.4₂  faces=13
  ctrnact-04_3q-2au_2aw3_4el_4en_4ep_5cj-1  3.4₂  faces=16
  ctrnact-04_3q-2au_3bp_4eo_5ci_6ag-1  3.4₂  faces=10
  ctrnact-04_3q-2au_3bp_4eo_5ci_6ah-1  3.4₂  faces=10
  ctrnact-04_3q-2av_2aw4_4en2_4ep_5cj-1  3.4₂  faces=18
  ctrnact-04_3q-2av_2aw_3bq2_4ep_5cj-1  3.4₂  faces=14
  ctrnact-04_3q-2av_4ep_5cj_6aj2-1  3.4₂  faces=26
  ctrnact-04_3q-2aw3_3bq_4en_4ep_5cj-1  3.4₂  faces=8
  ctrnact-04_3q-2aw3_3bq_4en_4ep_5cj-3  3.4₂  faces=16
  ctrnact-04_3qh-2as_2az_4ep_4gc_5ci_6ai-1  3.4₂.6₂  faces=39
  ctrnact-04_3qh-2at_2az_4eo_4fa_4gj_4gr-1  3.4₂.6₂  faces=11
  ctrnact-04_3qh-2av_2az2_4ep_4gc_4gj_4gq-1  3.4₂.6₂  faces=36
  ctrnact-04_3qh-2av_2az_4eo_4fa_4gj_4gr-1  3.4₂.6₂  faces=11
  ctrnact-04_3qw-2aa_3aj_4ax_4bo_4eo-1  3.4₂.12₂  faces=18
  ctrnact-04_3t-2al_2am_2ap_4cr_6ae_6bj_6bl-1  3.3₂  faces=14
  ctrnact-04_3t-2al_2am_4cq_4cr_6ba_6bh-1  3.3₂  faces=12
  ctrnact-04_3t-2al_2am_4cr_4cs_6ba_6bf-1  3.3₂  faces=12
  ctrnact-04_3t-2al_2an_2ap_4cr_6ax_6bj_6br-1  3.3₂  faces=14
  ctrnact-04_3t-2al_2ao_2ap_4cr_6ak_6bl_6br-1  3.3₂  faces=14
  ctrnact-04_3t-2al_2ap_4cq_6ag_6bf_6br-1  3.3₂  faces=12
  ctrnact-04_3t-2al_2ap_4cq_6ah_6bf_6br-1  3.3₂  faces=12
  ctrnact-04_3t-2al_4cr_6ae_6am_6ba-1  3.3₂  faces=10
  ctrnact-04_3t-2am2_2ao_4cq_4cr_6bh_6bl-1  3.3₂  faces=14
  ctrnact-04_3t-2am2_2ao_4cr_4cs_6bf_6bl-1  3.3₂  faces=14
  ctrnact-04_3t-2am2_2ap2_4cq_4cr_6bl_6bm-1  3.3₂  faces=18
  ctrnact-04_3t-2am2_2ap2_4cr_4cu_4cz_6bm-1  3.3₂  faces=10
  ctrnact-04_3t-2am2_2ap2_4cr_4cx_4cz_6bk-1  3.3₂  faces=10
  ctrnact-04_3t-2am2_2ap2_4cr_4cz2_6bg-1  3.3₂  faces=10
  ctrnact-04_3t-2am2_2ap4_4cr_4cu_6bm_6bw-1  3.3₂  faces=12
  ctrnact-04_3t-2am2_2ap4_4cr_4cx_6bk_6bw-1  3.3₂  faces=12
  ctrnact-04_3t-2am2_2ap6_4cr_6bg_6bw2-1  3.3₂  faces=14
  ctrnact-04_3t-2am2_2ap_4cr2_6bg2-1  3.3₂  faces=24
  ctrnact-04_3t-2am2_4cr_4cu_4cw_4cz-1  3.3₂  faces=8
  ctrnact-04_3t-2am2_4cr_6aj2_6bg-1  3.3₂  faces=14
  ctrnact-04_3t-2am_2an2_2ap_4cr_6ax_6bj_6bu-1  3.3₂  faces=16
  ctrnact-04_3t-2am_2an_4cr_6ae_6ba_6bj-1  3.3₂  faces=12
  ctrnact-04_3t-2am_2ao2_2ap_4cr_6ak_6bl_6bv-1  3.3₂  faces=16
  ctrnact-04_3t-2am_2ao_2ap2_4cr_4cs_6bk_6bv-1  3.3₂  faces=18
  ctrnact-04_3t-2am_2ao_2ap_4cq_6ag_6bf_6bv-1  3.3₂  faces=14
  ctrnact-04_3t-2am_2ao_2ap_4cq_6ah_6bf_6bv-1  3.3₂  faces=14
  ctrnact-04_3t-2am_2ao_4cr_6ae_6am_6bl-1  3.3₂  faces=12
  ctrnact-04_3t-2am_2ap2_4ct_4cx_4cz2-1  3.3₂  faces=16
  ctrnact-04_3t-2am_2ap2_4cu_4cx_4cz2-1  3.3₂  faces=8
  ctrnact-04_3t-2am_2ap2_4cu_4cx_4cz2-2  3.3₂  faces=8
  ctrnact-04_3t-2am_2ap3_4cr_4cu_6bm_6bt-1  3.3₂  faces=10
  ctrnact-04_3t-2am_2ap3_4cr_4cx_6bk_6bt-1  3.3₂  faces=10
  ctrnact-04_3t-2am_2ap5_4cr_6bg_6bt_6bw-1  3.3₂  faces=12
  ctrnact-04_3t-2am_2ap5_4cr_6bm_6bo_6bw-1  3.3₂  faces=32
  ctrnact-04_3t-2am_2ap_4cq_4cr_6bb_6bl-1  3.3₂  faces=14
  ctrnact-04_3t-2am_2ap_4cr_4cu_4cx_6bg-1  3.3₂  faces=10
  ctrnact-04_3t-2am_2ap_4cr_4cu_4cx_6bg-2  3.3₂  faces=10
  ctrnact-04_3t-2am_2ap_4cr_4cu_4cz_6ay-1  3.3₂  faces=10
  ctrnact-04_3t-2am_2ap_4cr_4cu_4cz_6bb-1  3.3₂  faces=8
  ctrnact-04_3t-2am_2ap_4cr_4cx_4cz_6al-1  3.3₂  faces=10
  ctrnact-04_3t-2am_2ap_4cr_4cx_4cz_6al-2  3.3₂  faces=20
  ctrnact-04_3t-2am_2ap_4cr_4cx_4cz_6an-1  3.3₂  faces=8
  ctrnact-04_3t-2am_2ap_4cr_4cx_4cz_6ar-1  3.3₂  faces=16
  ctrnact-04_3t-2am_2ap_4cr_6ab_6aj_6bk-1  3.3₂  faces=32
  ctrnact-04_3t-2am_2ap_4ct_4cx2_6bo-1  3.3₂  faces=20
  ctrnact-04_3t-2am_2ap_4cu_4cx_4cz_6ab-1  3.3₂  faces=20
  ctrnact-04_3t-2am_4cq_4cr_4cv_6bh-1  3.3₂  faces=12
  ctrnact-04_3t-2am_4cq_6ai_6aj_6bf-1  3.3₂  faces=18
  ctrnact-04_3t-2am_4cr2_6ag_6az-1  3.3₂  faces=20
  ctrnact-04_3t-2am_4cr2_6al_6ay-1  3.3₂  faces=12
  ctrnact-04_3t-2am_4cr2_6al_6ay-2  3.3₂  faces=12
  ctrnact-04_3t-2am_4cr2_6al_6ay-3  3.3₂  faces=24
  ctrnact-04_3t-2am_4cr_4cs_4cv_6bf-1  3.3₂  faces=12
  ctrnact-04_3t-2am_4cr_4cu_6ag_6ay-1  3.3₂  faces=10
  ctrnact-04_3t-2am_4cr_4cu_6aj_6ay-1  3.3₂  faces=12
  ctrnact-04_3t-2am_4cr_4cv_4cy_6ak-1  3.3₂  faces=12
  ctrnact-04_3t-2am_4cr_4cx_6ag_6al-1  3.3₂  faces=10
  ctrnact-04_3t-2am_4cr_4cx_6ai_6al-1  3.3₂  faces=20
  ctrnact-04_3t-2am_4cr_4cx_6aj_6al-1  3.3₂  faces=12
  ctrnact-04_3t-2am_4cr_4cx_6aj_6al-2  3.3₂  faces=24
  ctrnact-04_3t-2am_4cs_4ct2_4cx-1  3.3₂  faces=14
  ctrnact-04_3t-2am_4cs_4cu2_4cx-1  3.3₂  faces=14
  ctrnact-04_3t-2an_2ap3_4cr_4cu_6bm_6bu-1  3.3₂  faces=20
  ctrnact-04_3t-2an_2ap5_4cr_6bg_6bu_6bw-1  3.3₂  faces=24
  ctrnact-04_3t-2an_2ap_4cq_4cx_6ax_6br-1  3.3₂  faces=12
  ctrnact-04_3t-2an_4cq_4cs_6ax_6bn-1  3.3₂  faces=26
  ctrnact-04_3t-2an_4cq_6ai_6ax_6bn-1  3.3₂  faces=32
  ctrnact-04_3t-2ao2_2ap3_4cq_6bl_6bv2-1  3.3₂  faces=21
  ctrnact-04_3t-2ao2_2ap4_4cr_6bm_6bv2-1  3.3₂  faces=30
  ctrnact-04_3t-2ao_2ap3_4cr_4cx_6bk_6bv-1  3.3₂  faces=20
  ctrnact-04_3t-2ao_2ap5_4cq_6bl_6bv_6bw-1  3.3₂  faces=27
  ctrnact-04_3t-2ao_2ap_4cq_4cr_6bh_6bl-1  3.3₂  faces=7
  ctrnact-04_3t-2ao_2ap_4cr_4cs_6bf_6bl-1  3.3₂  faces=7
  ctrnact-04_3t-2ao_2ap_4cr_4ct_6bf_6bl-1  3.3₂  faces=24
  ctrnact-04_3t-2ao_2ap_4cr_4cu_4cz_6bh-1  3.3₂  faces=16
  ctrnact-04_3t-2ao_2ap_4cr_4cy_6ak_6bl-1  3.3₂  faces=14
  ctrnact-04_3t-2ao_4cq_4cr_6at_6bh-1  3.3₂  faces=17
  ctrnact-04_3t-2ao_4cr_6ai_6at_6bf-1  3.3₂  faces=20
  ctrnact-04_3t-2ap2_4cq_4cx_4cy_6bl-1  3.3₂  faces=18
  ctrnact-04_3t-2ap2_4cr_4ct_6bk_6bo-1  3.3₂  faces=26
  ctrnact-04_3t-2ap2_4ct_4cx_4cy_4cz-1  3.3₂  faces=7
  ctrnact-04_3t-2ap2_4cu_4cx_4cy_4cz-1  3.3₂  faces=14
  ctrnact-04_3t-2ap3_4cr_4cu_4cz_6bm-1  3.3₂  faces=10
  ctrnact-04_3t-2ap3_4cr_4cu_4cz_6bm-3  3.3₂  faces=20
  ctrnact-04_3t-2ap3_4cr_4cu_4cz_6bm-4  3.3₂  faces=20
  ctrnact-04_3t-2ap3_4cr_4cz2_6bg-1  3.3₂  faces=20
  ctrnact-04_3t-2ap5_4cr_4cu_6bm_6bw-1  3.3₂  faces=24
  ctrnact-04_3t-2ap5_4cr_4cx_6bk_6bw-1  3.3₂  faces=24
  ctrnact-04_3t-2ap5_4cr_4cz_6bg_6bw-1  3.3₂  faces=12
  ctrnact-04_3t-2ap5_4cr_4cz_6bg_6bw-3  3.3₂  faces=24
  ctrnact-04_3t-2ap5_4cx_4cz_6bo_6bw-1  3.3₂  faces=26
  ctrnact-04_3t-2ap6_4cr_6bm_6bs_6bw-1  3.3₂  faces=17
  ctrnact-04_3t-2ap7_4cr_6bg_6bw2-1  3.3₂  faces=28
  ctrnact-04_3t-2ap_4cq_4cy_6ag_6bf-1  3.3₂  faces=12
  ctrnact-04_3t-2ap_4cq_4cy_6ah_6bf-1  3.3₂  faces=12
  ctrnact-04_3t-2ap_4cr_4ct_6af_6bg-1  3.3₂  faces=14
  ctrnact-04_3t-2ap_4cr_4cu_4cw_4cz-1  3.3₂  faces=16
  ctrnact-04_3t-2ap_4cr_4cv_4cx_6bf-1  3.3₂  faces=7
  ctrnact-04_3t-2ap_4cr_4cx_4cy_6al-1  3.3₂  faces=18
  ctrnact-04_3t-2ap_4cr_4cx_4cy_6al-2  3.3₂  faces=9
  ctrnact-04_3t-2ap_4cr_4cx_4cy_6an-1  3.3₂  faces=14
  ctrnact-04_3t-2ap_4cr_4cx_4cy_6ar-1  3.3₂  faces=7
  ctrnact-04_3t-2ap_4cr_6af_6ay_6bo-1  3.3₂  faces=24
  ctrnact-04_3t-2ap_4cr_6aj2_6bg-1  3.3₂  faces=28
  ctrnact-04_3t-2ap_4ct_4cu_4cx2-1  3.3₂  faces=16
  ctrnact-04_3t-2ap_4ct_4cu_4cx2-2  3.3₂  faces=16
  ctrnact-04_3t-4cq_4cr_6ak_6al-1  3.3₂  faces=18
  ctrnact-04_3t-4cq_4cu_6ah_6am-1  3.3₂  faces=12
  ctrnact-04_3t-4cq_4cu_6aj_6ak-1  3.3₂  faces=18
  ctrnact-04_3t-4cq_6aa_6ah_6am-1  3.3₂  faces=26
  ctrnact-04_3t-4cr2_4cu_6as-1  3.3₂  faces=10
  ctrnact-04_3t-4cr2_4cu_6as-2  3.3₂  faces=10
  ctrnact-04_3t-4cr2_4cu_6as-3  3.3₂  faces=20
  ctrnact-04_3t-4cr_4cs_6ag_6al-1  3.3₂  faces=18
  ctrnact-04_3t-4cr_4cs_6ai_6al-1  3.3₂  faces=9
  ctrnact-04_3t-4cr_4cs_6aj_6al-1  3.3₂  faces=22
  ctrnact-04_3t-4cr_4cs_6aj_6al-2  3.3₂  faces=11
  ctrnact-04_3t-4cr_4ct2_6al-1  3.3₂  faces=20
  ctrnact-04_3t-4cr_4ct2_6al-2  3.3₂  faces=10
  ctrnact-04_3t-4cr_4ct2_6an-1  3.3₂  faces=16
  ctrnact-04_3t-4cr_4ct2_6ar-1  3.3₂  faces=8
  ctrnact-04_3t-4cr_4ct_4cu_6al-1  3.3₂  faces=10
  ctrnact-04_3t-4cr_4ct_4cu_6al-2  3.3₂  faces=20
  ctrnact-04_3t-4cr_4ct_4cu_6an-1  3.3₂  faces=8
  ctrnact-04_3t-4cr_4ct_4cu_6ar-1  3.3₂  faces=16
  ctrnact-04_3t-4cr_4cu2_6al-1  3.3₂  faces=10
  ctrnact-04_3t-4cr_4cu_4cw_6ab-1  3.3₂  faces=20
  ctrnact-04_3t-4cr_4cv_6ae_6am-1  3.3₂  faces=10
  ctrnact-04_3t-4cr_6ab_6aj_6al-1  3.3₂  faces=32
  ctrnact-04_3t-4ct_4cu2_6ab-1  3.3₂  faces=20
  ctrnact-04_3th-2al_2ay_2bd_2be_3cd_4fu_4go_4gq-1  3.3₂.6₂  faces=21
  ctrnact-04_3th-2al_4cr_4gq_5cv_6at-1  3.3₂.6₂  faces=31
  ctrnact-04_3th-2am_2ap6_2ay_4cr_5df_6bm_6bw-1  3.3₂.6₂  faces=39
  ctrnact-04_3th-2am_2ay_3bu_3cn_4gr_5db-1  3.3₂.6₂  faces=7
  ctrnact-04_3th-2an_2ao_2ay_4fu_4gq_5de_6bn-1  3.3₂.6₂  faces=23
  ctrnact-04_3th-2an_2ap2_2ax_4cq_5de_6bl_6br-1  3.3₂.6₂  faces=33
  ctrnact-04_3th-2an_2ay_2bb_4cr_4go_5cy_6ax-1  3.3₂.6₂  faces=13
  ctrnact-04_3th-2ao_2ay_4cr_4fw_4gs_5db-1  3.3₂.6₂  faces=13
  ctrnact-04_3th-2ao_3bu_4cs_4gs_4gy-1  3.3₂.6₂  faces=12
  ctrnact-04_3th-2ao_3bu_4gq_4gy_6ak-1  3.3₂.6₂  faces=15
  ctrnact-04_3th-2ap2_3bu_4cx_4gx_6bs-1  3.3₂.6₂  faces=19
  ctrnact-04_3th-2ap_2ay2_2bc_4cr_4cx_4gp_5cz-1  3.3₂.6₂  faces=9
  ctrnact-04_3th-2ap_2ay2_2be_4cr_4cx_4gp_5cz-1  3.3₂.6₂  faces=18
  ctrnact-04_3th-2ap_2ay_4cr_4cu_4cx_5dc-1  3.3₂.6₂  faces=27
  ctrnact-04_3th-2ap_3bu_3cm_4gx_6bo-1  3.3₂.6₂  faces=14
  ctrnact-04_3th-2ap_3bu_4cr_4gu_6bg-1  3.3₂.6₂  faces=27
  ctrnact-04_3th-2ax3_2ay2_4fu_4fz_4ga_4gq-1  3.3₂.6₂  faces=15
  ctrnact-04_3th-2ax_2ay_4cr_4cs_4fw_5cz-1  3.3₂.6₂  faces=13
  ctrnact-04_3th-2ax_2be_4cr_4gn_4gq_6at-1  3.3₂.6₂  faces=17
  ctrnact-04_3th-2ax_3bu_3cm_3cn_4gs-1  3.3₂.6₂  faces=8
  ctrnact-04_3th-2ax_3bu_3cm_3cn_4gs-2  3.3₂.6₂  faces=4
  ctrnact-04_3th-2ax_4cr_4gs_5cx_6af-1  3.3₂.6₂  faces=22
  ctrnact-04_3th-2ax_4cr_5cy_6ae_6at-1  3.3₂.6₂  faces=31
  ctrnact-04_3th-2ax_4fc_4fu_4gq_4gr-1  3.3₂.6₂  faces=30
  ctrnact-04_3th-2ay_2bc_3bv_4cr_4gn_4gu-1  3.3₂.6₂  faces=7
  ctrnact-04_3th-2ay_2bc_4cq_4fu_4gn_4gr-1  3.3₂.6₂  faces=12
  ctrnact-04_3th-2ay_2be_3bv_4cr_4gn_4gu-1  3.3₂.6₂  faces=14
  ctrnact-04_3th-2ay_2be_4cq_4fu_4gn_4gr-1  3.3₂.6₂  faces=6
  ctrnact-04_3th-2ay_3bu_3bv_3cn_4gu-1  3.3₂.6₂  faces=5
  ctrnact-04_3th-2ay_3bv_3cn_4cu_6ab-1  3.3₂.6₂  faces=14
  ctrnact-04_3th-2ay_4cr_4ct_4cu_5cz-1  3.3₂.6₂  faces=27
  ctrnact-04_3th-2ay_4cr_4cu_5cz_6aj-1  3.3₂.6₂  faces=33
  ctrnact-04_3th-3bu_4ct_4cu_4gu-1  3.3₂.6₂  faces=21
  ctrnact-04_3th-3bu_4gr_4gu_5ct-1  3.3₂.6₂  faces=12
  ctrnact-04_3th-4cr_4gr_5ct_6al-1  3.3₂.6₂  faces=33
  ctrnact-04_3th-4cr_4gr_5cu_6ag-1  3.3₂.6₂  faces=27
  ctrnact-04_3tq-2al_2an_2aq_2ar_4eo_5cb_5cg_6bn-1  3.3₂.4₂  faces=26
  ctrnact-04_3tq-2al_2ar_4ep_5cb_5cd_6ae-1  3.3₂.4₂  faces=12
  ctrnact-04_3tq-2al_2as_4cr_4eo_5ck_6ba-1  3.3₂.4₂  faces=11
  ctrnact-04_3tq-2al_2as_4cr_4eq_5ci_6ba-1  3.3₂.4₂  faces=11
  ctrnact-04_3tq-2am2_2ap2_2ar2_2aw_4cr_5cr2_6bg-1  3.3₂.4₂  faces=12
  ctrnact-04_3tq-2am2_2ap3_2ar_2aw_4ep_5cj_5cr_6bw-1  3.3₂.4₂  faces=12
  ctrnact-04_3tq-2am2_2ar2_2aw_4cr_4cu_5co_5cr-1  3.3₂.4₂  faces=10
  ctrnact-04_3tq-2am2_2ar_2aw3_4en_4ep_5cj_5cr-1  3.3₂.4₂  faces=10
  ctrnact-04_3tq-2am2_2at_4cr_4ep_5cj_6bg-1  3.3₂.4₂  faces=11
  ctrnact-04_3tq-2am2_2av_4cr_4ep_5cj_6bg-1  3.3₂.4₂  faces=22
  ctrnact-04_3tq-2am2_2aw_3bj_4ep_4ex_5cj-1  3.3₂.4₂  faces=8
  ctrnact-04_3tq-2am_2ao_2as_4cr_4eo_5ck_6bl-1  3.3₂.4₂  faces=13
  ctrnact-04_3tq-2am_2ao_2as_4cr_4eq_5ci_6bl-1  3.3₂.4₂  faces=13
  ctrnact-04_3tq-2am_2ap2_2ar_2aw_4ep_5cj_5cr_6bt-1  3.3₂.4₂  faces=10
  ctrnact-04_3tq-2am_2ap_2aq_2at_4cr_4eo_5cp_6bl-1  3.3₂.4₂  faces=16
  ctrnact-04_3tq-2am_2ap_2aq_2av_4cr_4eo_5cp_6bl-1  3.3₂.4₂  faces=16
  ctrnact-04_3tq-2am_2aq2_2au_4cr_5cn_5cq_6ak-1  3.3₂.4₂  faces=14
  ctrnact-04_3tq-2am_2aq_2as_4cq_4cr_5cn_6bh-1  3.3₂.4₂  faces=13
  ctrnact-04_3tq-2am_2aq_2as_4cr_4cs_5cn_6bf-1  3.3₂.4₂  faces=13
  ctrnact-04_3tq-2am_2aq_2au_4eo_5ci_5cq_6ag-1  3.3₂.4₂  faces=12
  ctrnact-04_3tq-2am_2aq_2au_4eo_5ci_5cq_6ah-1  3.3₂.4₂  faces=12
  ctrnact-04_3tq-2am_2ar_2as_2av_4cr_4eo_5cn_5cp-1  3.3₂.4₂  faces=15
  ctrnact-04_3tq-2an2_2aq_2ar_4eo_5cb_5cg_6bp-1  3.3₂.4₂  faces=14
  ctrnact-04_3tq-2an_2ap2_2ar_2aw_4ep_5cj_5cr_6bu-1  3.3₂.4₂  faces=20
  ctrnact-04_3tq-2an_2aq_2ar_2as_4cq_5cg_5cn_6bn-1  3.3₂.4₂  faces=26
  ctrnact-04_3tq-2ao_2ap_2aq_2as_4cr_5cq_6ak_6bl-1  3.3₂.4₂  faces=15
  ctrnact-04_3tq-2ap2_2ar2_2at_2aw_4ep_5cj_5cr2-1  3.3₂.4₂  faces=11
  ctrnact-04_3tq-2ap2_2ar2_2av_2aw_4ep_5cj_5cr2-1  3.3₂.4₂  faces=22
  ctrnact-04_3tq-2ap2_2ar_2at_2aw2_4cr_4en_5cr_6bg-1  3.3₂.4₂  faces=11
  ctrnact-04_3tq-2ap2_2ar_2at_2aw_4cr_4ek_5cr_6bg-1  3.3₂.4₂  faces=10
  ctrnact-04_3tq-2ap2_2ar_2au_2aw_4cr_4el_5cr_6bg-1  3.3₂.4₂  faces=20
  ctrnact-04_3tq-2ap2_2ar_2av_2aw2_4cr_4en_5cr_6bg-1  3.3₂.4₂  faces=22
  ctrnact-04_3tq-2ap2_2ar_2aw_3bq_4cr_5cr_6bg-1  3.3₂.4₂  faces=10
  ctrnact-04_3tq-2ap2_2ar_2aw_3bq_4cr_5cr_6bg-2  3.3₂.4₂  faces=20
  ctrnact-04_3tq-2ap2_2ar_2aw_4cz_4ep_5cj_5cr-1  3.3₂.4₂  faces=10
  ctrnact-04_3tq-2ap2_2ar_2aw_4cz_4ep_5cj_5cr-3  3.3₂.4₂  faces=20
  ctrnact-04_3tq-2ap2_2at_3bj_4cr_4ex_6bg-1  3.3₂.4₂  faces=9
  ctrnact-04_3tq-2ap2_2av_3bj_4cr_4ex_6bg-1  3.3₂.4₂  faces=18
  ctrnact-04_3tq-2ap3_2ar2_2aw_4cr_5cr2_6bg-1  3.3₂.4₂  faces=24
  ctrnact-04_3tq-2ap3_2ar_2at_4cr_4cu_5cr_6bm-1  3.3₂.4₂  faces=11
  ctrnact-04_3tq-2ap3_2ar_2av_4cr_4cu_5cr_6bm-1  3.3₂.4₂  faces=22
  ctrnact-04_3tq-2ap4_2ar_2aw_4ep_5cj_5cr_6bw-1  3.3₂.4₂  faces=24
  ctrnact-04_3tq-2ap5_2ar_2at_4cr_5cr_6bg_6bw-1  3.3₂.4₂  faces=13
  ctrnact-04_3tq-2ap5_2ar_2av_4cr_5cr_6bg_6bw-1  3.3₂.4₂  faces=26
  ctrnact-04_3tq-2ap_2aq_2as_4cq_5cq_6ag_6bf-1  3.3₂.4₂  faces=13
  ctrnact-04_3tq-2ap_2aq_2as_4cq_5cq_6ah_6bf-1  3.3₂.4₂  faces=13
  ctrnact-04_3tq-2ap_2ar2_2aw_4cr_4cu_5co_5cr-1  3.3₂.4₂  faces=20
  ctrnact-04_3tq-2ap_2ar_2aw3_4en_4ep_5cj_5cr-1  3.3₂.4₂  faces=20
  ctrnact-04_3tq-2ap_2at_4cr_4ep_5cj_6bg-1  3.3₂.4₂  faces=22
  ctrnact-04_3tq-2ap_2av_4cr_4ep_5cj_6bg-1  3.3₂.4₂  faces=11
  ctrnact-04_3tq-2ap_2aw_3bj_4ep_4ex_5cj-1  3.3₂.4₂  faces=16
  ctrnact-04_3tq-2aq_2ar_4cr_4eo_5cf_6at-1  3.3₂.4₂  faces=20
  ctrnact-04_3tq-2aq_2as2_2aw_4cr_4el_4eq_5cm-1  3.3₂.4₂  faces=14
  ctrnact-04_3tq-2aq_2as2_4cr_4eo_5ck_5cn-1  3.3₂.4₂  faces=12
  ctrnact-04_3tq-2aq_2as2_4cr_4eq_5ci_5cn-1  3.3₂.4₂  faces=12
  ctrnact-04_3tq-2aq_2as_2au_2av_4cr_4el_5cn_6ak-1  3.3₂.4₂  faces=13
  ctrnact-04_3tq-2aq_2as_2au_4cr_4ei_5cn_6ak-1  3.3₂.4₂  faces=12
  ctrnact-04_3tq-2aq_2as_4cr_5cn_6ae_6am-1  3.3₂.4₂  faces=11
  ctrnact-04_3tq-2aq_2at_2av2_2aw_4cr_4en_4eq_5cm-1  3.3₂.4₂  faces=16
  ctrnact-04_3tq-2aq_2au_3bp_4cr_5cn_6ak-1  3.3₂.4₂  faces=12
  ctrnact-04_3tq-2aq_2au_4cr_4eo_5ck_5cn-1  3.3₂.4₂  faces=6
  ctrnact-04_3tq-2aq_2au_4cr_4eq_5ci_5cn-1  3.3₂.4₂  faces=6
  ctrnact-04_3tq-2aq_2av3_2aw_4cr_4en_4eq_5cm-1  3.3₂.4₂  faces=16
  ctrnact-04_3tq-2aq_2av_2aw_4cr_4ek_4eq_5cm-1  3.3₂.4₂  faces=14
  ctrnact-04_3tq-2aq_4eo_5cd_6aa_6ah-1  3.3₂.4₂  faces=29
  ctrnact-04_3tq-2ar2_2as_4cr_4eo_5cf_5cn-1  3.3₂.4₂  faces=30
  ctrnact-04_3tq-2ar_2at_2aw2_4cr_4cu_4en_5co-1  3.3₂.4₂  faces=9
  ctrnact-04_3tq-2ar_2at_2aw_4cr_4cu_4ek_5co-1  3.3₂.4₂  faces=8
  ctrnact-04_3tq-2ar_2au_2aw_4cr_4cu_4el_5co-1  3.3₂.4₂  faces=16
  ctrnact-04_3tq-2ar_2av_2aw2_4cr_4cu_4en_5co-1  3.3₂.4₂  faces=18
  ctrnact-04_3tq-2ar_2aw_3bq_4cr_4cu_5co-1  3.3₂.4₂  faces=8
  ctrnact-04_3tq-2ar_2aw_3bq_4cr_4cu_5co-2  3.3₂.4₂  faces=16
  ctrnact-04_3tq-2as2_3bi_4cr_4es_5ck-1  3.3₂.4₂  faces=12
  ctrnact-04_3tq-2as_3bi_4cr_4et_6ak-1  3.3₂.4₂  faces=11
  ctrnact-04_3tq-2as_4cr_4cv_4eo_5ck-1  3.3₂.4₂  faces=11
  ctrnact-04_3tq-2as_4cr_4cv_4eq_5ci-1  3.3₂.4₂  faces=11
  ctrnact-04_3tq-2at_3bj_4cr_4cu_4eu-1  3.3₂.4₂  faces=7
  ctrnact-04_3tq-2au_3bi_4cr_4es_5ck-1  3.3₂.4₂  faces=12
  ctrnact-04_3tq-2av_3bj_4cr_4cu_4eu-1  3.3₂.4₂  faces=14
  ctrnact-04_3tqh-2an_2ap_2ar_2as_2ax_4eo_5cb_5cq_5de-1  3.3₂.4₂.6₂  faces=33
  ctrnact-04_3tqh-2an_2aq_2ar2_2az2_4eo_4gi_5cb_5cg-1  3.3₂.4₂.6₂  faces=18
  ctrnact-04_3tqh-2aq_2ar_2az2_2ba_4eo_4gc_4gh_4gi-1  3.3₂.4₂.6₂  faces=30
  ctrnact-04_3tqh-2aq_2az_4ep_4gc_5cd_6ae-1  3.3₂.4₂.6₂  faces=33
  ctrnact-04_3tqh-2ar_2av_2ax_2az_2ba_4eo_4gc_4gh_4gk-1  3.3₂.4₂.6₂  faces=30
  ctrnact-04_3tqh-2as_2az_4cq_4ep_4gc_5ck-1  3.3₂.4₂.6₂  faces=33
  ctrnact-04_3tqhw-2ah_2aj_2aq_2av_2ay_2ba_3aq_4fu_4gk_4gq-1  3.3₂.4₂.6₂.12₂  faces=30
  ctrnact-04_3tqw-2af_2ah_2an_2ap_2ar_4bm_4eo_5cb_6br-1  3.3₂.4₂.12₂  faces=33
  ctrnact-04_3tqw-2af_2ah_2ap2_2ar_2as_4bm_4cq_5cq_6bl-1  3.3₂.4₂.12₂  faces=39
  ctrnact-04_3tqw-2af_2ah_4bk_4cr_4eo_6at-1  3.3₂.4₂.12₂  faces=34
  ctrnact-04_3tqw-2ah_2aq_4bl_4bn_4cr_6at-1  3.3₂.4₂.12₂  faces=34
  ctrnact-04_3tw-2ac_2ad_2af_2ag_3aj_3al_3am_4bn-1  3.3₂.12₂  faces=18
  ctrnact-04_46th-2ax_3bd_3cf_4cc_4fo-1  4.6.3₂.6₂  faces=27
  ctrnact-04_4hw-2aj_3ap_3ar_3cf_4af-1  4.6₂.12₂  faces=15
  ctrnact-04_4q-2as_2au2_2av2_3bk_4ea_4el2-1  4.4₂  faces=7
  ctrnact-04_4q-2as_2au2_2av2_3bk_4ea_4el2-2  4.4₂  faces=7
  ctrnact-04_4q-2as_2au2_2av_3bk_4ea_4ei_4el-1  4.4₂  faces=6
  ctrnact-04_4q-2as_2au2_2av_3bk_4ea_4ei_4el-2  4.4₂  faces=6
  ctrnact-04_4q-2as_2au_2av_3bk_4ai_4ea_4el-1  4.4₂  faces=7
  ctrnact-04_4q-2as_2au_2aw_3bo_3bp_3bq_4el-1  4.4₂  faces=14
  ctrnact-04_4q-2as_2au_3bk_3bp2_4ea-1  4.4₂  faces=5
  ctrnact-04_4q-2as_2au_3bk_3bp2_4ea-2  4.4₂  faces=5
  ctrnact-04_4q-2as_2au_3bk_4ai_4ea_4ei-1  4.4₂  faces=6
  ctrnact-04_4q-2as_2av2_3bl_3bo_3bp_4ef-1  4.4₂  faces=9
  ctrnact-04_4q-2as_3bk_3bl_4df_4ea-1  4.4₂  faces=9
  ctrnact-04_4q-2as_3bk_3bo2_4ea-1  4.4₂  faces=14
  ctrnact-04_4q-2as_3bk_3bo_4af_4ea-1  4.4₂  faces=6
  ctrnact-04_4q-2as_3bk_4af2_4ea-1  4.4₂  faces=5
  ctrnact-04_4q-2as_3bk_4ai2_4ea-1  4.4₂  faces=7
  ctrnact-04_4q-2as_3bk_4ai2_4ea-2  4.4₂  faces=7
  ctrnact-04_4q-2at2_2aw2_3bl_3bo_4ef_4en-1  4.4₂  faces=6
  ctrnact-04_4q-2at_2av_3bk2_3bo_4ef-1  4.4₂  faces=8
  ctrnact-04_4q-2at_2av_3bk2_4af_4ef-1  4.4₂  faces=7
  ctrnact-04_4q-2at_2aw_3bl_3bo_3bq_4ef-1  4.4₂  faces=5
  ctrnact-04_4q-2at_2aw_3bl_4ae_4ef_4eh-1  4.4₂  faces=8
  ctrnact-04_4q-2at_2aw_3bl_4de_4ee_4em-1  4.4₂  faces=8
  ctrnact-04_4q-2at_3bl_3bo2_4eb-1  4.4₂  faces=5
  ctrnact-04_4q-2at_3bl_3bo_3bq_4df-1  4.4₂  faces=5
  ctrnact-04_4q-2at_3bl_3bo_3bq_4di-1  4.4₂  faces=4
  ctrnact-04_4q-2at_3bl_4ag_4dh_4ee-1  4.4₂  faces=6
  ctrnact-04_4q-2au2_2av_3bk_3bp_4ea_4el-1  4.4₂  faces=6
  ctrnact-04_4q-2au2_2av_3bk_3bp_4ea_4el-2  4.4₂  faces=6
  ctrnact-04_4q-2au_3bk2_4ea2-1  4.4₂  faces=6
  ctrnact-04_4q-2au_3bk_3bp_4ai_4ea-1  4.4₂  faces=6
  ctrnact-04_4q-2au_3bl_4de_4ea_4eg-1  4.4₂  faces=13
  ctrnact-04_4q-2av2_3bk2_3bo_4ef-1  4.4₂  faces=8
  ctrnact-04_4q-2av_2aw_3bk_4ad_4ee_4em-1  4.4₂  faces=11
  ctrnact-04_4q-2aw2_3bl_3bo_4ef_4ek-1  4.4₂  faces=5
  ctrnact-04_4q-2aw2_3bl_3bo_4ef_4em-1  4.4₂  faces=10
  ctrnact-04_4q-2aw3_3bl_3bo_4ef_4en-1  4.4₂  faces=12
  ctrnact-04_4q-2aw3_3bo_3bq2_4en-1  4.4₂  faces=10
  ctrnact-04_4q-2aw_3bl_3bo2_4ef-1  4.4₂  faces=10
  ctrnact-04_4q-2aw_3bl_4de_4ee_4ej-1  4.4₂  faces=7
  ctrnact-04_4q-2aw_3bo2_3bq2-1  4.4₂  faces=4
  ctrnact-04_4q-3bk2_3bo_4di-1  4.4₂  faces=6
  ctrnact-04_4q-3bl2_4df2-1  4.4₂  faces=6
  ctrnact-04_4q-3bl_3bo_4ah_4df-1  4.4₂  faces=5
  ctrnact-04_4q-3bl_3bo_4ak_4df-1  4.4₂  faces=6
  ctrnact-04_4q-3bl_4ak2_4df-1  4.4₂  faces=14
  ctrnact-04_4t-2al_2ao_2ap2_3bc_5bd_6br_6bv-1  4.3₂  faces=10
  ctrnact-04_4t-2al_2ao_2ap2_3bc_5bd_6br_6bv-2  4.3₂  faces=10
  ctrnact-04_4t-2al_2ap_3bc_4ai_5bd_6br-1  4.3₂  faces=8
  ctrnact-04_4t-2am_2ao2_2ap2_3bc_5bd_6bv2-1  4.3₂  faces=12
  ctrnact-04_4t-2am_2ao2_2ap2_3bc_5bd_6bv2-2  4.3₂  faces=12
  ctrnact-04_4t-2am_2ao_2ap_3bc_4ai_5bd_6bv-1  4.3₂  faces=10
  ctrnact-04_4t-2am_2ap_3bc_4cy2_5bd-1  4.3₂  faces=8
  ctrnact-04_4t-2am_2ap_3bc_4cy2_5bd-2  4.3₂  faces=8
  ctrnact-04_4t-2am_3bc_4af2_5bd-1  4.3₂  faces=6
  ctrnact-04_4t-2am_3bc_4ai2_5bd-1  4.3₂  faces=8
  ctrnact-04_4t-2am_3bc_4ai2_5bd-2  4.3₂  faces=8
  ctrnact-04_4t-2ao_2ap2_3bc_4cy_5bd_6bv-1  4.3₂  faces=10
  ctrnact-04_4t-2ao_2ap2_3bc_4cy_5bd_6bv-2  4.3₂  faces=10
  ctrnact-04_4t-2ap_3bc2_5bd2-1  4.3₂  faces=8
  ctrnact-04_4t-2ap_3bc_4ai_4cy_5bd-1  4.3₂  faces=8
  ctrnact-04_4th-2ay_3bc_3cf_4fo_4fw-1  4.3₂.6₂  faces=7
  ctrnact-04_4th-2ay_3bc_3cf_4fo_4fw-2  4.3₂.6₂  faces=7
  ctrnact-04_4th-3bc_3cf_4af_4fi-1  4.3₂.6₂  faces=15
  ctrnact-04_4tq-2al_2ap_2aq_2au_3bk_4ea_5cq_6br-1  4.3₂.4₂  faces=8
  ctrnact-04_4tq-2al_2ap_2aq_2au_3bk_4ea_5cq_6br-2  4.3₂.4₂  faces=8
  ctrnact-04_4tq-2am_2ao_2ap_2aq_2au_3bk_4ea_5cq_6bv-1  4.3₂.4₂  faces=10
  ctrnact-04_4tq-2am_2ao_2ap_2aq_2au_3bk_4ea_5cq_6bv-2  4.3₂.4₂  faces=10
  ctrnact-04_4tq-2am_2ap_2aq2_2au_3bc_5bd_5cq2-1  4.3₂.4₂  faces=10
  ctrnact-04_4tq-2am_2ap_2aq2_2au_3bc_5bd_5cq2-2  4.3₂.4₂  faces=10
  ctrnact-04_4tq-2am_2ap_2aq_3bh_3bl_4ew_5ca-1  4.3₂.4₂  faces=12
  ctrnact-04_4tq-2am_2aq_2au2_2av_3bk_4ea_4el_5cq-1  4.3₂.4₂  faces=8
  ctrnact-04_4tq-2am_2aq_2au2_2av_3bk_4ea_4el_5cq-2  4.3₂.4₂  faces=8
  ctrnact-04_4tq-2am_2aq_2au_3bk_4ai_4ea_5cq-1  4.3₂.4₂  faces=8
  ctrnact-04_4tq-2am_2as_3bc_3bk_4ea_5bd-1  4.3₂.4₂  faces=7
  ctrnact-04_4tq-2am_2as_3bc_3bk_4ea_5bd-2  4.3₂.4₂  faces=7
  ctrnact-04_4tq-2am_2au_3bi_3bk_4ea_4ew-1  4.3₂.4₂  faces=6
  ctrnact-04_4tq-2am_2au_3bi_3bk_4ea_4ew-2  4.3₂.4₂  faces=6
  ctrnact-04_4tq-2ao_2ap2_2aq_2as_3bc_5bd_5cq_6bv-1  4.3₂.4₂  faces=11
  ctrnact-04_4tq-2ao_2ap2_2aq_2as_3bc_5bd_5cq_6bv-2  4.3₂.4₂  faces=11
  ctrnact-04_4tq-2ap_2aq2_2as_2au_3bk_4ea_5cq2-1  4.3₂.4₂  faces=9
  ctrnact-04_4tq-2ap_2aq2_2as_2au_3bk_4ea_5cq2-2  4.3₂.4₂  faces=9
  ctrnact-04_4tq-2ap_2aq_2ar_2as_3bd_4ae_5bz_5cq-1  4.3₂.4₂  faces=24
  ctrnact-04_4tq-2ap_2aq_2as_2au_2av_3bc_4el_5bd_5cq-1  4.3₂.4₂  faces=9
  ctrnact-04_4tq-2ap_2aq_2as_2au_2av_3bc_4el_5bd_5cq-2  4.3₂.4₂  faces=9
  ctrnact-04_4tq-2ap_2aq_2as_2au_3bc_4ei_5bd_5cq-1  4.3₂.4₂  faces=8
  ctrnact-04_4tq-2ap_2aq_2as_2au_3bc_4ei_5bd_5cq-2  4.3₂.4₂  faces=8
  ctrnact-04_4tq-2ap_2aq_2as_3bc_4ai_5bd_5cq-1  4.3₂.4₂  faces=9
  ctrnact-04_4tq-2ap_2aq_2au_3bc_3bp_5bd_5cq-1  4.3₂.4₂  faces=8
  ctrnact-04_4tq-2ap_2aq_2au_3bc_3bp_5bd_5cq-2  4.3₂.4₂  faces=8
  ctrnact-04_4tq-2ap_2aq_2au_3bk_4cy_4ea_5cq-1  4.3₂.4₂  faces=8
  ctrnact-04_4tq-2ap_2aq_2au_3bk_4cy_4ea_5cq-2  4.3₂.4₂  faces=8
  ctrnact-04_4tq-2ap_2ar3_3bd_4ae_5bz_5ch-1  4.3₂.4₂  faces=15
  ctrnact-04_4tq-2ap_2as_3bc_3bi_4ew_5bd-1  4.3₂.4₂  faces=7
  ctrnact-04_4tq-2ap_2as_3bc_3bi_4ew_5bd-2  4.3₂.4₂  faces=7
  ctrnact-04_4tw-2aa_2ag_3al_3bc_4ad_4bd-1  4.3₂.12₂  faces=9
  ctrnact-04_6t-2ap3_3bf_4cz2_6bs-1  6.3₂  faces=19
  ctrnact-04_q-2as2_2au2_2av2_3bp2_4el2-1  4₂  faces=6
  ctrnact-04_q-2as2_2au2_2av_3bp2_4ei_4el-1  4₂  faces=5
  ctrnact-04_q-2as2_2au2_2av_3bp2_4ei_4el-2  4₂  faces=5
  ctrnact-04_q-2as_2au2_2av_3bp3_4el-1  4₂  faces=5
  ctrnact-04_q-2as_2au2_2av_3bp3_4el-2  4₂  faces=5
  ctrnact-04_q-2as_2au2_3bp3_4ei-1  4₂  faces=4
  ctrnact-04_q-2as_2au3_2av2_3bp_4ei_4el2-1  4₂  faces=6
  ctrnact-04_q-2as_2au3_2av3_3bp_4el3-1  4₂  faces=7
  ctrnact-04_t-2al_2am_2ao_2ap2_4cy2_6br_6bv-1  3₂  faces=10
  ctrnact-04_t-2al_2am_2ao_2ap2_4cy2_6br_6bv-2  3₂  faces=10
  ctrnact-04_t-2al_2ao2_2ap3_4cy_6br_6bv2-1  3₂  faces=12
  ctrnact-04_t-2al_2ap2_4cy3_6br-1  3₂  faces=8
  ctrnact-04_t-2am2_2ao2_2ap2_4cy2_6bv2-1  3₂  faces=12
  ctrnact-04_t-2am_2ao3_2ap3_4cy_6bv3-1  3₂  faces=14
  ctrnact-04_t-2am_2ao_2ap2_4cy3_6bv-1  3₂  faces=10
  ctrnact-04_t-2am_2ao_2ap2_4cy3_6bv-3  3₂  faces=10
  ctrnact-04_th-2am_2ap2_2ay2_3bv_3cn_4cz_5df-1  3₂.6₂  faces=7
  ctrnact-04_th-2am_2ay4_2bc_3bv_3cn_4ga_4gp-1  3₂.6₂  faces=6
  ctrnact-04_th-2ap_2ax_2ay_2bb_2bf_3bv_3cd_4gp_4gy-1  3₂.6₂  faces=9
  ctrnact-04_th-2ap_2ax_2ay_2bc_2be_2bf_3bv_3ce_4gp_4gy-1  3₂.6₂  faces=10
  ctrnact-04_th-2ay5_3bv_3cn_4ga2-1  3₂.6₂  faces=12
  ctrnact-04_tq-2al_2am_2ap_2aq_2au_3bi_4ew_5cq_6br-1  3₂.4₂  faces=8
  ctrnact-04_tq-2al_2am_2ap_2aq_2au_3bi_4ew_5cq_6br-2  3₂.4₂  faces=8
  ctrnact-04_tq-2al_2ao_2ap2_2aq_2au_3bp_5cq_6br_6bv-1  3₂.4₂  faces=10
  ctrnact-04_tq-2al_2ao_2ap2_2as_3bi_4ew_6br_6bv-1  3₂.4₂  faces=9
  ctrnact-04_tq-2al_2ap2_2aq2_2au_4cy_5cq2_6br-1  3₂.4₂  faces=10
  ctrnact-04_tq-2al_2ap2_2aq_2as_4cy2_5cq_6br-1  3₂.4₂  faces=9
  ctrnact-04_tq-2al_2ap_2aq_2as_2au_3bp2_5cq_6br-1  3₂.4₂  faces=7
  ctrnact-04_tq-2al_2ap_2aq_2au2_2av_3bp_4el_5cq_6br-1  3₂.4₂  faces=8
  ctrnact-04_tq-2al_2ap_2as_2au_2av_3bi_4el_4ew_6br-1  3₂.4₂  faces=7
  ctrnact-04_tq-2al_2ap_2as_2au_3bi_4ei_4ew_6br-1  3₂.4₂  faces=6
  ctrnact-04_tq-2al_2ap_2au_3bi_3bp_4ew_6br-1  3₂.4₂  faces=6
  ctrnact-04_tq-2am2_2ao_2ap_2aq_2au_3bi_4ew_5cq_6bv-1  3₂.4₂  faces=10
  ctrnact-04_tq-2am2_2ao_2ap_2aq_2au_3bi_4ew_5cq_6bv-3  3₂.4₂  faces=10
  ctrnact-04_tq-2am2_2ap_2aq2_2au_4cy2_5cq2-1  3₂.4₂  faces=10
  ctrnact-04_tq-2am2_2aq_2au2_2av_3bi_4el_4ew_5cq-1  3₂.4₂  faces=8
  ctrnact-04_tq-2am_2ao2_2ap2_2aq_2au_3bp_5cq_6bv2-1  3₂.4₂  faces=12
  ctrnact-04_tq-2am_2ao2_2ap2_2as_3bi_4ew_6bv2-1  3₂.4₂  faces=11
  ctrnact-04_tq-2am_2ao_2ap2_2aq2_2au_4cy_5cq2_6bv-1  3₂.4₂  faces=12
  ctrnact-04_tq-2am_2ao_2ap2_2aq2_2au_4cy_5cq2_6bv-3  3₂.4₂  faces=12
  ctrnact-04_tq-2am_2ao_2ap2_2aq_2as_4cy2_5cq_6bv-1  3₂.4₂  faces=11
  ctrnact-04_tq-2am_2ao_2ap2_2aq_2as_4cy2_5cq_6bv-3  3₂.4₂  faces=11
  ctrnact-04_tq-2am_2ao_2ap_2aq_2as_2au_3bp2_5cq_6bv-1  3₂.4₂  faces=9
  ctrnact-04_tq-2am_2ao_2ap_2aq_2au2_2av_3bp_4el_5cq_6bv-1  3₂.4₂  faces=10
  ctrnact-04_tq-2am_2ao_2ap_2as_2au_2av_3bi_4el_4ew_6bv-1  3₂.4₂  faces=9
  ctrnact-04_tq-2am_2ao_2ap_2as_2au_3bi_4ei_4ew_6bv-1  3₂.4₂  faces=8
  ctrnact-04_tq-2am_2ao_2ap_2au_3bi_3bp_4ew_6bv-1  3₂.4₂  faces=8
  ctrnact-04_tq-2am_2ap_2aq2_2as_2au_3bi_4ew_5cq2-1  3₂.4₂  faces=9
  ctrnact-04_tq-2am_2ap_2aq2_2as_2au_3bi_4ew_5cq2-3  3₂.4₂  faces=9
  ctrnact-04_tq-2am_2ap_2aq2_2as_2au_3bi_4ew_5cq2-4  3₂.4₂  faces=9
  ctrnact-04_tq-2am_2ap_2aq2_2au2_2av_4cy_4el_5cq2-1  3₂.4₂  faces=10
  ctrnact-04_tq-2am_2ap_2aq3_2au2_3bp_5cq3-1  3₂.4₂  faces=10
  ctrnact-04_tq-2am_2ap_2aq_2as_2au_2av_4cy2_4el_5cq-1  3₂.4₂  faces=9
  ctrnact-04_tq-2am_2ap_2aq_2as_2au_4cy2_4ei_5cq-1  3₂.4₂  faces=8
  ctrnact-04_tq-2am_2ap_2aq_2au_3bi_4cy_4ew_5cq-1  3₂.4₂  faces=8
  ctrnact-04_tq-2am_2ap_2aq_2au_3bi_4cy_4ew_5cq-3  3₂.4₂  faces=8
  ctrnact-04_tq-2am_2ap_2aq_2au_3bp_4cy2_5cq-1  3₂.4₂  faces=8
  ctrnact-04_tq-2am_2ap_2as_3bi_4cy2_4ew-1  3₂.4₂  faces=7
  ctrnact-04_tq-2am_2aq_2as_2au2_2av_3bp2_4el_5cq-1  3₂.4₂  faces=7
  ctrnact-04_tq-2am_2aq_2as_2au2_2av_3bp2_4el_5cq-2  3₂.4₂  faces=7
  ctrnact-04_tq-2am_2aq_2as_2au2_3bp2_4ei_5cq-1  3₂.4₂  faces=6
  ctrnact-04_tq-2am_2aq_2au2_3bp3_5cq-1  3₂.4₂  faces=6
  ctrnact-04_tq-2am_2aq_2au3_2av2_3bp_4el2_5cq-1  3₂.4₂  faces=8
  ctrnact-04_tq-2am_2as_2au2_2av2_3bi_4el2_4ew-1  3₂.4₂  faces=7
  ctrnact-04_tq-2am_2as_2au2_2av_3bi_4ei_4el_4ew-1  3₂.4₂  faces=6
  ctrnact-04_tq-2am_2as_2au_3bi_3bp2_4ew-1  3₂.4₂  faces=5
  ctrnact-04_tq-2am_2au2_2av_3bi_3bp_4el_4ew-1  3₂.4₂  faces=6
  ctrnact-04_tq-2ao2_2ap3_2aq_2as_4cy_5cq_6bv2-1  3₂.4₂  faces=13
  ctrnact-04_tq-2ao_2ap2_2aq2_2as_2au_3bp_5cq2_6bv-1  3₂.4₂  faces=11
  ctrnact-04_tq-2ao_2ap2_2aq_2as2_3bi_4ew_5cq_6bv-1  3₂.4₂  faces=10
  ctrnact-04_tq-2ao_2ap2_2aq_2as_2au_2av_4cy_4el_5cq_6bv-1  3₂.4₂  faces=11
  ctrnact-04_tq-2ao_2ap2_2aq_2as_2au_4cy_4ei_5cq_6bv-1  3₂.4₂  faces=10
  ctrnact-04_tq-2ao_2ap2_2aq_2au_3bi_4ew_5cq_6bv-1  3₂.4₂  faces=5
  ctrnact-04_tq-2ao_2ap2_2aq_2au_3bp_4cy_5cq_6bv-1  3₂.4₂  faces=10
  ctrnact-04_tq-2ao_2ap2_2as_3bi_4cy_4ew_6bv-1  3₂.4₂  faces=9
  ctrnact-04_tq-2ap2_2aq3_2as_2au_4cy_5cq3-1  3₂.4₂  faces=11
  ctrnact-04_tq-2ap2_2aq_2as_4cy3_5cq-1  3₂.4₂  faces=9
  ctrnact-04_tq-2ap_2aq2_2as2_2au_3bp2_5cq2-1  3₂.4₂  faces=8
  ctrnact-04_tq-2ap_2aq2_2as_2au2_2av_3bp_4el_5cq2-1  3₂.4₂  faces=9
  ctrnact-04_tq-2ap_2aq2_2as_2au2_2av_3bp_4el_5cq2-2  3₂.4₂  faces=9
  ctrnact-04_tq-2ap_2aq2_2as_2au2_3bp_4ei_5cq2-1  3₂.4₂  faces=8
  ctrnact-04_tq-2ap_2aq_2as2_2au_2av_3bi_4el_4ew_5cq-1  3₂.4₂  faces=8
  ctrnact-04_tq-2ap_2aq_2as2_2au_2av_3bi_4el_4ew_5cq-2  3₂.4₂  faces=8
  ctrnact-04_tq-2ap_2aq_2as2_2au_3bi_4ei_4ew_5cq-1  3₂.4₂  faces=7
  ctrnact-04_tq-2ap_2aq_2as2_2au_3bi_4ei_4ew_5cq-2  3₂.4₂  faces=7
  ctrnact-04_tq-2ap_2aq_2as_2au2_2av2_4cy_4el2_5cq-1  3₂.4₂  faces=9
  ctrnact-04_tq-2ap_2aq_2as_2au2_2av_4cy_4ei_4el_5cq-1  3₂.4₂  faces=8
  ctrnact-04_tq-2ap_2aq_2as_2au_3bi_3bp_4ew_5cq-1  3₂.4₂  faces=7
  ctrnact-04_tq-2ap_2aq_2as_2au_3bi_3bp_4ew_5cq-2  3₂.4₂  faces=7
  ctrnact-04_tq-2ap_2aq_2as_2au_3bp2_4cy_5cq-1  3₂.4₂  faces=7
  ctrnact-04_tq-2ap_2aq_2au2_2av_3bi_4el_4ew_5cq-1  3₂.4₂  faces=4
  ctrnact-04_tq-2ap_2aq_2au2_2av_3bp_4cy_4el_5cq-1  3₂.4₂  faces=8
  ctrnact-04_tq-2ap_2as_2au_2av_3bi_4cy_4el_4ew-1  3₂.4₂  faces=7
  ctrnact-04_tq-2ap_2as_2au_3bi_4cy_4ei_4ew-1  3₂.4₂  faces=6
  ctrnact-04_tq-2ap_2au_3bi_3bp_4cy_4ew-1  3₂.4₂  faces=6
  ctrnact-04_tqh-2as2_2ay_3bi_3by_3ck_4fw-1  3₂.4₂.6₂  faces=5
  ctrnact-04_tqh-2au_2ay_3bi_3by_3ck_4fw-1  3₂.4₂.6₂  faces=5
  dropped 484 (scaled or plain) regular tilings — no T-junction; they live in the regular atlas
  wrote 1021 genuine doubled tilings (0 area-cert skipped) → public/reference-atlas-doubled.json (2823.7 KB), 0.54s
