████████████████████████████████████████████████████████████████████████████████
██ EFFICIENCY-PRUNING EXPERIMENT A — k=1 c-sweep — started 2026-07-05 10:55:57
██ threshold PRUNE_EFF_C2 = c² (rational, exact). c ∈ {2/√3,1.20,1.25,1.30,1.35,√2,1.50}
██ analytic breaking (from eff-pruning-ratios): k1 c=1.2426, k2 c=1.1954, k3 c=1.1547
████████████████████████████████████████████████████████████████████████████████

▂▂▂▂▂▂▂▂ k=1  c=2-over-sqrt3  (PRUNE_EFF_C2=4/3) — 10:55:57 ▂▂▂▂▂▂▂▂
[08:55:57] ████████████████████████████████████████████████████████████████████████████████████████████████████
[08:55:57] ██ TH-10 SCOUT — EXAMPLE MODE ██ phase=k1 (k=1, s=5) — THE WEIGHT-5 POOL BOUND IS UNPROVEN; no count/completeness claim is made by anything below
[08:55:57] machine: darwin arm64, 10 cores, 24 GB RAM, node v24.14.1
[08:55:57] bounds: 24k·a_max = 268.71, pair-det cap = 25.00, ladder = exact tile-multiset sums (no tile-count cap at pair stage — see header)
[08:55:57]   W-BFS level 1: +24 distinct, |W(1)| = 25 (incl. 0), 0.0s
[08:55:57]   ✓ |W(1)| matches the TA exact table (25)
[08:55:57]   W-BFS level 2: +264 distinct, |W(2)| = 289 (incl. 0), 0.0s
[08:55:57]   ✓ |W(2)| matches the TA exact table (289)
[08:55:57]   W-BFS level 3: +1,800 distinct, |W(3)| = 2,089 (incl. 0), 0.0s
[08:55:57]   ✓ |W(3)| matches the TA exact table (2,089)
[08:55:57] ✓ det4 integer-quadruple sanity vs exact detSurd PASSED (strided sample)
[08:55:57]   W-BFS level 1: +24 distinct, |W(1)| = 25 (incl. 0), 0.0s
[08:55:57]   ✓ |W(1)| matches the TA exact table (25)
[08:55:57]   W-BFS level 2: +264 distinct, |W(2)| = 289 (incl. 0), 0.0s
[08:55:57]   ✓ |W(2)| matches the TA exact table (289)
[08:55:57]   W-BFS level 3: +1,800 distinct, |W(3)| = 2,089 (incl. 0), 0.0s
[08:55:57]   ✓ |W(3)| matches the TA exact table (2,089)
[08:55:57]   W-BFS level 4: +8,736 distinct, |W(4)| = 10,825 (incl. 0), 0.0s
[08:55:57]   ✓ |W(4)| matches the TA exact table (10,825)
[08:55:57]   W-BFS level 5: +32,952 distinct, |W(5)| = 43,777 (incl. 0), 0.0s
[08:55:57]   ✓ |W(5)| matches the TA exact table (43,777)
[08:55:57] W(5) enumerated: 43,776 nonzero values (43,777 incl. 0) in 0.0s
[08:55:57] ⚑⚑⚑⚑⚑⚑⚑⚑⚑⚑⚑⚑⚑⚑⚑⚑⚑⚑⚑⚑⚑⚑⚑⚑⚑⚑⚑⚑⚑⚑⚑⚑⚑⚑⚑⚑⚑⚑⚑⚑⚑⚑⚑⚑⚑⚑⚑⚑⚑⚑⚑⚑⚑⚑⚑⚑⚑⚑⚑⚑
[08:55:57] ⚑ EFFICIENCY PRUNE ACTIVE — PRUNE_EFF_C2 = c² = 4/3 (c ≈ 1.1547). Keep pool vector v iff wt(v)² ≤ c²·|v|² (EXACT ℚ(√2,√3) test). DATA-GATHERING: a dropped tiling is the measured breaking datum, NOT a bug to silence.
[08:55:57] ⚑ POOL PRUNED: 43,776 → 4,392 vectors (10.03% kept, 9.97× vector-reduction ⇒ ~99.35× pair-reduction)
[08:55:57] ⚑ per-weight-shell kept: wt1 24/24 (100%)  wt2 120/264 (45%)  wt3 360/1800 (20%)  wt4 1056/8736 (12%)  wt5 2832/32952 (9%)
[08:55:57] ⚑⚑⚑⚑⚑⚑⚑⚑⚑⚑⚑⚑⚑⚑⚑⚑⚑⚑⚑⚑⚑⚑⚑⚑⚑⚑⚑⚑⚑⚑⚑⚑⚑⚑⚑⚑⚑⚑⚑⚑⚑⚑⚑⚑⚑⚑⚑⚑⚑⚑⚑⚑⚑⚑⚑⚑⚑⚑⚑⚑
[08:55:58] area ladder (cap 25.00): 1,760 exact tile-sum values, min 0.4330; sharp (≤24 tiles) subset 1,744
[08:55:58] PAIR stage: 4,392 nonzero pool vectors → 9.64e+6 unordered pairs; det cap 25.00 (= min(s²=25, 24k·a_max=268.7)); ladder |exact| = 1,760
[08:55:59] PAIR stage done in 1.1s: examined 9.64e+6 pairs (8.49e+6/s) → det-in-range 9.47e+6 → bitmap 1.68e+5 → EXACT-admissible 1.68e+5 (sharp ≤24-tile: 1.68e+5) → DISTINCT lattices 34,699
[08:55:59] JOIN stage: closing 34,699 lattices under joins with 4,392 pool vectors (index bound per L: det/(√3/2))
[08:56:05]   join round 1: +6,842 new lattices (admissible 0), family 41,541, 6.5s
[08:56:06]   join round 2: +15 new lattices (admissible 0), family 41,556, 7.0s
[08:56:06]   join round 3: +0 new lattices (admissible 0), family 41,556, 7.0s
[08:56:06] JOIN stage done in 7.0s: 3 rounds, +6,857 joined lattices (0 admissible-det), family total 41,556
[08:56:06] family after joins: 41,556 distinct lattices — 34,699 admissible-det (fill candidates), 34,669 sharp (≤24-tile)
[08:56:06] FILL stage (k=1, EXAMPLE MODE): 15 seeds × per-seed slice of 34,699 admissible-det lattices; per-seed exact vcAreaSet + P0 filters (the live pipeline's sound filters); maxMs=0 (no cap); budget 10.0h
[08:56:06]   per-seed admissible-lattice counts: [1498, 19, 721, 721, 0, 50, 0, 17, 17, 50, 10, 1949, 10, 0, 202] — Σ = 5,264 fills (area-filtered 503,273, P0-filtered 11,948 across seeds)
[PeriodSolver k=1] ⚑ EXAMPLE MODE (TH-10 scout): candidate-lattice stage REPLACED by an externally enumerated weight-s family — the substituted pool bound is UNPROVEN; results carry NO completeness or certification claim
[08:56:19]   seed 1/15 [3,3,3,3,3,3]            1,498 fills, 12.7s, cells total 2
[08:56:25]   seed 2/15 [3,3,3,3,6]              19 fills, 6.3s, cells total 7
[08:56:27]   seed 3/15 [3,3,3,4,4]              721 fills, 2.0s, cells total 8
[08:56:30]   seed 4/15 [3,3,4,3,4]              721 fills, 2.3s, cells total 9
[08:56:30]   seed 5/15 [3,3,4,12]               0 fills, 0.0s, cells total 9
[08:56:30]   seed 6/15 [3,3,6,6]                50 fills, 0.4s, cells total 9
[08:56:30]   seed 7/15 [3,4,3,12]               0 fills, 0.0s, cells total 9
[08:56:30]   seed 8/15 [3,4,4,6]                17 fills, 0.3s, cells total 9
[08:56:32]   seed 9/15 [3,4,6,4]                17 fills, 1.6s, cells total 11
[08:56:34]   seed 10/15 [3,6,3,6]                50 fills, 2.1s, cells total 13
[08:56:35]   seed 11/15 [3,12,12]                10 fills, 1.5s, cells total 15
[08:56:36]   fills: 4,380/5,264 (seed 12/15 [4,4,4,4]), 146.0/s, ETA 6.1s, cells so far 16
[08:56:38]   seed 12/15 [4,4,4,4]                1,949 fills, 3.2s, cells total 16
[08:56:42]   seed 13/15 [4,6,12]                 10 fills, 3.2s, cells total 19
[08:56:42]   seed 14/15 [4,8,8]                  0 fills, 0.0s, cells total 19
[08:56:43]   seed 15/15 [6,6,6]                  202 fills, 1.4s, cells total 21
[08:56:43] FILL stage done in 36.8s: 5,264 fills (Σ over seeds), raw cells 21, gate-rejected 0
[08:56:43]   fill cost distribution (ms/fill): min 0, p50 1, p90 2, p99 150, max 1267, mean 6.99
[08:56:54] RESULT (EXAMPLE MODE — no certified claim): 10 distinct tilings from 21 raw cells; COMPOSITION digest=476ebbd763fa6193 count=10 (certified k=1 reference: 6f9ca9cf2d16c75f/11)
[08:56:54]   certified 12:1|-1,0,-1,0,-1,0,-1,0;1|-1,0,-1,0,-1,… → ✓ matched
[08:56:54]   certified 12:1|-1,0,-1,0,1,0,1,0;1|-1,0,-1,0,1,0,2… → ✓ matched
[08:56:54]   certified 3:1|-1,0,-1,0,0,0,1,0;1|-1,0,0,0,0,0,0,0… → ✓ matched
[08:56:54]   certified 3:1|-1,0,-1,0,0,0,1,0;1|-1,0,0,0,0,0,0,0… → ✓ matched
[08:56:54]   certified 3:1|-1,0,0,0,-1,0,0,0;1|-1,0,0,0,-2,0,0,… → ✓ matched
[08:56:54]   certified 3:1|-1,0,0,0,0,0,0,0;1|-1,0,0,0,1,0,0,0;… → ✓ matched
[08:56:54]   certified 3:1|-1,0,0,0,1,0,0,0;1|0,0,0,0,0,0,0,0;1… → ✓ matched
[08:56:54]   certified 3:1|-1,0,0,0,1,0,0,0;1|0,0,0,0,0,0,0,0;1… → ✓ matched
[08:56:54]   certified 4:1|-1,0,0,0,0,0,0,0;1|-1,0,0,0,0,0,1,0;… → ⚑ 0 matches
[08:56:54]   certified 4:1|0,0,0,0,0,0,0,0;1|0,0,0,0,0,0,0,1;1|… → ✓ matched
[08:56:54]   certified 6:1|-1,0,0,0,1,0,0,0;1|-1,0,0,0,2,0,0,0;… → ✓ matched
[08:56:54] PER-TILING vs certified snapshot: 10/11 one-to-one — ⚑ NOT a bijection
[08:56:54]   galebach t1001: ✓ matched
[08:56:54]   galebach t1002: ⚑ reconstruction failed (degenerate basis (det 0)) — KNOWN upstream defect (TA 2026-07-03)
[08:56:54]   galebach t1003: ✓ matched
[08:56:54]   galebach t1004: ✓ matched
[08:56:54]   galebach t1005: ✓ matched
[08:56:54]   galebach t1006: ✓ matched
[08:56:54]   galebach t1007: ✓ matched
[08:56:54]   galebach t1008: ✓ matched
[08:56:54]   galebach t1009: ✓ matched
[08:56:54]   galebach t1010: ✓ matched
[08:56:54]   galebach t1011: ✓ matched
[08:56:54] PER-TILING vs Galebach: 10/10 matched (1 reconstruction failures)
[08:56:54] ██ TH-10 SCOUT phase=k1 finished in 56.4s — ALL numbers above are EXAMPLE MODE (unproven pool bound) ██
[08:56:54] 
▂▂▂▂▂▂▂▂ k=1 c=2-over-sqrt3 DONE — 10:56:54 ▂▂▂▂▂▂▂▂

▂▂▂▂▂▂▂▂ k=1  c=1.20  (PRUNE_EFF_C2=36/25) — 10:56:54 ▂▂▂▂▂▂▂▂
[08:56:54] ████████████████████████████████████████████████████████████████████████████████████████████████████
[08:56:54] ██ TH-10 SCOUT — EXAMPLE MODE ██ phase=k1 (k=1, s=5) — THE WEIGHT-5 POOL BOUND IS UNPROVEN; no count/completeness claim is made by anything below
[08:56:54] machine: darwin arm64, 10 cores, 24 GB RAM, node v24.14.1
[08:56:54] bounds: 24k·a_max = 268.71, pair-det cap = 25.00, ladder = exact tile-multiset sums (no tile-count cap at pair stage — see header)
[08:56:54]   W-BFS level 1: +24 distinct, |W(1)| = 25 (incl. 0), 0.0s
[08:56:54]   ✓ |W(1)| matches the TA exact table (25)
[08:56:54]   W-BFS level 2: +264 distinct, |W(2)| = 289 (incl. 0), 0.0s
[08:56:54]   ✓ |W(2)| matches the TA exact table (289)
[08:56:54]   W-BFS level 3: +1,800 distinct, |W(3)| = 2,089 (incl. 0), 0.0s
[08:56:54]   ✓ |W(3)| matches the TA exact table (2,089)
[08:56:54] ✓ det4 integer-quadruple sanity vs exact detSurd PASSED (strided sample)
[08:56:54]   W-BFS level 1: +24 distinct, |W(1)| = 25 (incl. 0), 0.0s
[08:56:54]   ✓ |W(1)| matches the TA exact table (25)
[08:56:54]   W-BFS level 2: +264 distinct, |W(2)| = 289 (incl. 0), 0.0s
[08:56:54]   ✓ |W(2)| matches the TA exact table (289)
[08:56:54]   W-BFS level 3: +1,800 distinct, |W(3)| = 2,089 (incl. 0), 0.0s
[08:56:54]   ✓ |W(3)| matches the TA exact table (2,089)
[08:56:54]   W-BFS level 4: +8,736 distinct, |W(4)| = 10,825 (incl. 0), 0.0s
[08:56:54]   ✓ |W(4)| matches the TA exact table (10,825)
[08:56:54]   W-BFS level 5: +32,952 distinct, |W(5)| = 43,777 (incl. 0), 0.0s
[08:56:54]   ✓ |W(5)| matches the TA exact table (43,777)
[08:56:54] W(5) enumerated: 43,776 nonzero values (43,777 incl. 0) in 0.0s
[08:56:54] ⚑⚑⚑⚑⚑⚑⚑⚑⚑⚑⚑⚑⚑⚑⚑⚑⚑⚑⚑⚑⚑⚑⚑⚑⚑⚑⚑⚑⚑⚑⚑⚑⚑⚑⚑⚑⚑⚑⚑⚑⚑⚑⚑⚑⚑⚑⚑⚑⚑⚑⚑⚑⚑⚑⚑⚑⚑⚑⚑⚑
[08:56:54] ⚑ EFFICIENCY PRUNE ACTIVE — PRUNE_EFF_C2 = c² = 36/25 (c ≈ 1.2000). Keep pool vector v iff wt(v)² ≤ c²·|v|² (EXACT ℚ(√2,√3) test). DATA-GATHERING: a dropped tiling is the measured breaking datum, NOT a bug to silence.
[08:56:54] ⚑ POOL PRUNED: 43,776 → 6,096 vectors (13.93% kept, 7.18× vector-reduction ⇒ ~51.57× pair-reduction)
[08:56:54] ⚑ per-weight-shell kept: wt1 24/24 (100%)  wt2 120/264 (45%)  wt3 456/1800 (25%)  wt4 1464/8736 (17%)  wt5 4032/32952 (12%)
[08:56:54] ⚑⚑⚑⚑⚑⚑⚑⚑⚑⚑⚑⚑⚑⚑⚑⚑⚑⚑⚑⚑⚑⚑⚑⚑⚑⚑⚑⚑⚑⚑⚑⚑⚑⚑⚑⚑⚑⚑⚑⚑⚑⚑⚑⚑⚑⚑⚑⚑⚑⚑⚑⚑⚑⚑⚑⚑⚑⚑⚑⚑
[08:56:54] area ladder (cap 25.00): 1,760 exact tile-sum values, min 0.4330; sharp (≤24 tiles) subset 1,744
[08:56:54] PAIR stage: 6,096 nonzero pool vectors → 1.86e+7 unordered pairs; det cap 25.00 (= min(s²=25, 24k·a_max=268.7)); ladder |exact| = 1,760
[08:56:56] PAIR stage done in 1.7s: examined 1.86e+7 pairs (1.10e+7/s) → det-in-range 1.82e+7 → bitmap 2.55e+5 → EXACT-admissible 2.55e+5 (sharp ≤24-tile: 2.55e+5) → DISTINCT lattices 52,816
[08:56:56] JOIN stage: closing 52,816 lattices under joins with 6,096 pool vectors (index bound per L: det/(√3/2))
[08:57:07]   join round 1: +8,852 new lattices (admissible 0), family 61,668, 10.7s
[08:57:08]   join round 2: +15 new lattices (admissible 0), family 61,683, 11.6s
[08:57:08]   join round 3: +0 new lattices (admissible 0), family 61,683, 11.6s
[08:57:08] JOIN stage done in 11.6s: 3 rounds, +8,867 joined lattices (0 admissible-det), family total 61,683
[08:57:08] family after joins: 61,683 distinct lattices — 52,816 admissible-det (fill candidates), 52,786 sharp (≤24-tile)
[08:57:08] FILL stage (k=1, EXAMPLE MODE): 15 seeds × per-seed slice of 52,816 admissible-det lattices; per-seed exact vcAreaSet + P0 filters (the live pipeline's sound filters); maxMs=0 (no cap); budget 10.0h
[08:57:08]   per-seed admissible-lattice counts: [3013, 19, 1180, 1180, 0, 65, 0, 17, 17, 65, 10, 2849, 10, 41, 562] — Σ = 9,028 fills (area-filtered 764,436, P0-filtered 18,776 across seeds)
[PeriodSolver k=1] ⚑ EXAMPLE MODE (TH-10 scout): candidate-lattice stage REPLACED by an externally enumerated weight-s family — the substituted pool bound is UNPROVEN; results carry NO completeness or certification claim
[08:57:22]   seed 1/15 [3,3,3,3,3,3]            3,013 fills, 14.0s, cells total 2
[08:57:29]   seed 2/15 [3,3,3,3,6]              19 fills, 6.5s, cells total 7
[08:57:31]   seed 3/15 [3,3,3,4,4]              1,180 fills, 2.6s, cells total 8
[08:57:34]   seed 4/15 [3,3,4,3,4]              1,180 fills, 2.8s, cells total 9
[08:57:34]   seed 5/15 [3,3,4,12]               0 fills, 0.0s, cells total 9
[08:57:35]   seed 6/15 [3,3,6,6]                65 fills, 0.4s, cells total 9
[08:57:35]   seed 7/15 [3,4,3,12]               0 fills, 0.0s, cells total 9
[08:57:35]   seed 8/15 [3,4,4,6]                17 fills, 0.3s, cells total 9
[08:57:36]   seed 9/15 [3,4,6,4]                17 fills, 1.5s, cells total 11
[08:57:38]   fills: 5,550/9,028 (seed 10/15 [3,6,3,6]), 184.6/s, ETA 18.8s, cells so far 13
[08:57:38]   seed 10/15 [3,6,3,6]                65 fills, 2.1s, cells total 13
[08:57:40]   seed 11/15 [3,12,12]                10 fills, 1.5s, cells total 15
[08:57:44]   seed 12/15 [4,4,4,4]                2,849 fills, 3.6s, cells total 16
[08:57:47]   seed 13/15 [4,6,12]                 10 fills, 3.2s, cells total 19
[PeriodSolver k=1] ⚑ INCOMPLETE-REGION (primitivity-rejection): certified supercell discarded; primitive lattice 1|-1,-1,0,0,0,1,1,0#1|-1,0,0,-1,0,0,-1,0 not in candidate list (supercell 1|-2,-1,0,-1,0,1,0,0#1|0,-1,0,1,0,1,2,0, 4 witness(es))
[08:57:47]   seed 14/15 [4,8,8]                  41 fills, 0.2s, cells total 19
[08:57:49]   seed 15/15 [6,6,6]                  562 fills, 1.8s, cells total 21
[08:57:49] FILL stage done in 40.6s: 9,028 fills (Σ over seeds), raw cells 21, gate-rejected 0
[08:57:49]   fill cost distribution (ms/fill): min 0, p50 0, p90 2, p99 27, max 1311, mean 4.49
[08:58:00] RESULT (EXAMPLE MODE — no certified claim): 10 distinct tilings from 21 raw cells; COMPOSITION digest=476ebbd763fa6193 count=10 (certified k=1 reference: 6f9ca9cf2d16c75f/11)
[08:58:00]   certified 12:1|-1,0,-1,0,-1,0,-1,0;1|-1,0,-1,0,-1,… → ✓ matched
[08:58:00]   certified 12:1|-1,0,-1,0,1,0,1,0;1|-1,0,-1,0,1,0,2… → ✓ matched
[08:58:00]   certified 3:1|-1,0,-1,0,0,0,1,0;1|-1,0,0,0,0,0,0,0… → ✓ matched
[08:58:00]   certified 3:1|-1,0,-1,0,0,0,1,0;1|-1,0,0,0,0,0,0,0… → ✓ matched
[08:58:00]   certified 3:1|-1,0,0,0,-1,0,0,0;1|-1,0,0,0,-2,0,0,… → ✓ matched
[08:58:00]   certified 3:1|-1,0,0,0,0,0,0,0;1|-1,0,0,0,1,0,0,0;… → ✓ matched
[08:58:00]   certified 3:1|-1,0,0,0,1,0,0,0;1|0,0,0,0,0,0,0,0;1… → ✓ matched
[08:58:00]   certified 3:1|-1,0,0,0,1,0,0,0;1|0,0,0,0,0,0,0,0;1… → ✓ matched
[08:58:00]   certified 4:1|-1,0,0,0,0,0,0,0;1|-1,0,0,0,0,0,1,0;… → ⚑ 0 matches
[08:58:00]   certified 4:1|0,0,0,0,0,0,0,0;1|0,0,0,0,0,0,0,1;1|… → ✓ matched
[08:58:00]   certified 6:1|-1,0,0,0,1,0,0,0;1|-1,0,0,0,2,0,0,0;… → ✓ matched
[08:58:00] PER-TILING vs certified snapshot: 10/11 one-to-one — ⚑ NOT a bijection
[08:58:00]   galebach t1001: ✓ matched
[08:58:00]   galebach t1002: ⚑ reconstruction failed (degenerate basis (det 0)) — KNOWN upstream defect (TA 2026-07-03)
[08:58:00]   galebach t1003: ✓ matched
[08:58:00]   galebach t1004: ✓ matched
[08:58:00]   galebach t1005: ✓ matched
[08:58:00]   galebach t1006: ✓ matched
[08:58:00]   galebach t1007: ✓ matched
[08:58:00]   galebach t1008: ✓ matched
[08:58:00]   galebach t1009: ✓ matched
[08:58:00]   galebach t1010: ✓ matched
[08:58:00]   galebach t1011: ✓ matched
[08:58:00] PER-TILING vs Galebach: 10/10 matched (1 reconstruction failures)
[08:58:00] ██ TH-10 SCOUT phase=k1 finished in 65.6s — ALL numbers above are EXAMPLE MODE (unproven pool bound) ██
[08:58:00] 
▂▂▂▂▂▂▂▂ k=1 c=1.20 DONE — 10:58:00 ▂▂▂▂▂▂▂▂

▂▂▂▂▂▂▂▂ k=1  c=1.25  (PRUNE_EFF_C2=25/16) — 10:58:00 ▂▂▂▂▂▂▂▂
[08:58:00] ████████████████████████████████████████████████████████████████████████████████████████████████████
[08:58:00] ██ TH-10 SCOUT — EXAMPLE MODE ██ phase=k1 (k=1, s=5) — THE WEIGHT-5 POOL BOUND IS UNPROVEN; no count/completeness claim is made by anything below
[08:58:00] machine: darwin arm64, 10 cores, 24 GB RAM, node v24.14.1
[08:58:00] bounds: 24k·a_max = 268.71, pair-det cap = 25.00, ladder = exact tile-multiset sums (no tile-count cap at pair stage — see header)
[08:58:00]   W-BFS level 1: +24 distinct, |W(1)| = 25 (incl. 0), 0.0s
[08:58:00]   ✓ |W(1)| matches the TA exact table (25)
[08:58:00]   W-BFS level 2: +264 distinct, |W(2)| = 289 (incl. 0), 0.0s
[08:58:00]   ✓ |W(2)| matches the TA exact table (289)
[08:58:00]   W-BFS level 3: +1,800 distinct, |W(3)| = 2,089 (incl. 0), 0.0s
[08:58:00]   ✓ |W(3)| matches the TA exact table (2,089)
[08:58:00] ✓ det4 integer-quadruple sanity vs exact detSurd PASSED (strided sample)
[08:58:00]   W-BFS level 1: +24 distinct, |W(1)| = 25 (incl. 0), 0.0s
[08:58:00]   ✓ |W(1)| matches the TA exact table (25)
[08:58:00]   W-BFS level 2: +264 distinct, |W(2)| = 289 (incl. 0), 0.0s
[08:58:00]   ✓ |W(2)| matches the TA exact table (289)
[08:58:00]   W-BFS level 3: +1,800 distinct, |W(3)| = 2,089 (incl. 0), 0.0s
[08:58:00]   ✓ |W(3)| matches the TA exact table (2,089)
[08:58:00]   W-BFS level 4: +8,736 distinct, |W(4)| = 10,825 (incl. 0), 0.0s
[08:58:00]   ✓ |W(4)| matches the TA exact table (10,825)
[08:58:00]   W-BFS level 5: +32,952 distinct, |W(5)| = 43,777 (incl. 0), 0.0s
[08:58:00]   ✓ |W(5)| matches the TA exact table (43,777)
[08:58:00] W(5) enumerated: 43,776 nonzero values (43,777 incl. 0) in 0.0s
[08:58:00] ⚑⚑⚑⚑⚑⚑⚑⚑⚑⚑⚑⚑⚑⚑⚑⚑⚑⚑⚑⚑⚑⚑⚑⚑⚑⚑⚑⚑⚑⚑⚑⚑⚑⚑⚑⚑⚑⚑⚑⚑⚑⚑⚑⚑⚑⚑⚑⚑⚑⚑⚑⚑⚑⚑⚑⚑⚑⚑⚑⚑
[08:58:00] ⚑ EFFICIENCY PRUNE ACTIVE — PRUNE_EFF_C2 = c² = 25/16 (c ≈ 1.2500). Keep pool vector v iff wt(v)² ≤ c²·|v|² (EXACT ℚ(√2,√3) test). DATA-GATHERING: a dropped tiling is the measured breaking datum, NOT a bug to silence.
[08:58:00] ⚑ POOL PRUNED: 43,776 → 7,992 vectors (18.26% kept, 5.48× vector-reduction ⇒ ~30.00× pair-reduction)
[08:58:00] ⚑ per-weight-shell kept: wt1 24/24 (100%)  wt2 120/264 (45%)  wt3 528/1800 (29%)  wt4 1872/8736 (21%)  wt5 5448/32952 (17%)
[08:58:00] ⚑⚑⚑⚑⚑⚑⚑⚑⚑⚑⚑⚑⚑⚑⚑⚑⚑⚑⚑⚑⚑⚑⚑⚑⚑⚑⚑⚑⚑⚑⚑⚑⚑⚑⚑⚑⚑⚑⚑⚑⚑⚑⚑⚑⚑⚑⚑⚑⚑⚑⚑⚑⚑⚑⚑⚑⚑⚑⚑⚑
[08:58:00] area ladder (cap 25.00): 1,760 exact tile-sum values, min 0.4330; sharp (≤24 tiles) subset 1,744
[08:58:00] PAIR stage: 7,992 nonzero pool vectors → 3.19e+7 unordered pairs; det cap 25.00 (= min(s²=25, 24k·a_max=268.7)); ladder |exact| = 1,760
[08:58:03] PAIR stage done in 2.6s: examined 3.19e+7 pairs (1.24e+7/s) → det-in-range 3.13e+7 → bitmap 3.77e+5 → EXACT-admissible 3.77e+5 (sharp ≤24-tile: 3.77e+5) → DISTINCT lattices 77,817
[08:58:03] JOIN stage: closing 77,817 lattices under joins with 7,992 pool vectors (index bound per L: det/(√3/2))
[08:58:21]   join round 1: +11,740 new lattices (admissible 2), family 89,557, 18.2s
[08:58:22]   join round 2: +15 new lattices (admissible 0), family 89,572, 19.6s
[08:58:22]   join round 3: +0 new lattices (admissible 0), family 89,572, 19.6s
[08:58:22] JOIN stage done in 19.7s: 3 rounds, +11,755 joined lattices (2 admissible-det), family total 89,572
[08:58:22] family after joins: 89,572 distinct lattices — 77,819 admissible-det (fill candidates), 77,789 sharp (≤24-tile)
[08:58:23] FILL stage (k=1, EXAMPLE MODE): 15 seeds × per-seed slice of 77,819 admissible-det lattices; per-seed exact vcAreaSet + P0 filters (the live pipeline's sound filters); maxMs=0 (no cap); budget 10.0h
[08:58:23]   per-seed admissible-lattice counts: [4465, 19, 1612, 1612, 0, 89, 0, 17, 17, 89, 10, 4446, 10, 47, 863] — Σ = 13,296 fills (area-filtered 1,127,124, P0-filtered 26,865 across seeds)
[PeriodSolver k=1] ⚑ EXAMPLE MODE (TH-10 scout): candidate-lattice stage REPLACED by an externally enumerated weight-s family — the substituted pool bound is UNPROVEN; results carry NO completeness or certification claim
[08:58:39]   seed 1/15 [3,3,3,3,3,3]            4,465 fills, 15.5s, cells total 2
[08:58:45]   seed 2/15 [3,3,3,3,6]              19 fills, 6.6s, cells total 7
[08:58:48]   seed 3/15 [3,3,3,4,4]              1,612 fills, 3.0s, cells total 8
[08:58:51]   seed 4/15 [3,3,4,3,4]              1,612 fills, 3.1s, cells total 9
[08:58:51]   seed 5/15 [3,3,4,12]               0 fills, 0.0s, cells total 9
[08:58:52]   seed 6/15 [3,3,6,6]                89 fills, 0.5s, cells total 9
[08:58:52]   seed 7/15 [3,4,3,12]               0 fills, 0.0s, cells total 9
[08:58:52]   seed 8/15 [3,4,4,6]                17 fills, 0.2s, cells total 9
[08:58:54]   fills: 7,823/13,296 (seed 9/15 [3,4,6,4]), 258.5/s, ETA 21.2s, cells so far 11
[08:58:54]   seed 9/15 [3,4,6,4]                17 fills, 1.6s, cells total 11
[08:58:56]   seed 10/15 [3,6,3,6]                89 fills, 2.2s, cells total 13
[08:58:57]   seed 11/15 [3,12,12]                10 fills, 1.5s, cells total 15
[08:59:02]   seed 12/15 [4,4,4,4]                4,446 fills, 4.9s, cells total 16
[08:59:06]   seed 13/15 [4,6,12]                 10 fills, 3.3s, cells total 19
[08:59:06]   seed 14/15 [4,8,8]                  47 fills, 0.6s, cells total 20
[08:59:08]   seed 15/15 [6,6,6]                  863 fills, 2.1s, cells total 22
[08:59:08] FILL stage done in 45.0s: 13,296 fills (Σ over seeds), raw cells 22, gate-rejected 0
[08:59:08]   fill cost distribution (ms/fill): min 0, p50 0, p90 2, p99 21, max 1308, mean 3.38
[08:59:20] RESULT (EXAMPLE MODE — no certified claim): 11 distinct tilings from 22 raw cells; COMPOSITION digest=6f9ca9cf2d16c75f count=11 (certified k=1 reference: 6f9ca9cf2d16c75f/11)
[08:59:20]   certified 12:1|-1,0,-1,0,-1,0,-1,0;1|-1,0,-1,0,-1,… → ✓ matched
[08:59:20]   certified 12:1|-1,0,-1,0,1,0,1,0;1|-1,0,-1,0,1,0,2… → ✓ matched
[08:59:20]   certified 3:1|-1,0,-1,0,0,0,1,0;1|-1,0,0,0,0,0,0,0… → ✓ matched
[08:59:20]   certified 3:1|-1,0,-1,0,0,0,1,0;1|-1,0,0,0,0,0,0,0… → ✓ matched
[08:59:20]   certified 3:1|-1,0,0,0,-1,0,0,0;1|-1,0,0,0,-2,0,0,… → ✓ matched
[08:59:20]   certified 3:1|-1,0,0,0,0,0,0,0;1|-1,0,0,0,1,0,0,0;… → ✓ matched
[08:59:20]   certified 3:1|-1,0,0,0,1,0,0,0;1|0,0,0,0,0,0,0,0;1… → ✓ matched
[08:59:20]   certified 3:1|-1,0,0,0,1,0,0,0;1|0,0,0,0,0,0,0,0;1… → ✓ matched
[08:59:20]   certified 4:1|-1,0,0,0,0,0,0,0;1|-1,0,0,0,0,0,1,0;… → ✓ matched
[08:59:20]   certified 4:1|0,0,0,0,0,0,0,0;1|0,0,0,0,0,0,0,1;1|… → ✓ matched
[08:59:20]   certified 6:1|-1,0,0,0,1,0,0,0;1|-1,0,0,0,2,0,0,0;… → ✓ matched
[08:59:20] PER-TILING vs certified snapshot: 11/11 one-to-one — ★ BIJECTION PASSED (example mode)
[08:59:20]   galebach t1001: ✓ matched
[08:59:20]   galebach t1002: ⚑ reconstruction failed (degenerate basis (det 0)) — KNOWN upstream defect (TA 2026-07-03)
[08:59:20]   galebach t1003: ✓ matched
[08:59:20]   galebach t1004: ✓ matched
[08:59:20]   galebach t1005: ✓ matched
[08:59:20]   galebach t1006: ✓ matched
[08:59:20]   galebach t1007: ✓ matched
[08:59:20]   galebach t1008: ✓ matched
[08:59:20]   galebach t1009: ✓ matched
[08:59:20]   galebach t1010: ✓ matched
[08:59:20]   galebach t1011: ✓ matched
[08:59:20] PER-TILING vs Galebach: 10/10 matched (1 reconstruction failures)
[08:59:20] ██ TH-10 SCOUT phase=k1 finished in 79.6s — ALL numbers above are EXAMPLE MODE (unproven pool bound) ██
[08:59:20] 
▂▂▂▂▂▂▂▂ k=1 c=1.25 DONE — 10:59:20 ▂▂▂▂▂▂▂▂

▂▂▂▂▂▂▂▂ k=1  c=1.30  (PRUNE_EFF_C2=169/100) — 10:59:20 ▂▂▂▂▂▂▂▂
[08:59:20] ████████████████████████████████████████████████████████████████████████████████████████████████████
[08:59:20] ██ TH-10 SCOUT — EXAMPLE MODE ██ phase=k1 (k=1, s=5) — THE WEIGHT-5 POOL BOUND IS UNPROVEN; no count/completeness claim is made by anything below
[08:59:20] machine: darwin arm64, 10 cores, 24 GB RAM, node v24.14.1
[08:59:20] bounds: 24k·a_max = 268.71, pair-det cap = 25.00, ladder = exact tile-multiset sums (no tile-count cap at pair stage — see header)
[08:59:20]   W-BFS level 1: +24 distinct, |W(1)| = 25 (incl. 0), 0.0s
[08:59:20]   ✓ |W(1)| matches the TA exact table (25)
[08:59:20]   W-BFS level 2: +264 distinct, |W(2)| = 289 (incl. 0), 0.0s
[08:59:20]   ✓ |W(2)| matches the TA exact table (289)
[08:59:20]   W-BFS level 3: +1,800 distinct, |W(3)| = 2,089 (incl. 0), 0.0s
[08:59:20]   ✓ |W(3)| matches the TA exact table (2,089)
[08:59:20] ✓ det4 integer-quadruple sanity vs exact detSurd PASSED (strided sample)
[08:59:20]   W-BFS level 1: +24 distinct, |W(1)| = 25 (incl. 0), 0.0s
[08:59:20]   ✓ |W(1)| matches the TA exact table (25)
[08:59:20]   W-BFS level 2: +264 distinct, |W(2)| = 289 (incl. 0), 0.0s
[08:59:20]   ✓ |W(2)| matches the TA exact table (289)
[08:59:20]   W-BFS level 3: +1,800 distinct, |W(3)| = 2,089 (incl. 0), 0.0s
[08:59:20]   ✓ |W(3)| matches the TA exact table (2,089)
[08:59:20]   W-BFS level 4: +8,736 distinct, |W(4)| = 10,825 (incl. 0), 0.0s
[08:59:20]   ✓ |W(4)| matches the TA exact table (10,825)
[08:59:20]   W-BFS level 5: +32,952 distinct, |W(5)| = 43,777 (incl. 0), 0.0s
[08:59:20]   ✓ |W(5)| matches the TA exact table (43,777)
[08:59:20] W(5) enumerated: 43,776 nonzero values (43,777 incl. 0) in 0.0s
[08:59:20] ⚑⚑⚑⚑⚑⚑⚑⚑⚑⚑⚑⚑⚑⚑⚑⚑⚑⚑⚑⚑⚑⚑⚑⚑⚑⚑⚑⚑⚑⚑⚑⚑⚑⚑⚑⚑⚑⚑⚑⚑⚑⚑⚑⚑⚑⚑⚑⚑⚑⚑⚑⚑⚑⚑⚑⚑⚑⚑⚑⚑
[08:59:20] ⚑ EFFICIENCY PRUNE ACTIVE — PRUNE_EFF_C2 = c² = 169/100 (c ≈ 1.3000). Keep pool vector v iff wt(v)² ≤ c²·|v|² (EXACT ℚ(√2,√3) test). DATA-GATHERING: a dropped tiling is the measured breaking datum, NOT a bug to silence.
[08:59:20] ⚑ POOL PRUNED: 43,776 → 9,600 vectors (21.93% kept, 4.56× vector-reduction ⇒ ~20.79× pair-reduction)
[08:59:20] ⚑ per-weight-shell kept: wt1 24/24 (100%)  wt2 144/264 (55%)  wt3 624/1800 (35%)  wt4 2256/8736 (26%)  wt5 6552/32952 (20%)
[08:59:20] ⚑⚑⚑⚑⚑⚑⚑⚑⚑⚑⚑⚑⚑⚑⚑⚑⚑⚑⚑⚑⚑⚑⚑⚑⚑⚑⚑⚑⚑⚑⚑⚑⚑⚑⚑⚑⚑⚑⚑⚑⚑⚑⚑⚑⚑⚑⚑⚑⚑⚑⚑⚑⚑⚑⚑⚑⚑⚑⚑⚑
[08:59:20] area ladder (cap 25.00): 1,760 exact tile-sum values, min 0.4330; sharp (≤24 tiles) subset 1,744
[08:59:20] PAIR stage: 9,600 nonzero pool vectors → 4.61e+7 unordered pairs; det cap 25.00 (= min(s²=25, 24k·a_max=268.7)); ladder |exact| = 1,760
[08:59:23] PAIR stage done in 3.4s: examined 4.61e+7 pairs (1.37e+7/s) → det-in-range 4.52e+7 → bitmap 5.09e+5 → EXACT-admissible 5.09e+5 (sharp ≤24-tile: 5.09e+5) → DISTINCT lattices 104,026
[08:59:23] JOIN stage: closing 104,026 lattices under joins with 9,600 pool vectors (index bound per L: det/(√3/2))
[08:59:50]   join round 1: +14,445 new lattices (admissible 2), family 118,471, 27.0s
[08:59:53]   join round 2: +39 new lattices (admissible 0), family 118,510, 29.1s
[08:59:53]   join round 3: +0 new lattices (admissible 0), family 118,510, 29.1s
[08:59:53] JOIN stage done in 29.1s: 3 rounds, +14,484 joined lattices (2 admissible-det), family total 118,510
[08:59:53] family after joins: 118,510 distinct lattices — 104,028 admissible-det (fill candidates), 103,998 sharp (≤24-tile)
[08:59:54] FILL stage (k=1, EXAMPLE MODE): 15 seeds × per-seed slice of 104,028 admissible-det lattices; per-seed exact vcAreaSet + P0 filters (the live pipeline's sound filters); maxMs=0 (no cap); budget 10.0h
[08:59:54]   per-seed admissible-lattice counts: [5748, 19, 2164, 2164, 0, 101, 0, 17, 17, 101, 10, 5844, 10, 47, 1127] — Σ = 17,369 fills (area-filtered 1,507,062, P0-filtered 35,989 across seeds)
[PeriodSolver k=1] ⚑ EXAMPLE MODE (TH-10 scout): candidate-lattice stage REPLACED by an externally enumerated weight-s family — the substituted pool bound is UNPROVEN; results carry NO completeness or certification claim
[09:00:10]   seed 1/15 [3,3,3,3,3,3]            5,748 fills, 16.6s, cells total 2
[09:00:17]   seed 2/15 [3,3,3,3,6]              19 fills, 6.6s, cells total 7
[09:00:21]   seed 3/15 [3,3,3,4,4]              2,164 fills, 3.8s, cells total 8
[09:00:24]   fills: 10,072/17,369 (seed 4/15 [3,3,4,3,4]), 332.1/s, ETA 22.0s, cells so far 9
[09:00:25]   seed 4/15 [3,3,4,3,4]              2,164 fills, 3.9s, cells total 9
[09:00:25]   seed 5/15 [3,3,4,12]               0 fills, 0.0s, cells total 9
[09:00:25]   seed 6/15 [3,3,6,6]                101 fills, 0.5s, cells total 9
[09:00:25]   seed 7/15 [3,4,3,12]               0 fills, 0.0s, cells total 9
[09:00:25]   seed 8/15 [3,4,4,6]                17 fills, 0.3s, cells total 9
[09:00:27]   seed 9/15 [3,4,6,4]                17 fills, 1.6s, cells total 11
[09:00:29]   seed 10/15 [3,6,3,6]                101 fills, 2.2s, cells total 13
[09:00:31]   seed 11/15 [3,12,12]                10 fills, 1.5s, cells total 15
[09:00:38]   seed 12/15 [4,4,4,4]                5,844 fills, 6.7s, cells total 16
[09:00:41]   seed 13/15 [4,6,12]                 10 fills, 3.3s, cells total 19
[09:00:41]   seed 14/15 [4,8,8]                  47 fills, 0.6s, cells total 20
[09:00:44]   seed 15/15 [6,6,6]                  1,127 fills, 2.4s, cells total 22
[09:00:44] FILL stage done in 49.9s: 17,369 fills (Σ over seeds), raw cells 22, gate-rejected 0
[09:00:44]   fill cost distribution (ms/fill): min 0, p50 0, p90 2, p99 20, max 1300, mean 2.87
[09:00:55] RESULT (EXAMPLE MODE — no certified claim): 11 distinct tilings from 22 raw cells; COMPOSITION digest=6f9ca9cf2d16c75f count=11 (certified k=1 reference: 6f9ca9cf2d16c75f/11)
[09:00:55]   certified 12:1|-1,0,-1,0,-1,0,-1,0;1|-1,0,-1,0,-1,… → ✓ matched
[09:00:55]   certified 12:1|-1,0,-1,0,1,0,1,0;1|-1,0,-1,0,1,0,2… → ✓ matched
[09:00:55]   certified 3:1|-1,0,-1,0,0,0,1,0;1|-1,0,0,0,0,0,0,0… → ✓ matched
[09:00:55]   certified 3:1|-1,0,-1,0,0,0,1,0;1|-1,0,0,0,0,0,0,0… → ✓ matched
[09:00:55]   certified 3:1|-1,0,0,0,-1,0,0,0;1|-1,0,0,0,-2,0,0,… → ✓ matched
[09:00:55]   certified 3:1|-1,0,0,0,0,0,0,0;1|-1,0,0,0,1,0,0,0;… → ✓ matched
[09:00:55]   certified 3:1|-1,0,0,0,1,0,0,0;1|0,0,0,0,0,0,0,0;1… → ✓ matched
[09:00:55]   certified 3:1|-1,0,0,0,1,0,0,0;1|0,0,0,0,0,0,0,0;1… → ✓ matched
[09:00:55]   certified 4:1|-1,0,0,0,0,0,0,0;1|-1,0,0,0,0,0,1,0;… → ✓ matched
[09:00:55]   certified 4:1|0,0,0,0,0,0,0,0;1|0,0,0,0,0,0,0,1;1|… → ✓ matched
[09:00:55]   certified 6:1|-1,0,0,0,1,0,0,0;1|-1,0,0,0,2,0,0,0;… → ✓ matched
[09:00:55] PER-TILING vs certified snapshot: 11/11 one-to-one — ★ BIJECTION PASSED (example mode)
[09:00:55]   galebach t1001: ✓ matched
[09:00:55]   galebach t1002: ⚑ reconstruction failed (degenerate basis (det 0)) — KNOWN upstream defect (TA 2026-07-03)
[09:00:55]   galebach t1003: ✓ matched
[09:00:55]   galebach t1004: ✓ matched
[09:00:55]   galebach t1005: ✓ matched
[09:00:55]   galebach t1006: ✓ matched
[09:00:55]   galebach t1007: ✓ matched
[09:00:55]   galebach t1008: ✓ matched
[09:00:55]   galebach t1009: ✓ matched
[09:00:55]   galebach t1010: ✓ matched
[09:00:55]   galebach t1011: ✓ matched
[09:00:55] PER-TILING vs Galebach: 10/10 matched (1 reconstruction failures)
[09:00:55] ██ TH-10 SCOUT phase=k1 finished in 95.1s — ALL numbers above are EXAMPLE MODE (unproven pool bound) ██
[09:00:55] 
▂▂▂▂▂▂▂▂ k=1 c=1.30 DONE — 11:00:55 ▂▂▂▂▂▂▂▂

▂▂▂▂▂▂▂▂ k=1  c=1.35  (PRUNE_EFF_C2=729/400) — 11:00:55 ▂▂▂▂▂▂▂▂
[09:00:55] ████████████████████████████████████████████████████████████████████████████████████████████████████
[09:00:55] ██ TH-10 SCOUT — EXAMPLE MODE ██ phase=k1 (k=1, s=5) — THE WEIGHT-5 POOL BOUND IS UNPROVEN; no count/completeness claim is made by anything below
[09:00:55] machine: darwin arm64, 10 cores, 24 GB RAM, node v24.14.1
[09:00:55] bounds: 24k·a_max = 268.71, pair-det cap = 25.00, ladder = exact tile-multiset sums (no tile-count cap at pair stage — see header)
[09:00:55]   W-BFS level 1: +24 distinct, |W(1)| = 25 (incl. 0), 0.0s
[09:00:55]   ✓ |W(1)| matches the TA exact table (25)
[09:00:55]   W-BFS level 2: +264 distinct, |W(2)| = 289 (incl. 0), 0.0s
[09:00:55]   ✓ |W(2)| matches the TA exact table (289)
[09:00:55]   W-BFS level 3: +1,800 distinct, |W(3)| = 2,089 (incl. 0), 0.0s
[09:00:55]   ✓ |W(3)| matches the TA exact table (2,089)
[09:00:55] ✓ det4 integer-quadruple sanity vs exact detSurd PASSED (strided sample)
[09:00:55]   W-BFS level 1: +24 distinct, |W(1)| = 25 (incl. 0), 0.0s
[09:00:55]   ✓ |W(1)| matches the TA exact table (25)
[09:00:55]   W-BFS level 2: +264 distinct, |W(2)| = 289 (incl. 0), 0.0s
[09:00:55]   ✓ |W(2)| matches the TA exact table (289)
[09:00:55]   W-BFS level 3: +1,800 distinct, |W(3)| = 2,089 (incl. 0), 0.0s
[09:00:55]   ✓ |W(3)| matches the TA exact table (2,089)
[09:00:55]   W-BFS level 4: +8,736 distinct, |W(4)| = 10,825 (incl. 0), 0.0s
[09:00:55]   ✓ |W(4)| matches the TA exact table (10,825)
[09:00:55]   W-BFS level 5: +32,952 distinct, |W(5)| = 43,777 (incl. 0), 0.0s
[09:00:55]   ✓ |W(5)| matches the TA exact table (43,777)
[09:00:55] W(5) enumerated: 43,776 nonzero values (43,777 incl. 0) in 0.0s
[09:00:55] ⚑⚑⚑⚑⚑⚑⚑⚑⚑⚑⚑⚑⚑⚑⚑⚑⚑⚑⚑⚑⚑⚑⚑⚑⚑⚑⚑⚑⚑⚑⚑⚑⚑⚑⚑⚑⚑⚑⚑⚑⚑⚑⚑⚑⚑⚑⚑⚑⚑⚑⚑⚑⚑⚑⚑⚑⚑⚑⚑⚑
[09:00:55] ⚑ EFFICIENCY PRUNE ACTIVE — PRUNE_EFF_C2 = c² = 729/400 (c ≈ 1.3500). Keep pool vector v iff wt(v)² ≤ c²·|v|² (EXACT ℚ(√2,√3) test). DATA-GATHERING: a dropped tiling is the measured breaking datum, NOT a bug to silence.
[09:00:56] ⚑ POOL PRUNED: 43,776 → 10,800 vectors (24.67% kept, 4.05× vector-reduction ⇒ ~16.43× pair-reduction)
[09:00:56] ⚑ per-weight-shell kept: wt1 24/24 (100%)  wt2 144/264 (55%)  wt3 672/1800 (37%)  wt4 2568/8736 (29%)  wt5 7392/32952 (22%)
[09:00:56] ⚑⚑⚑⚑⚑⚑⚑⚑⚑⚑⚑⚑⚑⚑⚑⚑⚑⚑⚑⚑⚑⚑⚑⚑⚑⚑⚑⚑⚑⚑⚑⚑⚑⚑⚑⚑⚑⚑⚑⚑⚑⚑⚑⚑⚑⚑⚑⚑⚑⚑⚑⚑⚑⚑⚑⚑⚑⚑⚑⚑
[09:00:56] area ladder (cap 25.00): 1,760 exact tile-sum values, min 0.4330; sharp (≤24 tiles) subset 1,744
[09:00:56] PAIR stage: 10,800 nonzero pool vectors → 5.83e+7 unordered pairs; det cap 25.00 (= min(s²=25, 24k·a_max=268.7)); ladder |exact| = 1,760
[09:01:00] PAIR stage done in 4.1s: examined 5.83e+7 pairs (1.44e+7/s) → det-in-range 5.72e+7 → bitmap 6.04e+5 → EXACT-admissible 6.04e+5 (sharp ≤24-tile: 6.04e+5) → DISTINCT lattices 122,924
[09:01:00] JOIN stage: closing 122,924 lattices under joins with 10,800 pool vectors (index bound per L: det/(√3/2))
[09:01:30]   join round 1: 108407/122924 lattices scanned, +15,429 new so far (prefilter 363,558, exact 363,558), elapsed 30.0s
[09:01:34]   join round 1: +16,041 new lattices (admissible 2), family 138,965, 34.5s
[09:01:37]   join round 2: +39 new lattices (admissible 0), family 139,004, 37.3s
[09:01:37]   join round 3: +0 new lattices (admissible 0), family 139,004, 37.3s
[09:01:37] JOIN stage done in 37.3s: 3 rounds, +16,080 joined lattices (2 admissible-det), family total 139,004
[09:01:37] family after joins: 139,004 distinct lattices — 122,926 admissible-det (fill candidates), 122,896 sharp (≤24-tile)
[09:01:38] FILL stage (k=1, EXAMPLE MODE): 15 seeds × per-seed slice of 122,926 admissible-det lattices; per-seed exact vcAreaSet + P0 filters (the live pipeline's sound filters); maxMs=0 (no cap); budget 10.0h
[09:01:38]   per-seed admissible-lattice counts: [6713, 19, 2812, 2812, 0, 101, 0, 17, 17, 101, 10, 6868, 10, 64, 1271] — Σ = 20,815 fills (area-filtered 1,780,458, P0-filtered 42,617 across seeds)
[PeriodSolver k=1] ⚑ EXAMPLE MODE (TH-10 scout): candidate-lattice stage REPLACED by an externally enumerated weight-s family — the substituted pool bound is UNPROVEN; results carry NO completeness or certification claim
[09:01:56]   seed 1/15 [3,3,3,3,3,3]            6,713 fills, 17.8s, cells total 2
[09:02:03]   seed 2/15 [3,3,3,3,6]              19 fills, 6.6s, cells total 7
[09:02:07]   seed 3/15 [3,3,3,4,4]              2,812 fills, 4.5s, cells total 8
[09:02:08]   fills: 10,361/20,815 (seed 4/15 [3,3,4,3,4]), 345.3/s, ETA 30.3s, cells so far 8
[09:02:12]   seed 4/15 [3,3,4,3,4]              2,812 fills, 4.6s, cells total 9
[09:02:12]   seed 5/15 [3,3,4,12]               0 fills, 0.0s, cells total 9
[09:02:12]   seed 6/15 [3,3,6,6]                101 fills, 0.5s, cells total 9
[09:02:12]   seed 7/15 [3,4,3,12]               0 fills, 0.0s, cells total 9
[09:02:13]   seed 8/15 [3,4,4,6]                17 fills, 0.3s, cells total 9
[09:02:14]   seed 9/15 [3,4,6,4]                17 fills, 1.6s, cells total 11
[09:02:16]   seed 10/15 [3,6,3,6]                101 fills, 2.2s, cells total 13
[09:02:18]   seed 11/15 [3,12,12]                10 fills, 1.5s, cells total 15
[09:02:26]   seed 12/15 [4,4,4,4]                6,868 fills, 7.7s, cells total 16
[09:02:29]   seed 13/15 [4,6,12]                 10 fills, 3.3s, cells total 19
[09:02:29]   seed 14/15 [4,8,8]                  64 fills, 0.6s, cells total 20
[09:02:32]   seed 15/15 [6,6,6]                  1,271 fills, 2.5s, cells total 22
[09:02:32] FILL stage done in 53.8s: 20,815 fills (Σ over seeds), raw cells 22, gate-rejected 0
[09:02:32]   fill cost distribution (ms/fill): min 0, p50 0, p90 2, p99 19, max 1331, mean 2.58
[09:02:43] RESULT (EXAMPLE MODE — no certified claim): 11 distinct tilings from 22 raw cells; COMPOSITION digest=6f9ca9cf2d16c75f count=11 (certified k=1 reference: 6f9ca9cf2d16c75f/11)
[09:02:43]   certified 12:1|-1,0,-1,0,-1,0,-1,0;1|-1,0,-1,0,-1,… → ✓ matched
[09:02:43]   certified 12:1|-1,0,-1,0,1,0,1,0;1|-1,0,-1,0,1,0,2… → ✓ matched
[09:02:43]   certified 3:1|-1,0,-1,0,0,0,1,0;1|-1,0,0,0,0,0,0,0… → ✓ matched
[09:02:43]   certified 3:1|-1,0,-1,0,0,0,1,0;1|-1,0,0,0,0,0,0,0… → ✓ matched
[09:02:43]   certified 3:1|-1,0,0,0,-1,0,0,0;1|-1,0,0,0,-2,0,0,… → ✓ matched
[09:02:43]   certified 3:1|-1,0,0,0,0,0,0,0;1|-1,0,0,0,1,0,0,0;… → ✓ matched
[09:02:43]   certified 3:1|-1,0,0,0,1,0,0,0;1|0,0,0,0,0,0,0,0;1… → ✓ matched
[09:02:43]   certified 3:1|-1,0,0,0,1,0,0,0;1|0,0,0,0,0,0,0,0;1… → ✓ matched
[09:02:43]   certified 4:1|-1,0,0,0,0,0,0,0;1|-1,0,0,0,0,0,1,0;… → ✓ matched
[09:02:43]   certified 4:1|0,0,0,0,0,0,0,0;1|0,0,0,0,0,0,0,1;1|… → ✓ matched
[09:02:43]   certified 6:1|-1,0,0,0,1,0,0,0;1|-1,0,0,0,2,0,0,0;… → ✓ matched
[09:02:43] PER-TILING vs certified snapshot: 11/11 one-to-one — ★ BIJECTION PASSED (example mode)
[09:02:43]   galebach t1001: ✓ matched
[09:02:43]   galebach t1002: ⚑ reconstruction failed (degenerate basis (det 0)) — KNOWN upstream defect (TA 2026-07-03)
[09:02:43]   galebach t1003: ✓ matched
[09:02:43]   galebach t1004: ✓ matched
[09:02:43]   galebach t1005: ✓ matched
[09:02:43]   galebach t1006: ✓ matched
[09:02:43]   galebach t1007: ✓ matched
[09:02:43]   galebach t1008: ✓ matched
[09:02:43]   galebach t1009: ✓ matched
[09:02:43]   galebach t1010: ✓ matched
[09:02:43]   galebach t1011: ✓ matched
[09:02:43] PER-TILING vs Galebach: 10/10 matched (1 reconstruction failures)
[09:02:43] ██ TH-10 SCOUT phase=k1 finished in 107.9s — ALL numbers above are EXAMPLE MODE (unproven pool bound) ██
[09:02:43] 
▂▂▂▂▂▂▂▂ k=1 c=1.35 DONE — 11:02:43 ▂▂▂▂▂▂▂▂

▂▂▂▂▂▂▂▂ k=1  c=sqrt2  (PRUNE_EFF_C2=2) — 11:02:43 ▂▂▂▂▂▂▂▂
[09:02:44] ████████████████████████████████████████████████████████████████████████████████████████████████████
[09:02:44] ██ TH-10 SCOUT — EXAMPLE MODE ██ phase=k1 (k=1, s=5) — THE WEIGHT-5 POOL BOUND IS UNPROVEN; no count/completeness claim is made by anything below
[09:02:44] machine: darwin arm64, 10 cores, 24 GB RAM, node v24.14.1
[09:02:44] bounds: 24k·a_max = 268.71, pair-det cap = 25.00, ladder = exact tile-multiset sums (no tile-count cap at pair stage — see header)
[09:02:44]   W-BFS level 1: +24 distinct, |W(1)| = 25 (incl. 0), 0.0s
[09:02:44]   ✓ |W(1)| matches the TA exact table (25)
[09:02:44]   W-BFS level 2: +264 distinct, |W(2)| = 289 (incl. 0), 0.0s
[09:02:44]   ✓ |W(2)| matches the TA exact table (289)
[09:02:44]   W-BFS level 3: +1,800 distinct, |W(3)| = 2,089 (incl. 0), 0.0s
[09:02:44]   ✓ |W(3)| matches the TA exact table (2,089)
[09:02:44] ✓ det4 integer-quadruple sanity vs exact detSurd PASSED (strided sample)
[09:02:44]   W-BFS level 1: +24 distinct, |W(1)| = 25 (incl. 0), 0.0s
[09:02:44]   ✓ |W(1)| matches the TA exact table (25)
[09:02:44]   W-BFS level 2: +264 distinct, |W(2)| = 289 (incl. 0), 0.0s
[09:02:44]   ✓ |W(2)| matches the TA exact table (289)
[09:02:44]   W-BFS level 3: +1,800 distinct, |W(3)| = 2,089 (incl. 0), 0.0s
[09:02:44]   ✓ |W(3)| matches the TA exact table (2,089)
[09:02:44]   W-BFS level 4: +8,736 distinct, |W(4)| = 10,825 (incl. 0), 0.0s
[09:02:44]   ✓ |W(4)| matches the TA exact table (10,825)
[09:02:44]   W-BFS level 5: +32,952 distinct, |W(5)| = 43,777 (incl. 0), 0.0s
[09:02:44]   ✓ |W(5)| matches the TA exact table (43,777)
[09:02:44] W(5) enumerated: 43,776 nonzero values (43,777 incl. 0) in 0.0s
[09:02:44] ⚑⚑⚑⚑⚑⚑⚑⚑⚑⚑⚑⚑⚑⚑⚑⚑⚑⚑⚑⚑⚑⚑⚑⚑⚑⚑⚑⚑⚑⚑⚑⚑⚑⚑⚑⚑⚑⚑⚑⚑⚑⚑⚑⚑⚑⚑⚑⚑⚑⚑⚑⚑⚑⚑⚑⚑⚑⚑⚑⚑
[09:02:44] ⚑ EFFICIENCY PRUNE ACTIVE — PRUNE_EFF_C2 = c² = 2/1 (c ≈ 1.4142). Keep pool vector v iff wt(v)² ≤ c²·|v|² (EXACT ℚ(√2,√3) test). DATA-GATHERING: a dropped tiling is the measured breaking datum, NOT a bug to silence.
[09:02:44] ⚑ POOL PRUNED: 43,776 → 12,192 vectors (27.85% kept, 3.59× vector-reduction ⇒ ~12.89× pair-reduction)
[09:02:44] ⚑ per-weight-shell kept: wt1 24/24 (100%)  wt2 168/264 (64%)  wt3 768/1800 (43%)  wt4 2736/8736 (31%)  wt5 8496/32952 (26%)
[09:02:44] ⚑⚑⚑⚑⚑⚑⚑⚑⚑⚑⚑⚑⚑⚑⚑⚑⚑⚑⚑⚑⚑⚑⚑⚑⚑⚑⚑⚑⚑⚑⚑⚑⚑⚑⚑⚑⚑⚑⚑⚑⚑⚑⚑⚑⚑⚑⚑⚑⚑⚑⚑⚑⚑⚑⚑⚑⚑⚑⚑⚑
[09:02:44] area ladder (cap 25.00): 1,760 exact tile-sum values, min 0.4330; sharp (≤24 tiles) subset 1,744
[09:02:44] PAIR stage: 12,192 nonzero pool vectors → 7.43e+7 unordered pairs; det cap 25.00 (= min(s²=25, 24k·a_max=268.7)); ladder |exact| = 1,760
[09:02:49] PAIR stage done in 5.3s: examined 7.43e+7 pairs (1.41e+7/s) → det-in-range 7.28e+7 → bitmap 7.74e+5 → EXACT-admissible 7.74e+5 (sharp ≤24-tile: 7.74e+5) → DISTINCT lattices 155,837
[09:02:49] JOIN stage: closing 155,837 lattices under joins with 12,192 pool vectors (index bound per L: det/(√3/2))
[09:03:19]   join round 1: 103613/155837 lattices scanned, +17,236 new so far (prefilter 367,652, exact 367,652), elapsed 30.0s
[09:03:37]   join round 1: +21,252 new lattices (admissible 0), family 177,089, 47.5s
[09:03:41]   join round 2: +63 new lattices (admissible 0), family 177,152, 51.7s
[09:03:41]   join round 3: +0 new lattices (admissible 0), family 177,152, 51.7s
[09:03:41] JOIN stage done in 51.7s: 3 rounds, +21,315 joined lattices (0 admissible-det), family total 177,152
[09:03:41] family after joins: 177,152 distinct lattices — 155,837 admissible-det (fill candidates), 155,807 sharp (≤24-tile)
[09:03:42] FILL stage (k=1, EXAMPLE MODE): 15 seeds × per-seed slice of 155,837 admissible-det lattices; per-seed exact vcAreaSet + P0 filters (the live pipeline's sound filters); maxMs=0 (no cap); budget 10.0h
[09:03:42]   per-seed admissible-lattice counts: [7865, 19, 3340, 3340, 0, 119, 0, 17, 17, 119, 10, 9252, 10, 64, 1415] — Σ = 25,587 fills (area-filtered 2,258,033, P0-filtered 53,935 across seeds)
[PeriodSolver k=1] ⚑ EXAMPLE MODE (TH-10 scout): candidate-lattice stage REPLACED by an externally enumerated weight-s family — the substituted pool bound is UNPROVEN; results carry NO completeness or certification claim
[09:04:01]   seed 1/15 [3,3,3,3,3,3]            7,865 fills, 18.9s, cells total 2
[09:04:08]   seed 2/15 [3,3,3,3,6]              19 fills, 6.7s, cells total 7
[09:04:13]   fills: 11,183/25,587 (seed 3/15 [3,3,3,4,4]), 370.7/s, ETA 38.9s, cells so far 8
[09:04:13]   seed 3/15 [3,3,3,4,4]              3,340 fills, 4.9s, cells total 8
[09:04:18]   seed 4/15 [3,3,4,3,4]              3,340 fills, 5.0s, cells total 9
[09:04:18]   seed 5/15 [3,3,4,12]               0 fills, 0.0s, cells total 9
[09:04:19]   seed 6/15 [3,3,6,6]                119 fills, 0.6s, cells total 9
[09:04:19]   seed 7/15 [3,4,3,12]               0 fills, 0.0s, cells total 9
[09:04:19]   seed 8/15 [3,4,4,6]                17 fills, 0.3s, cells total 9
[09:04:20]   seed 9/15 [3,4,6,4]                17 fills, 1.6s, cells total 11
[09:04:23]   seed 10/15 [3,6,3,6]                119 fills, 2.2s, cells total 13
[09:04:24]   seed 11/15 [3,12,12]                10 fills, 1.5s, cells total 15
[09:04:34]   seed 12/15 [4,4,4,4]                9,252 fills, 10.0s, cells total 16
[09:04:37]   seed 13/15 [4,6,12]                 10 fills, 3.3s, cells total 19
[09:04:38]   seed 14/15 [4,8,8]                  64 fills, 0.6s, cells total 20
[09:04:41]   seed 15/15 [6,6,6]                  1,415 fills, 2.6s, cells total 22
[09:04:41] FILL stage done in 58.3s: 25,587 fills (Σ over seeds), raw cells 22, gate-rejected 0
[09:04:41]   fill cost distribution (ms/fill): min 0, p50 0, p90 2, p99 18, max 1377, mean 2.27
[09:04:52] RESULT (EXAMPLE MODE — no certified claim): 11 distinct tilings from 22 raw cells; COMPOSITION digest=6f9ca9cf2d16c75f count=11 (certified k=1 reference: 6f9ca9cf2d16c75f/11)
[09:04:52]   certified 12:1|-1,0,-1,0,-1,0,-1,0;1|-1,0,-1,0,-1,… → ✓ matched
[09:04:52]   certified 12:1|-1,0,-1,0,1,0,1,0;1|-1,0,-1,0,1,0,2… → ✓ matched
[09:04:52]   certified 3:1|-1,0,-1,0,0,0,1,0;1|-1,0,0,0,0,0,0,0… → ✓ matched
[09:04:52]   certified 3:1|-1,0,-1,0,0,0,1,0;1|-1,0,0,0,0,0,0,0… → ✓ matched
[09:04:52]   certified 3:1|-1,0,0,0,-1,0,0,0;1|-1,0,0,0,-2,0,0,… → ✓ matched
[09:04:52]   certified 3:1|-1,0,0,0,0,0,0,0;1|-1,0,0,0,1,0,0,0;… → ✓ matched
[09:04:52]   certified 3:1|-1,0,0,0,1,0,0,0;1|0,0,0,0,0,0,0,0;1… → ✓ matched
[09:04:52]   certified 3:1|-1,0,0,0,1,0,0,0;1|0,0,0,0,0,0,0,0;1… → ✓ matched
[09:04:52]   certified 4:1|-1,0,0,0,0,0,0,0;1|-1,0,0,0,0,0,1,0;… → ✓ matched
[09:04:52]   certified 4:1|0,0,0,0,0,0,0,0;1|0,0,0,0,0,0,0,1;1|… → ✓ matched
[09:04:52]   certified 6:1|-1,0,0,0,1,0,0,0;1|-1,0,0,0,2,0,0,0;… → ✓ matched
[09:04:52] PER-TILING vs certified snapshot: 11/11 one-to-one — ★ BIJECTION PASSED (example mode)
[09:04:52]   galebach t1001: ✓ matched
[09:04:52]   galebach t1002: ⚑ reconstruction failed (degenerate basis (det 0)) — KNOWN upstream defect (TA 2026-07-03)
[09:04:52]   galebach t1003: ✓ matched
[09:04:52]   galebach t1004: ✓ matched
[09:04:52]   galebach t1005: ✓ matched
[09:04:52]   galebach t1006: ✓ matched
[09:04:52]   galebach t1007: ✓ matched
[09:04:52]   galebach t1008: ✓ matched
[09:04:52]   galebach t1009: ✓ matched
[09:04:52]   galebach t1010: ✓ matched
[09:04:52]   galebach t1011: ✓ matched
[09:04:52] PER-TILING vs Galebach: 10/10 matched (1 reconstruction failures)
[09:04:52] ██ TH-10 SCOUT phase=k1 finished in 2.1min — ALL numbers above are EXAMPLE MODE (unproven pool bound) ██
[09:04:52] 
▂▂▂▂▂▂▂▂ k=1 c=sqrt2 DONE — 11:04:52 ▂▂▂▂▂▂▂▂

▂▂▂▂▂▂▂▂ k=1  c=1.50  (PRUNE_EFF_C2=9/4) — 11:04:52 ▂▂▂▂▂▂▂▂
[09:04:52] ████████████████████████████████████████████████████████████████████████████████████████████████████
[09:04:52] ██ TH-10 SCOUT — EXAMPLE MODE ██ phase=k1 (k=1, s=5) — THE WEIGHT-5 POOL BOUND IS UNPROVEN; no count/completeness claim is made by anything below
[09:04:52] machine: darwin arm64, 10 cores, 24 GB RAM, node v24.14.1
[09:04:52] bounds: 24k·a_max = 268.71, pair-det cap = 25.00, ladder = exact tile-multiset sums (no tile-count cap at pair stage — see header)
[09:04:52]   W-BFS level 1: +24 distinct, |W(1)| = 25 (incl. 0), 0.0s
[09:04:52]   ✓ |W(1)| matches the TA exact table (25)
[09:04:52]   W-BFS level 2: +264 distinct, |W(2)| = 289 (incl. 0), 0.0s
[09:04:52]   ✓ |W(2)| matches the TA exact table (289)
[09:04:52]   W-BFS level 3: +1,800 distinct, |W(3)| = 2,089 (incl. 0), 0.0s
[09:04:52]   ✓ |W(3)| matches the TA exact table (2,089)
[09:04:52] ✓ det4 integer-quadruple sanity vs exact detSurd PASSED (strided sample)
[09:04:52]   W-BFS level 1: +24 distinct, |W(1)| = 25 (incl. 0), 0.0s
[09:04:52]   ✓ |W(1)| matches the TA exact table (25)
[09:04:52]   W-BFS level 2: +264 distinct, |W(2)| = 289 (incl. 0), 0.0s
[09:04:52]   ✓ |W(2)| matches the TA exact table (289)
[09:04:52]   W-BFS level 3: +1,800 distinct, |W(3)| = 2,089 (incl. 0), 0.0s
[09:04:52]   ✓ |W(3)| matches the TA exact table (2,089)
[09:04:52]   W-BFS level 4: +8,736 distinct, |W(4)| = 10,825 (incl. 0), 0.0s
[09:04:52]   ✓ |W(4)| matches the TA exact table (10,825)
[09:04:52]   W-BFS level 5: +32,952 distinct, |W(5)| = 43,777 (incl. 0), 0.0s
[09:04:52]   ✓ |W(5)| matches the TA exact table (43,777)
[09:04:52] W(5) enumerated: 43,776 nonzero values (43,777 incl. 0) in 0.0s
[09:04:52] ⚑⚑⚑⚑⚑⚑⚑⚑⚑⚑⚑⚑⚑⚑⚑⚑⚑⚑⚑⚑⚑⚑⚑⚑⚑⚑⚑⚑⚑⚑⚑⚑⚑⚑⚑⚑⚑⚑⚑⚑⚑⚑⚑⚑⚑⚑⚑⚑⚑⚑⚑⚑⚑⚑⚑⚑⚑⚑⚑⚑
[09:04:52] ⚑ EFFICIENCY PRUNE ACTIVE — PRUNE_EFF_C2 = c² = 9/4 (c ≈ 1.5000). Keep pool vector v iff wt(v)² ≤ c²·|v|² (EXACT ℚ(√2,√3) test). DATA-GATHERING: a dropped tiling is the measured breaking datum, NOT a bug to silence.
[09:04:53] ⚑ POOL PRUNED: 43,776 → 14,160 vectors (32.35% kept, 3.09× vector-reduction ⇒ ~9.56× pair-reduction)
[09:04:53] ⚑ per-weight-shell kept: wt1 24/24 (100%)  wt2 168/264 (64%)  wt3 816/1800 (45%)  wt4 3072/8736 (35%)  wt5 10080/32952 (31%)
[09:04:53] ⚑⚑⚑⚑⚑⚑⚑⚑⚑⚑⚑⚑⚑⚑⚑⚑⚑⚑⚑⚑⚑⚑⚑⚑⚑⚑⚑⚑⚑⚑⚑⚑⚑⚑⚑⚑⚑⚑⚑⚑⚑⚑⚑⚑⚑⚑⚑⚑⚑⚑⚑⚑⚑⚑⚑⚑⚑⚑⚑⚑
[09:04:53] area ladder (cap 25.00): 1,760 exact tile-sum values, min 0.4330; sharp (≤24 tiles) subset 1,744
[09:04:53] PAIR stage: 14,160 nonzero pool vectors → 1.00e+8 unordered pairs; det cap 25.00 (= min(s²=25, 24k·a_max=268.7)); ladder |exact| = 1,760
[09:04:59] PAIR stage done in 6.5s: examined 1.00e+8 pairs (1.54e+7/s) → det-in-range 9.82e+7 → bitmap 9.56e+5 → EXACT-admissible 9.56e+5 (sharp ≤24-tile: 9.56e+5) → DISTINCT lattices 194,056
[09:04:59] JOIN stage: closing 194,056 lattices under joins with 14,160 pool vectors (index bound per L: det/(√3/2))
[09:05:29]   join round 1: 94127/194056 lattices scanned, +13,288 new so far (prefilter 311,804, exact 311,804), elapsed 30.0s
[09:05:59]   join round 1: 175323/194056 lattices scanned, +22,788 new so far (prefilter 480,672, exact 480,672), elapsed 60.0s
[09:06:06]   join round 1: +23,497 new lattices (admissible 0), family 217,553, 67.2s
[09:06:12]   join round 2: +63 new lattices (admissible 0), family 217,616, 72.5s
[09:06:12]   join round 3: +0 new lattices (admissible 0), family 217,616, 72.5s
[09:06:12] JOIN stage done in 72.5s: 3 rounds, +23,560 joined lattices (0 admissible-det), family total 217,616
[09:06:12] family after joins: 217,616 distinct lattices — 194,056 admissible-det (fill candidates), 194,026 sharp (≤24-tile)
[09:06:14] FILL stage (k=1, EXAMPLE MODE): 15 seeds × per-seed slice of 194,056 admissible-det lattices; per-seed exact vcAreaSet + P0 filters (the live pipeline's sound filters); maxMs=0 (no cap); budget 10.0h
[09:06:14]   per-seed admissible-lattice counts: [9728, 19, 4146, 4146, 0, 131, 0, 17, 17, 131, 10, 11288, 10, 64, 1775] — Σ = 31,482 fills (area-filtered 2,814,199, P0-filtered 65,159 across seeds)
[PeriodSolver k=1] ⚑ EXAMPLE MODE (TH-10 scout): candidate-lattice stage REPLACED by an externally enumerated weight-s family — the substituted pool bound is UNPROVEN; results carry NO completeness or certification claim
[09:06:34]   seed 1/15 [3,3,3,3,3,3]            9,728 fills, 20.3s, cells total 2
[09:06:41]   seed 2/15 [3,3,3,3,6]              19 fills, 6.8s, cells total 7
[09:06:44]   fills: 11,860/31,482 (seed 3/15 [3,3,3,4,4]), 395.3/s, ETA 49.6s, cells so far 8
[09:06:47]   seed 3/15 [3,3,3,4,4]              4,146 fills, 5.8s, cells total 8
[09:06:52]   seed 4/15 [3,3,4,3,4]              4,146 fills, 5.8s, cells total 9
[09:06:52]   seed 5/15 [3,3,4,12]               0 fills, 0.0s, cells total 9
[09:06:53]   seed 6/15 [3,3,6,6]                131 fills, 0.6s, cells total 9
[09:06:53]   seed 7/15 [3,4,3,12]               0 fills, 0.0s, cells total 9
[09:06:53]   seed 8/15 [3,4,4,6]                17 fills, 0.3s, cells total 9
[09:06:55]   seed 9/15 [3,4,6,4]                17 fills, 1.6s, cells total 11
[09:06:57]   seed 10/15 [3,6,3,6]                131 fills, 2.3s, cells total 13
[09:06:59]   seed 11/15 [3,12,12]                10 fills, 1.5s, cells total 15
[09:07:10]   seed 12/15 [4,4,4,4]                11,288 fills, 11.5s, cells total 16
[09:07:13]   seed 13/15 [4,6,12]                 10 fills, 3.3s, cells total 19
[09:07:14]   fills: 29,662/31,482 (seed 14/15 [4,8,8]), 492.0/s, ETA 3.7s, cells so far 20
[09:07:14]   seed 14/15 [4,8,8]                  64 fills, 0.6s, cells total 20
[09:07:17]   seed 15/15 [6,6,6]                  1,775 fills, 3.1s, cells total 22
[09:07:17] FILL stage done in 63.6s: 31,482 fills (Σ over seeds), raw cells 22, gate-rejected 0
[09:07:17]   fill cost distribution (ms/fill): min 0, p50 0, p90 2, p99 16, max 1347, mean 2.02
[09:07:29] RESULT (EXAMPLE MODE — no certified claim): 11 distinct tilings from 22 raw cells; COMPOSITION digest=6f9ca9cf2d16c75f count=11 (certified k=1 reference: 6f9ca9cf2d16c75f/11)
[09:07:29]   certified 12:1|-1,0,-1,0,-1,0,-1,0;1|-1,0,-1,0,-1,… → ✓ matched
[09:07:29]   certified 12:1|-1,0,-1,0,1,0,1,0;1|-1,0,-1,0,1,0,2… → ✓ matched
[09:07:29]   certified 3:1|-1,0,-1,0,0,0,1,0;1|-1,0,0,0,0,0,0,0… → ✓ matched
[09:07:29]   certified 3:1|-1,0,-1,0,0,0,1,0;1|-1,0,0,0,0,0,0,0… → ✓ matched
[09:07:29]   certified 3:1|-1,0,0,0,-1,0,0,0;1|-1,0,0,0,-2,0,0,… → ✓ matched
[09:07:29]   certified 3:1|-1,0,0,0,0,0,0,0;1|-1,0,0,0,1,0,0,0;… → ✓ matched
[09:07:29]   certified 3:1|-1,0,0,0,1,0,0,0;1|0,0,0,0,0,0,0,0;1… → ✓ matched
[09:07:29]   certified 3:1|-1,0,0,0,1,0,0,0;1|0,0,0,0,0,0,0,0;1… → ✓ matched
[09:07:29]   certified 4:1|-1,0,0,0,0,0,0,0;1|-1,0,0,0,0,0,1,0;… → ✓ matched
[09:07:29]   certified 4:1|0,0,0,0,0,0,0,0;1|0,0,0,0,0,0,0,1;1|… → ✓ matched
[09:07:29]   certified 6:1|-1,0,0,0,1,0,0,0;1|-1,0,0,0,2,0,0,0;… → ✓ matched
[09:07:29] PER-TILING vs certified snapshot: 11/11 one-to-one — ★ BIJECTION PASSED (example mode)
[09:07:29]   galebach t1001: ✓ matched
[09:07:29]   galebach t1002: ⚑ reconstruction failed (degenerate basis (det 0)) — KNOWN upstream defect (TA 2026-07-03)
[09:07:29]   galebach t1003: ✓ matched
[09:07:29]   galebach t1004: ✓ matched
[09:07:29]   galebach t1005: ✓ matched
[09:07:29]   galebach t1006: ✓ matched
[09:07:29]   galebach t1007: ✓ matched
[09:07:29]   galebach t1008: ✓ matched
[09:07:29]   galebach t1009: ✓ matched
[09:07:29]   galebach t1010: ✓ matched
[09:07:29]   galebach t1011: ✓ matched
[09:07:29] PER-TILING vs Galebach: 10/10 matched (1 reconstruction failures)
[09:07:29] ██ TH-10 SCOUT phase=k1 finished in 2.6min — ALL numbers above are EXAMPLE MODE (unproven pool bound) ██
[09:07:29] 
▂▂▂▂▂▂▂▂ k=1 c=1.50 DONE — 11:07:29 ▂▂▂▂▂▂▂▂

████ k=1 SWEEP COMPLETE 2026-07-05 11:07:29 ████
