F3b cap-discharge  label=stock  BENCH (pre-OP-3 @ fa25672)  k=3  maxMs=0 (unlimited)
Affected seeds (5): 52,53,58,59,60
Started: 2026-06-11T07:48:58.793Z
BLOCK_INDEX_CAP NOTE: the raised run requires the bench's lib const edited 60 -> 128 (no env knob:
  completeness-knob doctrine). Restore via git checkout -- lib/ afterwards.

  [1/5] seed 52 "[3,3,3,3,3,3;3,3,3,4,4;3,3,3,4,4]"  elapsed=0.0s  eta~? ...
[PeriodSolver k=3] ⚑ INCOMPLETE-REGION (tuned pool regime): poolSteps=8 (proven 71), poolLmax=8.12 (proven 83.14), compactOffMax2=66.00, gridShortMax2=66.00 (proven 83.14), areaBound=72.00 (proven 72.00) below proven box — run is oracle-anchored, not proof-anchored
[PeriodSolver k=3] ⚑ INCOMPLETE-REGION (grid long-side reach): 17388 solved cmm/rect long axes exceed poolLmax=8.12 and are not enumerated
[PeriodSolver k=3] ⚑ INCOMPLETE-REGION (oblique candidate stage): {"cause":"join-waived","rejects":107481322,"denMax":60}
[PeriodSolver k=3] ⚑ INCOMPLETE-REGION (block index cap): lattice 1|-3,0,0,0,2,0,-3,0#1|-7,0,4,0,8,0,-10,0 needs index range 63 > 60 — blocks under-built; this candidate's results are NOT completeness-grade
[PeriodSolver k=3] ⚑ INCOMPLETE-REGION (block index cap): lattice 1|-1,0,-4,0,8,0,-6,0#1|-1,0,0,0,-2,0,3,0 needs index range 63 > 60 — blocks under-built; this candidate's results are NOT completeness-grade
[PeriodSolver k=3] ⚑ INCOMPLETE-REGION (block index cap): lattice 1|-3,0,-1,0,3,0,-2,0#1|-6,0,1,0,10,0,-8,0 needs index range 63 > 60 — blocks under-built; this candidate's results are NOT completeness-grade
[PeriodSolver k=3] ⚑ INCOMPLETE-REGION (block index cap): lattice 1|-4,0,-1,0,10,0,-7,0#1|0,0,-1,0,-3,0,3,0 needs index range 63 > 60 — blocks under-built; this candidate's results are NOT completeness-grade
      -> 4 cells  raw=43  emitted=4  blockCapTrunc=4  timedOut=false  356374ms
  [2/5] seed 53 "[3,3,3,3,3,3;3,3,3,4,4;3,3,3,4,4]"  elapsed=356.4s  eta~1426s ...
[PeriodSolver k=3] ⚑ INCOMPLETE-REGION (block index cap): lattice 1|-3,0,0,0,2,0,-3,0#1|-7,0,4,0,8,0,-10,0 needs index range 63 > 60 — blocks under-built; this candidate's results are NOT completeness-grade
[PeriodSolver k=3] ⚑ INCOMPLETE-REGION (block index cap): lattice 1|-1,0,-4,0,8,0,-6,0#1|-1,0,0,0,-2,0,3,0 needs index range 63 > 60 — blocks under-built; this candidate's results are NOT completeness-grade
[PeriodSolver k=3] ⚑ INCOMPLETE-REGION (block index cap): lattice 1|-3,0,-1,0,3,0,-2,0#1|-6,0,1,0,10,0,-8,0 needs index range 63 > 60 — blocks under-built; this candidate's results are NOT completeness-grade
[PeriodSolver k=3] ⚑ INCOMPLETE-REGION (block index cap): lattice 1|-4,0,-1,0,10,0,-7,0#1|0,0,-1,0,-3,0,3,0 needs index range 63 > 60 — blocks under-built; this candidate's results are NOT completeness-grade
      -> 4 cells  raw=38  emitted=4  blockCapTrunc=4  timedOut=false  346453ms
  [3/5] seed 58 "[3,3,3,3,3,3;3,3,3,4,4;3,3,4,3,4]"  elapsed=702.8s  eta~1054s ...
[PeriodSolver k=3] ⚑ INCOMPLETE-REGION (block index cap): lattice 1|-3,0,0,0,2,0,-3,0#1|-7,0,4,0,8,0,-10,0 needs index range 63 > 60 — blocks under-built; this candidate's results are NOT completeness-grade
[PeriodSolver k=3] ⚑ INCOMPLETE-REGION (block index cap): lattice 1|-1,0,-4,0,8,0,-6,0#1|-1,0,0,0,-2,0,3,0 needs index range 63 > 60 — blocks under-built; this candidate's results are NOT completeness-grade
[PeriodSolver k=3] ⚑ INCOMPLETE-REGION (block index cap): lattice 1|-3,0,-1,0,3,0,-2,0#1|-6,0,1,0,10,0,-8,0 needs index range 63 > 60 — blocks under-built; this candidate's results are NOT completeness-grade
[PeriodSolver k=3] ⚑ INCOMPLETE-REGION (block index cap): lattice 1|-4,0,-1,0,10,0,-7,0#1|0,0,-1,0,-3,0,3,0 needs index range 63 > 60 — blocks under-built; this candidate's results are NOT completeness-grade
      -> 0 cells  raw=14  emitted=0  blockCapTrunc=4  timedOut=false  578728ms
  [4/5] seed 59 "[3,3,3,3,3,3;3,3,3,4,4;3,3,4,3,4]"  elapsed=1281.6s  eta~854s ...
[PeriodSolver k=3] ⚑ INCOMPLETE-REGION (block index cap): lattice 1|-3,0,0,0,2,0,-3,0#1|-7,0,4,0,8,0,-10,0 needs index range 63 > 60 — blocks under-built; this candidate's results are NOT completeness-grade
[PeriodSolver k=3] ⚑ INCOMPLETE-REGION (block index cap): lattice 1|-1,0,-4,0,8,0,-6,0#1|-1,0,0,0,-2,0,3,0 needs index range 63 > 60 — blocks under-built; this candidate's results are NOT completeness-grade
[PeriodSolver k=3] ⚑ INCOMPLETE-REGION (block index cap): lattice 1|-3,0,-1,0,3,0,-2,0#1|-6,0,1,0,10,0,-8,0 needs index range 63 > 60 — blocks under-built; this candidate's results are NOT completeness-grade
[PeriodSolver k=3] ⚑ INCOMPLETE-REGION (block index cap): lattice 1|-4,0,-1,0,10,0,-7,0#1|0,0,-1,0,-3,0,3,0 needs index range 63 > 60 — blocks under-built; this candidate's results are NOT completeness-grade
