F3b cap-discharge  label=stock  BENCH (pre-OP-3 @ fa25672)  k=3  maxMs=0 (unlimited)
Affected seeds (4): 77,78,79,80
Started: 2026-06-11T07:48:59.503Z
BLOCK_INDEX_CAP NOTE: the raised run requires the bench's lib const edited 60 -> 128 (no env knob:
  completeness-knob doctrine). Restore via git checkout -- lib/ afterwards.

  [1/4] seed 77 "[3,3,3,3,3,3;3,3,4,3,4;3,3,4,3,4]"  elapsed=0.0s  eta~? ...
[PeriodSolver k=3] ⚑ INCOMPLETE-REGION (tuned pool regime): poolSteps=8 (proven 71), poolLmax=8.12 (proven 83.14), compactOffMax2=66.00, gridShortMax2=66.00 (proven 83.14), areaBound=72.00 (proven 72.00) below proven box — run is oracle-anchored, not proof-anchored
[PeriodSolver k=3] ⚑ INCOMPLETE-REGION (grid long-side reach): 17388 solved cmm/rect long axes exceed poolLmax=8.12 and are not enumerated
[PeriodSolver k=3] ⚑ INCOMPLETE-REGION (oblique candidate stage): {"cause":"join-waived","rejects":107481322,"denMax":60}
[PeriodSolver k=3] ⚑ INCOMPLETE-REGION (block index cap): lattice 1|-3,0,0,0,2,0,-3,0#1|-7,0,4,0,8,0,-10,0 needs index range 63 > 60 — blocks under-built; this candidate's results are NOT completeness-grade
[PeriodSolver k=3] ⚑ INCOMPLETE-REGION (block index cap): lattice 1|-1,0,-4,0,8,0,-6,0#1|-1,0,0,0,-2,0,3,0 needs index range 63 > 60 — blocks under-built; this candidate's results are NOT completeness-grade
[PeriodSolver k=3] ⚑ INCOMPLETE-REGION (block index cap): lattice 1|-3,0,-1,0,3,0,-2,0#1|-6,0,1,0,10,0,-8,0 needs index range 63 > 60 — blocks under-built; this candidate's results are NOT completeness-grade
[PeriodSolver k=3] ⚑ INCOMPLETE-REGION (block index cap): lattice 1|-4,0,-1,0,10,0,-7,0#1|0,0,-1,0,-3,0,3,0 needs index range 63 > 60 — blocks under-built; this candidate's results are NOT completeness-grade
      -> 1 cells  raw=6  emitted=1  blockCapTrunc=4  timedOut=false  301961ms
  [2/4] seed 78 "[3,3,3,3,3,3;3,3,4,3,4;3,3,4,3,4]"  elapsed=302.0s  eta~906s ...
[PeriodSolver k=3] ⚑ INCOMPLETE-REGION (block index cap): lattice 1|-3,0,0,0,2,0,-3,0#1|-7,0,4,0,8,0,-10,0 needs index range 63 > 60 — blocks under-built; this candidate's results are NOT completeness-grade
[PeriodSolver k=3] ⚑ INCOMPLETE-REGION (block index cap): lattice 1|-1,0,-4,0,8,0,-6,0#1|-1,0,0,0,-2,0,3,0 needs index range 63 > 60 — blocks under-built; this candidate's results are NOT completeness-grade
[PeriodSolver k=3] ⚑ INCOMPLETE-REGION (block index cap): lattice 1|-3,0,-1,0,3,0,-2,0#1|-6,0,1,0,10,0,-8,0 needs index range 63 > 60 — blocks under-built; this candidate's results are NOT completeness-grade
[PeriodSolver k=3] ⚑ INCOMPLETE-REGION (block index cap): lattice 1|-4,0,-1,0,10,0,-7,0#1|0,0,-1,0,-3,0,3,0 needs index range 63 > 60 — blocks under-built; this candidate's results are NOT completeness-grade
      -> 1 cells  raw=6  emitted=1  blockCapTrunc=4  timedOut=false  305169ms
  [3/4] seed 79 "[3,3,3,3,3,3;3,3,4,3,4;3,3,4,3,4]"  elapsed=607.1s  eta~607s ...
[PeriodSolver k=3] ⚑ INCOMPLETE-REGION (block index cap): lattice 1|-3,0,0,0,2,0,-3,0#1|-7,0,4,0,8,0,-10,0 needs index range 63 > 60 — blocks under-built; this candidate's results are NOT completeness-grade
[PeriodSolver k=3] ⚑ INCOMPLETE-REGION (block index cap): lattice 1|-1,0,-4,0,8,0,-6,0#1|-1,0,0,0,-2,0,3,0 needs index range 63 > 60 — blocks under-built; this candidate's results are NOT completeness-grade
[PeriodSolver k=3] ⚑ INCOMPLETE-REGION (block index cap): lattice 1|-3,0,-1,0,3,0,-2,0#1|-6,0,1,0,10,0,-8,0 needs index range 63 > 60 — blocks under-built; this candidate's results are NOT completeness-grade
[PeriodSolver k=3] ⚑ INCOMPLETE-REGION (block index cap): lattice 1|-4,0,-1,0,10,0,-7,0#1|0,0,-1,0,-3,0,3,0 needs index range 63 > 60 — blocks under-built; this candidate's results are NOT completeness-grade
      -> 1 cells  raw=5  emitted=1  blockCapTrunc=4  timedOut=false  325338ms
  [4/4] seed 80 "[3,3,3,3,3,3;3,3,4,3,4;3,3,4,3,4]"  elapsed=932.5s  eta~311s ...
[PeriodSolver k=3] ⚑ INCOMPLETE-REGION (block index cap): lattice 1|-3,0,0,0,2,0,-3,0#1|-7,0,4,0,8,0,-10,0 needs index range 63 > 60 — blocks under-built; this candidate's results are NOT completeness-grade
[PeriodSolver k=3] ⚑ INCOMPLETE-REGION (block index cap): lattice 1|-1,0,-4,0,8,0,-6,0#1|-1,0,0,0,-2,0,3,0 needs index range 63 > 60 — blocks under-built; this candidate's results are NOT completeness-grade
[PeriodSolver k=3] ⚑ INCOMPLETE-REGION (block index cap): lattice 1|-3,0,-1,0,3,0,-2,0#1|-6,0,1,0,10,0,-8,0 needs index range 63 > 60 — blocks under-built; this candidate's results are NOT completeness-grade
[PeriodSolver k=3] ⚑ INCOMPLETE-REGION (block index cap): lattice 1|-4,0,-1,0,10,0,-7,0#1|0,0,-1,0,-3,0,3,0 needs index range 63 > 60 — blocks under-built; this candidate's results are NOT completeness-grade
      -> 0 cells  raw=3  emitted=0  blockCapTrunc=4  timedOut=false  402139ms

Done in 1334.6s  →  /tmp/f3b-stock-4.json
Finished: 2026-06-11T08:11:14.131Z
