F3b affected-seed census (BENCH pre-OP-3 @ fa25672)  k=3  BLOCK_INDEX_CAP=60
candidateLattices shape: OLD ([Cyclotomic, Cyclotomic][]) — full list incl. skew-basis orbit members
Seeds: 449 (multi-VC filter applied)
Ring: N=24
Started: 2026-06-11T04:40:28.602Z


=== AFFECTED SEEDS (pre-OP-3 full lattice list) ===

Seed 47 "[3,3,3,3,3,3;3,3,3,4,4;3,3,3,4,4]":
  lattice: 1|-3,0,0,0,2,0,-3,0#1|-7,0,4,0,8,0,-10,0
    rangeNeeded=63  cellDiam=7.0177  cellArea=2.7321
  lattice: 1|-1,0,-4,0,8,0,-6,0#1|-1,0,0,0,-2,0,3,0
    rangeNeeded=63  cellDiam=7.0177  cellArea=2.7321
  lattice: 1|-3,0,-1,0,3,0,-2,0#1|-6,0,1,0,10,0,-8,0
    rangeNeeded=63  cellDiam=7.0177  cellArea=2.7321
  lattice: 1|-4,0,-1,0,10,0,-7,0#1|0,0,-1,0,-3,0,3,0
    rangeNeeded=63  cellDiam=7.0177  cellArea=2.7321
Seed 48 "[3,3,3,3,3,3;3,3,3,4,4;3,3,3,4,4]":
  lattice: 1|-3,0,0,0,2,0,-3,0#1|-7,0,4,0,8,0,-10,0
    rangeNeeded=63  cellDiam=7.0177  cellArea=2.7321
  lattice: 1|-1,0,-4,0,8,0,-6,0#1|-1,0,0,0,-2,0,3,0
    rangeNeeded=63  cellDiam=7.0177  cellArea=2.7321
  lattice: 1|-3,0,-1,0,3,0,-2,0#1|-6,0,1,0,10,0,-8,0
    rangeNeeded=63  cellDiam=7.0177  cellArea=2.7321
  lattice: 1|-4,0,-1,0,10,0,-7,0#1|0,0,-1,0,-3,0,3,0
    rangeNeeded=63  cellDiam=7.0177  cellArea=2.7321
Seed 49 "[3,3,3,3,3,3;3,3,3,4,4;3,3,3,4,4]":
  lattice: 1|-3,0,0,0,2,0,-3,0#1|-7,0,4,0,8,0,-10,0
    rangeNeeded=63  cellDiam=7.0177  cellArea=2.7321
  lattice: 1|-1,0,-4,0,8,0,-6,0#1|-1,0,0,0,-2,0,3,0
    rangeNeeded=63  cellDiam=7.0177  cellArea=2.7321
  lattice: 1|-3,0,-1,0,3,0,-2,0#1|-6,0,1,0,10,0,-8,0
    rangeNeeded=63  cellDiam=7.0177  cellArea=2.7321
  lattice: 1|-4,0,-1,0,10,0,-7,0#1|0,0,-1,0,-3,0,3,0
    rangeNeeded=63  cellDiam=7.0177  cellArea=2.7321
Seed 50 "[3,3,3,3,3,3;3,3,3,4,4;3,3,3,4,4]":
  lattice: 1|-3,0,0,0,2,0,-3,0#1|-7,0,4,0,8,0,-10,0
    rangeNeeded=63  cellDiam=7.0177  cellArea=2.7321
  lattice: 1|-1,0,-4,0,8,0,-6,0#1|-1,0,0,0,-2,0,3,0
    rangeNeeded=63  cellDiam=7.0177  cellArea=2.7321
  lattice: 1|-3,0,-1,0,3,0,-2,0#1|-6,0,1,0,10,0,-8,0
    rangeNeeded=63  cellDiam=7.0177  cellArea=2.7321
  lattice: 1|-4,0,-1,0,10,0,-7,0#1|0,0,-1,0,-3,0,3,0
    rangeNeeded=63  cellDiam=7.0177  cellArea=2.7321
Seed 51 "[3,3,3,3,3,3;3,3,3,4,4;3,3,3,4,4]":
  lattice: 1|-3,0,0,0,2,0,-3,0#1|-7,0,4,0,8,0,-10,0
    rangeNeeded=63  cellDiam=7.0177  cellArea=2.7321
  lattice: 1|-1,0,-4,0,8,0,-6,0#1|-1,0,0,0,-2,0,3,0
    rangeNeeded=63  cellDiam=7.0177  cellArea=2.7321
  lattice: 1|-3,0,-1,0,3,0,-2,0#1|-6,0,1,0,10,0,-8,0
    rangeNeeded=63  cellDiam=7.0177  cellArea=2.7321
  lattice: 1|-4,0,-1,0,10,0,-7,0#1|0,0,-1,0,-3,0,3,0
    rangeNeeded=63  cellDiam=7.0177  cellArea=2.7321
Seed 52 "[3,3,3,3,3,3;3,3,3,4,4;3,3,3,4,4]":
  lattice: 1|-3,0,0,0,2,0,-3,0#1|-7,0,4,0,8,0,-10,0
    rangeNeeded=63  cellDiam=7.0177  cellArea=2.7321
  lattice: 1|-1,0,-4,0,8,0,-6,0#1|-1,0,0,0,-2,0,3,0
    rangeNeeded=63  cellDiam=7.0177  cellArea=2.7321
  lattice: 1|-3,0,-1,0,3,0,-2,0#1|-6,0,1,0,10,0,-8,0
    rangeNeeded=63  cellDiam=7.0177  cellArea=2.7321
  lattice: 1|-4,0,-1,0,10,0,-7,0#1|0,0,-1,0,-3,0,3,0
    rangeNeeded=63  cellDiam=7.0177  cellArea=2.7321
Seed 53 "[3,3,3,3,3,3;3,3,3,4,4;3,3,3,4,4]":
  lattice: 1|-3,0,0,0,2,0,-3,0#1|-7,0,4,0,8,0,-10,0
    rangeNeeded=63  cellDiam=7.0177  cellArea=2.7321
  lattice: 1|-1,0,-4,0,8,0,-6,0#1|-1,0,0,0,-2,0,3,0
    rangeNeeded=63  cellDiam=7.0177  cellArea=2.7321
  lattice: 1|-3,0,-1,0,3,0,-2,0#1|-6,0,1,0,10,0,-8,0
    rangeNeeded=63  cellDiam=7.0177  cellArea=2.7321
  lattice: 1|-4,0,-1,0,10,0,-7,0#1|0,0,-1,0,-3,0,3,0
    rangeNeeded=63  cellDiam=7.0177  cellArea=2.7321
Seed 58 "[3,3,3,3,3,3;3,3,3,4,4;3,3,4,3,4]":
  lattice: 1|-3,0,0,0,2,0,-3,0#1|-7,0,4,0,8,0,-10,0
    rangeNeeded=63  cellDiam=7.0177  cellArea=2.7321
  lattice: 1|-1,0,-4,0,8,0,-6,0#1|-1,0,0,0,-2,0,3,0
    rangeNeeded=63  cellDiam=7.0177  cellArea=2.7321
  lattice: 1|-3,0,-1,0,3,0,-2,0#1|-6,0,1,0,10,0,-8,0
    rangeNeeded=63  cellDiam=7.0177  cellArea=2.7321
  lattice: 1|-4,0,-1,0,10,0,-7,0#1|0,0,-1,0,-3,0,3,0
    rangeNeeded=63  cellDiam=7.0177  cellArea=2.7321
Seed 59 "[3,3,3,3,3,3;3,3,3,4,4;3,3,4,3,4]":
  lattice: 1|-3,0,0,0,2,0,-3,0#1|-7,0,4,0,8,0,-10,0
    rangeNeeded=63  cellDiam=7.0177  cellArea=2.7321
  lattice: 1|-1,0,-4,0,8,0,-6,0#1|-1,0,0,0,-2,0,3,0
    rangeNeeded=63  cellDiam=7.0177  cellArea=2.7321
  lattice: 1|-3,0,-1,0,3,0,-2,0#1|-6,0,1,0,10,0,-8,0
    rangeNeeded=63  cellDiam=7.0177  cellArea=2.7321
  lattice: 1|-4,0,-1,0,10,0,-7,0#1|0,0,-1,0,-3,0,3,0
    rangeNeeded=63  cellDiam=7.0177  cellArea=2.7321
Seed 60 "[3,3,3,3,3,3;3,3,3,4,4;3,3,4,3,4]":
  lattice: 1|-3,0,0,0,2,0,-3,0#1|-7,0,4,0,8,0,-10,0
    rangeNeeded=63  cellDiam=7.0177  cellArea=2.7321
  lattice: 1|-1,0,-4,0,8,0,-6,0#1|-1,0,0,0,-2,0,3,0
    rangeNeeded=63  cellDiam=7.0177  cellArea=2.7321
  lattice: 1|-3,0,-1,0,3,0,-2,0#1|-6,0,1,0,10,0,-8,0
    rangeNeeded=63  cellDiam=7.0177  cellArea=2.7321
  lattice: 1|-4,0,-1,0,10,0,-7,0#1|0,0,-1,0,-3,0,3,0
    rangeNeeded=63  cellDiam=7.0177  cellArea=2.7321
Seed 61 "[3,3,3,3,3,3;3,3,3,4,4;3,3,4,3,4]":
  lattice: 1|-3,0,0,0,2,0,-3,0#1|-7,0,4,0,8,0,-10,0
    rangeNeeded=63  cellDiam=7.0177  cellArea=2.7321
  lattice: 1|-1,0,-4,0,8,0,-6,0#1|-1,0,0,0,-2,0,3,0
    rangeNeeded=63  cellDiam=7.0177  cellArea=2.7321
  lattice: 1|-3,0,-1,0,3,0,-2,0#1|-6,0,1,0,10,0,-8,0
    rangeNeeded=63  cellDiam=7.0177  cellArea=2.7321
  lattice: 1|-4,0,-1,0,10,0,-7,0#1|0,0,-1,0,-3,0,3,0
    rangeNeeded=63  cellDiam=7.0177  cellArea=2.7321
Seed 62 "[3,3,3,3,3,3;3,3,3,4,4;3,3,4,3,4]":
  lattice: 1|-3,0,0,0,2,0,-3,0#1|-7,0,4,0,8,0,-10,0
    rangeNeeded=63  cellDiam=7.0177  cellArea=2.7321
  lattice: 1|-1,0,-4,0,8,0,-6,0#1|-1,0,0,0,-2,0,3,0
    rangeNeeded=63  cellDiam=7.0177  cellArea=2.7321
  lattice: 1|-3,0,-1,0,3,0,-2,0#1|-6,0,1,0,10,0,-8,0
    rangeNeeded=63  cellDiam=7.0177  cellArea=2.7321
  lattice: 1|-4,0,-1,0,10,0,-7,0#1|0,0,-1,0,-3,0,3,0
    rangeNeeded=63  cellDiam=7.0177  cellArea=2.7321
Seed 63 "[3,3,3,3,3,3;3,3,3,4,4;3,3,4,3,4]":
  lattice: 1|-3,0,0,0,2,0,-3,0#1|-7,0,4,0,8,0,-10,0
    rangeNeeded=63  cellDiam=7.0177  cellArea=2.7321
  lattice: 1|-1,0,-4,0,8,0,-6,0#1|-1,0,0,0,-2,0,3,0
    rangeNeeded=63  cellDiam=7.0177  cellArea=2.7321
  lattice: 1|-3,0,-1,0,3,0,-2,0#1|-6,0,1,0,10,0,-8,0
    rangeNeeded=63  cellDiam=7.0177  cellArea=2.7321
  lattice: 1|-4,0,-1,0,10,0,-7,0#1|0,0,-1,0,-3,0,3,0
    rangeNeeded=63  cellDiam=7.0177  cellArea=2.7321
Seed 64 "[3,3,3,3,3,3;3,3,4,3,4;3,3,3,4,4]":
  lattice: 1|-3,0,0,0,2,0,-3,0#1|-7,0,4,0,8,0,-10,0
    rangeNeeded=63  cellDiam=7.0177  cellArea=2.7321
  lattice: 1|-1,0,-4,0,8,0,-6,0#1|-1,0,0,0,-2,0,3,0
    rangeNeeded=63  cellDiam=7.0177  cellArea=2.7321
  lattice: 1|-3,0,-1,0,3,0,-2,0#1|-6,0,1,0,10,0,-8,0
    rangeNeeded=63  cellDiam=7.0177  cellArea=2.7321
  lattice: 1|-4,0,-1,0,10,0,-7,0#1|0,0,-1,0,-3,0,3,0
    rangeNeeded=63  cellDiam=7.0177  cellArea=2.7321
Seed 76 "[3,3,3,3,3,3;3,3,4,3,4;3,3,4,3,4]":
  lattice: 1|-3,0,0,0,2,0,-3,0#1|-7,0,4,0,8,0,-10,0
    rangeNeeded=63  cellDiam=7.0177  cellArea=2.7321
  lattice: 1|-1,0,-4,0,8,0,-6,0#1|-1,0,0,0,-2,0,3,0
    rangeNeeded=63  cellDiam=7.0177  cellArea=2.7321
  lattice: 1|-3,0,-1,0,3,0,-2,0#1|-6,0,1,0,10,0,-8,0
    rangeNeeded=63  cellDiam=7.0177  cellArea=2.7321
  lattice: 1|-4,0,-1,0,10,0,-7,0#1|0,0,-1,0,-3,0,3,0
    rangeNeeded=63  cellDiam=7.0177  cellArea=2.7321
Seed 77 "[3,3,3,3,3,3;3,3,4,3,4;3,3,4,3,4]":
  lattice: 1|-3,0,0,0,2,0,-3,0#1|-7,0,4,0,8,0,-10,0
    rangeNeeded=63  cellDiam=7.0177  cellArea=2.7321
  lattice: 1|-1,0,-4,0,8,0,-6,0#1|-1,0,0,0,-2,0,3,0
    rangeNeeded=63  cellDiam=7.0177  cellArea=2.7321
  lattice: 1|-3,0,-1,0,3,0,-2,0#1|-6,0,1,0,10,0,-8,0
    rangeNeeded=63  cellDiam=7.0177  cellArea=2.7321
  lattice: 1|-4,0,-1,0,10,0,-7,0#1|0,0,-1,0,-3,0,3,0
    rangeNeeded=63  cellDiam=7.0177  cellArea=2.7321
Seed 78 "[3,3,3,3,3,3;3,3,4,3,4;3,3,4,3,4]":
  lattice: 1|-3,0,0,0,2,0,-3,0#1|-7,0,4,0,8,0,-10,0
    rangeNeeded=63  cellDiam=7.0177  cellArea=2.7321
  lattice: 1|-1,0,-4,0,8,0,-6,0#1|-1,0,0,0,-2,0,3,0
    rangeNeeded=63  cellDiam=7.0177  cellArea=2.7321
  lattice: 1|-3,0,-1,0,3,0,-2,0#1|-6,0,1,0,10,0,-8,0
    rangeNeeded=63  cellDiam=7.0177  cellArea=2.7321
  lattice: 1|-4,0,-1,0,10,0,-7,0#1|0,0,-1,0,-3,0,3,0
    rangeNeeded=63  cellDiam=7.0177  cellArea=2.7321
Seed 79 "[3,3,3,3,3,3;3,3,4,3,4;3,3,4,3,4]":
  lattice: 1|-3,0,0,0,2,0,-3,0#1|-7,0,4,0,8,0,-10,0
    rangeNeeded=63  cellDiam=7.0177  cellArea=2.7321
  lattice: 1|-1,0,-4,0,8,0,-6,0#1|-1,0,0,0,-2,0,3,0
    rangeNeeded=63  cellDiam=7.0177  cellArea=2.7321
  lattice: 1|-3,0,-1,0,3,0,-2,0#1|-6,0,1,0,10,0,-8,0
    rangeNeeded=63  cellDiam=7.0177  cellArea=2.7321
  lattice: 1|-4,0,-1,0,10,0,-7,0#1|0,0,-1,0,-3,0,3,0
    rangeNeeded=63  cellDiam=7.0177  cellArea=2.7321
Seed 80 "[3,3,3,3,3,3;3,3,4,3,4;3,3,4,3,4]":
  lattice: 1|-3,0,0,0,2,0,-3,0#1|-7,0,4,0,8,0,-10,0
    rangeNeeded=63  cellDiam=7.0177  cellArea=2.7321
  lattice: 1|-1,0,-4,0,8,0,-6,0#1|-1,0,0,0,-2,0,3,0
    rangeNeeded=63  cellDiam=7.0177  cellArea=2.7321
  lattice: 1|-3,0,-1,0,3,0,-2,0#1|-6,0,1,0,10,0,-8,0
    rangeNeeded=63  cellDiam=7.0177  cellArea=2.7321
  lattice: 1|-4,0,-1,0,10,0,-7,0#1|0,0,-1,0,-3,0,3,0
    rangeNeeded=63  cellDiam=7.0177  cellArea=2.7321

=== DISTINCT AFFECTED LATTICES ===

  1|-3,0,0,0,2,0,-3,0#1|-7,0,4,0,8,0,-10,0
    rangeNeeded=63  cellDiam=7.0177  cellArea=2.7321
  1|-1,0,-4,0,8,0,-6,0#1|-1,0,0,0,-2,0,3,0
    rangeNeeded=63  cellDiam=7.0177  cellArea=2.7321
  1|-3,0,-1,0,3,0,-2,0#1|-6,0,1,0,10,0,-8,0
    rangeNeeded=63  cellDiam=7.0177  cellArea=2.7321
  1|-4,0,-1,0,10,0,-7,0#1|0,0,-1,0,-3,0,3,0
    rangeNeeded=63  cellDiam=7.0177  cellArea=2.7321

=== SUMMARY ===

  Affected seeds:                  19  (expected 19)
  Affected (seed,lattice) pairs:   76  (expected 76 = sweep banner count)
  Distinct affected lattice keys:  4  (expected 4)
  Max range needed:                63  (expected 63)
  Current BLOCK_INDEX_CAP:         60

  Affected seed indices (for --seeds): 47,48,49,50,51,52,53,58,59,60,61,62,63,64,76,77,78,79,80

Finished in 89.2s
Log: /Users/alessandro/.config/superpowers/worktrees/TilingAtlas/op123-op2-sweep/experiments/results/f3b-affected-seeds-2026-06-11.log
