hyperbolic D/P/K sweep
=======================
=== EXPERIMENT: hyp-p12 (base+12) k=1 ===
DEVELOP FAILED (hyp-p12)
--- gate + add (max-valence 6, arc<=12) ---
Traceback (most recent call last):
  File "/Users/alessandro/Desktop/University/Thesis/TilingAtlas/tools/ctrnact-oracle/export_hyperbolic_atlas.py", line 172, in <module>
    main()
  File "/Users/alessandro/Desktop/University/Thesis/TilingAtlas/tools/ctrnact-oracle/export_hyperbolic_atlas.py", line 105, in main
    cells = json.load(open(args.cells))
FileNotFoundError: [Errno 2] No such file or directory: 'scratch-hyp-p12/cells.json'
=== EXPERIMENT hyp-p12 (base+12, D=240) k=1 ===
raw=5048 pruned=4114 developed=4114
existing: 24  |  configs passing arc<=12.0°: 27
new (>= 40 faces, no wedge, not already shipped): 10
  + hyp-4-8-12           4.8.12          139 tiles  arc=9°  ℓ=0.4015
  + hyp-3-3-3-3-3-4      3.3.3.3.3.4     290 tiles  arc=2°  ℓ=0.7622
  + hyp-3-3-3-3-3-5      3.3.3.3.3.5     152 tiles  arc=8°  ℓ=0.9443
  + hyp-3-3-3-3-3-6      3.3.3.3.3.6     113 tiles  arc=12°  ℓ=1.0364
  + hyp-3-3-3-4-3-4      3.3.3.4.3.4     110 tiles  arc=4°  ℓ=1.0613
  + hyp-3-3-3-3-4-4      3.3.3.3.4.4     106 tiles  arc=6°  ℓ=1.0613
  + hyp-3-3-3-4-3-5      3.3.3.4.3.5      75 tiles  arc=10°  ℓ=1.1897
  + hyp-3-4-3-4-3-4      3.4.3.4.3.4      69 tiles  arc=4°  ℓ=1.2833
  + hyp-3-3-4-3-4-4      3.3.4.3.4.4      63 tiles  arc=10°  ℓ=1.2833
  + hyp-3-3-3-4-4-4      3.3.3.4.4.4      61 tiles  arc=12°  ℓ=1.2833

wrote ../../public/hyperbolic-developed.json (34 patches)
wrote ../../public/reference-atlas-hyperbolic.json (34 entries)
gate time: 0s
=== EXPERIMENT hyp-p7 (max-valence 6) k=1 ===
hyperbolic develop report (k=1..1, boundR=0.95)
blocks in    : 1547
developed    : 1547
not developed: 0

hyp-p7 k<=1: raw=1959 pruned=1547 developed=1547  (8s)
existing: 34  |  configs passing arc<=12.0°: 33
new (>= 40 faces, no wedge, not already shipped): 7
  + hyp-6-6-7            6.6.7           259 tiles  arc=0°  ℓ=0.3344
  + hyp-7-7-7            7.7.7            54 tiles  arc=10°  ℓ=0.5663
  + hyp-3-4-7-4          3.4.7.4         602 tiles  arc=0°  ℓ=0.3644
  + hyp-3-7-3-7          3.7.3.7         262 tiles  arc=4°  ℓ=0.4920
  + hyp-4-4-4-7          4.4.4.7          81 tiles  arc=9°  ℓ=0.7774
  + hyp-3-3-3-3-7        3.3.3.3.7       931 tiles  arc=0°  ℓ=0.3755
  + hyp-3-3-4-3-7        3.3.4.3.7       150 tiles  arc=12°  ℓ=0.7987

wrote ../../public/hyperbolic-developed.json (41 patches)
wrote ../../public/reference-atlas-hyperbolic.json (41 entries)
=== EXPERIMENT hyp-p9 (max-valence 6) k=1 ===
hyperbolic develop report (k=1..1, boundR=0.95)
blocks in    : 9542
developed    : 9542
not developed: 0

hyp-p9 k<=1: raw=10957 pruned=9542 developed=9542  (89s)
existing: 41  |  configs passing arc<=12.0°: 35
new (>= 40 faces, no wedge, not already shipped): 8
  + hyp-4-8-10           4.8.10          257 tiles  arc=2°  ℓ=0.3190
  + hyp-6-6-9            6.6.9            86 tiles  arc=8°  ℓ=0.4962
  + hyp-4-10-12          4.10.12          75 tiles  arc=12°  ℓ=0.4997
  + hyp-6-6-10           6.6.10           62 tiles  arc=10°  ℓ=0.5366
  + hyp-3-4-9-4          3.4.9.4         210 tiles  arc=9°  ℓ=0.5362
  + hyp-3-4-10-4         3.4.10.4        168 tiles  arc=10°  ℓ=0.5784
  + hyp-3-3-3-3-9        3.3.3.3.9       354 tiles  arc=9°  ℓ=0.5511
  + hyp-3-3-3-3-10       3.3.3.3.10      268 tiles  arc=12°  ℓ=0.5940

wrote ../../public/hyperbolic-developed.json (49 patches)
wrote ../../public/reference-atlas-hyperbolic.json (49 entries)
=== EXPERIMENT hyp-pall (all 3..12, D=5040) k=1 ===
hyperbolic develop report (k=1..1, boundR=0.95)
blocks in    : 10670
developed    : 10670
not developed: 0

hyp-pall k<=1: raw=12185 pruned=10670 developed=10670  (193s)
existing: 49  |  configs passing arc<=12.0°: 42
new (>= 40 faces, no wedge, not already shipped): 0

wrote ../../public/hyperbolic-developed.json (49 patches)
wrote ../../public/reference-atlas-hyperbolic.json (49 entries)
gate time: 1s
=== EXPERIMENT hyp-mv8 (base, maxValence 8) k=1 ===
=== hyp-r3 ===
developed    : 6
not developed: 0
hyp-r3 k<=1: raw=6 pruned=6 developed=6  (4s)
new (>= 30 faces, no wedge, not already shipped): 2
  + hyp-3-3-3-3-3-3-3    3.3.3.3.3.3.3   126 tiles  arc=2°  ℓ=1.0905
  + hyp-3-3-3-3-3-3-3-3  3.3.3.3.3.3.3.3   64 tiles  arc=4°  ℓ=1.5286
=== hyp-r4 ===
developed    : 8
not developed: 0
hyp-r4 k<=1: raw=8 pruned=8 developed=8  (3s)
new (>= 30 faces, no wedge, not already shipped): 0
=== hyp-r5 ===
developed    : 9
not developed: 0
hyp-r5 k<=1: raw=9 pruned=9 developed=9  (4s)
new (>= 30 faces, no wedge, not already shipped): 0
=== hyp-r6 ===
developed    : 9
not developed: 0
hyp-r6 k<=1: raw=9 pruned=9 developed=9  (4s)
new (>= 30 faces, no wedge, not already shipped): 0
=== hyp-r7 ===
developed    : 4
not developed: 0
hyp-r7 k<=1: raw=4 pruned=4 developed=4  (3s)
new (>= 30 faces, no wedge, not already shipped): 0
=== hyp-r8 ===
developed    : 4
not developed: 0
hyp-r8 k<=1: raw=4 pruned=4 developed=4  (3s)
new (>= 30 faces, no wedge, not already shipped): 0
=== hyp-r9 ===
developed    : 4
not developed: 0
hyp-r9 k<=1: raw=4 pruned=4 developed=4  (3s)
new (>= 30 faces, no wedge, not already shipped): 0
=== hyp-r10 ===
developed    : 3
not developed: 0
hyp-r10 k<=1: raw=3 pruned=3 developed=3  (3s)
new (>= 30 faces, no wedge, not already shipped): 0
=== hyp-r12 ===
developed    : 3
not developed: 0
hyp-r12 k<=1: raw=3 pruned=3 developed=3  (3s)
new (>= 30 faces, no wedge, not already shipped): 0
51 tilings
=== EXPERIMENT hyp-k2 ({3,4,6}) k=2, solver time-limited 90s ===
solver stopped. raw blocks: 114239
  k=1 : 215
  k=2 : 51358
total kept: 51573
=== develop k=2 sample (limit 6000) at boundR 0.95 ===
blocks in    : 6000
developed    : 127
not developed: 5873
--- gate + add k=2 (k-aware) ---
existing: 51  |  tilings passing arc<=12.0°: 14
new (>= 40 faces, no wedge, not already shipped): 14
  + hyp-k2-3-4-6-6__3-6-4-6      6.4.6.3 + 6.6.4.3     133 tiles  arc=4°  ℓ=0.6785
  + hyp-k2-3-3-3-4-6__3-3-3-4-6  6.4.3.3.3 + 6.4.3.3.3  196 tiles  arc=8°  ℓ=0.7175
  + hyp-k2-3-4-3-4-4__3-4-3-4-4  4.4.3.4.3 + 4.4.3.4.3  203 tiles  arc=2°  ℓ=0.7390
  + hyp-k2-3-3-4-4-4__3-4-3-4-4  4.4.3.4.3 + 4.4.4.3.3  192 tiles  arc=0°  ℓ=0.7390
  + hyp-k2-3-4-4-4-4__3-4-4-4-4  4.4.4.4.3 + 4.4.4.4.3   80 tiles  arc=3°  ℓ=1.0335
  + hyp-k2-3-3-3-3-3-4__3-3-3-3-3-4 4.3.3.3.3.3 + 4.3.3.3.3.3  284 tiles  arc=2°  ℓ=0.7622
  + hyp-k2-3-3-3-4-3-4__3-3-4-3-3-4 4.3.3.4.3.3 + 4.3.4.3.3.3  106 tiles  arc=3°  ℓ=1.0613
  + hyp-k2-3-3-3-3-4-4__3-3-3-4-3-4 4.3.4.3.3.3 + 4.4.3.3.3.3  100 tiles  arc=4°  ℓ=1.0613
  + hyp-k2-3-3-3-4-3-4__3-3-3-4-3-4 4.3.4.3.3.3 + 4.3.4.3.3.3   98 tiles  arc=6°  ℓ=1.0613
  + hyp-k2-3-3-4-3-4-4__3-3-4-3-4-4 4.4.3.4.3.3 + 4.4.3.4.3.3   64 tiles  arc=10°  ℓ=1.2833
  + hyp-k2-3-3-4-3-4-4__3-4-3-4-3-4 4.3.4.3.4.3 + 4.4.3.4.3.3   60 tiles  arc=9°  ℓ=1.2833
  + hyp-k2-3-3-3-4-4-4__3-3-4-3-4-4 4.4.3.4.3.3 + 4.4.4.3.3.3   60 tiles  arc=10°  ℓ=1.2833
  + hyp-k2-3-3-3-4-4-4__3-3-3-4-4-4 4.4.4.3.3.3 + 4.4.4.3.3.3   62 tiles  arc=12°  ℓ=1.2833
  + hyp-k2-3-3-3-4-4-4__3-4-3-4-3-4 4.3.4.3.4.3 + 4.4.4.3.3.3   54 tiles  arc=9°  ℓ=1.2833

wrote ../../public/hyperbolic-developed.json (65 patches)
wrote ../../public/reference-atlas-hyperbolic.json (65 entries)
gate time: 1s
=== fuller k=2 harvest {3,4,6}: 150s solve, develop 25k ===
raw: 114239
  k=2 : 51358
total kept: 51573
blocks in    : 25000
developed    : 987
not developed: 24013
existing: 65  |  tilings passing arc<=12.0°: 17
new (>= 40 faces, no wedge, not already shipped): 3
  + hyp-k2-4-4-4-6__4-4-4-6      6.4.4.4 + 6.4.4.4     126 tiles  arc=4°  ℓ=0.6974
  + hyp-k2-3-3-3-3-3-6__3-3-3-3-3-6 6.3.3.3.3.3 + 6.3.3.3.3.3  115 tiles  arc=12°  ℓ=1.0364
  + hyp-k2-3-3-3-4-6-4__3-3-4-3-4-6 6.4.3.3.3.4 + 6.4.3.4.3.3   41 tiles  arc=12°  ℓ=1.4419

wrote ../../public/hyperbolic-developed.json (68 patches)
wrote ../../public/reference-atlas-hyperbolic.json (68 entries)
gate time: 0s
atlas total: 68 | by k: {1: 51, 2: 17}
removing 9 tilings with a >=9-gon (render as blobs):
  - 3.3.3.3.10
  - 3.3.3.3.9
  - 3.4.10.4
  - 3.4.9.4
  - 4.10.12
  - 4.8.10
  - 4.8.12
  - 6.6.10
  - 6.6.9

atlas now: 59 tilings | by k: {1: 42, 2: 17}
max polygon side now: 8
=== FINAL ATLAS ===
total hyperbolic tilings: 59 (was 15)
by k: {1: 42, 2: 17}
by max polygon side: {3: 2, 4: 21, 5: 8, 6: 13, 7: 7, 8: 8}

=== SWEEP SUMMARY ===
D: 240, 720, 1680, 5040, and small (8..24) — all worked once develop_hyperbolic got a --palette flag.
P: {3..8} usable; 9/10/12-gons enumerate + develop fine but the patch RENDERER blobs on >=9-gons
   (bowed geodesic edges not tessellated in the fill) -> excluded, generator now caps --max-side 8.
K: k=1 (42 tilings) thorough; k=2 (17 tilings) from {3,4,6} (explosive: 114k raw in 90s).
Gate: max_empty_arc <= 12 deg (holes) + max-side 8 (renderer). Overlap checked (0 across atlas).
All 59 render-verified clean across library pages 1-3 + full-size spot checks.
