[11:50:25] === isotoxal family export; tables=tables/regular-isotoxal-z24 ===
[11:50:26] k=2: 229 isotoxal-bearing blocks in run-regular-isotoxal-z24-k2/out/pruned
[11:50:26]   flexing: (cx4-60.120@1,cx4-60.120@0,4,4)F, (4,4,3,3,3)F  (dev 0.0s, primary cx4-60.120)
[11:50:26]   flexing: (cx4-60.120@1,cx4-60.120@0,4,4)F, (4,4,3,3,3)F  (dev 0.0s, primary cx4-60.120)
[11:50:26]   flexing: (cx4-60.120@1,cx4-60.120@0,4,4)F, (cx4-60.120@1,cx4-60.120@0,3,3,3)F  (dev 0.0s, primary cx4-60.120)
[11:50:26]   flexing: (cx4-60.120@1,cx4-60.120@0,4,4)F, (cx4-60.120@1,cx4-60.120@0,3,3,3)F  (dev 0.0s, primary cx4-60.120)
[11:50:26]   flexing: (cx4-60.120@1,cx4-60.120@0,4,4)F, (cx4-60.120@1,cx4-60.120@0,3,3,3)F  (dev 0.0s, primary cx4-60.120)
[11:50:26]   flexing: (cx4-60.120@1,cx4-60.120@0,4,4)F, (cx4-60.120@1,cx4-60.120@0,3,3,3)F  (dev 0.0s, primary cx4-60.120)
[11:50:26]   flexing: (4,4,3,3,3)F, (cx4-60.120@1,cx4-60.120@0,3,3,3)F  (dev 0.0s, primary cx4-60.120)
[11:50:26]   flexing: (4,4,3,3,3)F, (cx4-60.120@1,cx4-60.120@0,3,3,3)F  (dev 0.0s, primary cx4-60.120)
[11:50:26]   flexing: (cx4-75.105@1,cx4-75.105@0,4,4)F, (4,4,3,3,3)F  (dev 0.0s, primary cx4-75.105)
[11:50:26]   flexing: (cx4-75.105@1,cx4-75.105@0,4,4)F, (4,4,3,3,3)F  (dev 0.0s, primary cx4-75.105)
[11:50:26]   flexing: (cx4-75.105@1,cx4-75.105@0,4,4)F, (cx4-75.105@1,cx4-75.105@0,3,3,3)F  (dev 0.0s, primary cx4-75.105)
[11:50:26]   flexing: (cx4-75.105@1,cx4-75.105@0,4,4)F, (cx4-75.105@1,cx4-75.105@0,3,3,3)F  (dev 0.0s, primary cx4-75.105)
[11:50:26]   flexing: (cx4-75.105@1,cx4-75.105@0,4,4)F, (cx4-75.105@1,cx4-75.105@0,3,3,3)F  (dev 0.0s, primary cx4-75.105)
[11:50:26]   flexing: (cx4-75.105@1,cx4-75.105@0,4,4)F, (cx4-75.105@1,cx4-75.105@0,3,3,3)F  (dev 0.0s, primary cx4-75.105)
[11:50:26]   flexing: (4,4,3,3,3)F, (cx4-75.105@1,cx4-75.105@0,3,3,3)F  (dev 0.0s, primary cx4-75.105)
[11:50:26]   flexing: (4,4,3,3,3)F, (cx4-75.105@1,cx4-75.105@0,3,3,3)F  (dev 0.0s, primary cx4-75.105)
[11:50:26]   flexing: (cx4-60.120@1,6,cx4-60.120@0,3)F, (cx4-60.120@1,3,cx4-60.120@0,3,3)F  (dev 0.0s, primary cx4-60.120)
[11:50:26]   flexing: (cx4-60.120@1,6,cx4-60.120@0,3)F, (cx4-60.120@1,cx4-60.120@0,3,3,3)F  (dev 0.0s, primary cx4-60.120)
[11:50:26]   flexing: (cx4-75.105@1,cx4-60.120@0,cx4-75.105@0,6)F, (cx4-75.105@1,cx4-60.120@1,cx4-75.105@0,3)F  (dev 0.0s, primary cx4-75.105)
[11:50:26]   flexing: (cx4-75.105@1,6,cx4-75.105@0,3)F, (cx4-75.105@1,3,cx4-75.105@0,3,3)F  (dev 0.0s, primary cx4-75.105)
[11:50:26]   flexing: (cx4-75.105@1,6,cx4-75.105@0,3)F, (cx4-75.105@1,cx4-75.105@0,3,3,3)F  (dev 0.0s, primary cx4-75.105)
[11:50:26]   flexing: (cx4-60.120@1,cx4-60.120@0,cx4-60.120@1,cx4-60.120@0)R2, (cx4-60.120@1,cx4-60.120@0,3,3,3)F  (dev 0.0s, primary cx4-60.120)
[11:50:26]   flexing: (cx4-60.120@1,cx4-60.120@0,cx4-60.120@1,cx4-60.120@0)R2, (cx4-60.120@1,cx4-60.120@0,3,3,3)F  (dev 0.0s, primary cx4-60.120)
[11:50:26]   flexing: (cx4-60.120@1,cx4-60.120@0,cx4-60.120@1,cx4-60.120@0)F, (cx4-60.120@1,cx4-60.120@0,3,3,3)F  (dev 0.0s, primary cx4-60.120)
[11:50:26]   flexing: (cx4-60.120@1,cx4-60.120@0,cx4-60.120@1,cx4-60.120@0)F, (cx4-60.120@1,cx4-60.120@0,3,3,3)F  (dev 0.0s, primary cx4-60.120)
[11:50:26]   flexing: (cx4-60.120@1,cx4-60.120@1,cx4-60.120@0,cx4-60.120@0)A, (cx4-60.120@1,cx4-60.120@0,3,3,3)F  (dev 0.0s, primary cx4-60.120)
[11:50:26]   flexing: (cx4-60.120@1,cx4-60.120@1,cx4-60.120@0,cx4-60.120@0)A, (cx4-60.120@1,cx4-60.120@0,3,3,3)F  (dev 0.0s, primary cx4-60.120)
[11:50:26]   flexing: (cx4-60.120@1,cx4-60.120@1,cx4-60.120@0,cx4-60.120@0)F, (cx4-60.120@1,cx4-60.120@0,3,3,3)F  (dev 0.0s, primary cx4-60.120)
[11:50:26]   flexing: (cx4-60.120@1,cx4-60.120@1,cx4-60.120@0,cx4-60.120@0)F, (cx4-60.120@1,cx4-60.120@0,3,3,3)F  (dev 0.0s, primary cx4-60.120)
[11:50:26]   flexing: (cx4-60.120@1,3,cx4-60.120@0,3,3)F, (3,3,3,3,3,3)R6  (dev 0.0s, primary cx4-60.120)
[11:50:26]   flexing: (cx4-60.120@1,3,cx4-60.120@0,3,3)F, (cx4-60.120@1,cx4-60.120@0,3,3,3)F  (dev 0.0s, primary cx4-60.120)
[11:50:26]   flexing: (cx4-60.120@1,3,cx4-60.120@0,3,3)F, (cx4-60.120@1,cx4-60.120@0,3,3,3)F  (dev 0.0s, primary cx4-60.120)
[11:50:26]   flexing: (cx4-60.120@1,cx4-60.120@0,3,3,3)F, (cx4-60.120@1,cx4-60.120@0,3,3,3)F  (dev 0.0s, primary cx4-60.120)
[11:50:26]   flexing: (cx4-60.120@1,cx4-60.120@0,3,3,3)F, (3,3,3,3,3,3)R2  (dev 0.0s, primary cx4-60.120)
[11:50:26]   flexing: (cx4-60.120@1,cx4-60.120@0,3,3,3)F, (3,3,3,3,3,3)Aa  (dev 0.0s, primary cx4-60.120)
[11:50:26]   flexing: (cx4-60.120@1,cx4-60.120@0,3,3,3)F, (3,3,3,3,3,3)F  (dev 0.0s, primary cx4-60.120)
[11:50:26]   flexing: (cx4-60.120@1,cx4-60.120@0,3,3,3)F, (3,3,3,3,3,3)F  (dev 0.0s, primary cx4-60.120)
[11:50:26]   flexing: (cx4-60.120@1,3,cx4-60.120@1,3)R2, (cx4-75.105@1,cx4-75.105@0,3,cx4-60.120@0,3)F  (dev 0.0s, primary cx4-75.105)
[11:50:26]   flexing: (cx4-60.120@1,3,cx4-60.120@1,3)Aa, (cx4-75.105@1,cx4-75.105@0,3,cx4-60.120@0,3)F  (dev 0.0s, primary cx4-75.105)
[11:50:26]   flexing: (cx4-60.120@1,cx4-60.120@0,cx4-60.120@1,3)F, (cx4-75.105@1,cx4-75.105@0,3,cx4-60.120@0,3)F  (dev 0.0s, primary cx4-75.105)
[11:50:26]   flexing: (cx4-60.120@1,cx4-60.120@0,cx4-60.120@1,3)F, (cx4-75.105@1,cx4-75.105@0,3,cx4-60.120@0,3)F  (dev 0.0s, primary cx4-75.105)
[11:50:26]   flexing: (cx4-75.105@1,cx4-60.120@1,cx4-75.105@0,3)F, (cx4-75.105@1,cx4-60.120@0,cx4-75.105@0,3,3)F  (dev 0.0s, primary cx4-75.105)
[11:50:26]   flexing: (cx4-75.105@1,cx4-75.105@0,3,cx4-60.120@1)F, (cx4-75.105@1,3,cx4-75.105@0,cx4-60.120@0,3)F  (dev 0.0s, primary cx4-75.105)
[11:50:26]   flexing: (cx4-75.105@1,cx4-75.105@0,3,cx4-60.120@1)F, (cx4-75.105@1,cx4-75.105@0,cx4-60.120@0,3,3)F  (dev 0.0s, primary cx4-75.105)
[11:50:26]   flexing: (cx4-75.105@1,cx4-75.105@0,3,cx4-60.120@1)F, (cx4-75.105@1,cx4-75.105@0,cx4-60.120@0,3,3)F  (dev 0.0s, primary cx4-75.105)
[11:50:26]   ⚑ MULTI-PARAM FLEX (dim 2) at (cx4-75.105@1,cx4-75.105@0,cx4-60.120@0,cx4-60.120@1)F, (cx4-60.120@1,cx4-60.120@0,3,3,3)F — first direction only (2-param is future work)
[11:50:26]   flexing: (cx4-75.105@1,cx4-75.105@0,cx4-60.120@0,cx4-60.120@1)F, (cx4-60.120@1,cx4-60.120@0,3,3,3)F  (dev 0.0s, primary cx4-60.120)
[11:50:26]   ⚑ MULTI-PARAM FLEX (dim 2) at (cx4-75.105@1,cx4-75.105@0,cx4-60.120@0,cx4-60.120@1)F, (cx4-60.120@1,cx4-60.120@0,3,3,3)F — first direction only (2-param is future work)
[11:50:26]   flexing: (cx4-75.105@1,cx4-75.105@0,cx4-60.120@0,cx4-60.120@1)F, (cx4-60.120@1,cx4-60.120@0,3,3,3)F  (dev 0.0s, primary cx4-60.120)
[11:50:26]   ⚑ MULTI-PARAM FLEX (dim 2) at (cx4-75.105@1,cx4-75.105@0,cx4-60.120@0,cx4-60.120@1)F, (cx4-75.105@1,cx4-75.105@0,3,3,3)F — first direction only (2-param is future work)
[11:50:26]   flexing: (cx4-75.105@1,cx4-75.105@0,cx4-60.120@0,cx4-60.120@1)F, (cx4-75.105@1,cx4-75.105@0,3,3,3)F  (dev 0.0s, primary cx4-60.120)
[11:50:26]   ⚑ MULTI-PARAM FLEX (dim 2) at (cx4-75.105@1,cx4-75.105@0,cx4-60.120@0,cx4-60.120@1)F, (cx4-75.105@1,cx4-75.105@0,3,3,3)F — first direction only (2-param is future work)
[11:50:26]   flexing: (cx4-75.105@1,cx4-75.105@0,cx4-60.120@0,cx4-60.120@1)F, (cx4-75.105@1,cx4-75.105@0,3,3,3)F  (dev 0.0s, primary cx4-60.120)
[11:50:26]   flexing: (cx4-75.105@1,cx4-75.105@0,cx4-60.120@1,3)F, (cx4-75.105@1,cx4-60.120@0,3,cx4-75.105@0,3)F  (dev 0.0s, primary cx4-75.105)
[11:50:26]   flexing: (cx4-75.105@1,cx4-75.105@0,cx4-60.120@1,3)F, (cx4-75.105@1,cx4-75.105@0,3,3,cx4-60.120@0)F  (dev 0.0s, primary cx4-75.105)
[11:50:26]   flexing: (cx4-75.105@1,cx4-75.105@0,cx4-60.120@1,3)F, (cx4-75.105@1,cx4-75.105@0,3,3,cx4-60.120@0)F  (dev 0.0s, primary cx4-75.105)
[11:50:26]   ⚑ MULTI-PARAM FLEX (dim 2) at (cx4-75.105@1,cx4-75.105@0,cx4-60.120@1,cx4-60.120@0)F, (cx4-60.120@1,cx4-60.120@0,3,3,3)F — first direction only (2-param is future work)
[11:50:26]   flexing: (cx4-75.105@1,cx4-75.105@0,cx4-60.120@1,cx4-60.120@0)F, (cx4-60.120@1,cx4-60.120@0,3,3,3)F  (dev 0.0s, primary cx4-60.120)
[11:50:26]   ⚑ MULTI-PARAM FLEX (dim 2) at (cx4-75.105@1,cx4-75.105@0,cx4-60.120@1,cx4-60.120@0)F, (cx4-60.120@1,cx4-60.120@0,3,3,3)F — first direction only (2-param is future work)
[11:50:26]   flexing: (cx4-75.105@1,cx4-75.105@0,cx4-60.120@1,cx4-60.120@0)F, (cx4-60.120@1,cx4-60.120@0,3,3,3)F  (dev 0.0s, primary cx4-60.120)
[11:50:26]   ⚑ MULTI-PARAM FLEX (dim 2) at (cx4-75.105@1,cx4-75.105@0,cx4-60.120@1,cx4-60.120@0)F, (cx4-75.105@1,cx4-75.105@0,3,3,3)F — first direction only (2-param is future work)
[11:50:26]   flexing: (cx4-75.105@1,cx4-75.105@0,cx4-60.120@1,cx4-60.120@0)F, (cx4-75.105@1,cx4-75.105@0,3,3,3)F  (dev 0.0s, primary cx4-60.120)
[11:50:26]   ⚑ MULTI-PARAM FLEX (dim 2) at (cx4-75.105@1,cx4-75.105@0,cx4-60.120@1,cx4-60.120@0)F, (cx4-75.105@1,cx4-75.105@0,3,3,3)F — first direction only (2-param is future work)
[11:50:26]   flexing: (cx4-75.105@1,cx4-75.105@0,cx4-60.120@1,cx4-60.120@0)F, (cx4-75.105@1,cx4-75.105@0,3,3,3)F  (dev 0.0s, primary cx4-60.120)
[11:50:26]   ⚑ MULTI-PARAM FLEX (dim 2) at (cx4-60.120@1,cx4-60.120@0,3,3,3)F, (cx4-75.105@1,cx4-75.105@0,3,3,3)F — first direction only (2-param is future work)
[11:50:26]   flexing: (cx4-60.120@1,cx4-60.120@0,3,3,3)F, (cx4-75.105@1,cx4-75.105@0,3,3,3)F  (dev 0.0s, primary cx4-60.120)
[11:50:26]   ⚑ MULTI-PARAM FLEX (dim 2) at (cx4-60.120@1,cx4-60.120@0,3,3,3)F, (cx4-75.105@1,cx4-75.105@0,3,3,3)F — first direction only (2-param is future work)
[11:50:26]   flexing: (cx4-60.120@1,cx4-60.120@0,3,3,3)F, (cx4-75.105@1,cx4-75.105@0,3,3,3)F  (dev 0.0s, primary cx4-60.120)
[11:50:26]   flexing: (cx4-75.105@1,cx4-75.105@0,cx4-75.105@1,cx4-75.105@0)R2, (cx4-75.105@1,cx4-75.105@0,3,3,3)F  (dev 0.0s, primary cx4-75.105)
[11:50:26]   flexing: (cx4-75.105@1,cx4-75.105@0,cx4-75.105@1,cx4-75.105@0)R2, (cx4-75.105@1,cx4-75.105@0,3,3,3)F  (dev 0.0s, primary cx4-75.105)
[11:50:26]   flexing: (cx4-75.105@1,cx4-75.105@0,cx4-75.105@1,cx4-75.105@0)F, (cx4-75.105@1,cx4-75.105@0,3,3,3)F  (dev 0.0s, primary cx4-75.105)
[11:50:26]   flexing: (cx4-75.105@1,cx4-75.105@0,cx4-75.105@1,cx4-75.105@0)F, (cx4-75.105@1,cx4-75.105@0,3,3,3)F  (dev 0.0s, primary cx4-75.105)
[11:50:26]   flexing: (cx4-75.105@1,cx4-75.105@1,cx4-75.105@0,cx4-75.105@0)A, (cx4-75.105@1,cx4-75.105@0,3,3,3)F  (dev 0.0s, primary cx4-75.105)
[11:50:26]   flexing: (cx4-75.105@1,cx4-75.105@1,cx4-75.105@0,cx4-75.105@0)A, (cx4-75.105@1,cx4-75.105@0,3,3,3)F  (dev 0.0s, primary cx4-75.105)
[11:50:26]   flexing: (cx4-75.105@1,cx4-75.105@1,cx4-75.105@0,cx4-75.105@0)F, (cx4-75.105@1,cx4-75.105@0,3,3,3)F  (dev 0.0s, primary cx4-75.105)
[11:50:26]   flexing: (cx4-75.105@1,cx4-75.105@1,cx4-75.105@0,cx4-75.105@0)F, (cx4-75.105@1,cx4-75.105@0,3,3,3)F  (dev 0.0s, primary cx4-75.105)
[11:50:26]   flexing: (cx4-75.105@1,3,cx4-75.105@0,3,3)F, (3,3,3,3,3,3)R6  (dev 0.0s, primary cx4-75.105)
[11:50:26]   flexing: (cx4-75.105@1,3,cx4-75.105@0,3,3)F, (cx4-75.105@1,cx4-75.105@0,3,3,3)F  (dev 0.0s, primary cx4-75.105)
[11:50:26]   flexing: (cx4-75.105@1,3,cx4-75.105@0,3,3)F, (cx4-75.105@1,cx4-75.105@0,3,3,3)F  (dev 0.0s, primary cx4-75.105)
[11:50:26]   flexing: (cx4-75.105@1,cx4-75.105@0,3,3,3)F, (cx4-75.105@1,cx4-75.105@0,3,3,3)F  (dev 0.0s, primary cx4-75.105)
[11:50:26]   flexing: (cx4-75.105@1,cx4-75.105@0,3,3,3)F, (3,3,3,3,3,3)R2  (dev 0.0s, primary cx4-75.105)
[11:50:26]   flexing: (cx4-75.105@1,cx4-75.105@0,3,3,3)F, (3,3,3,3,3,3)Aa  (dev 0.0s, primary cx4-75.105)
[11:50:26]   flexing: (cx4-75.105@1,cx4-75.105@0,3,3,3)F, (3,3,3,3,3,3)F  (dev 0.0s, primary cx4-75.105)
[11:50:26]   flexing: (cx4-75.105@1,cx4-75.105@0,3,3,3)F, (3,3,3,3,3,3)F  (dev 0.0s, primary cx4-75.105)
[11:50:26]   flexing: (cx6-75.165@1,3,cx6-75.165@0,3)A, (cx6-75.165@1,cx6-75.165@0,3,3)F  (dev 0.0s, primary cx6-75.165)
[11:50:26]   flexing: (cx6-75.165@1,cx6-75.165@0,3,3)F, (3,3,3,3,3,3)R6  (dev 0.0s, primary cx6-75.165)
[11:50:26]   flexing: (cx6-105.135@1,cx6-75.165@1,3)F, (cx6-105.135@0,cx6-75.165@0,3,3,3)F  (dev 0.0s, primary cx6-75.165)
[11:50:26]   flexing: (cx12-135.165@0,cx6-75.165@1,3)F, (cx12-135.165@1,cx6-75.165@0,3,3)F  (dev 0.0s, primary cx6-75.165)
[11:50:26]   flexing: (cx6-90.150@1,3,cx6-90.150@0,3)A, (cx6-90.150@1,cx6-90.150@0,3,3)F  (dev 0.0s, primary cx6-90.150)
[11:50:26]   flexing: (cx6-90.150@1,cx6-90.150@0,3,3)F, (3,3,3,3,3,3)R6  (dev 0.0s, primary cx6-90.150)
[11:50:26]   flexing: (cx6-105.135@1,3,cx6-105.135@0,3)A, (cx6-105.135@1,cx6-105.135@0,3,3)F  (dev 0.0s, primary cx6-105.135)
[11:50:26]   flexing: (cx6-105.135@1,cx6-105.135@0,3,3)F, (3,3,3,3,3,3)R6  (dev 0.0s, primary cx6-105.135)
[11:50:26]   flexing: (cx12-135.165@1,cx6-105.135@1,3)F, (cx12-135.165@0,cx6-105.135@0,3,3)F  (dev 0.0s, primary cx6-105.135)
[11:50:26]   flexing: (4,4,4,4)R2, (cx4-60.120@1,cx4-60.120@0,4,4)F  (dev 0.0s, primary cx4-60.120)
[11:50:26]   flexing: (4,4,4,4)Aa, (cx4-60.120@1,cx4-60.120@0,4,4)F  (dev 0.0s, primary cx4-60.120)
[11:50:26]   flexing: (4,4,4,4)F, (cx4-60.120@1,cx4-60.120@0,4,4)F  (dev 0.0s, primary cx4-60.120)
[11:50:26]   flexing: (4,4,4,4)F, (cx4-60.120@1,cx4-60.120@0,4,4)F  (dev 0.0s, primary cx4-60.120)
[11:50:26]   flexing: (cx4-60.120@1,4,cx4-60.120@0,4)F, (cx4-60.120@1,cx4-60.120@0,4,4)F  (dev 0.0s, primary cx4-60.120)
[11:50:26]   flexing: (cx4-60.120@1,cx4-60.120@0,4,4)F, (cx4-60.120@1,cx4-60.120@0,4,4)F  (dev 0.0s, primary cx4-60.120)
[11:50:26]   flexing: (cx4-60.120@1,cx4-60.120@0,4,4)F, (cx4-60.120@1,cx4-60.120@0,cx4-60.120@1,cx4-60.120@0)R2  (dev 0.0s, primary cx4-60.120)
[11:50:26]   flexing: (cx4-60.120@1,cx4-60.120@0,4,4)F, (cx4-60.120@1,cx4-60.120@0,cx4-60.120@1,cx4-60.120@0)R2  (dev 0.0s, primary cx4-60.120)
[11:50:26]   flexing: (cx4-60.120@1,cx4-60.120@0,4,4)F, (cx4-60.120@1,cx4-60.120@0,cx4-60.120@1,cx4-60.120@0)F  (dev 0.0s, primary cx4-60.120)
[11:50:26]   flexing: (cx4-60.120@1,cx4-60.120@0,4,4)F, (cx4-60.120@1,cx4-60.120@0,cx4-60.120@1,cx4-60.120@0)F  (dev 0.0s, primary cx4-60.120)
[11:50:26]   flexing: (cx4-60.120@1,cx4-60.120@0,4,4)F, (cx4-60.120@1,cx4-60.120@1,cx4-60.120@0,cx4-60.120@0)A  (dev 0.0s, primary cx4-60.120)
[11:50:26]   flexing: (cx4-60.120@1,cx4-60.120@0,4,4)F, (cx4-60.120@1,cx4-60.120@1,cx4-60.120@0,cx4-60.120@0)A  (dev 0.0s, primary cx4-60.120)
[11:50:26]   flexing: (cx4-60.120@1,cx4-60.120@0,4,4)F, (cx4-60.120@1,cx4-60.120@1,cx4-60.120@0,cx4-60.120@0)F  (dev 0.0s, primary cx4-60.120)
[11:50:26]   flexing: (cx4-60.120@1,cx4-60.120@0,4,4)F, (cx4-60.120@1,cx4-60.120@1,cx4-60.120@0,cx4-60.120@0)F  (dev 0.0s, primary cx4-60.120)
[11:50:26]   ⚑ MULTI-PARAM FLEX (dim 2) at (cx4-60.120@1,cx4-60.120@0,4,4)F, (cx4-75.105@1,cx4-75.105@0,4,4)F — first direction only (2-param is future work)
[11:50:26]   flexing: (cx4-60.120@1,cx4-60.120@0,4,4)F, (cx4-75.105@1,cx4-75.105@0,4,4)F  (dev 0.0s, primary cx4-60.120)
[11:50:26]   ⚑ MULTI-PARAM FLEX (dim 2) at (cx4-60.120@1,cx4-60.120@0,4,4)F, (cx4-75.105@1,cx4-75.105@0,4,4)F — first direction only (2-param is future work)
[11:50:26]   flexing: (cx4-60.120@1,cx4-60.120@0,4,4)F, (cx4-75.105@1,cx4-75.105@0,4,4)F  (dev 0.0s, primary cx4-60.120)
[11:50:26]   ⚑ MULTI-PARAM FLEX (dim 2) at (cx4-60.120@1,cx4-60.120@0,4,4)F, (cx4-75.105@1,cx4-75.105@0,cx4-60.120@0,cx4-60.120@1)F — first direction only (2-param is future work)
[11:50:26]   flexing: (cx4-60.120@1,cx4-60.120@0,4,4)F, (cx4-75.105@1,cx4-75.105@0,cx4-60.120@0,cx4-60.120@1)F  (dev 0.0s, primary cx4-60.120)
[11:50:26]   ⚑ MULTI-PARAM FLEX (dim 2) at (cx4-60.120@1,cx4-60.120@0,4,4)F, (cx4-75.105@1,cx4-75.105@0,cx4-60.120@0,cx4-60.120@1)F — first direction only (2-param is future work)
[11:50:26]   flexing: (cx4-60.120@1,cx4-60.120@0,4,4)F, (cx4-75.105@1,cx4-75.105@0,cx4-60.120@0,cx4-60.120@1)F  (dev 0.0s, primary cx4-60.120)
[11:50:26]   ⚑ MULTI-PARAM FLEX (dim 2) at (cx4-60.120@1,cx4-60.120@0,4,4)F, (cx4-75.105@1,cx4-75.105@0,cx4-60.120@1,cx4-60.120@0)F — first direction only (2-param is future work)
[11:50:26]   flexing: (cx4-60.120@1,cx4-60.120@0,4,4)F, (cx4-75.105@1,cx4-75.105@0,cx4-60.120@1,cx4-60.120@0)F  (dev 0.0s, primary cx4-60.120)
[11:50:26]   ⚑ MULTI-PARAM FLEX (dim 2) at (cx4-60.120@1,cx4-60.120@0,4,4)F, (cx4-75.105@1,cx4-75.105@0,cx4-60.120@1,cx4-60.120@0)F — first direction only (2-param is future work)
[11:50:26]   flexing: (cx4-60.120@1,cx4-60.120@0,4,4)F, (cx4-75.105@1,cx4-75.105@0,cx4-60.120@1,cx4-60.120@0)F  (dev 0.0s, primary cx4-60.120)
[11:50:26]   flexing: (cx4-75.105@0,cx4-60.120@1,cx4-75.105@0,4)A, (cx4-75.105@1,cx4-60.120@0,cx4-75.105@1,4)A  (dev 0.0s, primary cx4-60.120)
[11:50:26]   flexing: (cx4-75.105@0,cx4-75.105@0,cx4-60.120@1,4)F, (cx4-75.105@1,cx4-75.105@1,cx4-60.120@0,4)F  (dev 0.0s, primary cx4-60.120)
[11:50:26]   flexing: (cx4-75.105@0,cx4-75.105@0,cx4-60.120@1,4)F, (cx4-75.105@1,cx4-75.105@1,cx4-60.120@0,4)F  (dev 0.0s, primary cx4-60.120)
[11:50:26]   ⚑ MULTI-PARAM FLEX (dim 2) at (cx4-75.105@1,cx4-75.105@0,4,4)F, (cx4-75.105@1,cx4-75.105@0,cx4-60.120@0,cx4-60.120@1)F — first direction only (2-param is future work)
[11:50:26]   flexing: (cx4-75.105@1,cx4-75.105@0,4,4)F, (cx4-75.105@1,cx4-75.105@0,cx4-60.120@0,cx4-60.120@1)F  (dev 0.0s, primary cx4-60.120)
[11:50:26]   ⚑ MULTI-PARAM FLEX (dim 2) at (cx4-75.105@1,cx4-75.105@0,4,4)F, (cx4-75.105@1,cx4-75.105@0,cx4-60.120@0,cx4-60.120@1)F — first direction only (2-param is future work)
[11:50:26]   flexing: (cx4-75.105@1,cx4-75.105@0,4,4)F, (cx4-75.105@1,cx4-75.105@0,cx4-60.120@0,cx4-60.120@1)F  (dev 0.0s, primary cx4-60.120)
[11:50:26]   ⚑ MULTI-PARAM FLEX (dim 2) at (cx4-75.105@1,cx4-75.105@0,4,4)F, (cx4-75.105@1,cx4-75.105@0,cx4-60.120@1,cx4-60.120@0)F — first direction only (2-param is future work)
[11:50:26]   flexing: (cx4-75.105@1,cx4-75.105@0,4,4)F, (cx4-75.105@1,cx4-75.105@0,cx4-60.120@1,cx4-60.120@0)F  (dev 0.0s, primary cx4-60.120)
[11:50:26]   ⚑ MULTI-PARAM FLEX (dim 2) at (cx4-75.105@1,cx4-75.105@0,4,4)F, (cx4-75.105@1,cx4-75.105@0,cx4-60.120@1,cx4-60.120@0)F — first direction only (2-param is future work)
[11:50:26]   flexing: (cx4-75.105@1,cx4-75.105@0,4,4)F, (cx4-75.105@1,cx4-75.105@0,cx4-60.120@1,cx4-60.120@0)F  (dev 0.0s, primary cx4-60.120)
[11:50:26]   flexing: (4,4,4,4)R2, (cx4-75.105@1,cx4-75.105@0,4,4)F  (dev 0.0s, primary cx4-75.105)
[11:50:26]   flexing: (4,4,4,4)Aa, (cx4-75.105@1,cx4-75.105@0,4,4)F  (dev 0.0s, primary cx4-75.105)
[11:50:26]   flexing: (4,4,4,4)F, (cx4-75.105@1,cx4-75.105@0,4,4)F  (dev 0.0s, primary cx4-75.105)
[11:50:26]   flexing: (4,4,4,4)F, (cx4-75.105@1,cx4-75.105@0,4,4)F  (dev 0.0s, primary cx4-75.105)
[11:50:26]   flexing: (cx4-75.105@1,4,cx4-75.105@0,4)F, (cx4-75.105@1,cx4-75.105@0,4,4)F  (dev 0.0s, primary cx4-75.105)
[11:50:26]   flexing: (cx4-75.105@1,cx4-75.105@0,4,4)F, (cx4-75.105@1,cx4-75.105@0,4,4)F  (dev 0.0s, primary cx4-75.105)
[11:50:26]   flexing: (cx4-75.105@1,cx4-75.105@0,4,4)F, (cx4-75.105@1,cx4-75.105@0,cx4-75.105@1,cx4-75.105@0)R2  (dev 0.0s, primary cx4-75.105)
[11:50:26]   flexing: (cx4-75.105@1,cx4-75.105@0,4,4)F, (cx4-75.105@1,cx4-75.105@0,cx4-75.105@1,cx4-75.105@0)R2  (dev 0.0s, primary cx4-75.105)
[11:50:26]   flexing: (cx4-75.105@1,cx4-75.105@0,4,4)F, (cx4-75.105@1,cx4-75.105@0,cx4-75.105@1,cx4-75.105@0)F  (dev 0.0s, primary cx4-75.105)
[11:50:26]   flexing: (cx4-75.105@1,cx4-75.105@0,4,4)F, (cx4-75.105@1,cx4-75.105@0,cx4-75.105@1,cx4-75.105@0)F  (dev 0.0s, primary cx4-75.105)
[11:50:26]   flexing: (cx4-75.105@1,cx4-75.105@0,4,4)F, (cx4-75.105@1,cx4-75.105@1,cx4-75.105@0,cx4-75.105@0)A  (dev 0.0s, primary cx4-75.105)
[11:50:26]   flexing: (cx4-75.105@1,cx4-75.105@0,4,4)F, (cx4-75.105@1,cx4-75.105@1,cx4-75.105@0,cx4-75.105@0)A  (dev 0.0s, primary cx4-75.105)
[11:50:26]   flexing: (cx4-75.105@1,cx4-75.105@0,4,4)F, (cx4-75.105@1,cx4-75.105@1,cx4-75.105@0,cx4-75.105@0)F  (dev 0.0s, primary cx4-75.105)
[11:50:26]   flexing: (cx4-75.105@1,cx4-75.105@0,4,4)F, (cx4-75.105@1,cx4-75.105@1,cx4-75.105@0,cx4-75.105@0)F  (dev 0.0s, primary cx4-75.105)
[11:50:26]   flexing: (cx12-135.165@0,cx6-105.135@1,4)F, (cx12-135.165@1,cx6-105.135@0,4)F  (dev 0.0s, primary cx6-105.135)
[11:50:26]   flexing: (cx12-135.165@0,cx4-75.105@1,6)F, (cx12-135.165@1,cx4-75.105@0,6)F  (dev 0.0s, primary cx4-75.105)
[11:50:26]   flexing: (cx8-105.165@0,cx4-60.120@1,8)F, (cx8-105.165@1,cx4-60.120@0,8)F  (dev 0.0s, primary cx4-60.120)
[11:50:26]   flexing: (cx8-120.150@0,cx4-75.105@1,8)F, (cx8-120.150@1,cx4-75.105@0,8)F  (dev 0.0s, primary cx4-75.105)
[11:50:26]   flexing: (cx6-90.150@0,cx4-60.120@1,12)F, (cx6-90.150@1,cx4-60.120@0,12)F  (dev 0.0s, primary cx4-60.120)
[11:50:26]   flexing: (cx6-105.135@0,cx4-75.105@1,12)F, (cx6-105.135@1,cx4-75.105@0,12)F  (dev 0.0s, primary cx4-75.105)
[11:50:26]   flexing: (cx4-60.120@1,cx4-60.120@0,cx4-60.120@1,cx4-60.120@0)R2, (cx4-60.120@1,cx4-60.120@1,cx4-60.120@0,cx4-60.120@0)A  (dev 0.0s, primary cx4-60.120)
[11:50:26]   flexing: (cx4-60.120@1,cx4-60.120@0,cx4-60.120@1,cx4-60.120@0)R2, (cx4-60.120@1,cx4-60.120@1,cx4-60.120@0,cx4-60.120@0)F  (dev 0.0s, primary cx4-60.120)
[11:50:26]   flexing: (cx4-60.120@1,cx4-60.120@0,cx4-60.120@1,cx4-60.120@0)F, (cx4-60.120@1,cx4-60.120@1,cx4-60.120@0,cx4-60.120@0)A  (dev 0.0s, primary cx4-60.120)
[11:50:26]   flexing: (cx4-60.120@1,cx4-60.120@0,cx4-60.120@1,cx4-60.120@0)F, (cx4-60.120@1,cx4-60.120@1,cx4-60.120@0,cx4-60.120@0)F  (dev 0.0s, primary cx4-60.120)
[11:50:26]   ⚑ MULTI-PARAM FLEX (dim 2) at (cx4-60.120@1,cx4-60.120@0,cx4-60.120@1,cx4-60.120@0)R2, (cx4-75.105@1,cx4-75.105@0,cx4-60.120@0,cx4-60.120@1)F — first direction only (2-param is future work)
[11:50:26]   flexing: (cx4-60.120@1,cx4-60.120@0,cx4-60.120@1,cx4-60.120@0)R2, (cx4-75.105@1,cx4-75.105@0,cx4-60.120@0,cx4-60.120@1)F  (dev 0.0s, primary cx4-60.120)
[11:50:26]   ⚑ MULTI-PARAM FLEX (dim 2) at (cx4-60.120@1,cx4-60.120@0,cx4-60.120@1,cx4-60.120@0)R2, (cx4-75.105@1,cx4-75.105@0,cx4-60.120@1,cx4-60.120@0)F — first direction only (2-param is future work)
[11:50:26]   flexing: (cx4-60.120@1,cx4-60.120@0,cx4-60.120@1,cx4-60.120@0)R2, (cx4-75.105@1,cx4-75.105@0,cx4-60.120@1,cx4-60.120@0)F  (dev 0.0s, primary cx4-60.120)
[11:50:26]   ⚑ MULTI-PARAM FLEX (dim 2) at (cx4-60.120@1,cx4-60.120@0,cx4-60.120@1,cx4-60.120@0)F, (cx4-75.105@1,cx4-75.105@0,cx4-60.120@0,cx4-60.120@1)F — first direction only (2-param is future work)
[11:50:26]   flexing: (cx4-60.120@1,cx4-60.120@0,cx4-60.120@1,cx4-60.120@0)F, (cx4-75.105@1,cx4-75.105@0,cx4-60.120@0,cx4-60.120@1)F  (dev 0.0s, primary cx4-60.120)
[11:50:26]   ⚑ MULTI-PARAM FLEX (dim 2) at (cx4-60.120@1,cx4-60.120@0,cx4-60.120@1,cx4-60.120@0)F, (cx4-75.105@1,cx4-75.105@0,cx4-60.120@1,cx4-60.120@0)F — first direction only (2-param is future work)
[11:50:26]   flexing: (cx4-60.120@1,cx4-60.120@0,cx4-60.120@1,cx4-60.120@0)F, (cx4-75.105@1,cx4-75.105@0,cx4-60.120@1,cx4-60.120@0)F  (dev 0.0s, primary cx4-60.120)
[11:50:26]   ⚑ MULTI-PARAM FLEX (dim 2) at (cx4-60.120@1,cx4-60.120@1,cx4-60.120@0,cx4-60.120@0)A, (cx4-75.105@1,cx4-75.105@0,cx4-60.120@0,cx4-60.120@1)F — first direction only (2-param is future work)
[11:50:26]   flexing: (cx4-60.120@1,cx4-60.120@1,cx4-60.120@0,cx4-60.120@0)A, (cx4-75.105@1,cx4-75.105@0,cx4-60.120@0,cx4-60.120@1)F  (dev 0.0s, primary cx4-60.120)
[11:50:26]   ⚑ MULTI-PARAM FLEX (dim 2) at (cx4-60.120@1,cx4-60.120@1,cx4-60.120@0,cx4-60.120@0)A, (cx4-75.105@1,cx4-75.105@0,cx4-60.120@1,cx4-60.120@0)F — first direction only (2-param is future work)
[11:50:26]   flexing: (cx4-60.120@1,cx4-60.120@1,cx4-60.120@0,cx4-60.120@0)A, (cx4-75.105@1,cx4-75.105@0,cx4-60.120@1,cx4-60.120@0)F  (dev 0.0s, primary cx4-60.120)
[11:50:26]   ⚑ MULTI-PARAM FLEX (dim 2) at (cx4-60.120@1,cx4-60.120@1,cx4-60.120@0,cx4-60.120@0)F, (cx4-75.105@1,cx4-75.105@0,cx4-60.120@0,cx4-60.120@1)F — first direction only (2-param is future work)
[11:50:26]   flexing: (cx4-60.120@1,cx4-60.120@1,cx4-60.120@0,cx4-60.120@0)F, (cx4-75.105@1,cx4-75.105@0,cx4-60.120@0,cx4-60.120@1)F  (dev 0.0s, primary cx4-60.120)
[11:50:26]   ⚑ MULTI-PARAM FLEX (dim 2) at (cx4-60.120@1,cx4-60.120@1,cx4-60.120@0,cx4-60.120@0)F, (cx4-75.105@1,cx4-75.105@0,cx4-60.120@1,cx4-60.120@0)F — first direction only (2-param is future work)
[11:50:26]   flexing: (cx4-60.120@1,cx4-60.120@1,cx4-60.120@0,cx4-60.120@0)F, (cx4-75.105@1,cx4-75.105@0,cx4-60.120@1,cx4-60.120@0)F  (dev 0.0s, primary cx4-60.120)
[11:50:26]   ⚑ MULTI-PARAM FLEX (dim 2) at (cx4-75.105@1,cx4-60.120@1,cx4-75.105@0,cx4-60.120@0)F, (cx4-75.105@1,cx4-75.105@0,cx4-60.120@0,cx4-60.120@1)F — first direction only (2-param is future work)
[11:50:26]   flexing: (cx4-75.105@1,cx4-60.120@1,cx4-75.105@0,cx4-60.120@0)F, (cx4-75.105@1,cx4-75.105@0,cx4-60.120@0,cx4-60.120@1)F  (dev 0.0s, primary cx4-60.120)
[11:50:26]   ⚑ MULTI-PARAM FLEX (dim 2) at (cx4-75.105@1,cx4-60.120@1,cx4-75.105@0,cx4-60.120@0)F, (cx4-75.105@1,cx4-75.105@0,cx4-60.120@1,cx4-60.120@0)F — first direction only (2-param is future work)
[11:50:26]   flexing: (cx4-75.105@1,cx4-60.120@1,cx4-75.105@0,cx4-60.120@0)F, (cx4-75.105@1,cx4-75.105@0,cx4-60.120@1,cx4-60.120@0)F  (dev 0.0s, primary cx4-60.120)
[11:50:26]   ⚑ MULTI-PARAM FLEX (dim 2) at (cx4-75.105@1,cx4-75.105@0,cx4-60.120@0,cx4-60.120@1)F, (cx4-75.105@1,cx4-75.105@0,cx4-60.120@1,cx4-60.120@0)F — first direction only (2-param is future work)
[11:50:26]   flexing: (cx4-75.105@1,cx4-75.105@0,cx4-60.120@0,cx4-60.120@1)F, (cx4-75.105@1,cx4-75.105@0,cx4-60.120@1,cx4-60.120@0)F  (dev 0.0s, primary cx4-60.120)
[11:50:26]   ⚑ MULTI-PARAM FLEX (dim 2) at (cx4-75.105@1,cx4-75.105@0,cx4-60.120@0,cx4-60.120@1)F, (cx4-75.105@1,cx4-75.105@0,cx4-60.120@1,cx4-60.120@0)F — first direction only (2-param is future work)
[11:50:26]   flexing: (cx4-75.105@1,cx4-75.105@0,cx4-60.120@0,cx4-60.120@1)F, (cx4-75.105@1,cx4-75.105@0,cx4-60.120@1,cx4-60.120@0)F  (dev 0.0s, primary cx4-60.120)
[11:50:26]   ⚑ MULTI-PARAM FLEX (dim 2) at (cx4-75.105@1,cx4-75.105@0,cx4-60.120@0,cx4-60.120@1)F, (cx4-75.105@1,cx4-75.105@0,cx4-60.120@1,cx4-60.120@0)F — first direction only (2-param is future work)
[11:50:26]   flexing: (cx4-75.105@1,cx4-75.105@0,cx4-60.120@0,cx4-60.120@1)F, (cx4-75.105@1,cx4-75.105@0,cx4-60.120@1,cx4-60.120@0)F  (dev 0.0s, primary cx4-60.120)
[11:50:26]   ⚑ MULTI-PARAM FLEX (dim 2) at (cx4-75.105@1,cx4-75.105@0,cx4-60.120@0,cx4-60.120@1)F, (cx4-75.105@1,cx4-75.105@0,cx4-75.105@1,cx4-75.105@0)R2 — first direction only (2-param is future work)
[11:50:26]   flexing: (cx4-75.105@1,cx4-75.105@0,cx4-60.120@0,cx4-60.120@1)F, (cx4-75.105@1,cx4-75.105@0,cx4-75.105@1,cx4-75.105@0)R2  (dev 0.0s, primary cx4-60.120)
[11:50:26]   ⚑ MULTI-PARAM FLEX (dim 2) at (cx4-75.105@1,cx4-75.105@0,cx4-60.120@0,cx4-60.120@1)F, (cx4-75.105@1,cx4-75.105@0,cx4-75.105@1,cx4-75.105@0)F — first direction only (2-param is future work)
[11:50:26]   flexing: (cx4-75.105@1,cx4-75.105@0,cx4-60.120@0,cx4-60.120@1)F, (cx4-75.105@1,cx4-75.105@0,cx4-75.105@1,cx4-75.105@0)F  (dev 0.0s, primary cx4-60.120)
[11:50:26]   ⚑ MULTI-PARAM FLEX (dim 2) at (cx4-75.105@1,cx4-75.105@0,cx4-60.120@0,cx4-60.120@1)F, (cx4-75.105@1,cx4-75.105@1,cx4-75.105@0,cx4-75.105@0)A — first direction only (2-param is future work)
[11:50:26]   flexing: (cx4-75.105@1,cx4-75.105@0,cx4-60.120@0,cx4-60.120@1)F, (cx4-75.105@1,cx4-75.105@1,cx4-75.105@0,cx4-75.105@0)A  (dev 0.0s, primary cx4-60.120)
[11:50:26]   ⚑ MULTI-PARAM FLEX (dim 2) at (cx4-75.105@1,cx4-75.105@0,cx4-60.120@0,cx4-60.120@1)F, (cx4-75.105@1,cx4-75.105@1,cx4-75.105@0,cx4-75.105@0)F — first direction only (2-param is future work)
[11:50:26]   flexing: (cx4-75.105@1,cx4-75.105@0,cx4-60.120@0,cx4-60.120@1)F, (cx4-75.105@1,cx4-75.105@1,cx4-75.105@0,cx4-75.105@0)F  (dev 0.0s, primary cx4-60.120)
[11:50:26]   ⚑ MULTI-PARAM FLEX (dim 2) at (cx4-75.105@1,cx4-75.105@0,cx4-60.120@1,cx4-60.120@0)F, (cx4-75.105@1,cx4-75.105@0,cx4-75.105@1,cx4-75.105@0)R2 — first direction only (2-param is future work)
[11:50:26]   flexing: (cx4-75.105@1,cx4-75.105@0,cx4-60.120@1,cx4-60.120@0)F, (cx4-75.105@1,cx4-75.105@0,cx4-75.105@1,cx4-75.105@0)R2  (dev 0.0s, primary cx4-60.120)
[11:50:26]   ⚑ MULTI-PARAM FLEX (dim 2) at (cx4-75.105@1,cx4-75.105@0,cx4-60.120@1,cx4-60.120@0)F, (cx4-75.105@1,cx4-75.105@0,cx4-75.105@1,cx4-75.105@0)F — first direction only (2-param is future work)
[11:50:26]   flexing: (cx4-75.105@1,cx4-75.105@0,cx4-60.120@1,cx4-60.120@0)F, (cx4-75.105@1,cx4-75.105@0,cx4-75.105@1,cx4-75.105@0)F  (dev 0.0s, primary cx4-60.120)
[11:50:26]   ⚑ MULTI-PARAM FLEX (dim 2) at (cx4-75.105@1,cx4-75.105@0,cx4-60.120@1,cx4-60.120@0)F, (cx4-75.105@1,cx4-75.105@1,cx4-75.105@0,cx4-75.105@0)A — first direction only (2-param is future work)
[11:50:26]   flexing: (cx4-75.105@1,cx4-75.105@0,cx4-60.120@1,cx4-60.120@0)F, (cx4-75.105@1,cx4-75.105@1,cx4-75.105@0,cx4-75.105@0)A  (dev 0.0s, primary cx4-60.120)
[11:50:26]   ⚑ MULTI-PARAM FLEX (dim 2) at (cx4-75.105@1,cx4-75.105@0,cx4-60.120@1,cx4-60.120@0)F, (cx4-75.105@1,cx4-75.105@1,cx4-75.105@0,cx4-75.105@0)F — first direction only (2-param is future work)
[11:50:26]   flexing: (cx4-75.105@1,cx4-75.105@0,cx4-60.120@1,cx4-60.120@0)F, (cx4-75.105@1,cx4-75.105@1,cx4-75.105@0,cx4-75.105@0)F  (dev 0.0s, primary cx4-60.120)
[11:50:26]   flexing: (cx6-75.165@1,cx6-75.165@0,cx4-60.120@1)F, (cx6-75.165@1,cx4-60.120@0,cx6-75.165@0,cx4-60.120@0)A  (dev 0.0s, primary cx6-75.165)
[11:50:26]   ⚑ MULTI-PARAM FLEX (dim 2) at (cx12-135.165@0,cx6-75.165@1,cx4-60.120@0)F, (cx12-135.165@1,cx6-75.165@0,cx4-60.120@1)F — first direction only (2-param is future work)
[11:50:26]   flexing: (cx12-135.165@0,cx6-75.165@1,cx4-60.120@0)F, (cx12-135.165@1,cx6-75.165@0,cx4-60.120@1)F  (dev 0.0s, primary cx4-60.120)
[11:50:26]   flexing: (cx6-90.150@1,cx6-90.150@0,cx4-60.120@1)F, (cx6-90.150@1,cx4-60.120@0,cx6-90.150@0,cx4-60.120@0)A  (dev 0.0s, primary cx6-90.150)
[11:50:26]   flexing: (cx6-105.135@1,cx6-105.135@0,cx4-60.120@1)F, (cx6-105.135@1,cx4-60.120@0,cx6-105.135@0,cx4-60.120@0)A  (dev 0.0s, primary cx6-105.135)
[11:50:26]   ⚑ MULTI-PARAM FLEX (dim 2) at (cx12-135.165@0,cx6-105.135@0,cx4-60.120@1)F, (cx12-135.165@1,cx6-105.135@1,cx4-60.120@0)F — first direction only (2-param is future work)
[11:50:26]   flexing: (cx12-135.165@0,cx6-105.135@0,cx4-60.120@1)F, (cx12-135.165@1,cx6-105.135@1,cx4-60.120@0)F  (dev 0.0s, primary cx4-60.120)
[11:50:26]   flexing: (cx8-120.150@0,cx8-120.150@0,cx4-60.120@1)A, (cx8-120.150@1,cx8-120.150@1,cx4-60.120@0)A  (dev 0.0s, primary cx4-60.120)
[11:50:26]   flexing: (cx4-75.105@1,cx4-75.105@0,cx4-75.105@1,cx4-75.105@0)R2, (cx4-75.105@1,cx4-75.105@1,cx4-75.105@0,cx4-75.105@0)A  (dev 0.0s, primary cx4-75.105)
[11:50:26]   flexing: (cx4-75.105@1,cx4-75.105@0,cx4-75.105@1,cx4-75.105@0)R2, (cx4-75.105@1,cx4-75.105@1,cx4-75.105@0,cx4-75.105@0)F  (dev 0.0s, primary cx4-75.105)
[11:50:26]   flexing: (cx4-75.105@1,cx4-75.105@0,cx4-75.105@1,cx4-75.105@0)F, (cx4-75.105@1,cx4-75.105@1,cx4-75.105@0,cx4-75.105@0)A  (dev 0.0s, primary cx4-75.105)
[11:50:26]   flexing: (cx4-75.105@1,cx4-75.105@0,cx4-75.105@1,cx4-75.105@0)F, (cx4-75.105@1,cx4-75.105@1,cx4-75.105@0,cx4-75.105@0)F  (dev 0.0s, primary cx4-75.105)
[11:50:26]   ⚑ MULTI-PARAM FLEX (dim 2) at (cx12-135.165@0,cx6-90.150@1,cx4-75.105@0)F, (cx12-135.165@1,cx6-90.150@0,cx4-75.105@1)F — first direction only (2-param is future work)
[11:50:26]   flexing: (cx12-135.165@0,cx6-90.150@1,cx4-75.105@0)F, (cx12-135.165@1,cx6-90.150@0,cx4-75.105@1)F  (dev 0.0s, primary cx4-75.105)
[11:50:26]   ⚑ MULTI-PARAM FLEX (dim 2) at (cx8-120.150@0,cx8-105.165@1,cx4-75.105@0)F, (cx8-120.150@1,cx8-105.165@0,cx4-75.105@1)F — first direction only (2-param is future work)
[11:50:26]   flexing: (cx8-120.150@0,cx8-105.165@1,cx4-75.105@0)F, (cx8-120.150@1,cx8-105.165@0,cx4-75.105@1)F  (dev 0.0s, primary cx4-75.105)
[11:50:26]   ⚑ MULTI-PARAM FLEX (dim 2) at (cx6-105.135@0,cx6-90.150@0,cx6-75.165@1)F, (cx6-105.135@1,cx6-90.150@1,cx6-75.165@0)F — first direction only (2-param is future work)
[11:50:26]   flexing: (cx6-105.135@0,cx6-90.150@0,cx6-75.165@1)F, (cx6-105.135@1,cx6-90.150@1,cx6-75.165@0)F  (dev 0.0s, primary cx6-75.165)
[11:50:26]   flexing: (cx6-105.135@0,cx6-105.135@0,cx6-90.150@1)A, (cx6-105.135@1,cx6-105.135@1,cx6-90.150@0)A  (dev 0.0s, primary cx6-90.150)
[11:50:26] k=2: 60 pinned, 169 flexing blocks in 85 families
[11:50:26]   ⚑ FATAL: family ((('0', '1', '10', '11', '12', '13', '14', '15', '16', '17', '2', '3', '4', '5', '6', '7', '8', '9'), (('0', '10', '0'), ('1', '8', '14'), ('10', '7', '10'), ('11', '14', '11'), ('12', '0', '7'), ('13', '4', '6'), ('14', '6', '1'), ('15', '9', '15'), ('16', '2', '17'), ('17', '3', '16'), ('2', '17', '5'), ('3', '16', '3'), ('4', '15', '9'), ('5', '12', '2'), ('6', '1', '13'), ('7', '5', '12'), ('8', '11', '8'), ('9', '13', '4'))), (3, 3, 4, 4, 4)) has duplicate α members [4, 4, 4, 5] — grouping key too coarse, a distinct tiling would be dropped. Refine the key before trusting the count.
