[11:50:25] === isotoxal family export; tables=tables/regular-isotoxal-z24 ===
[11:50:25] k=1: 30 isotoxal-bearing blocks in run-regular-isotoxal-z24-k1/out/pruned
[11:50:25]   flexing: (cx4-60.120@1,6,cx4-60.120@0,3)F  (dev 0.0s, primary cx4-60.120)
[11:50:25]   flexing: (cx4-75.105@1,6,cx4-75.105@0,3)F  (dev 0.0s, primary cx4-75.105)
[11:50:25]   flexing: (cx4-60.120@1,3,cx4-60.120@0,3,3)F  (dev 0.0s, primary cx4-60.120)
[11:50:25]   flexing: (cx4-60.120@1,cx4-60.120@0,3,3,3)F  (dev 0.0s, primary cx4-60.120)
[11:50:25]   flexing: (cx4-60.120@1,cx4-60.120@0,3,3,3)F  (dev 0.0s, primary cx4-60.120)
[11:50:25]   flexing: (cx4-75.105@1,3,cx4-75.105@0,3,3)F  (dev 0.0s, primary cx4-75.105)
[11:50:25]   flexing: (cx4-75.105@1,cx4-75.105@0,3,3,3)F  (dev 0.0s, primary cx4-75.105)
[11:50:25]   flexing: (cx4-75.105@1,cx4-75.105@0,3,3,3)F  (dev 0.0s, primary cx4-75.105)
[11:50:25]   flexing: (cx6-75.165@1,3,cx6-75.165@0,3)A  (dev 0.0s, primary cx6-75.165)
[11:50:25]   flexing: (cx6-90.150@1,3,cx6-90.150@0,3)A  (dev 0.0s, primary cx6-90.150)
[11:50:25]   flexing: (cx6-105.135@1,3,cx6-105.135@0,3)A  (dev 0.0s, primary cx6-105.135)
[11:50:25]   flexing: (cx12-135.165@1,cx12-135.165@0,3)F  (dev 0.0s, primary cx12-135.165)
[11:50:25]   flexing: (cx4-60.120@1,4,cx4-60.120@0,4)A  (dev 0.0s, primary cx4-60.120)
[11:50:25]   flexing: (cx4-60.120@1,cx4-60.120@0,4,4)F  (dev 0.0s, primary cx4-60.120)
[11:50:25]   flexing: (cx4-60.120@1,cx4-60.120@0,4,4)F  (dev 0.0s, primary cx4-60.120)
[11:50:25]   flexing: (cx4-75.105@1,4,cx4-75.105@0,4)A  (dev 0.0s, primary cx4-75.105)
[11:50:25]   flexing: (cx4-75.105@1,cx4-75.105@0,4,4)F  (dev 0.0s, primary cx4-75.105)
[11:50:25]   flexing: (cx4-75.105@1,cx4-75.105@0,4,4)F  (dev 0.0s, primary cx4-75.105)
[11:50:25]   flexing: (cx8-105.165@1,cx8-105.165@0,4)F  (dev 0.0s, primary cx8-105.165)
[11:50:25]   flexing: (cx8-120.150@1,cx8-120.150@0,4)F  (dev 0.0s, primary cx8-120.150)
[11:50:25]   flexing: (cx6-75.165@1,cx6-75.165@0,6)F  (dev 0.0s, primary cx6-75.165)
[11:50:25]   flexing: (cx6-90.150@1,cx6-90.150@0,6)F  (dev 0.0s, primary cx6-90.150)
[11:50:25]   flexing: (cx6-105.135@1,cx6-105.135@0,6)F  (dev 0.0s, primary cx6-105.135)
[11:50:25]   flexing: (cx4-60.120@1,cx4-60.120@0,cx4-60.120@1,cx4-60.120@0)S2  (dev 0.0s, primary cx4-60.120)
[11:50:25]   flexing: (cx4-60.120@1,cx4-60.120@1,cx4-60.120@0,cx4-60.120@0)A  (dev 0.0s, primary cx4-60.120)
[11:50:25]   ⚑ MULTI-PARAM FLEX (dim 2) at (cx4-75.105@1,cx4-60.120@1,cx4-75.105@0,cx4-60.120@0)F — first direction only (2-param is future work)
[11:50:25]   flexing: (cx4-75.105@1,cx4-60.120@1,cx4-75.105@0,cx4-60.120@0)F  (dev 0.0s, primary cx4-60.120)
[11:50:25]   ⚑ MULTI-PARAM FLEX (dim 2) at (cx4-75.105@1,cx4-75.105@0,cx4-60.120@0,cx4-60.120@1)F — first direction only (2-param is future work)
[11:50:25]   flexing: (cx4-75.105@1,cx4-75.105@0,cx4-60.120@0,cx4-60.120@1)F  (dev 0.0s, primary cx4-60.120)
[11:50:25]   ⚑ MULTI-PARAM FLEX (dim 2) at (cx4-75.105@1,cx4-75.105@0,cx4-60.120@1,cx4-60.120@0)F — first direction only (2-param is future work)
[11:50:25]   flexing: (cx4-75.105@1,cx4-75.105@0,cx4-60.120@1,cx4-60.120@0)F  (dev 0.0s, primary cx4-60.120)
[11:50:25]   flexing: (cx4-75.105@1,cx4-75.105@0,cx4-75.105@1,cx4-75.105@0)S2  (dev 0.0s, primary cx4-75.105)
[11:50:25]   flexing: (cx4-75.105@1,cx4-75.105@1,cx4-75.105@0,cx4-75.105@0)A  (dev 0.0s, primary cx4-75.105)
[11:50:25] k=1: 0 pinned, 30 flexing blocks in 16 families
[11:50:25]   ctrnact-isotoxal-family-k1-01: (3,cx12@0@a,cx12@1@-a+20)  α∈[120.0, 180.0]°  members α=[135.0]  checks 11/11 pass
[11:50:25]   ctrnact-isotoxal-family-k1-02: (3,3,cx4@0@a,3,cx4@1@-a+12)  α∈[0.0, 180.0]°  members α=[60.0, 75.0]  checks 11/11 pass
[11:50:25]   ctrnact-isotoxal-family-k1-03: (4,cx4@0@a,4,cx4@1@-a+12)  α∈[0.0, 180.0]°  members α=[60.0, 75.0]  checks 11/11 pass
[11:50:25]   ctrnact-isotoxal-family-k1-04: (3,cx4@0@a,6,cx4@1@-a+12)  α∈[0.0, 180.0]°  members α=[60.0, 75.0]  checks 11/11 pass
[11:50:25]   ctrnact-isotoxal-family-k1-05: (3,3,3,cx4@0@a,cx4@1@-a+12)  α∈[0.0, 180.0]°  members α=[60.0, 75.0]  checks 11/11 pass
[11:50:25]   ctrnact-isotoxal-family-k1-06: (3,3,3,cx4@0@a,cx4@1@-a+12)  α∈[0.0, 180.0]°  members α=[60.0, 75.0]  checks 11/11 pass
[11:50:25]   ctrnact-isotoxal-family-k1-07: (4,4,cx4@0@a,cx4@1@-a+12)  α∈[0.0, 180.0]°  members α=[60.0, 75.0]  checks 11/11 pass
[11:50:25]   ctrnact-isotoxal-family-k1-08: (4,4,cx4@0@a,cx4@1@-a+12)  α∈[0.0, 180.0]°  members α=[60.0, 75.0]  checks 11/11 pass
[11:50:25]   ctrnact-isotoxal-family-k1-09: (cx4@0@a,cx4@1@-a+12,cx4@0@a,cx4@1@-a+12)  α∈[0.0, 180.0]°  members α=[60.0, 75.0]  checks 11/11 pass
[11:50:25]   ctrnact-isotoxal-family-k1-10: (cx4@0@a,cx4@0@a,cx4@1@-a+12,cx4@1@-a+12)  α∈[0.0, 180.0]°  members α=[60.0, 75.0]  checks 11/11 pass
[11:50:25]   ctrnact-isotoxal-family-k1-11: (cx4@0@5,cx4@0@a,cx4@1@7,cx4@1@-a+12)  α∈[0.0, 180.0]°  members α=[60.0]  checks 11/11 pass
[11:50:25]   ctrnact-isotoxal-family-k1-12: (cx4@0@5,cx4@0@a,cx4@1@-a+12,cx4@1@7)  α∈[0.0, 180.0]°  members α=[60.0]  checks 11/11 pass
[11:50:25]   ctrnact-isotoxal-family-k1-13: (cx4@0@5,cx4@1@-a+12,cx4@0@a,cx4@1@7)  α∈[0.0, 180.0]°  members α=[60.0]  checks 11/11 pass
[11:50:25]   ctrnact-isotoxal-family-k1-14: (3,cx6@0@a,3,cx6@1@-a+16)  α∈[60.0, 180.0]°  members α=[75.0, 90.0, 105.0]  checks 11/11 pass
[11:50:25]   ctrnact-isotoxal-family-k1-15: (6,cx6@0@a,cx6@1@-a+16)  α∈[60.0, 180.0]°  members α=[75.0, 90.0, 105.0]  checks 11/11 pass
[11:50:25]   ctrnact-isotoxal-family-k1-16: (4,cx8@0@a,cx8@1@-a+18)  α∈[90.0, 180.0]°  members α=[105.0, 120.0]  checks 11/11 pass
[11:50:25] wrote 16 family records → ../../experiments/results/ctrnact-isotoxal-families.cells.json  (0 with failing checks)
