================================================================
 k=3 with ALL optimizations — bounded run (candidate stage + fill sample)
 levers: TH10_DIRS=12 (octagon-blind) + PRUNE_EFF_C2=2 (√2) + W(8)=2k+2 + EXAMPLE_MODE
         + Rank 1 (periodic overlap) + Rank 2 (OP-1 pre-overlap) — working tree, uncommitted
 fill path: runK3Fill stratified sample (default 4000), TH10_FILL_BUDGET_MIN=15
 purpose: measure NEW per-fill cost vs the 07-08 baseline (~109ms, no R1+2) + honest projection
 NOTE: EXAMPLE MODE — W(8) pool unproven; no count/completeness claim. Sample = timing, not a tiling count.
================================================================
[08:12:24] ████████████████████████████████████████████████████████████████████████████████████████████████████
[08:12:24] ██ TH-10 SCOUT — EXAMPLE MODE ██ phase=k3 (k=3, s=8) — THE WEIGHT-8 POOL BOUND IS UNPROVEN; no count/completeness claim is made by anything below
[08:12:24] ⚑⚑ TH10_DIRS=12: pool built from 12 even-power roots (ℤ[ζ₁₂]) — OCTAGON-BLIND. 4.8.8 (t1002) and every octagon-bearing tiling at every k are UNREACHABLE (odd ζ₂₄ powers absent). Deliberate scope loss, not a bug.
[08:12:24] machine: darwin arm64, 10 cores, 24 GB RAM, node v24.14.1
[08:12:24] bounds: 24k·a_max = 806.12, pair-det cap = 64.00, ladder = exact tile-multiset sums (no tile-count cap at pair stage — see header)
[08:12:24]   W-BFS level 1: +12 distinct, |W(1)| = 13 (incl. 0), 0.0s
[08:12:24]   W-BFS level 2: +60 distinct, |W(2)| = 73 (incl. 0), 0.0s
[08:12:24]   W-BFS level 3: +180 distinct, |W(3)| = 253 (incl. 0), 0.0s
[08:12:24] ✓ det4 integer-quadruple sanity vs exact detSurd PASSED (strided sample)
[08:12:24]   W-BFS level 1: +12 distinct, |W(1)| = 13 (incl. 0), 0.0s
[08:12:24]   W-BFS level 2: +60 distinct, |W(2)| = 73 (incl. 0), 0.0s
[08:12:24]   W-BFS level 3: +180 distinct, |W(3)| = 253 (incl. 0), 0.0s
[08:12:24]   W-BFS level 4: +408 distinct, |W(4)| = 661 (incl. 0), 0.0s
[08:12:24]   W-BFS level 5: +780 distinct, |W(5)| = 1,441 (incl. 0), 0.0s
[08:12:24]   W-BFS level 6: +1,332 distinct, |W(6)| = 2,773 (incl. 0), 0.0s
[08:12:24]   W-BFS level 7: +2,100 distinct, |W(7)| = 4,873 (incl. 0), 0.0s
[08:12:24]   W-BFS level 8: +3,120 distinct, |W(8)| = 7,993 (incl. 0), 0.0s
[08:12:24] W(8) enumerated: 7,992 nonzero values (7,993 incl. 0) in 0.0s
[08:12:24] ⚑⚑⚑⚑⚑⚑⚑⚑⚑⚑⚑⚑⚑⚑⚑⚑⚑⚑⚑⚑⚑⚑⚑⚑⚑⚑⚑⚑⚑⚑⚑⚑⚑⚑⚑⚑⚑⚑⚑⚑⚑⚑⚑⚑⚑⚑⚑⚑⚑⚑⚑⚑⚑⚑⚑⚑⚑⚑⚑⚑
[08:12:24] ⚑ EFFICIENCY PRUNE ACTIVE — PRUNE_EFF_C2 = c² = 2/1 (c ≈ 1.4142). Keep pool vector v iff wt(v)² ≤ c²·|v|² (EXACT ℚ(√2,√3) test). DATA-GATHERING: a dropped tiling is the measured breaking datum, NOT a bug to silence.
[08:12:24] ⚑ POOL PRUNED: 7,992 → 4,368 vectors (54.65% kept, 1.83× vector-reduction ⇒ ~3.35× pair-reduction)
[08:12:24] ⚑ per-weight-shell kept: wt1 12/12 (100%)  wt2 48/60 (80%)  wt3 120/180 (67%)  wt4 240/408 (59%)  wt5 420/780 (54%)  wt6 732/1332 (55%)  wt7 1128/2100 (54%)  wt8 1668/3120 (53%)
[08:12:24] ⚑⚑⚑⚑⚑⚑⚑⚑⚑⚑⚑⚑⚑⚑⚑⚑⚑⚑⚑⚑⚑⚑⚑⚑⚑⚑⚑⚑⚑⚑⚑⚑⚑⚑⚑⚑⚑⚑⚑⚑⚑⚑⚑⚑⚑⚑⚑⚑⚑⚑⚑⚑⚑⚑⚑⚑⚑⚑⚑⚑
[08:12:24] area ladder (cap 64.00): 24,083 exact tile-sum values, min 0.4330; sharp (≤72 tiles) subset 24,083
[08:12:24] PAIR stage: 4,368 nonzero pool vectors → 9.54e+6 unordered pairs; det cap 64.00 (= min(s²=64, 24k·a_max=806.1)); ladder |exact| = 24,083
[08:12:45] PAIR stage done in 20.9s: examined 9.54e+6 pairs (4.55e+5/s) → det-in-range 9.44e+6 → bitmap 4.54e+6 → EXACT-admissible 4.54e+6 (sharp ≤72-tile: 4.54e+6) → DISTINCT lattices 753,947
[08:12:45] JOIN stage: closing 753,947 lattices under joins with 4,368 pool vectors (index bound per L: det/(√3/2))
[08:13:15]   join round 1: 113371/753947 lattices scanned, +11,093 new so far (prefilter 1,146,036, exact 1,146,036), elapsed 30.0s
[08:13:45]   join round 1: 227243/753947 lattices scanned, +23,852 new so far (prefilter 1,771,782, exact 1,771,782), elapsed 60.0s
[08:14:15]   join round 1: 339350/753947 lattices scanned, +39,682 new so far (prefilter 2,334,600, exact 2,334,600), elapsed 90.0s
[08:14:45]   join round 1: 443232/753947 lattices scanned, +54,680 new so far (prefilter 2,907,906, exact 2,907,906), elapsed 2.0min
[08:15:15]   join round 1: 549108/753947 lattices scanned, +65,792 new so far (prefilter 3,204,736, exact 3,204,736), elapsed 2.5min
[08:15:45]   join round 1: 647308/753947 lattices scanned, +78,349 new so far (prefilter 3,605,344, exact 3,605,344), elapsed 3.0min
[08:16:15]   join round 1: 742727/753947 lattices scanned, +90,757 new so far (prefilter 3,955,312, exact 3,955,312), elapsed 3.5min
[08:16:18]   join round 1: +92,035 new lattices (admissible 6), family 845,982, 3.6min
[08:16:34]   join round 2: +0 new lattices (admissible 0), family 845,982, 3.8min
[08:16:34] JOIN stage done in 3.8min: 2 rounds, +92,035 joined lattices (6 admissible-det), family total 845,982
[08:16:34] family after joins: 845,982 distinct lattices — 753,953 admissible-det (fill candidates), 753,953 sharp (≤72-tile); joins COMPLETED (2 rounds, +92,035, 6 admissible-det)
[08:19:09] ────────────────────────────────────────────────────────────────────────────────
[08:19:09] FILL MEASUREMENT (k=3, EXAMPLE MODE): distinct lattices 845,982, admissible-det 753,953
[08:19:09]   Σ per-seed fill work = 662,465 — THE REAL k=3 distinct-fill count at this pool (replaces the ~1.7e7 model)
[08:19:09]   449/449 seeds admit ≥1 lattice; per-seed counts (nonzero): [408, 408, 408, 408, 408, 408, 408, 408, 408, 408, 408, 408, 408, 408, 408, 408, 320, 320, 320, 320, 320, 320, 320, 180, 180, 180, 180, 180, 180, 180, 180, 180, 180, 180, 180, 73, 73, 3407, 3407, 3407, 3407, 3407, 3407, 3407, 3407, 3407, 3407, 8129, 8129, 8129, 8129, 8129, 8129, 8129, 5568, 5568, 5568, 5568, 8129, 8129, 8129, 8129, 8129, 8129, 8129, 119, 119, 119, 119, 119, 119, 2071, 328, 328, 328, 10176, 8129, 8129, 8129, 8129, 8129, 5568, 119, 119, 119, 119, 119, 2071, 119, 328, 328, 147, 147, 147, 147, 147, 116, 131, 4468, 4468, 4468, 4468, 3407, 2570, 77, 77, 77, 77, 77, 58, 58, 58, 58, 58, 77, 77, 77, 77, 77, 19, 19, 19, 2004, 2004, 2004, 594, 594, 594, 594, 594, 594, 594, 594, 594, 594, 594, 594, 594, 2004, 2004, 594, 452, 452, 77, 77, 19, 594, 594, 594, 594, 594, 594, 19, 594, 17, 31, 31, 87, 1446, 1446, 1446, 1446, 1446, 3419, 3419, 3419, 3419, 3419, 3419, 3419, 3419, 3419, 1446, 1446, 1446, 1446, 1446, 1446, 1446, 5671, 5671, 972, 972, 1446, 1446, 1446, 3419, 3419, 3419, 3419, 3419, 3419, 3419, 3419, 3419, 2770, 2770, 2770, 2770, 2770, 2770, 2770, 2770, 2770, 2770, 2770, 2770, 2770, 2770, 2770, 2770, 2770, 2770, 2770, 2770, 2770, 2770, 2770, 2770, 2770, 2770, 2770, 2770, 2770, 2770, 2770, 2770, 2770, 2770, 2770, 6, 6, 6, 6, 6, 6, 6, 6, 6, 6, 6, 6, 6, 57, 57, 57, 57, 57, 57, 57, 57, 57, 57, 57, 57, 57, 57, 57, 57, 57, 7621, 7621, 7621, 6, 6, 6, 6, 6, 6, 6, 6, 6, 6, 9, 9, 9, 1160, 1160, 1160, 1160, 1160, 73, 57, 57, 57, 57, 73, 73, 73, 237, 1160, 73, 73, 73, 57, 57, 57, 57, 34, 4564, 4564, 7621, 7621, 7621, 6, 6, 6, 6, 6, 6, 6, 6, 6, 6, 6, 6, 9, 89, 1160, 1160, 6, 6, 6, 6, 6, 6, 9, 9, 9, 89, 73, 73, 73, 57, 57, 57, 73, 73, 73, 73, 73, 73, 73, 237, 34, 73, 73, 73, 73, 73, 73, 73, 57, 57, 57, 57, 57, 57, 57, 57, 57, 57, 34, 34, 24, 24, 24, 24, 8, 62, 24, 8, 62, 62, 41, 15, 15, 15, 19, 11, 56, 39, 47, 1903, 1903, 4375, 4375, 4375, 4375, 4375, 4375, 4375, 1380, 1398, 1380, 15, 15, 15, 15, 8, 8, 19, 56, 56, 62, 62, 2099, 2099, 2099, 2099, 2099, 2099, 2099, 2099, 2099, 2099, 2099, 2099, 2099, 3819, 385, 385, 29, 29, 1903, 1903, 3819, 3819, 3819, 3819, 3819, 3819, 4737, 38, 385, 385, 385, 29, 331, 331, 331, 26, 26, 26, 26, 26, 29, 29, 29]
[08:19:23]   SAMPLING 4,169 lattices (stratified by seed × cell size); budget 15.0min
[PeriodSolver k=3] ⚑ EXAMPLE MODE (TH-10 scout): candidate-lattice stage REPLACED by an externally enumerated weight-s family — the substituted pool bound is UNPROVEN; results carry NO completeness or certification claim
[08:19:53]   fills: 913/4,169, 30.4/s, ETA 107.0s, cells 0
[PeriodSolver k=3] ⚑ blockOverlapPeriodic witness-containment guard: 1.5·cellDiam+0.1+2·maxCircum 13.67 > block reach 13.47 — a rep's overlap partner may escape the block; falling back to O(block²)
[PeriodSolver k=3] ⚑ blockOverlapPeriodic witness-containment guard: 1.5·cellDiam+0.1+2·maxCircum 13.67 > block reach 13.47 — a rep's overlap partner may escape the block; falling back to O(block²)
[08:20:23]   fills: 1,876/4,169, 31.3/s, ETA 73.4s, cells 0
[08:20:53]   fills: 3,038/4,169, 33.7/s, ETA 33.5s, cells 0
[PeriodSolver k=3] ⚑ blockOverlapPeriodic witness-containment guard: 1.5·cellDiam+0.1+2·maxCircum 13.66 > block reach 13.46 — a rep's overlap partner may escape the block; falling back to O(block²)
[PeriodSolver k=3] ⚑ blockOverlapPeriodic witness-containment guard: 1.5·cellDiam+0.1+2·maxCircum 13.66 > block reach 13.46 — a rep's overlap partner may escape the block; falling back to O(block²)
[08:21:23]   fills: 3,905/4,169, 32.5/s, ETA 8.1s, cells 2
[08:21:28] FILL MEASUREMENT done in 2.1min: 4,169 fills, 2 cells, raw 4, gate-rejected 2
[08:21:28]   per-fill cost (ms): mean 29.89, p50 28, p90 46, p99 67, max 3982 — ⚑ heavy-tailed, the p99/max drive real cost
[08:21:28]   per-fill mean by cell-size quartile (small→large det): Q1 24.3 · Q2 27.4 · Q3 33.2 · Q4 34.7 ms
[08:21:28]   PROJECTION full k=3 fill stage (662,465 fills):
[08:21:28]     at MEAN 29.89 ms/fill:  5.5h (1 core) · 41.2min (8 cores) · 33.0min (10 cores)
[08:21:28]     at p99  67 ms/fill (tail-aware): 92.5min (8 cores) — a conservative upper estimate
[08:21:28]   ⚑ EXAMPLE MODE: W(8) pool depth (s*≤8) UNPROVEN — this closes the TIMING half; total k=3 feasibility = this per-fill × the pool the proof licenses (s=8 vs s=10).
[08:21:28] ────────────────────────────────────────────────────────────────────────────────
[08:21:28] ██ TH-10 SCOUT phase=k3 finished in 9.1min — ALL numbers above are EXAMPLE MODE (unproven pool bound) ██
[08:21:28] 
EXIT=0 (run finished)
