================================================================
 k=3 MONSTER HUNT — WITH the early k-gate (this.k>=3 default ON)
 same seed/lattices as k3-monster-hunt-2026-07-09.log (candidate stage deterministic)
 expect: certify+primitive collapse on the orbit>3 closure-storms; wall drops; earlyGateRejected fires
================================================================
[09:07:49] ████████████████████████████████████████████████████████████████████████████████████████████████████
[09:07:49] ██ TH-10 SCOUT — EXAMPLE MODE ██ phase=k3 (k=3, s=8) — THE WEIGHT-8 POOL BOUND IS UNPROVEN; no count/completeness claim is made by anything below
[09:07:49] ⚑⚑ TH10_DIRS=12: pool built from 12 even-power roots (ℤ[ζ₁₂]) — OCTAGON-BLIND. 4.8.8 (t1002) and every octagon-bearing tiling at every k are UNREACHABLE (odd ζ₂₄ powers absent). Deliberate scope loss, not a bug.
[09:07:49] machine: darwin arm64, 10 cores, 24 GB RAM, node v24.14.1
[09:07:49] bounds: 24k·a_max = 806.12, pair-det cap = 64.00, ladder = exact tile-multiset sums (no tile-count cap at pair stage — see header)
[09:07:49]   W-BFS level 1: +12 distinct, |W(1)| = 13 (incl. 0), 0.0s
[09:07:49]   W-BFS level 2: +60 distinct, |W(2)| = 73 (incl. 0), 0.0s
[09:07:49]   W-BFS level 3: +180 distinct, |W(3)| = 253 (incl. 0), 0.0s
[09:07:49] ✓ det4 integer-quadruple sanity vs exact detSurd PASSED (strided sample)
[09:07:49]   W-BFS level 1: +12 distinct, |W(1)| = 13 (incl. 0), 0.0s
[09:07:49]   W-BFS level 2: +60 distinct, |W(2)| = 73 (incl. 0), 0.0s
[09:07:49]   W-BFS level 3: +180 distinct, |W(3)| = 253 (incl. 0), 0.0s
[09:07:49]   W-BFS level 4: +408 distinct, |W(4)| = 661 (incl. 0), 0.0s
[09:07:49]   W-BFS level 5: +780 distinct, |W(5)| = 1,441 (incl. 0), 0.0s
[09:07:49]   W-BFS level 6: +1,332 distinct, |W(6)| = 2,773 (incl. 0), 0.0s
[09:07:49]   W-BFS level 7: +2,100 distinct, |W(7)| = 4,873 (incl. 0), 0.0s
[09:07:49]   W-BFS level 8: +3,120 distinct, |W(8)| = 7,993 (incl. 0), 0.0s
[09:07:49] W(8) enumerated: 7,992 nonzero values (7,993 incl. 0) in 0.0s
[09:07:49] ⚑⚑⚑⚑⚑⚑⚑⚑⚑⚑⚑⚑⚑⚑⚑⚑⚑⚑⚑⚑⚑⚑⚑⚑⚑⚑⚑⚑⚑⚑⚑⚑⚑⚑⚑⚑⚑⚑⚑⚑⚑⚑⚑⚑⚑⚑⚑⚑⚑⚑⚑⚑⚑⚑⚑⚑⚑⚑⚑⚑
[09:07:49] ⚑ EFFICIENCY PRUNE ACTIVE — PRUNE_EFF_C2 = c² = 2/1 (c ≈ 1.4142). Keep pool vector v iff wt(v)² ≤ c²·|v|² (EXACT ℚ(√2,√3) test). DATA-GATHERING: a dropped tiling is the measured breaking datum, NOT a bug to silence.
[09:07:49] ⚑ POOL PRUNED: 7,992 → 4,368 vectors (54.65% kept, 1.83× vector-reduction ⇒ ~3.35× pair-reduction)
[09:07:49] ⚑ per-weight-shell kept: wt1 12/12 (100%)  wt2 48/60 (80%)  wt3 120/180 (67%)  wt4 240/408 (59%)  wt5 420/780 (54%)  wt6 732/1332 (55%)  wt7 1128/2100 (54%)  wt8 1668/3120 (53%)
[09:07:49] ⚑⚑⚑⚑⚑⚑⚑⚑⚑⚑⚑⚑⚑⚑⚑⚑⚑⚑⚑⚑⚑⚑⚑⚑⚑⚑⚑⚑⚑⚑⚑⚑⚑⚑⚑⚑⚑⚑⚑⚑⚑⚑⚑⚑⚑⚑⚑⚑⚑⚑⚑⚑⚑⚑⚑⚑⚑⚑⚑⚑
[09:07:49] area ladder (cap 64.00): 24,083 exact tile-sum values, min 0.4330; sharp (≤72 tiles) subset 24,083
[09:07:49] PAIR stage: 4,368 nonzero pool vectors → 9.54e+6 unordered pairs; det cap 64.00 (= min(s²=64, 24k·a_max=806.1)); ladder |exact| = 24,083
[09:08:13] PAIR stage done in 23.6s: examined 9.54e+6 pairs (4.03e+5/s) → det-in-range 9.44e+6 → bitmap 4.54e+6 → EXACT-admissible 4.54e+6 (sharp ≤72-tile: 4.54e+6) → DISTINCT lattices 753,947
[09:08:13] JOIN stage: closing 753,947 lattices under joins with 4,368 pool vectors (index bound per L: det/(√3/2))
[09:08:43]   join round 1: 102145/753947 lattices scanned, +10,127 new so far (prefilter 1,007,584, exact 1,007,584), elapsed 30.0s
[09:09:13]   join round 1: 198220/753947 lattices scanned, +19,903 new so far (prefilter 1,545,882, exact 1,545,882), elapsed 60.0s
[09:09:43]   join round 1: 295837/753947 lattices scanned, +33,946 new so far (prefilter 2,097,460, exact 2,097,460), elapsed 90.0s
[09:10:13]   join round 1: 388137/753947 lattices scanned, +47,168 new so far (prefilter 2,596,782, exact 2,596,782), elapsed 2.0min
[09:10:43]   join round 1: 476242/753947 lattices scanned, +57,810 new so far (prefilter 2,989,896, exact 2,989,896), elapsed 2.5min
[09:11:13]   join round 1: 562506/753947 lattices scanned, +67,420 new so far (prefilter 3,246,938, exact 3,246,938), elapsed 3.0min
[09:11:43]   join round 1: 647699/753947 lattices scanned, +78,362 new so far (prefilter 3,609,586, exact 3,609,586), elapsed 3.5min
[09:12:13]   join round 1: 728798/753947 lattices scanned, +88,890 new so far (prefilter 3,879,660, exact 3,879,660), elapsed 4.0min
[09:12:22]   join round 1: +92,035 new lattices (admissible 6), family 845,982, 4.2min
[09:12:38]   join round 2: +0 new lattices (admissible 0), family 845,982, 4.4min
[09:12:38] JOIN stage done in 4.4min: 2 rounds, +92,035 joined lattices (6 admissible-det), family total 845,982
[09:12:38] family after joins: 845,982 distinct lattices — 753,953 admissible-det (fill candidates), 753,953 sharp (≤72-tile); joins COMPLETED (2 rounds, +92,035, 6 admissible-det)
[09:15:02] ⚑ TH10_SEED_ONLY='[3,3,3,3,3,3;3,3,3,3,6;3,3,3,3,6]': restricted to 16 seed(s) — [3,3,3,3,3,3;3,3,3,3,6;3,3,3,3,6]  [3,3,3,3,3,3;3,3,3,3,6;3,3,3,3,6]  [3,3,3,3,3,3;3,3,3,3,6;3,3,3,3,6]  [3,3,3,3,3,3;3,3,3,3,6;3,3,3,3,6]  [3,3,3,3,3,3;3,3,3,3,6;3,3,3,3,6]  [3,3,3,3,3,3;3,3,3,3,6;3,3,3,3,6]  [3,3,3,3,3,3;3,3,3,3,6;3,3,3,3,6]  [3,3,3,3,3,3;3,3,3,3,6;3,3,3,3,6]  [3,3,3,3,3,3;3,3,3,3,6;3,3,3,3,6]  [3,3,3,3,3,3;3,3,3,3,6;3,3,3,3,6]  [3,3,3,3,3,3;3,3,3,3,6;3,3,3,3,6]  [3,3,3,3,3,3;3,3,3,3,6;3,3,3,3,6]  [3,3,3,3,3,3;3,3,3,3,6;3,3,3,3,6]  [3,3,3,3,3,3;3,3,3,3,6;3,3,3,3,6]  [3,3,3,3,3,3;3,3,3,3,6;3,3,3,3,6]  [3,3,3,3,3,3;3,3,3,3,6;3,3,3,3,6]
[09:15:03] ────────────────────────────────────────────────────────────────────────────────
[09:15:03] FILL MEASUREMENT (k=3, EXAMPLE MODE): distinct lattices 845,982, admissible-det 753,953
[09:15:03]   Σ per-seed fill work = 6,528 — THE REAL k=3 distinct-fill count at this pool (replaces the ~1.7e7 model)
[09:15:03]   16/16 seeds admit ≥1 lattice; per-seed counts (nonzero): [408, 408, 408, 408, 408, 408, 408, 408, 408, 408, 408, 408, 408, 408, 408, 408]
[09:15:03]   SAMPLING 4,000 lattices (stratified by seed × cell size); budget 20.0min
[PeriodSolver k=3] ⚑ EXAMPLE MODE (TH-10 scout): candidate-lattice stage REPLACED by an externally enumerated weight-s family — the substituted pool bound is UNPROVEN; results carry NO completeness or certification claim
[09:15:11]   ⚑ SLOW FILL 7656ms detF=34.64 cells=0 seed=[3,3,3,3,3,3;3,3,3,3,6;3,3,3,3,6]
[09:15:11]       tree: pops 4,438, contradictions 632, closures 0, places 7,612, pushed 4,437, 1.72 ms/pop
[09:15:11]       time(ms): setup 17 · analyze 1591 · certify 0 (buildBlock 0 / overlap 0 / judge 0) · expand 6006 · primitive 0
[09:15:15]   ⚑ SLOW FILL 4088ms detF=34.64 cells=0 seed=[3,3,3,3,3,3;3,3,3,3,6;3,3,3,3,6]
[09:15:15]       tree: pops 2,647, contradictions 228, closures 0, places 4,838, pushed 2,646, 1.54 ms/pop
[09:15:15]       time(ms): setup 15 · analyze 817 · certify 0 (buildBlock 0 / overlap 0 / judge 0) · expand 3238 · primitive 0
[09:15:19]   ⚑ SLOW FILL 4014ms detF=34.64 cells=0 seed=[3,3,3,3,3,3;3,3,3,3,6;3,3,3,3,6]
[09:15:19]       tree: pops 2,696, contradictions 227, closures 0, places 4,938, pushed 2,695, 1.48 ms/pop
[09:15:19]       time(ms): setup 15 · analyze 805 · certify 0 (buildBlock 0 / overlap 0 / judge 0) · expand 3179 · primitive 0
[09:15:23]   ⚑ SLOW FILL 4209ms detF=34.64 cells=0 seed=[3,3,3,3,3,3;3,3,3,3,6;3,3,3,3,6]
[09:15:23]       tree: pops 2,731, contradictions 252, closures 0, places 4,958, pushed 2,730, 1.54 ms/pop
[09:15:23]       time(ms): setup 15 · analyze 843 · certify 0 (buildBlock 0 / overlap 0 / judge 0) · expand 3335 · primitive 0
[09:15:30]   ⚑ SLOW FILL 6823ms detF=34.64 cells=0 seed=[3,3,3,3,3,3;3,3,3,3,6;3,3,3,3,6]
[09:15:30]       tree: pops 4,404, contradictions 627, closures 0, places 7,554, pushed 4,403, 1.54 ms/pop
[09:15:30]       time(ms): setup 14 · analyze 1295 · certify 0 (buildBlock 0 / overlap 0 / judge 0) · expand 5487 · primitive 0
[09:15:30]   ⚑ captured 5 slow fills (TH10_FILL_SLOW_N=5) — stopping
[09:15:30] FILL MEASUREMENT ⚑ partial in 26.8s: 5 fills, 0 cells, raw 0, gate-rejected 0
[09:15:30]   per-fill cost (ms): mean 5358.00, p50 4209, p90 7656, p99 7656, max 7656 — ⚑ heavy-tailed, the p99/max drive real cost
[09:15:30]   per-fill mean by cell-size quartile (small→large det): Q1 6823.0 · Q2 7656.0 · Q3 4088.0 · Q4 4111.5 ms
[09:15:30]   PROJECTION full k=3 fill stage (6,528 fills):
[09:15:30]     at MEAN 5358.00 ms/fill:  9.7h (1 core) · 72.9min (8 cores) · 58.3min (10 cores)
[09:15:30]     at p99  7656 ms/fill (tail-aware): 104.1min (8 cores) — a conservative upper estimate
[09:15:30]   ⚑ EXAMPLE MODE: W(8) pool depth (s*≤8) UNPROVEN — this closes the TIMING half; total k=3 feasibility = this per-fill × the pool the proof licenses (s=8 vs s=10).
[09:15:30] ────────────────────────────────────────────────────────────────────────────────
[09:15:30] ██ TH-10 SCOUT phase=k3 finished in 7.7min — ALL numbers above are EXAMPLE MODE (unproven pool bound) ██
[09:15:30] 

[PS_FILL_PROFILE] fill-internals aggregate over 5 torusFill calls, 16916 pops — total timed 26775ms
  VALIDITY total 5351ms (20.0%) | SELECTION 21244ms (79.3%) | SETUP 76ms (0.3%) | BOOKKEEPING 105ms (0.4%)
    setup    (per-fill: initial block + self-overlap)           76ms    0.3%
    analyze  (validity: open-vertex / contradiction)          5351ms   20.0%
    certify  (validity: isCompleteTiling certificate)            0ms    0.0%
    primitive(validity: isPrimitive supercell check)             0ms    0.0%
    expand   (selection: gap + place + reduce + block)       21244ms   79.3%
    dedupKey (bookkeeping: stateKey + seenState)               105ms    0.4%
  certify breakdown (of 0ms isCompleteTiling): area(Surd) 0ms 0% | buildBlock(R=cellDiam+8) 0ms 0% | overlap(O(n²) intersects) 0ms 0% | vertexJudge 0ms 0%
  tree shape: pops 16916, seenHits 0, capSkips 0, contradictions 1966, closures 0
    closure fate: certCalls 0 → certPass 0; primCalls 0 → primTrue 0
    placements: attempted 29900, pushed 16911; rejected: overlap 11633, dup 0, p1 1356, cap 0
    per-pop fan-out: 1.77 places/pop, 1.00 children/pop
EXIT=0 (early-gate monster hunt finished)

=== RETRY: threshold 12s (skip the ~7s dead-ends) → capture the detF=33.77 closure-storms with the early gate ===
[09:16:46] ████████████████████████████████████████████████████████████████████████████████████████████████████
[09:16:46] ██ TH-10 SCOUT — EXAMPLE MODE ██ phase=k3 (k=3, s=8) — THE WEIGHT-8 POOL BOUND IS UNPROVEN; no count/completeness claim is made by anything below
[09:16:46] ⚑⚑ TH10_DIRS=12: pool built from 12 even-power roots (ℤ[ζ₁₂]) — OCTAGON-BLIND. 4.8.8 (t1002) and every octagon-bearing tiling at every k are UNREACHABLE (odd ζ₂₄ powers absent). Deliberate scope loss, not a bug.
[09:16:46] machine: darwin arm64, 10 cores, 24 GB RAM, node v24.14.1
[09:16:46] bounds: 24k·a_max = 806.12, pair-det cap = 64.00, ladder = exact tile-multiset sums (no tile-count cap at pair stage — see header)
[09:16:46]   W-BFS level 1: +12 distinct, |W(1)| = 13 (incl. 0), 0.0s
[09:16:46]   W-BFS level 2: +60 distinct, |W(2)| = 73 (incl. 0), 0.0s
[09:16:46]   W-BFS level 3: +180 distinct, |W(3)| = 253 (incl. 0), 0.0s
[09:16:46] ✓ det4 integer-quadruple sanity vs exact detSurd PASSED (strided sample)
[09:16:46]   W-BFS level 1: +12 distinct, |W(1)| = 13 (incl. 0), 0.0s
[09:16:46]   W-BFS level 2: +60 distinct, |W(2)| = 73 (incl. 0), 0.0s
[09:16:46]   W-BFS level 3: +180 distinct, |W(3)| = 253 (incl. 0), 0.0s
[09:16:46]   W-BFS level 4: +408 distinct, |W(4)| = 661 (incl. 0), 0.0s
[09:16:46]   W-BFS level 5: +780 distinct, |W(5)| = 1,441 (incl. 0), 0.0s
[09:16:46]   W-BFS level 6: +1,332 distinct, |W(6)| = 2,773 (incl. 0), 0.0s
[09:16:46]   W-BFS level 7: +2,100 distinct, |W(7)| = 4,873 (incl. 0), 0.0s
[09:16:46]   W-BFS level 8: +3,120 distinct, |W(8)| = 7,993 (incl. 0), 0.0s
[09:16:46] W(8) enumerated: 7,992 nonzero values (7,993 incl. 0) in 0.0s
[09:16:46] ⚑⚑⚑⚑⚑⚑⚑⚑⚑⚑⚑⚑⚑⚑⚑⚑⚑⚑⚑⚑⚑⚑⚑⚑⚑⚑⚑⚑⚑⚑⚑⚑⚑⚑⚑⚑⚑⚑⚑⚑⚑⚑⚑⚑⚑⚑⚑⚑⚑⚑⚑⚑⚑⚑⚑⚑⚑⚑⚑⚑
[09:16:46] ⚑ EFFICIENCY PRUNE ACTIVE — PRUNE_EFF_C2 = c² = 2/1 (c ≈ 1.4142). Keep pool vector v iff wt(v)² ≤ c²·|v|² (EXACT ℚ(√2,√3) test). DATA-GATHERING: a dropped tiling is the measured breaking datum, NOT a bug to silence.
[09:16:46] ⚑ POOL PRUNED: 7,992 → 4,368 vectors (54.65% kept, 1.83× vector-reduction ⇒ ~3.35× pair-reduction)
[09:16:46] ⚑ per-weight-shell kept: wt1 12/12 (100%)  wt2 48/60 (80%)  wt3 120/180 (67%)  wt4 240/408 (59%)  wt5 420/780 (54%)  wt6 732/1332 (55%)  wt7 1128/2100 (54%)  wt8 1668/3120 (53%)
[09:16:46] ⚑⚑⚑⚑⚑⚑⚑⚑⚑⚑⚑⚑⚑⚑⚑⚑⚑⚑⚑⚑⚑⚑⚑⚑⚑⚑⚑⚑⚑⚑⚑⚑⚑⚑⚑⚑⚑⚑⚑⚑⚑⚑⚑⚑⚑⚑⚑⚑⚑⚑⚑⚑⚑⚑⚑⚑⚑⚑⚑⚑
[09:16:46] area ladder (cap 64.00): 24,083 exact tile-sum values, min 0.4330; sharp (≤72 tiles) subset 24,083
[09:16:46] PAIR stage: 4,368 nonzero pool vectors → 9.54e+6 unordered pairs; det cap 64.00 (= min(s²=64, 24k·a_max=806.1)); ladder |exact| = 24,083
[09:17:08] PAIR stage done in 22.2s: examined 9.54e+6 pairs (4.30e+5/s) → det-in-range 9.44e+6 → bitmap 4.54e+6 → EXACT-admissible 4.54e+6 (sharp ≤72-tile: 4.54e+6) → DISTINCT lattices 753,947
[09:17:08] JOIN stage: closing 753,947 lattices under joins with 4,368 pool vectors (index bound per L: det/(√3/2))
[09:17:38]   join round 1: 109045/753947 lattices scanned, +10,586 new so far (prefilter 1,122,054, exact 1,122,054), elapsed 30.0s
[09:18:08]   join round 1: 220191/753947 lattices scanned, +22,548 new so far (prefilter 1,738,056, exact 1,738,056), elapsed 60.0s
[09:18:38]   join round 1: 331304/753947 lattices scanned, +38,619 new so far (prefilter 2,273,586, exact 2,273,586), elapsed 90.0s
[09:19:08]   join round 1: 432017/753947 lattices scanned, +53,516 new so far (prefilter 2,876,544, exact 2,876,544), elapsed 2.0min
[09:19:38]   join round 1: 537651/753947 lattices scanned, +64,487 new so far (prefilter 3,166,372, exact 3,166,372), elapsed 2.5min
[09:20:08]   join round 1: 635115/753947 lattices scanned, +76,683 new so far (prefilter 3,550,666, exact 3,550,666), elapsed 3.0min
[09:20:38]   join round 1: 729807/753947 lattices scanned, +89,010 new so far (prefilter 3,884,076, exact 3,884,076), elapsed 3.5min
[09:20:46]   join round 1: +92,035 new lattices (admissible 6), family 845,982, 3.6min
[09:21:02]   join round 2: +0 new lattices (admissible 0), family 845,982, 3.9min
[09:21:02] JOIN stage done in 3.9min: 2 rounds, +92,035 joined lattices (6 admissible-det), family total 845,982
[09:21:02] family after joins: 845,982 distinct lattices — 753,953 admissible-det (fill candidates), 753,953 sharp (≤72-tile); joins COMPLETED (2 rounds, +92,035, 6 admissible-det)
[09:23:16] ⚑ TH10_SEED_ONLY='[3,3,3,3,3,3;3,3,3,3,6;3,3,3,3,6]': restricted to 16 seed(s) — [3,3,3,3,3,3;3,3,3,3,6;3,3,3,3,6]  [3,3,3,3,3,3;3,3,3,3,6;3,3,3,3,6]  [3,3,3,3,3,3;3,3,3,3,6;3,3,3,3,6]  [3,3,3,3,3,3;3,3,3,3,6;3,3,3,3,6]  [3,3,3,3,3,3;3,3,3,3,6;3,3,3,3,6]  [3,3,3,3,3,3;3,3,3,3,6;3,3,3,3,6]  [3,3,3,3,3,3;3,3,3,3,6;3,3,3,3,6]  [3,3,3,3,3,3;3,3,3,3,6;3,3,3,3,6]  [3,3,3,3,3,3;3,3,3,3,6;3,3,3,3,6]  [3,3,3,3,3,3;3,3,3,3,6;3,3,3,3,6]  [3,3,3,3,3,3;3,3,3,3,6;3,3,3,3,6]  [3,3,3,3,3,3;3,3,3,3,6;3,3,3,3,6]  [3,3,3,3,3,3;3,3,3,3,6;3,3,3,3,6]  [3,3,3,3,3,3;3,3,3,3,6;3,3,3,3,6]  [3,3,3,3,3,3;3,3,3,3,6;3,3,3,3,6]  [3,3,3,3,3,3;3,3,3,3,6;3,3,3,3,6]
[09:23:16] ────────────────────────────────────────────────────────────────────────────────
[09:23:16] FILL MEASUREMENT (k=3, EXAMPLE MODE): distinct lattices 845,982, admissible-det 753,953
[09:23:16]   Σ per-seed fill work = 6,528 — THE REAL k=3 distinct-fill count at this pool (replaces the ~1.7e7 model)
[09:23:16]   16/16 seeds admit ≥1 lattice; per-seed counts (nonzero): [408, 408, 408, 408, 408, 408, 408, 408, 408, 408, 408, 408, 408, 408, 408, 408]
[09:23:17]   SAMPLING 4,000 lattices (stratified by seed × cell size); budget 20.0min
[PeriodSolver k=3] ⚑ EXAMPLE MODE (TH-10 scout): candidate-lattice stage REPLACED by an externally enumerated weight-s family — the substituted pool bound is UNPROVEN; results carry NO completeness or certification claim
[09:23:50]   fills: 7/4,000, 0.2/s, ETA 5.3h, cells 0
[09:24:24]   ⚑ SLOW FILL 33775ms detF=33.77 cells=0 seed=[3,3,3,3,3,3;3,3,3,3,6;3,3,3,3,6]
[09:24:24]       tree: pops 9,315, contradictions 1,609, closures 93, places 15,226, pushed 9,314, 1.65 ms/pop
[09:24:24]       time(ms): setup 14 · analyze 3310 · certify 0 (buildBlock 0 / overlap 0 / judge 0) · expand 12052 · primitive 0
[09:24:24]   fills: 8/4,000, 0.1/s, ETA 9.3h, cells 0
[09:25:07]   ⚑ SLOW FILL 35216ms detF=33.77 cells=0 seed=[3,3,3,3,3,3;3,3,3,3,6;3,3,3,3,6]
[09:25:07]       tree: pops 10,569, contradictions 1,760, closures 93, places 17,432, pushed 10,568, 1.61 ms/pop
[09:25:07]       time(ms): setup 14 · analyze 3874 · certify 0 (buildBlock 0 / overlap 0 / judge 0) · expand 13171 · primitive 0
[09:25:07]   fills: 11/4,000, 0.1/s, ETA 11.1h, cells 0
[09:25:42]   ⚑ SLOW FILL 34759ms detF=33.77 cells=0 seed=[3,3,3,3,3,3;3,3,3,3,6;3,3,3,3,6]
[09:25:42]       tree: pops 10,510, contradictions 1,747, closures 93, places 17,340, pushed 10,509, 1.61 ms/pop
[09:25:42]       time(ms): setup 14 · analyze 3820 · certify 0 (buildBlock 0 / overlap 0 / judge 0) · expand 13076 · primitive 0
[09:25:42]   ⚑ captured 3 slow fills (TH10_FILL_SLOW_N=3) — stopping
[09:25:42] FILL MEASUREMENT ⚑ partial in 2.4min: 12 fills, 0 cells, raw 0, gate-rejected 0
[09:25:42]   per-fill cost (ms): mean 12074.00, p50 4291, p90 34759, p99 35216, max 35216 — ⚑ heavy-tailed, the p99/max drive real cost
[09:25:42]   per-fill mean by cell-size quartile (small→large det): Q1 34583.3 · Q2 3954.3 · Q3 5714.3 · Q4 4044.0 ms
[09:25:42]   PROJECTION full k=3 fill stage (6,528 fills):
[09:25:42]     at MEAN 12074.00 ms/fill:  21.9h (1 core) · 2.7h (8 cores) · 2.2h (10 cores)
[09:25:42]     at p99  35216 ms/fill (tail-aware): 8.0h (8 cores) — a conservative upper estimate
[09:25:42]   ⚑ EXAMPLE MODE: W(8) pool depth (s*≤8) UNPROVEN — this closes the TIMING half; total k=3 feasibility = this per-fill × the pool the proof licenses (s=8 vs s=10).
[09:25:42] ────────────────────────────────────────────────────────────────────────────────
[09:25:42] ██ TH-10 SCOUT phase=k3 finished in 8.9min — ALL numbers above are EXAMPLE MODE (unproven pool bound) ██
[09:25:42] 

[PS_FILL_PROFILE] fill-internals aggregate over 12 torusFill calls, 58040 pops — total timed 90691ms
  VALIDITY total 19382ms (21.4%) | SELECTION 70761ms (78.0%) | SETUP 169ms (0.2%) | BOOKKEEPING 380ms (0.4%)
    setup    (per-fill: initial block + self-overlap)          169ms    0.2%
    analyze  (validity: open-vertex / contradiction)         19382ms   21.4%
    certify  (validity: isCompleteTiling certificate)            0ms    0.0%
    primitive(validity: isPrimitive supercell check)             0ms    0.0%
    expand   (selection: gap + place + reduce + block)       70761ms   78.0%
    dedupKey (bookkeeping: stateKey + seenState)               380ms    0.4%
  certify breakdown (of 0ms isCompleteTiling): area(Surd) 0ms 0% | buildBlock(R=cellDiam+8) 0ms 0% | overlap(O(n²) intersects) 0ms 0% | vertexJudge 0ms 0%
  tree shape: pops 58040, seenHits 0, capSkips 0, contradictions 8018, closures 279
    closure fate: certCalls 0 → certPass 0; primCalls 0 → primTrue 0
    placements: attempted 99486, pushed 58028; rejected: overlap 39829, dup 0, p1 1629, cap 0
    per-pop fan-out: 1.71 places/pop, 1.00 children/pop
EXIT=0 (retry finished)
