[18:22:42] === k=3 re-cert per-tiling oracle match — artifact .scout-cache/k3_3.4.6.12_cap0.ndjson ===
[18:22:42] oracle k=3 entries: 61 (must be 61)
[18:22:42] reconstructed: 61/61 (errors: 0)
[18:22:42] raw cells: 362
[18:33:32] congruence classes: 61 (must be 61)
[18:33:32] differential: re-checking 301 merges + 1830 splits independently…
[18:33:32]   …differential 50/2131 (0s elapsed, ETA 4s)
[18:33:32]   …differential 100/2131 (0s elapsed, ETA 3s)
[18:33:32]   …differential 150/2131 (0s elapsed, ETA 2s)
[18:33:32]   …differential 200/2131 (0s elapsed, ETA 2s)
[18:33:32]   …differential 250/2131 (0s elapsed, ETA 2s)
[18:33:32]   …differential 300/2131 (0s elapsed, ETA 2s)
[18:33:32]   …differential 350/2131 (0s elapsed, ETA 1s)
[18:33:32]   …differential 400/2131 (0s elapsed, ETA 1s)
[18:33:32]   …differential 450/2131 (0s elapsed, ETA 1s)
[18:33:32]   …differential 500/2131 (0s elapsed, ETA 1s)
[18:33:32]   …differential 550/2131 (0s elapsed, ETA 1s)
[18:33:32]   …differential 600/2131 (0s elapsed, ETA 1s)
[18:33:32]   …differential 650/2131 (0s elapsed, ETA 1s)
[18:33:32]   …differential 700/2131 (0s elapsed, ETA 1s)
[18:33:32]   …differential 750/2131 (0s elapsed, ETA 0s)
[18:33:32]   …differential 800/2131 (0s elapsed, ETA 0s)
[18:33:32]   …differential 850/2131 (0s elapsed, ETA 0s)
[18:33:32]   …differential 900/2131 (0s elapsed, ETA 0s)
[18:33:32]   …differential 950/2131 (0s elapsed, ETA 0s)
[18:33:32]   …differential 1000/2131 (0s elapsed, ETA 0s)
[18:33:32]   …differential 1050/2131 (0s elapsed, ETA 0s)
[18:33:32]   …differential 1100/2131 (0s elapsed, ETA 0s)
[18:33:32]   …differential 1150/2131 (0s elapsed, ETA 0s)
[18:33:32]   …differential 1200/2131 (0s elapsed, ETA 0s)
[18:33:32]   …differential 1250/2131 (0s elapsed, ETA 0s)
[18:33:32]   …differential 1300/2131 (0s elapsed, ETA 0s)
[18:33:32]   …differential 1350/2131 (0s elapsed, ETA 0s)
[18:33:32]   …differential 1400/2131 (0s elapsed, ETA 0s)
[18:33:32]   …differential 1450/2131 (0s elapsed, ETA 0s)
[18:33:32]   …differential 1500/2131 (0s elapsed, ETA 0s)
[18:33:32]   …differential 1550/2131 (0s elapsed, ETA 0s)
[18:33:32]   …differential 1600/2131 (0s elapsed, ETA 0s)
[18:33:32]   …differential 1650/2131 (0s elapsed, ETA 0s)
[18:33:32]   …differential 1700/2131 (0s elapsed, ETA 0s)
[18:33:32]   …differential 1750/2131 (0s elapsed, ETA 0s)
[18:33:32]   …differential 1800/2131 (0s elapsed, ETA 0s)
[18:33:32]   …differential 1850/2131 (0s elapsed, ETA 0s)
[18:33:32]   …differential 1900/2131 (0s elapsed, ETA 0s)
[18:33:32]   …differential 1950/2131 (0s elapsed, ETA 0s)
[18:33:32]   …differential 2000/2131 (0s elapsed, ETA 0s)
[18:33:32]   …differential 2050/2131 (0s elapsed, ETA 0s)
[18:33:32]   …differential 2100/2131 (0s elapsed, ETA 0s)
[18:33:32]   …differential 2131/2131 (0s elapsed, ETA 0s)
[18:33:32] differential: 301 merges + 1830 splits re-checked — 0 mismatches
[18:33:33]   …10/61 oracle entries matched
[18:33:33]   …20/61 oracle entries matched
[18:33:33]   …30/61 oracle entries matched
[18:33:33]   …40/61 oracle entries matched
[18:33:33]   …50/61 oracle entries matched
[18:33:33]   …60/61 oracle entries matched
[18:33:33] oracle entries with exactly one scout match: 61/61
[18:33:33] t3007 matched: true
[18:33:33] scout cells matched by ≥2 oracle entries (duplicates): 0
[18:33:33] scout cells matched by NO oracle entry: 0
[18:33:33] ★ PASS — 61/61 per-tiling bijection, t3007 present, no duplicates, differential clean
