=== k=3 SCOUT-DIGEST STABILITY REGRESSION (×2) + CB-2/7/8 batch acceptance ===
commit: 0d6c96b (master = feat/m2-realizer; CB-2 216302b + CB-7/8 eefa6ac on the recert lineage)
purpose: (1) reproduce the certified digest on a FRESH sweep — closes the "single-run scout digest"
         residue (NOTES §31/§32); (2) k=3 acceptance for the CB-2/7/8 landings (k≤2 verified
         byte-identical post-merge, b81e823).
acceptance: 449/449 seeds, 0 timeouts, count=61, COMPOSITION digest=99919f42a7b58e76 byte-identical.
ANY other digest = loud stop: investigate before trusting either run.
config: scout-parallel 3 3,4,6,12 maxMs=0 W=8 fresh (accepted artifact preserved at
        .scout-cache/k3-accepted-99919f42a7b58e76.ndjson; resume cache removed pre-launch)
started: Wed Jun 10 16:30:21 CEST 2026 — ETA ~2.3h on idle machine; expect CB-8 regime banner + reach lines on stderr (diagnostics-only)
[coord] total=449 seeds, resumed=0, workers=8, cap=0ms (no cap / certified)
[PeriodSolver k=3] ⚑ INCOMPLETE-REGION (tuned pool regime): poolSteps=8 (proven 71), poolLmax=8.12 (proven 216.00), compactOffMax2=66.00, gridShortMax2=66.00 (proven 216.00), areaBound=187.06 (proven 187.06) below proven box — run is oracle-anchored, not proof-anchored
[PeriodSolver k=3] ⚑ INCOMPLETE-REGION (grid long-side reach): 1218 solved cmm/rect long axes exceed poolLmax=8.12 and are not enumerated
[PeriodSolver k=3] ⚑ INCOMPLETE-REGION (tuned pool regime): poolSteps=8 (proven 71), poolLmax=8.12 (proven 216.00), compactOffMax2=66.00, gridShortMax2=66.00 (proven 216.00), areaBound=187.06 (proven 187.06) below proven box — run is oracle-anchored, not proof-anchored
[PeriodSolver k=3] ⚑ INCOMPLETE-REGION (grid long-side reach): 1218 solved cmm/rect long axes exceed poolLmax=8.12 and are not enumerated
[PeriodSolver k=3] ⚑ INCOMPLETE-REGION (tuned pool regime): poolSteps=8 (proven 71), poolLmax=8.12 (proven 216.00), compactOffMax2=66.00, gridShortMax2=66.00 (proven 216.00), areaBound=187.06 (proven 187.06) below proven box — run is oracle-anchored, not proof-anchored
[PeriodSolver k=3] ⚑ INCOMPLETE-REGION (tuned pool regime): poolSteps=8 (proven 71), poolLmax=8.12 (proven 216.00), compactOffMax2=66.00, gridShortMax2=66.00 (proven 216.00), areaBound=187.06 (proven 187.06) below proven box — run is oracle-anchored, not proof-anchored
[PeriodSolver k=3] ⚑ INCOMPLETE-REGION (grid long-side reach): 1218 solved cmm/rect long axes exceed poolLmax=8.12 and are not enumerated
[PeriodSolver k=3] ⚑ INCOMPLETE-REGION (grid long-side reach): 1218 solved cmm/rect long axes exceed poolLmax=8.12 and are not enumerated
[PeriodSolver k=3] ⚑ INCOMPLETE-REGION (tuned pool regime): poolSteps=8 (proven 71), poolLmax=8.12 (proven 216.00), compactOffMax2=66.00, gridShortMax2=66.00 (proven 216.00), areaBound=187.06 (proven 187.06) below proven box — run is oracle-anchored, not proof-anchored
[PeriodSolver k=3] ⚑ INCOMPLETE-REGION (grid long-side reach): 1218 solved cmm/rect long axes exceed poolLmax=8.12 and are not enumerated
[PeriodSolver k=3] ⚑ INCOMPLETE-REGION (tuned pool regime): poolSteps=8 (proven 71), poolLmax=8.12 (proven 216.00), compactOffMax2=66.00, gridShortMax2=66.00 (proven 216.00), areaBound=187.06 (proven 187.06) below proven box — run is oracle-anchored, not proof-anchored
[PeriodSolver k=3] ⚑ INCOMPLETE-REGION (grid long-side reach): 1218 solved cmm/rect long axes exceed poolLmax=8.12 and are not enumerated
[PeriodSolver k=3] ⚑ INCOMPLETE-REGION (tuned pool regime): poolSteps=8 (proven 71), poolLmax=8.12 (proven 216.00), compactOffMax2=66.00, gridShortMax2=66.00 (proven 216.00), areaBound=187.06 (proven 187.06) below proven box — run is oracle-anchored, not proof-anchored
[PeriodSolver k=3] ⚑ INCOMPLETE-REGION (grid long-side reach): 1218 solved cmm/rect long axes exceed poolLmax=8.12 and are not enumerated
[PeriodSolver k=3] ⚑ INCOMPLETE-REGION (tuned pool regime): poolSteps=8 (proven 71), poolLmax=8.12 (proven 216.00), compactOffMax2=66.00, gridShortMax2=66.00 (proven 216.00), areaBound=187.06 (proven 187.06) below proven box — run is oracle-anchored, not proof-anchored
[PeriodSolver k=3] ⚑ INCOMPLETE-REGION (grid long-side reach): 1218 solved cmm/rect long axes exceed poolLmax=8.12 and are not enumerated
[PeriodSolver k=3] ⚑ INCOMPLETE-REGION (primitivity-rejection): certified supercell discarded; primitive lattice 1|-1,0,0,0,5,0,0,0#1|-3,0,0,0,1,0,0,0 not in candidate list (supercell 1|-4,0,0,0,6,0,0,0#1|-6,0,0,0,2,0,0,0, 46 witness(es))
[PeriodSolver k=3] ⚑ INCOMPLETE-REGION (primitivity-rejection): certified supercell discarded; primitive lattice 1|-1,0,0,0,5,0,0,0#1|-3,0,0,0,1,0,0,0 not in candidate list (supercell 1|-2,0,0,0,-4,0,0,0#1|-6,0,0,0,2,0,0,0, 46 witness(es))
[PeriodSolver k=3] ⚑ INCOMPLETE-REGION (primitivity-rejection): certified supercell discarded; primitive lattice 1|-1,0,0,0,3,0,0,0#1|-5,0,0,0,1,0,0,0 not in candidate list (supercell 1|-4,0,0,0,-2,0,0,0#1|-6,0,0,0,4,0,0,0, 46 witness(es))
[PeriodSolver k=3] ⚑ INCOMPLETE-REGION (primitivity-rejection): certified supercell discarded; primitive lattice 1|-1,0,0,0,-4,0,0,0#1|-3,0,0,0,2,0,0,0 not in candidate list (supercell 1|-4,0,0,0,-2,0,0,0#1|-6,0,0,0,4,0,0,0, 46 witness(es))
[PeriodSolver k=3] ⚑ INCOMPLETE-REGION (primitivity-rejection): certified supercell discarded; primitive lattice 1|-1,0,0,0,5,0,0,0#1|-3,0,0,0,1,0,0,0 not in candidate list (supercell 1|-4,0,0,0,6,0,0,0#1|-6,0,0,0,2,0,0,0, 46 witness(es))
[PeriodSolver k=3] ⚑ INCOMPLETE-REGION (primitivity-rejection): certified supercell discarded; primitive lattice 1|-2,0,0,0,3,0,0,0#1|-4,0,0,0,-1,0,0,0 not in candidate list (supercell 1|-4,0,0,0,6,0,0,0#1|-6,0,0,0,2,0,0,0, 46 witness(es))
[PeriodSolver k=3] ⚑ INCOMPLETE-REGION (primitivity-rejection): certified supercell discarded; primitive lattice 1|-1,0,0,0,5,0,0,0#1|-3,0,0,0,1,0,0,0 not in candidate list (supercell 1|-2,0,0,0,-4,0,0,0#1|-6,0,0,0,2,0,0,0, 46 witness(es))
[PeriodSolver k=3] ⚑ INCOMPLETE-REGION (primitivity-rejection): certified supercell discarded; primitive lattice 1|-2,0,0,0,3,0,0,0#1|-4,0,0,0,-1,0,0,0 not in candidate list (supercell 1|-2,0,0,0,-4,0,0,0#1|-6,0,0,0,2,0,0,0, 46 witness(es))
[PeriodSolver k=3] ⚑ INCOMPLETE-REGION (primitivity-rejection): certified supercell discarded; primitive lattice 1|-1,0,0,0,3,0,0,0#1|-5,0,0,0,1,0,0,0 not in candidate list (supercell 1|-2,0,0,0,6,0,0,0#1|-6,0,0,0,4,0,0,0, 46 witness(es))
[PeriodSolver k=3] ⚑ INCOMPLETE-REGION (primitivity-rejection): certified supercell discarded; primitive lattice 1|-1,0,0,0,-4,0,0,0#1|-3,0,0,0,2,0,0,0 not in candidate list (supercell 1|-2,0,0,0,6,0,0,0#1|-6,0,0,0,4,0,0,0, 46 witness(es))
  [4] [3,3,3,3,3,3;3,3,3,3,6;3,3,3,3,6] cells=1 249444ms  (1/449)
  [6] [3,3,3,3,3,3;3,3,3,3,6;3,3,3,3,6] cells=1 257820ms  (2/449)
  [1] [3,3,3,3,3,3;3,3,3,3,6;3,3,3,3,6] cells=1 267943ms  (3/449)
  [5] [3,3,3,3,3,3;3,3,3,3,6;3,3,3,3,6] cells=1 268004ms  (4/449)
  [2] [3,3,3,3,3,3;3,3,3,3,6;3,3,3,3,6] cells=1 293823ms  (5/449)
[PeriodSolver k=3] ⚑ INCOMPLETE-REGION (primitivity-rejection): certified supercell discarded; primitive lattice 1|-1,0,0,0,3,0,0,0#1|-5,0,0,0,1,0,0,0 not in candidate list (supercell 1|-4,0,0,0,-2,0,0,0#1|-6,0,0,0,4,0,0,0, 46 witness(es))
[PeriodSolver k=3] ⚑ INCOMPLETE-REGION (primitivity-rejection): certified supercell discarded; primitive lattice 1|-1,0,0,0,3,0,0,0#1|-5,0,0,0,1,0,0,0 not in candidate list (supercell 1|-2,0,0,0,6,0,0,0#1|-6,0,0,0,4,0,0,0, 46 witness(es))
[PeriodSolver k=3] ⚑ INCOMPLETE-REGION (primitivity-rejection): certified supercell discarded; primitive lattice 1|-2,0,0,0,3,0,0,0#1|-4,0,0,0,-1,0,0,0 not in candidate list (supercell 1|-4,0,0,0,6,0,0,0#1|-6,0,0,0,2,0,0,0, 46 witness(es))
[PeriodSolver k=3] ⚑ INCOMPLETE-REGION (primitivity-rejection): certified supercell discarded; primitive lattice 1|-1,0,0,0,3,0,0,0#1|-5,0,0,0,1,0,0,0 not in candidate list (supercell 1|-4,0,0,0,-2,0,0,0#1|-6,0,0,0,4,0,0,0, 46 witness(es))
  [3] [3,3,3,3,3,3;3,3,3,3,6;3,3,3,3,6] cells=2 317844ms  (6/449)
[PeriodSolver k=3] ⚑ INCOMPLETE-REGION (primitivity-rejection): certified supercell discarded; primitive lattice 1|-2,0,0,0,3,0,0,0#1|-4,0,0,0,-1,0,0,0 not in candidate list (supercell 1|-2,0,0,0,-4,0,0,0#1|-6,0,0,0,2,0,0,0, 46 witness(es))
[PeriodSolver k=3] ⚑ INCOMPLETE-REGION (primitivity-rejection): certified supercell discarded; primitive lattice 1|-1,0,0,0,3,0,0,0#1|-5,0,0,0,1,0,0,0 not in candidate list (supercell 1|-2,0,0,0,6,0,0,0#1|-6,0,0,0,4,0,0,0, 46 witness(es))
  [7] [3,3,3,3,3,3;3,3,3,3,6;3,3,3,3,6] cells=2 318926ms  (7/449)
[PeriodSolver k=3] ⚑ INCOMPLETE-REGION (primitivity-rejection): certified supercell discarded; primitive lattice 1|-1,0,0,0,3,0,0,0#1|-5,0,0,0,1,0,0,0 not in candidate list (supercell 1|-4,0,0,0,-2,0,0,0#1|-6,0,0,0,4,0,0,0, 46 witness(es))
[PeriodSolver k=3] ⚑ INCOMPLETE-REGION (primitivity-rejection): certified supercell discarded; primitive lattice 1|-1,0,0,0,-4,0,0,0#1|-3,0,0,0,2,0,0,0 not in candidate list (supercell 1|-4,0,0,0,-2,0,0,0#1|-6,0,0,0,4,0,0,0, 46 witness(es))
[PeriodSolver k=3] ⚑ INCOMPLETE-REGION (primitivity-rejection): certified supercell discarded; primitive lattice 1|-1,0,0,0,5,0,0,0#1|-3,0,0,0,1,0,0,0 not in candidate list (supercell 1|-4,0,0,0,6,0,0,0#1|-6,0,0,0,2,0,0,0, 46 witness(es))
[PeriodSolver k=3] ⚑ INCOMPLETE-REGION (primitivity-rejection): certified supercell discarded; primitive lattice 1|-2,0,0,0,3,0,0,0#1|-4,0,0,0,-1,0,0,0 not in candidate list (supercell 1|-4,0,0,0,6,0,0,0#1|-6,0,0,0,2,0,0,0, 46 witness(es))
[PeriodSolver k=3] ⚑ INCOMPLETE-REGION (primitivity-rejection): certified supercell discarded; primitive lattice 1|-1,0,0,0,5,0,0,0#1|-3,0,0,0,1,0,0,0 not in candidate list (supercell 1|-2,0,0,0,-4,0,0,0#1|-6,0,0,0,2,0,0,0, 46 witness(es))
[PeriodSolver k=3] ⚑ INCOMPLETE-REGION (primitivity-rejection): certified supercell discarded; primitive lattice 1|-2,0,0,0,3,0,0,0#1|-4,0,0,0,-1,0,0,0 not in candidate list (supercell 1|-2,0,0,0,-4,0,0,0#1|-6,0,0,0,2,0,0,0, 46 witness(es))
[PeriodSolver k=3] ⚑ INCOMPLETE-REGION (primitivity-rejection): certified supercell discarded; primitive lattice 1|-1,0,0,0,3,0,0,0#1|-5,0,0,0,1,0,0,0 not in candidate list (supercell 1|-2,0,0,0,6,0,0,0#1|-6,0,0,0,4,0,0,0, 46 witness(es))
[PeriodSolver k=3] ⚑ INCOMPLETE-REGION (primitivity-rejection): certified supercell discarded; primitive lattice 1|-1,0,0,0,-4,0,0,0#1|-3,0,0,0,2,0,0,0 not in candidate list (supercell 1|-2,0,0,0,6,0,0,0#1|-6,0,0,0,4,0,0,0, 46 witness(es))
  [10] [3,3,3,3,3,3;3,3,3,3,6;3,3,3,3,6] cells=1 251247ms  (8/449)
  [9] [3,3,3,3,3,3;3,3,3,3,6;3,3,3,3,6] cells=1 273839ms  (9/449)
[PeriodSolver k=3] ⚑ INCOMPLETE-REGION (grid long-side reach): 1074 solved cmm/rect long axes exceed poolLmax=8.12 and are not enumerated
  [8] [3,3,3,3,3,3;3,3,3,3,6;3,3,3,3,6] cells=1 299471ms  (10/449)
[PeriodSolver k=3] ⚑ INCOMPLETE-REGION (grid long-side reach): 1074 solved cmm/rect long axes exceed poolLmax=8.12 and are not enumerated
  [14] [3,3,3,3,3,3;3,3,3,3,6;3,3,3,3,6] cells=2 222027ms  (11/449)
[PeriodSolver k=3] ⚑ INCOMPLETE-REGION (grid long-side reach): 1074 solved cmm/rect long axes exceed poolLmax=8.12 and are not enumerated
  [11] [3,3,3,3,3,3;3,3,3,3,6;3,3,3,3,6] cells=1 300045ms  (12/449)
[PeriodSolver k=3] ⚑ INCOMPLETE-REGION (grid long-side reach): 1074 solved cmm/rect long axes exceed poolLmax=8.12 and are not enumerated
  [13] [3,3,3,3,3,3;3,3,3,3,6;3,3,3,3,6] cells=2 269158ms  (13/449)
[PeriodSolver k=3] ⚑ INCOMPLETE-REGION (grid long-side reach): 1074 solved cmm/rect long axes exceed poolLmax=8.12 and are not enumerated
[PeriodSolver k=3] ⚑ INCOMPLETE-REGION (primitivity-rejection): certified supercell discarded; primitive lattice 1|-1,0,0,0,-4,0,0,0#1|-3,0,0,0,2,0,0,0 not in candidate list (supercell 1|-4,0,0,0,-2,0,0,0#1|-6,0,0,0,4,0,0,0, 46 witness(es))
[PeriodSolver k=3] ⚑ INCOMPLETE-REGION (primitivity-rejection): certified supercell discarded; primitive lattice 1|-2,0,0,0,-1,0,0,0#1|-4,0,0,0,5,0,0,0 not in candidate list (supercell 1|-4,0,0,0,-2,0,0,0#1|-6,0,0,0,4,0,0,0, 46 witness(es))
[PeriodSolver k=3] ⚑ INCOMPLETE-REGION (primitivity-rejection): certified supercell discarded; primitive lattice 1|-1,0,0,0,3,0,0,0#1|-5,0,0,0,1,0,0,0 not in candidate list (supercell 1|-4,0,0,0,-2,0,0,0#1|-6,0,0,0,4,0,0,0, 46 witness(es))
[PeriodSolver k=3] ⚑ INCOMPLETE-REGION (primitivity-rejection): certified supercell discarded; primitive lattice 1|-1,0,0,0,-2,0,0,0#1|-5,0,0,0,4,0,0,0 not in candidate list (supercell 1|-4,0,0,0,6,0,0,0#1|-6,0,0,0,2,0,0,0, 46 witness(es))
[PeriodSolver k=3] ⚑ INCOMPLETE-REGION (primitivity-rejection): certified supercell discarded; primitive lattice 1|-2,0,0,0,-1,0,0,0#1|-4,0,0,0,5,0,0,0 not in candidate list (supercell 1|-4,0,0,0,-2,0,0,0#1|-6,0,0,0,4,0,0,0, 46 witness(es))
[PeriodSolver k=3] ⚑ INCOMPLETE-REGION (primitivity-rejection): certified supercell discarded; primitive lattice 1|-1,0,0,0,3,0,0,0#1|-5,0,0,0,1,0,0,0 not in candidate list (supercell 1|-4,0,0,0,-2,0,0,0#1|-6,0,0,0,4,0,0,0, 46 witness(es))
[PeriodSolver k=3] ⚑ INCOMPLETE-REGION (primitivity-rejection): certified supercell discarded; primitive lattice 1|-1,0,0,0,5,0,0,0#1|-3,0,0,0,1,0,0,0 not in candidate list (supercell 1|-4,0,0,0,6,0,0,0#1|-6,0,0,0,2,0,0,0, 46 witness(es))
[PeriodSolver k=3] ⚑ INCOMPLETE-REGION (primitivity-rejection): certified supercell discarded; primitive lattice 1|-1,0,0,0,3,0,0,0#1|-5,0,0,0,1,0,0,0 not in candidate list (supercell 1|-4,0,0,0,-2,0,0,0#1|-6,0,0,0,4,0,0,0, 46 witness(es))
[PeriodSolver k=3] ⚑ INCOMPLETE-REGION (primitivity-rejection): certified supercell discarded; primitive lattice 1|-2,0,0,0,-1,0,0,0#1|-4,0,0,0,5,0,0,0 not in candidate list (supercell 1|-4,0,0,0,-2,0,0,0#1|-6,0,0,0,4,0,0,0, 46 witness(es))
[PeriodSolver k=3] ⚑ INCOMPLETE-REGION (primitivity-rejection): certified supercell discarded; primitive lattice 1|-1,0,0,0,-2,0,0,0#1|-5,0,0,0,4,0,0,0 not in candidate list (supercell 1|-4,0,0,0,6,0,0,0#1|-6,0,0,0,2,0,0,0, 46 witness(es))
[PeriodSolver k=3] ⚑ INCOMPLETE-REGION (primitivity-rejection): certified supercell discarded; primitive lattice 1|-2,0,0,0,3,0,0,0#1|-4,0,0,0,-1,0,0,0 not in candidate list (supercell 1|-4,0,0,0,6,0,0,0#1|-6,0,0,0,2,0,0,0, 46 witness(es))
[PeriodSolver k=3] ⚑ INCOMPLETE-REGION (primitivity-rejection): certified supercell discarded; primitive lattice 1|-1,0,0,0,-2,0,0,0#1|-5,0,0,0,4,0,0,0 not in candidate list (supercell 1|-2,0,0,0,-4,0,0,0#1|-6,0,0,0,2,0,0,0, 46 witness(es))
[PeriodSolver k=3] ⚑ INCOMPLETE-REGION (primitivity-rejection): certified supercell discarded; primitive lattice 1|-1,0,0,0,-2,0,0,0#1|-5,0,0,0,4,0,0,0 not in candidate list (supercell 1|-4,0,0,0,6,0,0,0#1|-6,0,0,0,2,0,0,0, 46 witness(es))
[PeriodSolver k=3] ⚑ INCOMPLETE-REGION (primitivity-rejection): certified supercell discarded; primitive lattice 1|-1,0,0,0,5,0,0,0#1|-3,0,0,0,1,0,0,0 not in candidate list (supercell 1|-2,0,0,0,-4,0,0,0#1|-6,0,0,0,2,0,0,0, 46 witness(es))
[PeriodSolver k=3] ⚑ INCOMPLETE-REGION (primitivity-rejection): certified supercell discarded; primitive lattice 1|-2,0,0,0,3,0,0,0#1|-4,0,0,0,-1,0,0,0 not in candidate list (supercell 1|-4,0,0,0,6,0,0,0#1|-6,0,0,0,2,0,0,0, 46 witness(es))
[PeriodSolver k=3] ⚑ INCOMPLETE-REGION (primitivity-rejection): certified supercell discarded; primitive lattice 1|-1,0,0,0,-2,0,0,0#1|-5,0,0,0,4,0,0,0 not in candidate list (supercell 1|-4,0,0,0,6,0,0,0#1|-6,0,0,0,2,0,0,0, 46 witness(es))
[PeriodSolver k=3] ⚑ INCOMPLETE-REGION (primitivity-rejection): certified supercell discarded; primitive lattice 1|-1,0,0,0,-2,0,0,0#1|-5,0,0,0,4,0,0,0 not in candidate list (supercell 1|-2,0,0,0,-4,0,0,0#1|-6,0,0,0,2,0,0,0, 46 witness(es))
[PeriodSolver k=3] ⚑ INCOMPLETE-REGION (primitivity-rejection): certified supercell discarded; primitive lattice 1|-1,0,0,0,-2,0,0,0#1|-5,0,0,0,4,0,0,0 not in candidate list (supercell 1|-2,0,0,0,-4,0,0,0#1|-6,0,0,0,2,0,0,0, 46 witness(es))
[PeriodSolver k=3] ⚑ INCOMPLETE-REGION (primitivity-rejection): certified supercell discarded; primitive lattice 1|-2,0,0,0,-1,0,0,0#1|-4,0,0,0,5,0,0,0 not in candidate list (supercell 1|-4,0,0,0,-2,0,0,0#1|-6,0,0,0,4,0,0,0, 46 witness(es))
[PeriodSolver k=3] ⚑ INCOMPLETE-REGION (primitivity-rejection): certified supercell discarded; primitive lattice 1|-2,0,0,0,3,0,0,0#1|-4,0,0,0,-1,0,0,0 not in candidate list (supercell 1|-2,0,0,0,-4,0,0,0#1|-6,0,0,0,2,0,0,0, 46 witness(es))
[PeriodSolver k=3] ⚑ INCOMPLETE-REGION (primitivity-rejection): certified supercell discarded; primitive lattice 1|-2,0,0,0,-1,0,0,0#1|-4,0,0,0,5,0,0,0 not in candidate list (supercell 1|-2,0,0,0,6,0,0,0#1|-6,0,0,0,4,0,0,0, 46 witness(es))
[PeriodSolver k=3] ⚑ INCOMPLETE-REGION (primitivity-rejection): certified supercell discarded; primitive lattice 1|-1,0,0,0,3,0,0,0#1|-5,0,0,0,1,0,0,0 not in candidate list (supercell 1|-2,0,0,0,6,0,0,0#1|-6,0,0,0,4,0,0,0, 46 witness(es))
[PeriodSolver k=3] ⚑ INCOMPLETE-REGION (primitivity-rejection): certified supercell discarded; primitive lattice 1|-1,0,0,0,-4,0,0,0#1|-3,0,0,0,2,0,0,0 not in candidate list (supercell 1|-2,0,0,0,6,0,0,0#1|-6,0,0,0,4,0,0,0, 46 witness(es))
[PeriodSolver k=3] ⚑ INCOMPLETE-REGION (primitivity-rejection): certified supercell discarded; primitive lattice 1|-2,0,0,0,3,0,0,0#1|-4,0,0,0,-1,0,0,0 not in candidate list (supercell 1|-2,0,0,0,-4,0,0,0#1|-6,0,0,0,2,0,0,0, 46 witness(es))
[PeriodSolver k=3] ⚑ INCOMPLETE-REGION (primitivity-rejection): certified supercell discarded; primitive lattice 1|-2,0,0,0,-1,0,0,0#1|-4,0,0,0,5,0,0,0 not in candidate list (supercell 1|-2,0,0,0,6,0,0,0#1|-6,0,0,0,4,0,0,0, 46 witness(es))
[PeriodSolver k=3] ⚑ INCOMPLETE-REGION (primitivity-rejection): certified supercell discarded; primitive lattice 1|-1,0,0,0,-2,0,0,0#1|-5,0,0,0,4,0,0,0 not in candidate list (supercell 1|-4,0,0,0,6,0,0,0#1|-6,0,0,0,2,0,0,0, 46 witness(es))
[PeriodSolver k=3] ⚑ INCOMPLETE-REGION (primitivity-rejection): certified supercell discarded; primitive lattice 1|-1,0,0,0,-2,0,0,0#1|-5,0,0,0,4,0,0,0 not in candidate list (supercell 1|-2,0,0,0,-4,0,0,0#1|-6,0,0,0,2,0,0,0, 46 witness(es))
[PeriodSolver k=3] ⚑ INCOMPLETE-REGION (primitivity-rejection): certified supercell discarded; primitive lattice 1|-1,0,0,0,3,0,0,0#1|-5,0,0,0,1,0,0,0 not in candidate list (supercell 1|-2,0,0,0,6,0,0,0#1|-6,0,0,0,4,0,0,0, 46 witness(es))
[PeriodSolver k=3] ⚑ INCOMPLETE-REGION (primitivity-rejection): certified supercell discarded; primitive lattice 1|-2,0,0,0,-1,0,0,0#1|-4,0,0,0,5,0,0,0 not in candidate list (supercell 1|-2,0,0,0,6,0,0,0#1|-6,0,0,0,4,0,0,0, 46 witness(es))
[PeriodSolver k=3] ⚑ INCOMPLETE-REGION (primitivity-rejection): certified supercell discarded; primitive lattice 1|-1,0,0,0,5,0,0,0#1|-3,0,0,0,1,0,0,0 not in candidate list (supercell 1|-4,0,0,0,6,0,0,0#1|-6,0,0,0,2,0,0,0, 46 witness(es))
[PeriodSolver k=3] ⚑ INCOMPLETE-REGION (primitivity-rejection): certified supercell discarded; primitive lattice 1|-1,0,0,0,3,0,0,0#1|-5,0,0,0,1,0,0,0 not in candidate list (supercell 1|-4,0,0,0,-2,0,0,0#1|-6,0,0,0,4,0,0,0, 46 witness(es))
[PeriodSolver k=3] ⚑ INCOMPLETE-REGION (primitivity-rejection): certified supercell discarded; primitive lattice 1|-1,0,0,0,3,0,0,0#1|-5,0,0,0,1,0,0,0 not in candidate list (supercell 1|-2,0,0,0,6,0,0,0#1|-6,0,0,0,4,0,0,0, 46 witness(es))
[PeriodSolver k=3] ⚑ INCOMPLETE-REGION (primitivity-rejection): certified supercell discarded; primitive lattice 1|-1,0,0,0,-2,0,0,0#1|-5,0,0,0,4,0,0,0 not in candidate list (supercell 1|-2,0,0,0,-4,0,0,0#1|-6,0,0,0,2,0,0,0, 46 witness(es))
[PeriodSolver k=3] ⚑ INCOMPLETE-REGION (primitivity-rejection): certified supercell discarded; primitive lattice 1|-1,0,0,0,-4,0,0,0#1|-3,0,0,0,2,0,0,0 not in candidate list (supercell 1|-4,0,0,0,-2,0,0,0#1|-6,0,0,0,4,0,0,0, 46 witness(es))
[PeriodSolver k=3] ⚑ INCOMPLETE-REGION (primitivity-rejection): certified supercell discarded; primitive lattice 1|-1,0,0,0,5,0,0,0#1|-3,0,0,0,1,0,0,0 not in candidate list (supercell 1|-2,0,0,0,-4,0,0,0#1|-6,0,0,0,2,0,0,0, 46 witness(es))
[PeriodSolver k=3] ⚑ INCOMPLETE-REGION (primitivity-rejection): certified supercell discarded; primitive lattice 1|-1,0,0,0,5,0,0,0#1|-3,0,0,0,1,0,0,0 not in candidate list (supercell 1|-4,0,0,0,6,0,0,0#1|-6,0,0,0,2,0,0,0, 46 witness(es))
[PeriodSolver k=3] ⚑ INCOMPLETE-REGION (primitivity-rejection): certified supercell discarded; primitive lattice 1|-2,0,0,0,3,0,0,0#1|-4,0,0,0,-1,0,0,0 not in candidate list (supercell 1|-4,0,0,0,6,0,0,0#1|-6,0,0,0,2,0,0,0, 46 witness(es))
[PeriodSolver k=3] ⚑ INCOMPLETE-REGION (primitivity-rejection): certified supercell discarded; primitive lattice 1|-2,0,0,0,-1,0,0,0#1|-4,0,0,0,5,0,0,0 not in candidate list (supercell 1|-2,0,0,0,6,0,0,0#1|-6,0,0,0,4,0,0,0, 46 witness(es))
[PeriodSolver k=3] ⚑ INCOMPLETE-REGION (primitivity-rejection): certified supercell discarded; primitive lattice 1|-1,0,0,0,5,0,0,0#1|-3,0,0,0,1,0,0,0 not in candidate list (supercell 1|-2,0,0,0,-4,0,0,0#1|-6,0,0,0,2,0,0,0, 46 witness(es))
[PeriodSolver k=3] ⚑ INCOMPLETE-REGION (primitivity-rejection): certified supercell discarded; primitive lattice 1|-2,0,0,0,3,0,0,0#1|-4,0,0,0,-1,0,0,0 not in candidate list (supercell 1|-2,0,0,0,-4,0,0,0#1|-6,0,0,0,2,0,0,0, 46 witness(es))
[PeriodSolver k=3] ⚑ INCOMPLETE-REGION (primitivity-rejection): certified supercell discarded; primitive lattice 1|-1,0,0,0,3,0,0,0#1|-5,0,0,0,1,0,0,0 not in candidate list (supercell 1|-2,0,0,0,6,0,0,0#1|-6,0,0,0,4,0,0,0, 46 witness(es))
[PeriodSolver k=3] ⚑ INCOMPLETE-REGION (primitivity-rejection): certified supercell discarded; primitive lattice 1|-1,0,0,0,-4,0,0,0#1|-3,0,0,0,2,0,0,0 not in candidate list (supercell 1|-2,0,0,0,6,0,0,0#1|-6,0,0,0,4,0,0,0, 46 witness(es))
  [18] [3,3,3,3,3,3;3,3,3,3,3,3;3,3,3,3,6] cells=2 503822ms  (14/449)
[PeriodSolver k=3] ⚑ INCOMPLETE-REGION (primitivity-rejection): certified supercell discarded; primitive lattice 1|-1,0,0,0,-4,0,0,0#1|-3,0,0,0,2,0,0,0 not in candidate list (supercell 1|-4,0,0,0,-2,0,0,0#1|-6,0,0,0,4,0,0,0, 46 witness(es))
[PeriodSolver k=3] ⚑ INCOMPLETE-REGION (primitivity-rejection): certified supercell discarded; primitive lattice 1|-1,0,0,0,3,0,0,0#1|-5,0,0,0,1,0,0,0 not in candidate list (supercell 1|-4,0,0,0,-2,0,0,0#1|-6,0,0,0,4,0,0,0, 46 witness(es))
  [17] [3,3,3,3,3,3;3,3,3,3,3,3;3,3,3,3,6] cells=2 568830ms  (15/449)
[PeriodSolver k=3] ⚑ INCOMPLETE-REGION (primitivity-rejection): certified supercell discarded; primitive lattice 1|-1,0,0,0,-2,0,0,0#1|-5,0,0,0,4,0,0,0 not in candidate list (supercell 1|-4,0,0,0,6,0,0,0#1|-6,0,0,0,2,0,0,0, 46 witness(es))
[PeriodSolver k=3] ⚑ INCOMPLETE-REGION (primitivity-rejection): certified supercell discarded; primitive lattice 1|-2,0,0,0,3,0,0,0#1|-4,0,0,0,-1,0,0,0 not in candidate list (supercell 1|-4,0,0,0,6,0,0,0#1|-6,0,0,0,2,0,0,0, 46 witness(es))
[PeriodSolver k=3] ⚑ INCOMPLETE-REGION (primitivity-rejection): certified supercell discarded; primitive lattice 1|-1,0,0,0,-2,0,0,0#1|-5,0,0,0,4,0,0,0 not in candidate list (supercell 1|-2,0,0,0,-4,0,0,0#1|-6,0,0,0,2,0,0,0, 46 witness(es))
[PeriodSolver k=3] ⚑ INCOMPLETE-REGION (primitivity-rejection): certified supercell discarded; primitive lattice 1|-2,0,0,0,3,0,0,0#1|-4,0,0,0,-1,0,0,0 not in candidate list (supercell 1|-2,0,0,0,-4,0,0,0#1|-6,0,0,0,2,0,0,0, 46 witness(es))
[PeriodSolver k=3] ⚑ INCOMPLETE-REGION (primitivity-rejection): certified supercell discarded; primitive lattice 1|-1,0,0,0,-4,0,0,0#1|-3,0,0,0,2,0,0,0 not in candidate list (supercell 1|-2,0,0,0,6,0,0,0#1|-6,0,0,0,4,0,0,0, 46 witness(es))
[PeriodSolver k=3] ⚑ INCOMPLETE-REGION (primitivity-rejection): certified supercell discarded; primitive lattice 1|-1,0,0,0,3,0,0,0#1|-5,0,0,0,1,0,0,0 not in candidate list (supercell 1|-2,0,0,0,6,0,0,0#1|-6,0,0,0,4,0,0,0, 46 witness(es))
[PeriodSolver k=3] ⚑ INCOMPLETE-REGION (primitivity-rejection): certified supercell discarded; primitive lattice 1|-1,0,0,0,-4,0,0,0#1|-3,0,0,0,2,0,0,0 not in candidate list (supercell 1|-4,0,0,0,-2,0,0,0#1|-6,0,0,0,4,0,0,0, 46 witness(es))
[PeriodSolver k=3] ⚑ INCOMPLETE-REGION (primitivity-rejection): certified supercell discarded; primitive lattice 1|-1,0,0,0,5,0,0,0#1|-3,0,0,0,1,0,0,0 not in candidate list (supercell 1|-4,0,0,0,6,0,0,0#1|-6,0,0,0,2,0,0,0, 46 witness(es))
[PeriodSolver k=3] ⚑ INCOMPLETE-REGION (primitivity-rejection): certified supercell discarded; primitive lattice 1|-1,0,0,0,5,0,0,0#1|-3,0,0,0,1,0,0,0 not in candidate list (supercell 1|-2,0,0,0,-4,0,0,0#1|-6,0,0,0,2,0,0,0, 46 witness(es))
  [20] [3,3,3,3,3,3;3,3,3,3,3,3;3,3,3,3,6] cells=2 609432ms  (16/449)
[PeriodSolver k=3] ⚑ INCOMPLETE-REGION (grid long-side reach): 18528 solved cmm/rect long axes exceed poolLmax=8.12 and are not enumerated
[PeriodSolver k=3] ⚑ INCOMPLETE-REGION (primitivity-rejection): certified supercell discarded; primitive lattice 1|-1,0,0,0,-4,0,0,0#1|-3,0,0,0,2,0,0,0 not in candidate list (supercell 1|-2,0,0,0,6,0,0,0#1|-6,0,0,0,4,0,0,0, 46 witness(es))
  [23] [3,3,3,3,3,3;3,3,3,3,6;3,3,3,4,4] cells=0 66829ms  (17/449)
  [16] [3,3,3,3,3,3;3,3,3,3,3,3;3,3,3,3,6] cells=3 735620ms  (18/449)
[PeriodSolver k=3] ⚑ INCOMPLETE-REGION (grid long-side reach): 18528 solved cmm/rect long axes exceed poolLmax=8.12 and are not enumerated
  [19] [3,3,3,3,3,3;3,3,3,3,3,3;3,3,3,3,6] cells=3 730468ms  (19/449)
[PeriodSolver k=3] ⚑ INCOMPLETE-REGION (grid long-side reach): 18528 solved cmm/rect long axes exceed poolLmax=8.12 and are not enumerated
  [24] [3,3,3,3,3,3;3,3,3,3,6;3,3,3,4,4] cells=0 49978ms  (20/449)
  [25] [3,3,3,3,3,3;3,3,3,3,6;3,3,3,4,4] cells=0 53795ms  (21/449)
  [26] [3,3,3,3,3,3;3,3,3,3,6;3,3,3,4,4] cells=0 49053ms  (22/449)
  [27] [3,3,3,3,3,3;3,3,3,3,6;3,3,3,4,4] cells=0 54159ms  (23/449)
  [28] [3,3,3,3,3,3;3,3,3,3,6;3,3,3,4,4] cells=0 69666ms  (24/449)
  [29] [3,3,3,3,3,3;3,3,3,3,6;3,3,3,4,4] cells=0 61917ms  (25/449)
  [30] [3,3,3,3,3,3;3,3,3,3,6;3,3,3,4,4] cells=0 47420ms  (26/449)
  [31] [3,3,3,3,3,3;3,3,3,3,6;3,3,3,4,4] cells=0 33900ms  (27/449)
  [33] [3,3,3,3,3,3;3,3,3,3,6;3,3,4,3,4] cells=0 12370ms  (28/449)
[PeriodSolver k=3] ⚑ INCOMPLETE-REGION (tuned pool regime): poolSteps=8 (proven 71), poolLmax=8.12 (proven 930.83), compactOffMax2=66.00, gridShortMax2=66.00 (proven 930.83), areaBound=806.12 (proven 806.12) below proven box — run is oracle-anchored, not proof-anchored
[PeriodSolver k=3] ⚑ INCOMPLETE-REGION (grid long-side reach): 6240 solved cmm/rect long axes exceed poolLmax=8.12 and are not enumerated
[PeriodSolver k=3] ⚑ INCOMPLETE-REGION (grid long-side reach): 1362 solved cmm/rect long axes exceed poolLmax=8.12 and are not enumerated
  [34] [3,3,3,3,3,3;3,3,3,3,6;3,3,4,3,4] cells=0 12321ms  (31/449)
[PeriodSolver k=3] ⚑ INCOMPLETE-REGION (grid long-side reach): 1362 solved cmm/rect long axes exceed poolLmax=8.12 and are not enumerated
  [32] [3,3,3,3,3,3;3,3,3,3,6;3,3,3,4,4] cells=0 50741ms  (32/449)
[PeriodSolver k=3] ⚑ INCOMPLETE-REGION (grid long-side reach): 1362 solved cmm/rect long axes exceed poolLmax=8.12 and are not enumerated
  [21] [3,3,3,3,3,3;3,3,3,3,3,3;3,3,3,3,6] cells=2 574179ms  (33/449)
[PeriodSolver k=3] ⚑ INCOMPLETE-REGION (grid long-side reach): 1362 solved cmm/rect long axes exceed poolLmax=8.12 and are not enumerated
  [0] [3,3,3,3,3,3;3,3,3,3,6;3,3,3,3,6] cells=4 1635993ms  (34/449)
[PeriodSolver k=3] ⚑ INCOMPLETE-REGION (grid long-side reach): 1362 solved cmm/rect long axes exceed poolLmax=8.12 and are not enumerated
[PeriodSolver k=3] ⚑ INCOMPLETE-REGION (primitivity-rejection): certified supercell discarded; primitive lattice 1|-1,0,0,0,3,0,0,0#1|-5,0,0,0,1,0,0,0 not in candidate list (supercell 1|-4,0,0,0,-2,0,0,0#1|-6,0,0,0,4,0,0,0, 36 witness(es))
[PeriodSolver k=3] ⚑ INCOMPLETE-REGION (primitivity-rejection): certified supercell discarded; primitive lattice 1|-1,0,0,0,3,0,0,0#1|-5,0,0,0,1,0,0,0 not in candidate list (supercell 1|-2,0,0,0,6,0,0,0#1|-6,0,0,0,4,0,0,0, 36 witness(es))
  [22] [3,3,3,3,3,3;3,3,3,3,6;3,3,3,3,3,3] cells=3 716920ms  (35/449)
[PeriodSolver k=3] ⚑ INCOMPLETE-REGION (grid long-side reach): 1362 solved cmm/rect long axes exceed poolLmax=8.12 and are not enumerated
  [12] [3,3,3,3,3,3;3,3,3,3,6;3,3,3,3,6] cells=4 1609327ms  (36/449)
[PeriodSolver k=3] ⚑ INCOMPLETE-REGION (grid long-side reach): 1362 solved cmm/rect long axes exceed poolLmax=8.12 and are not enumerated
  [15] [3,3,3,3,3,3;3,3,3,3,6;3,3,3,3,6] cells=4 1439710ms  (37/449)
[PeriodSolver k=3] ⚑ INCOMPLETE-REGION (grid long-side reach): 1362 solved cmm/rect long axes exceed poolLmax=8.12 and are not enumerated
  [39] [3,3,3,3,3,3;3,3,3,3,6;3,3,6,6] cells=4 615556ms  (38/449)
  [38] [3,3,3,3,3,3;3,3,3,3,6;3,3,6,6] cells=5 681104ms  (39/449)
  [40] [3,3,3,3,3,3;3,3,3,3,6;3,3,6,6] cells=4 615968ms  (40/449)
[PeriodSolver k=3] ⚑ INCOMPLETE-REGION (tuned pool regime): poolSteps=8 (proven 71), poolLmax=8.12 (proven 83.14), compactOffMax2=66.00, gridShortMax2=66.00 (proven 83.14), areaBound=72.00 (proven 72.00) below proven box — run is oracle-anchored, not proof-anchored
[PeriodSolver k=3] ⚑ INCOMPLETE-REGION (grid long-side reach): 17388 solved cmm/rect long axes exceed poolLmax=8.12 and are not enumerated
[PeriodSolver k=3] ⚑ INCOMPLETE-REGION (oblique candidate stage): {"cause":"join-waived","rejects":107481322,"denMax":60}
  [42] [3,3,3,3,3,3;3,3,3,3,6;3,3,6,6] cells=5 576883ms  (41/449)
[PeriodSolver k=3] ⚑ INCOMPLETE-REGION (tuned pool regime): poolSteps=8 (proven 71), poolLmax=8.12 (proven 83.14), compactOffMax2=66.00, gridShortMax2=66.00 (proven 83.14), areaBound=72.00 (proven 72.00) below proven box — run is oracle-anchored, not proof-anchored
[PeriodSolver k=3] ⚑ INCOMPLETE-REGION (grid long-side reach): 17388 solved cmm/rect long axes exceed poolLmax=8.12 and are not enumerated
[PeriodSolver k=3] ⚑ INCOMPLETE-REGION (oblique candidate stage): {"cause":"join-waived","rejects":107481322,"denMax":60}
  [43] [3,3,3,3,3,3;3,3,3,3,6;3,3,6,6] cells=5 561742ms  (42/449)
[PeriodSolver k=3] ⚑ INCOMPLETE-REGION (tuned pool regime): poolSteps=8 (proven 71), poolLmax=8.12 (proven 83.14), compactOffMax2=66.00, gridShortMax2=66.00 (proven 83.14), areaBound=72.00 (proven 72.00) below proven box — run is oracle-anchored, not proof-anchored
[PeriodSolver k=3] ⚑ INCOMPLETE-REGION (grid long-side reach): 17388 solved cmm/rect long axes exceed poolLmax=8.12 and are not enumerated
[PeriodSolver k=3] ⚑ INCOMPLETE-REGION (oblique candidate stage): {"cause":"join-waived","rejects":107481322,"denMax":60}
  [47] [3,3,3,3,3,3;3,3,3,4,4;3,3,3,4,4] cells=4 491942ms  (43/449)
  [48] [3,3,3,3,3,3;3,3,3,4,4;3,3,3,4,4] cells=4 493670ms  (44/449)
  [49] [3,3,3,3,3,3;3,3,3,4,4;3,3,3,4,4] cells=4 521393ms  (45/449)
  [50] [3,3,3,3,3,3;3,3,3,4,4;3,3,3,4,4] cells=4 474062ms  (46/449)
  [44] [3,3,3,3,3,3;3,3,3,3,6;3,3,6,6] cells=3 1397913ms  (47/449)
[PeriodSolver k=3] ⚑ INCOMPLETE-REGION (tuned pool regime): poolSteps=8 (proven 71), poolLmax=8.12 (proven 83.14), compactOffMax2=66.00, gridShortMax2=66.00 (proven 83.14), areaBound=72.00 (proven 72.00) below proven box — run is oracle-anchored, not proof-anchored
[PeriodSolver k=3] ⚑ INCOMPLETE-REGION (grid long-side reach): 16464 solved cmm/rect long axes exceed poolLmax=8.12 and are not enumerated
[PeriodSolver k=3] ⚑ INCOMPLETE-REGION (oblique candidate stage): {"cause":"join-waived","rejects":83140776,"denMax":60}
  [51] [3,3,3,3,3,3;3,3,3,4,4;3,3,3,4,4] cells=4 482944ms  (48/449)
[PeriodSolver k=3] ⚑ INCOMPLETE-REGION (grid long-side reach): 16464 solved cmm/rect long axes exceed poolLmax=8.12 and are not enumerated
[PeriodSolver k=3] ⚑ INCOMPLETE-REGION (oblique candidate stage): {"cause":"join-waived","rejects":83140776,"denMax":60}
  [41] [3,3,3,3,3,3;3,3,3,3,6;3,3,6,6] cells=4 1847666ms  (49/449)
[PeriodSolver k=3] ⚑ INCOMPLETE-REGION (tuned pool regime): poolSteps=8 (proven 71), poolLmax=8.12 (proven 83.14), compactOffMax2=66.00, gridShortMax2=66.00 (proven 83.14), areaBound=72.00 (proven 72.00) below proven box — run is oracle-anchored, not proof-anchored
[PeriodSolver k=3] ⚑ INCOMPLETE-REGION (grid long-side reach): 16464 solved cmm/rect long axes exceed poolLmax=8.12 and are not enumerated
  [52] [3,3,3,3,3,3;3,3,3,4,4;3,3,3,4,4] cells=4 501643ms  (50/449)
[PeriodSolver k=3] ⚑ INCOMPLETE-REGION (grid long-side reach): 16464 solved cmm/rect long axes exceed poolLmax=8.12 and are not enumerated
[PeriodSolver k=3] ⚑ INCOMPLETE-REGION (oblique candidate stage): {"cause":"join-waived","rejects":83140776,"denMax":60}
[PeriodSolver k=3] ⚑ INCOMPLETE-REGION (oblique candidate stage): {"cause":"join-waived","rejects":83140776,"denMax":60}
  [45] [3,3,3,3,3,3;3,3,3,3,6;3,6,3,6] cells=3 1439737ms  (51/449)
[PeriodSolver k=3] ⚑ INCOMPLETE-REGION (tuned pool regime): poolSteps=8 (proven 71), poolLmax=8.12 (proven 83.14), compactOffMax2=66.00, gridShortMax2=66.00 (proven 83.14), areaBound=72.00 (proven 72.00) below proven box — run is oracle-anchored, not proof-anchored
[PeriodSolver k=3] ⚑ INCOMPLETE-REGION (grid long-side reach): 17388 solved cmm/rect long axes exceed poolLmax=8.12 and are not enumerated
  [37] [3,3,3,3,3,3;3,3,3,3,6;3,3,6,6] cells=4 2100638ms  (52/449)
[PeriodSolver k=3] ⚑ INCOMPLETE-REGION (tuned pool regime): poolSteps=8 (proven 71), poolLmax=8.12 (proven 83.14), compactOffMax2=66.00, gridShortMax2=66.00 (proven 83.14), areaBound=72.00 (proven 72.00) below proven box — run is oracle-anchored, not proof-anchored
[PeriodSolver k=3] ⚑ INCOMPLETE-REGION (oblique candidate stage): {"cause":"join-waived","rejects":107481322,"denMax":60}
[PeriodSolver k=3] ⚑ INCOMPLETE-REGION (grid long-side reach): 17388 solved cmm/rect long axes exceed poolLmax=8.12 and are not enumerated
[PeriodSolver k=3] ⚑ INCOMPLETE-REGION (oblique candidate stage): {"cause":"join-waived","rejects":107481322,"denMax":60}
  [53] [3,3,3,3,3,3;3,3,3,4,4;3,3,3,4,4] cells=4 498785ms  (53/449)
  [54] [3,3,3,3,3,3;3,3,3,3,3,3;3,3,3,4,4] cells=3 457529ms  (54/449)
[PeriodSolver k=3] ⚑ INCOMPLETE-REGION (grid long-side reach): 17388 solved cmm/rect long axes exceed poolLmax=8.12 and are not enumerated
  [55] [3,3,3,3,3,3;3,3,3,3,3,3;3,3,3,4,4] cells=2 436770ms  (55/449)
[PeriodSolver k=3] ⚑ INCOMPLETE-REGION (oblique candidate stage): {"cause":"join-waived","rejects":107481322,"denMax":60}
  [57] [3,3,3,3,3,3;3,3,3,3,3,3;3,3,3,4,4] cells=3 432550ms  (56/449)
  [56] [3,3,3,3,3,3;3,3,3,3,3,3;3,3,3,4,4] cells=3 457330ms  (57/449)
[PeriodSolver k=3] ⚑ INCOMPLETE-REGION (grid long-side reach): 17388 solved cmm/rect long axes exceed poolLmax=8.12 and are not enumerated
[PeriodSolver k=3] ⚑ INCOMPLETE-REGION (oblique candidate stage): {"cause":"join-waived","rejects":107481322,"denMax":60}
  [46] [3,3,3,3,3,3;3,3,3,3,6;3,6,3,6] cells=5 1907989ms  (58/449)
[PeriodSolver k=3] ⚑ INCOMPLETE-REGION (tuned pool regime): poolSteps=8 (proven 71), poolLmax=8.12 (proven 930.83), compactOffMax2=66.00, gridShortMax2=66.00 (proven 930.83), areaBound=806.12 (proven 806.12) below proven box — run is oracle-anchored, not proof-anchored
[PeriodSolver k=3] ⚑ INCOMPLETE-REGION (grid long-side reach): 20904 solved cmm/rect long axes exceed poolLmax=8.12 and are not enumerated
  [65] [3,3,3,3,3,3;3,3,3,4,4;3,3,4,12] cells=1 27511ms  (59/449)
  [66] [3,3,3,3,3,3;3,3,3,4,4;3,3,12,4] cells=1 27056ms  (60/449)
  [67] [3,3,3,3,3,3;3,3,3,4,4;3,3,4,12] cells=0 3450ms  (61/449)
  [68] [3,3,3,3,3,3;3,3,3,4,4;3,3,12,4] cells=0 4322ms  (62/449)
  [69] [3,3,3,3,3,3;3,3,3,4,4;3,3,12,4] cells=0 3536ms  (63/449)
  [70] [3,3,3,3,3,3;3,3,3,4,4;3,3,12,4] cells=1 25756ms  (64/449)
[PeriodSolver k=3] ⚑ INCOMPLETE-REGION (grid long-side reach): 22860 solved cmm/rect long axes exceed poolLmax=8.12 and are not enumerated
[PeriodSolver k=3] ⚑ INCOMPLETE-REGION (oblique candidate stage): {"cause":"join-waived","rejects":45576536,"denMax":60}
  [59] [3,3,3,3,3,3;3,3,3,4,4;3,3,4,3,4] cells=4 625334ms  (65/449)
[PeriodSolver k=3] ⚑ INCOMPLETE-REGION (grid long-side reach): 18960 solved cmm/rect long axes exceed poolLmax=8.12 and are not enumerated
  [58] [3,3,3,3,3,3;3,3,3,4,4;3,3,4,3,4] cells=3 657426ms  (66/449)
[PeriodSolver k=3] ⚑ INCOMPLETE-REGION (grid long-side reach): 18960 solved cmm/rect long axes exceed poolLmax=8.12 and are not enumerated
  [72] [3,3,3,3,3,3;3,3,3,4,4;3,4,4,6] cells=0 43544ms  (67/449)
  [73] [3,3,3,3,3,3;3,3,3,4,4;3,6,4,4] cells=0 51100ms  (68/449)
[PeriodSolver k=3] ⚑ INCOMPLETE-REGION (grid long-side reach): 33972 solved cmm/rect long axes exceed poolLmax=8.12 and are not enumerated
  [74] [3,3,3,3,3,3;3,3,3,4,4;3,4,6,4] cells=1 38647ms  (69/449)
[PeriodSolver k=3] ⚑ INCOMPLETE-REGION (oblique candidate stage): {"cause":"join-waived","rejects":181648754,"denMax":60}
  [60] [3,3,3,3,3,3;3,3,3,4,4;3,3,4,3,4] cells=4 561282ms  (70/449)
  [71] [3,3,3,3,3,3;3,3,3,4,4;3,3,6,6] cells=0 185299ms  (71/449)
[PeriodSolver k=3] ⚑ INCOMPLETE-REGION (tuned pool regime): poolSteps=8 (proven 71), poolLmax=8.12 (proven 83.14), compactOffMax2=66.00, gridShortMax2=66.00 (proven 83.14), areaBound=72.00 (proven 72.00) below proven box — run is oracle-anchored, not proof-anchored
[PeriodSolver k=3] ⚑ INCOMPLETE-REGION (grid long-side reach): 17388 solved cmm/rect long axes exceed poolLmax=8.12 and are not enumerated
[PeriodSolver k=3] ⚑ INCOMPLETE-REGION (oblique candidate stage): {"cause":"join-waived","rejects":107481322,"denMax":60}
  [61] [3,3,3,3,3,3;3,3,3,4,4;3,3,4,3,4] cells=4 549474ms  (72/449)
  [62] [3,3,3,3,3,3;3,3,3,4,4;3,3,4,3,4] cells=4 598221ms  (73/449)
  [63] [3,3,3,3,3,3;3,3,3,4,4;3,3,4,3,4] cells=4 559801ms  (74/449)
  [64] [3,3,3,3,3,3;3,3,4,3,4;3,3,3,4,4] cells=5 677063ms  (75/449)
[PeriodSolver k=3] ⚑ INCOMPLETE-REGION (tuned pool regime): poolSteps=8 (proven 71), poolLmax=8.12 (proven 930.83), compactOffMax2=66.00, gridShortMax2=66.00 (proven 930.83), areaBound=806.12 (proven 806.12) below proven box — run is oracle-anchored, not proof-anchored
[PeriodSolver k=3] ⚑ INCOMPLETE-REGION (grid long-side reach): 20904 solved cmm/rect long axes exceed poolLmax=8.12 and are not enumerated
  [82] [3,3,3,3,3,3;3,3,4,12;3,3,4,3,4] cells=1 18734ms  (76/449)
  [83] [3,3,3,3,3,3;3,3,4,12;3,3,4,3,4] cells=0 4485ms  (77/449)
  [84] [3,3,3,3,3,3;3,3,4,12;3,3,4,3,4] cells=0 4472ms  (78/449)
  [76] [3,3,3,3,3,3;3,3,4,3,4;3,3,4,3,4] cells=1 406470ms  (79/449)
[PeriodSolver k=3] ⚑ INCOMPLETE-REGION (grid long-side reach): 20904 solved cmm/rect long axes exceed poolLmax=8.12 and are not enumerated
  [86] [3,3,3,3,3,3;3,3,4,3,4;3,3,4,12] cells=0 4307ms  (80/449)
[PeriodSolver k=3] ⚑ INCOMPLETE-REGION (grid long-side reach): 22860 solved cmm/rect long axes exceed poolLmax=8.12 and are not enumerated
[PeriodSolver k=3] ⚑ INCOMPLETE-REGION (oblique candidate stage): {"cause":"join-waived","rejects":45576536,"denMax":60}
  [85] [3,3,3,3,3,3;3,3,4,12;3,3,4,3,4] cells=1 17094ms  (81/449)
  [88] [3,3,3,3,3,3;3,3,4,3,4;3,4,3,12] cells=0 3434ms  (82/449)
[PeriodSolver k=3] ⚑ INCOMPLETE-REGION (grid long-side reach): 18960 solved cmm/rect long axes exceed poolLmax=8.12 and are not enumerated
  [77] [3,3,3,3,3,3;3,3,4,3,4;3,3,4,3,4] cells=1 413286ms  (83/449)
[PeriodSolver k=3] ⚑ INCOMPLETE-REGION (grid long-side reach): 18960 solved cmm/rect long axes exceed poolLmax=8.12 and are not enumerated
  [89] [3,3,3,3,3,3;3,3,4,3,4;3,4,4,6] cells=1 36608ms  (84/449)
[PeriodSolver k=3] ⚑ INCOMPLETE-REGION (grid long-side reach): 7968 solved cmm/rect long axes exceed poolLmax=8.12 and are not enumerated
  [91] [3,3,3,3,3,3;3,3,4,12;3,3,12,4] cells=0 6377ms  (85/449)
  [92] [3,3,3,3,3,3;3,3,4,12;3,3,4,12] cells=0 15616ms  (86/449)
  [90] [3,3,3,3,3,3;3,3,4,3,4;3,4,6,4] cells=2 48908ms  (87/449)
[PeriodSolver k=3] ⚑ INCOMPLETE-REGION (tuned pool regime): poolSteps=8 (proven 71), poolLmax=8.12 (proven 930.83), compactOffMax2=66.00, gridShortMax2=66.00 (proven 930.83), areaBound=806.12 (proven 806.12) below proven box — run is oracle-anchored, not proof-anchored
[PeriodSolver k=3] ⚑ INCOMPLETE-REGION (grid long-side reach): 7968 solved cmm/rect long axes exceed poolLmax=8.12 and are not enumerated
  [78] [3,3,3,3,3,3;3,3,4,3,4;3,3,4,3,4] cells=1 434636ms  (88/449)
  [93] [3,3,3,3,3,3;3,3,4,12;3,3,12,4] cells=0 15590ms  (89/449)
[PeriodSolver k=3] ⚑ INCOMPLETE-REGION (grid long-side reach): 7968 solved cmm/rect long axes exceed poolLmax=8.12 and are not enumerated
[PeriodSolver k=3] ⚑ INCOMPLETE-REGION (grid long-side reach): 6276 solved cmm/rect long axes exceed poolLmax=8.12 and are not enumerated
  [96] [3,3,3,3,3,3;3,3,3,3,3,3;3,3,4,12] cells=0 3423ms  (90/449)
[PeriodSolver k=3] ⚑ INCOMPLETE-REGION (grid long-side reach): 8448 solved cmm/rect long axes exceed poolLmax=8.12 and are not enumerated
  [95] [3,3,3,3,3,3;3,3,4,12;3,3,12,4] cells=0 8429ms  (91/449)
[PeriodSolver k=3] ⚑ INCOMPLETE-REGION (grid long-side reach): 1506 solved cmm/rect long axes exceed poolLmax=8.12 and are not enumerated
  [94] [3,3,3,3,3,3;3,3,4,12;3,3,12,4] cells=0 13799ms  (92/449)
[PeriodSolver k=3] ⚑ INCOMPLETE-REGION (grid long-side reach): 1506 solved cmm/rect long axes exceed poolLmax=8.12 and are not enumerated
  [97] [3,3,3,3,3,3;3,3,4,12;4,6,12]  cells=1 10656ms  (93/449)
[PeriodSolver k=3] ⚑ INCOMPLETE-REGION (grid long-side reach): 1506 solved cmm/rect long axes exceed poolLmax=8.12 and are not enumerated
  [87] [3,3,3,3,3,3;3,3,4,3,4;3,3,6,6] cells=0 105081ms  (94/449)
[PeriodSolver k=3] ⚑ INCOMPLETE-REGION (grid long-side reach): 1506 solved cmm/rect long axes exceed poolLmax=8.12 and are not enumerated
  [79] [3,3,3,3,3,3;3,3,4,3,4;3,3,4,3,4] cells=1 395011ms  (95/449)
[PeriodSolver k=3] ⚑ INCOMPLETE-REGION (grid long-side reach): 1218 solved cmm/rect long axes exceed poolLmax=8.12 and are not enumerated
  [98] [3,3,3,3,3,3;3,3,6,6;3,3,6,6]  cells=0 54833ms  (96/449)
[PeriodSolver k=3] ⚑ INCOMPLETE-REGION (grid long-side reach): 1662 solved cmm/rect long axes exceed poolLmax=8.12 and are not enumerated
  [81] [3,3,3,3,3,3;3,3,3,3,3,3;3,3,4,3,4] cells=0 326141ms  (97/449)
[PeriodSolver k=3] ⚑ INCOMPLETE-REGION (grid long-side reach): 3948 solved cmm/rect long axes exceed poolLmax=8.12 and are not enumerated
  [101] [3,3,3,3,3,3;3,3,6,6;3,3,6,6]  cells=0 51470ms  (98/449)
[PeriodSolver k=3] ⚑ INCOMPLETE-REGION (grid long-side reach): 3948 solved cmm/rect long axes exceed poolLmax=8.12 and are not enumerated
  [80] [3,3,3,3,3,3;3,3,4,3,4;3,3,4,3,4] cells=0 386487ms  (99/449)
[PeriodSolver k=3] ⚑ INCOMPLETE-REGION (grid long-side reach): 3948 solved cmm/rect long axes exceed poolLmax=8.12 and are not enumerated
  [104] [3,3,3,3,6;3,3,3,4,4;3,3,3,4,4] cells=0 5823ms  (100/449)
  [105] [3,3,3,3,6;3,3,3,4,4;3,3,3,4,4] cells=0 6526ms  (101/449)
  [107] [3,3,3,3,6;3,3,3,4,4;3,3,3,4,4] cells=0 4104ms  (102/449)
[PeriodSolver k=3] ⚑ INCOMPLETE-REGION (grid long-side reach): 4068 solved cmm/rect long axes exceed poolLmax=8.12 and are not enumerated
  [106] [3,3,3,3,6;3,3,3,4,4;3,3,3,4,4] cells=0 7083ms  (103/449)
[PeriodSolver k=3] ⚑ INCOMPLETE-REGION (grid long-side reach): 4068 solved cmm/rect long axes exceed poolLmax=8.12 and are not enumerated
  [108] [3,3,3,3,6;3,3,3,4,4;3,3,3,4,4] cells=0 6539ms  (104/449)
[PeriodSolver k=3] ⚑ INCOMPLETE-REGION (grid long-side reach): 4068 solved cmm/rect long axes exceed poolLmax=8.12 and are not enumerated
  [109] [3,3,3,3,6;3,3,3,3,6;3,3,3,4,4] cells=0 4297ms  (105/449)
  [110] [3,3,3,3,6;3,3,3,3,6;3,3,3,4,4] cells=0 3606ms  (106/449)
  [100] [3,3,3,3,3,3;3,3,6,6;3,3,6,6]  cells=0 69556ms  (107/449)
[PeriodSolver k=3] ⚑ INCOMPLETE-REGION (grid long-side reach): 3948 solved cmm/rect long axes exceed poolLmax=8.12 and are not enumerated
  [111] [3,3,3,3,6;3,3,3,3,6;3,3,3,4,4] cells=0 3599ms  (109/449)
  [99] [3,3,3,3,3,3;3,3,6,6;3,3,6,6]  cells=0 71523ms  (110/449)
[PeriodSolver k=3] ⚑ INCOMPLETE-REGION (grid long-side reach): 3948 solved cmm/rect long axes exceed poolLmax=8.12 and are not enumerated
  [112] [3,3,3,3,6;3,3,3,3,6;3,3,3,4,4] cells=0 4030ms  (111/449)
  [116] [3,3,3,3,6;3,3,3,4,4;3,3,4,3,4] cells=0 4244ms  (112/449)
[PeriodSolver k=3] ⚑ INCOMPLETE-REGION (grid long-side reach): 4128 solved cmm/rect long axes exceed poolLmax=8.12 and are not enumerated
  [117] [3,3,3,3,6;3,3,3,4,4;3,3,4,3,4] cells=0 4628ms  (114/449)
[PeriodSolver k=3] ⚑ INCOMPLETE-REGION (grid long-side reach): 4128 solved cmm/rect long axes exceed poolLmax=8.12 and are not enumerated
[PeriodSolver k=3] ⚑ INCOMPLETE-REGION (grid long-side reach): 20688 solved cmm/rect long axes exceed poolLmax=8.12 and are not enumerated
[PeriodSolver k=3] ⚑ INCOMPLETE-REGION (grid long-side reach): 20688 solved cmm/rect long axes exceed poolLmax=8.12 and are not enumerated
  [118] [3,3,3,3,6;3,3,4,3,4;3,3,3,4,4] cells=0 7333ms  (117/449)
[PeriodSolver k=3] ⚑ INCOMPLETE-REGION (grid long-side reach): 20688 solved cmm/rect long axes exceed poolLmax=8.12 and are not enumerated
[PeriodSolver k=3] ⚑ INCOMPLETE-REGION (oblique candidate stage): {"cause":"join-waived","rejects":37003884,"denMax":60}
[PeriodSolver k=3] ⚑ INCOMPLETE-REGION (oblique candidate stage): {"cause":"join-waived","rejects":37003884,"denMax":60}
  [102] [3,3,3,3,3,3;3,3,3,3,3,3;3,3,6,6] cells=0 77738ms  (118/449)
[PeriodSolver k=3] ⚑ INCOMPLETE-REGION (grid long-side reach): 17460 solved cmm/rect long axes exceed poolLmax=8.12 and are not enumerated
[PeriodSolver k=3] ⚑ INCOMPLETE-REGION (oblique candidate stage): {"cause":"join-waived","rejects":37003884,"denMax":60}
  [115] [3,3,3,3,6;3,3,3,4,4;3,3,4,3,4] cells=1 23424ms  (119/449)
[PeriodSolver k=3] ⚑ INCOMPLETE-REGION (grid long-side reach): 17460 solved cmm/rect long axes exceed poolLmax=8.12 and are not enumerated
  [114] [3,3,3,3,6;3,3,3,4,4;3,3,4,3,4] cells=1 26356ms  (120/449)
[PeriodSolver k=3] ⚑ INCOMPLETE-REGION (grid long-side reach): 17460 solved cmm/rect long axes exceed poolLmax=8.12 and are not enumerated
  [103] [3,3,3,3,3,3;3,3,6,6;6,6,6]    cells=1 60950ms  (121/449)
[PeriodSolver k=3] ⚑ INCOMPLETE-REGION (grid long-side reach): 17460 solved cmm/rect long axes exceed poolLmax=8.12 and are not enumerated
  [126] [3,3,3,3,6;3,6,4,4;3,3,3,4,4]  cells=1 32162ms  (122/449)
  [127] [3,3,3,3,6;3,6,4,4;3,3,3,4,4]  cells=1 32521ms  (123/449)
  [125] [3,3,3,3,6;3,6,4,4;3,3,3,4,4]  cells=1 46834ms  (124/449)
  [75] [3,3,3,3,3,3;3,3,3,4,4;4,4,4,4] cells=7 660369ms  (125/449)
[PeriodSolver k=3] ⚑ INCOMPLETE-REGION (grid long-side reach): 17460 solved cmm/rect long axes exceed poolLmax=8.12 and are not enumerated
  [128] [3,3,3,3,6;3,6,4,4;3,3,3,4,4]  cells=1 34573ms  (126/449)
  [123] [3,3,3,3,6;3,3,6,6;3,3,3,4,4]  cells=0 78317ms  (127/449)
  [122] [3,3,3,3,6;3,3,6,6;3,3,3,4,4]  cells=0 79048ms  (128/449)
[PeriodSolver k=3] ⚑ INCOMPLETE-REGION (grid long-side reach): 17460 solved cmm/rect long axes exceed poolLmax=8.12 and are not enumerated
[PeriodSolver k=3] ⚑ INCOMPLETE-REGION (grid long-side reach): 17460 solved cmm/rect long axes exceed poolLmax=8.12 and are not enumerated
  [124] [3,3,3,3,6;3,3,6,6;3,3,3,4,4]  cells=0 79533ms  (129/449)
[PeriodSolver k=3] ⚑ INCOMPLETE-REGION (grid long-side reach): 17460 solved cmm/rect long axes exceed poolLmax=8.12 and are not enumerated
  [130] [3,3,3,3,6;3,3,3,4,4;3,4,4,6]  cells=1 37887ms  (130/449)
  [131] [3,3,3,3,6;3,3,3,4,4;3,6,4,4]  cells=1 38556ms  (131/449)
[PeriodSolver k=3] ⚑ INCOMPLETE-REGION (grid long-side reach): 20688 solved cmm/rect long axes exceed poolLmax=8.12 and are not enumerated
  [129] [3,3,3,3,6;3,6,4,4;3,3,3,4,4]  cells=0 43734ms  (132/449)
[PeriodSolver k=3] ⚑ INCOMPLETE-REGION (grid long-side reach): 20688 solved cmm/rect long axes exceed poolLmax=8.12 and are not enumerated
  [132] [3,3,3,3,6;3,3,3,4,4;3,4,4,6]  cells=1 40069ms  (133/449)
[PeriodSolver k=3] ⚑ INCOMPLETE-REGION (oblique candidate stage): {"cause":"join-waived","rejects":37003884,"denMax":60}
[PeriodSolver k=3] ⚑ INCOMPLETE-REGION (oblique candidate stage): {"cause":"join-waived","rejects":37003884,"denMax":60}
  [133] [3,3,3,3,6;3,3,3,4,4;3,4,4,6]  cells=1 39790ms  (134/449)
[PeriodSolver k=3] ⚑ INCOMPLETE-REGION (grid long-side reach): 25068 solved cmm/rect long axes exceed poolLmax=8.12 and are not enumerated
  [134] [3,3,3,3,6;3,3,3,4,4;3,6,4,4]  cells=1 39523ms  (135/449)
[PeriodSolver k=3] ⚑ INCOMPLETE-REGION (grid long-side reach): 25068 solved cmm/rect long axes exceed poolLmax=8.12 and are not enumerated
  [136] [3,3,3,3,6;3,3,3,4,4;3,4,4,6]  cells=1 39576ms  (136/449)
  [143] [3,3,3,3,6;3,3,4,3,4;3,3,4,3,4] cells=0 3878ms  (137/449)
  [135] [3,3,3,3,6;3,3,3,4,4;3,6,4,4]  cells=1 47470ms  (138/449)
  [140] [3,3,3,3,6;3,3,3,4,4;3,4,6,4]  cells=0 31568ms  (140/449)
  [144] [3,3,3,3,6;3,3,4,3,4;3,3,4,3,4] cells=0 3712ms  (141/449)
  [137] [3,3,3,3,6;3,3,3,4,4;3,6,4,4]  cells=1 39420ms  (142/449)
  [141] [3,3,3,3,6;3,3,3,4,4;4,4,4,4]  cells=0 21835ms  (143/449)
  [142] [3,3,3,3,6;3,3,3,4,4;4,4,4,4]  cells=0 21413ms  (144/449)
  [146] [3,3,3,3,6;3,6,4,4;3,3,4,3,4]  cells=0 28723ms  (145/449)
  [147] [3,3,3,3,6;3,6,4,4;3,3,4,3,4]  cells=0 30919ms  (147/449)
[PeriodSolver k=3] ⚑ INCOMPLETE-REGION (tuned pool regime): poolSteps=8 (proven 71), poolLmax=8.12 (proven 930.83), compactOffMax2=66.00, gridShortMax2=66.00 (proven 930.83), areaBound=806.12 (proven 806.12) below proven box — run is oracle-anchored, not proof-anchored
[PeriodSolver k=3] ⚑ INCOMPLETE-REGION (grid long-side reach): 1632 solved cmm/rect long axes exceed poolLmax=8.12 and are not enumerated
[PeriodSolver k=3] ⚑ INCOMPLETE-REGION (grid long-side reach): 3900 solved cmm/rect long axes exceed poolLmax=8.12 and are not enumerated
  [148] [3,3,3,3,6;3,6,4,4;3,3,4,3,4]  cells=0 31448ms  (150/449)
[PeriodSolver k=3] ⚑ INCOMPLETE-REGION (tuned pool regime): poolSteps=8 (proven 71), poolLmax=8.12 (proven 930.83), compactOffMax2=66.00, gridShortMax2=66.00 (proven 930.83), areaBound=806.12 (proven 806.12) below proven box — run is oracle-anchored, not proof-anchored
[PeriodSolver k=3] ⚑ INCOMPLETE-REGION (grid long-side reach): 4080 solved cmm/rect long axes exceed poolLmax=8.12 and are not enumerated
  [149] [3,3,3,3,6;3,3,4,3,4;3,4,4,6]  cells=0 32574ms  (151/449)
[PeriodSolver k=3] ⚑ INCOMPLETE-REGION (grid long-side reach): 1440 solved cmm/rect long axes exceed poolLmax=8.12 and are not enumerated
[PeriodSolver k=3] ⚑ INCOMPLETE-REGION (grid long-side reach): 1440 solved cmm/rect long axes exceed poolLmax=8.12 and are not enumerated
[PeriodSolver k=3] ⚑ INCOMPLETE-REGION (grid long-side reach): 1440 solved cmm/rect long axes exceed poolLmax=8.12 and are not enumerated
  [150] [3,3,3,3,6;3,3,4,3,4;3,6,4,4]  cells=0 32777ms  (154/449)
[PeriodSolver k=3] ⚑ INCOMPLETE-REGION (grid long-side reach): 1440 solved cmm/rect long axes exceed poolLmax=8.12 and are not enumerated
  [151] [3,3,3,3,6;3,3,4,3,4;3,4,4,6]  cells=0 31064ms  (155/449)
[PeriodSolver k=3] ⚑ INCOMPLETE-REGION (grid long-side reach): 1440 solved cmm/rect long axes exceed poolLmax=8.12 and are not enumerated
  [160] [3,3,3,3,6;3,3,6,6;3,3,6,6]    cells=0 8567ms  (156/449)
[PeriodSolver k=3] ⚑ INCOMPLETE-REGION (grid long-side reach): 1290 solved cmm/rect long axes exceed poolLmax=8.12 and are not enumerated
  [159] [3,3,3,3,6;3,3,6,6;3,3,6,6]    cells=0 12526ms  (157/449)
[PeriodSolver k=3] ⚑ INCOMPLETE-REGION (grid long-side reach): 1290 solved cmm/rect long axes exceed poolLmax=8.12 and are not enumerated
  [158] [3,3,3,3,6;3,3,6,6;3,3,6,6]    cells=0 16244ms  (158/449)
[PeriodSolver k=3] ⚑ INCOMPLETE-REGION (grid long-side reach): 1290 solved cmm/rect long axes exceed poolLmax=8.12 and are not enumerated
  [138] [3,3,3,3,6;3,6,3,6;3,3,3,4,4]  cells=0 92372ms  (159/449)
[PeriodSolver k=3] ⚑ INCOMPLETE-REGION (grid long-side reach): 1290 solved cmm/rect long axes exceed poolLmax=8.12 and are not enumerated
  [161] [3,3,3,3,6;3,3,6,6;3,3,6,6]    cells=0 21542ms  (160/449)
[PeriodSolver k=3] ⚑ INCOMPLETE-REGION (grid long-side reach): 1290 solved cmm/rect long axes exceed poolLmax=8.12 and are not enumerated
  [139] [3,3,3,3,6;3,6,3,6;3,3,3,4,4]  cells=0 91759ms  (161/449)
[PeriodSolver k=3] ⚑ INCOMPLETE-REGION (grid long-side reach): 1290 solved cmm/rect long axes exceed poolLmax=8.12 and are not enumerated
  [153] [3,3,3,3,6;3,3,4,3,4;3,4,6,4]  cells=0 31253ms  (162/449)
[PeriodSolver k=3] ⚑ INCOMPLETE-REGION (grid long-side reach): 1290 solved cmm/rect long axes exceed poolLmax=8.12 and are not enumerated
  [163] [3,3,3,3,6;3,3,3,3,6;3,3,6,6]  cells=0 16182ms  (163/449)
  [162] [3,3,3,3,6;3,3,6,6;3,3,6,6]    cells=0 20323ms  (164/449)
[PeriodSolver k=3] ⚑ INCOMPLETE-REGION (grid long-side reach): 1290 solved cmm/rect long axes exceed poolLmax=8.12 and are not enumerated
  [164] [3,3,3,3,6;3,3,3,3,6;3,3,6,6]  cells=0 15876ms  (165/449)
  [167] [3,3,3,3,6;3,3,6,6;3,3,3,3,6]  cells=0 8575ms  (166/449)
  [166] [3,3,3,3,6;3,3,6,6;3,3,3,3,6]  cells=0 9931ms  (167/449)
[PeriodSolver k=3] ⚑ INCOMPLETE-REGION (grid long-side reach): 1440 solved cmm/rect long axes exceed poolLmax=8.12 and are not enumerated
  [168] [3,3,3,3,6;3,3,6,6;3,3,3,3,6]  cells=0 14446ms  (168/449)
[PeriodSolver k=3] ⚑ INCOMPLETE-REGION (grid long-side reach): 1440 solved cmm/rect long axes exceed poolLmax=8.12 and are not enumerated
  [165] [3,3,3,3,6;3,3,6,6;3,3,3,3,6]  cells=0 21457ms  (169/449)
  [169] [3,3,3,3,6;3,3,6,6;3,3,3,3,6]  cells=0 14769ms  (170/449)
[PeriodSolver k=3] ⚑ INCOMPLETE-REGION (grid long-side reach): 1440 solved cmm/rect long axes exceed poolLmax=8.12 and are not enumerated
[PeriodSolver k=3] ⚑ INCOMPLETE-REGION (primitivity-rejection): certified supercell discarded; primitive lattice 1|-1,0,0,0,-4,0,0,0#1|-3,0,0,0,2,0,0,0 not in candidate list (supercell 1|-4,0,0,0,-2,0,0,0#1|-6,0,0,0,4,0,0,0, 26 witness(es))
[PeriodSolver k=3] ⚑ INCOMPLETE-REGION (primitivity-rejection): certified supercell discarded; primitive lattice 1|-1,0,0,0,3,0,0,0#1|-5,0,0,0,1,0,0,0 not in candidate list (supercell 1|-4,0,0,0,-2,0,0,0#1|-6,0,0,0,4,0,0,0, 26 witness(es))
[PeriodSolver k=3] ⚑ INCOMPLETE-REGION (primitivity-rejection): certified supercell discarded; primitive lattice 1|-1,0,0,0,3,0,0,0#1|-5,0,0,0,1,0,0,0 not in candidate list (supercell 1|-4,0,0,0,-2,0,0,0#1|-6,0,0,0,4,0,0,0, 26 witness(es))
[PeriodSolver k=3] ⚑ INCOMPLETE-REGION (primitivity-rejection): certified supercell discarded; primitive lattice 1|-1,0,0,0,-4,0,0,0#1|-3,0,0,0,2,0,0,0 not in candidate list (supercell 1|-2,0,0,0,6,0,0,0#1|-6,0,0,0,4,0,0,0, 26 witness(es))
  [170] [3,3,3,3,6;3,3,6,6;3,3,3,3,6]  cells=0 18555ms  (171/449)
[PeriodSolver k=3] ⚑ INCOMPLETE-REGION (primitivity-rejection): certified supercell discarded; primitive lattice 1|-1,0,0,0,3,0,0,0#1|-5,0,0,0,1,0,0,0 not in candidate list (supercell 1|-2,0,0,0,6,0,0,0#1|-6,0,0,0,4,0,0,0, 26 witness(es))
[PeriodSolver k=3] ⚑ INCOMPLETE-REGION (primitivity-rejection): certified supercell discarded; primitive lattice 1|-1,0,0,0,3,0,0,0#1|-5,0,0,0,1,0,0,0 not in candidate list (supercell 1|-2,0,0,0,6,0,0,0#1|-6,0,0,0,4,0,0,0, 26 witness(es))
  [171] [3,3,3,3,6;3,3,6,6;3,3,3,3,6]  cells=0 19964ms  (172/449)
[PeriodSolver k=3] ⚑ INCOMPLETE-REGION (primitivity-rejection): certified supercell discarded; primitive lattice 1|-2,0,0,0,3,0,0,0#1|-4,0,0,0,-1,0,0,0 not in candidate list (supercell 1|-4,0,0,0,6,0,0,0#1|-6,0,0,0,2,0,0,0, 26 witness(es))
[PeriodSolver k=3] ⚑ INCOMPLETE-REGION (grid long-side reach): 1674 solved cmm/rect long axes exceed poolLmax=8.12 and are not enumerated
[PeriodSolver k=3] ⚑ INCOMPLETE-REGION (primitivity-rejection): certified supercell discarded; primitive lattice 1|-2,0,0,0,3,0,0,0#1|-4,0,0,0,-1,0,0,0 not in candidate list (supercell 1|-4,0,0,0,6,0,0,0#1|-6,0,0,0,2,0,0,0, 26 witness(es))
[PeriodSolver k=3] ⚑ INCOMPLETE-REGION (primitivity-rejection): certified supercell discarded; primitive lattice 1|-2,0,0,0,3,0,0,0#1|-4,0,0,0,-1,0,0,0 not in candidate list (supercell 1|-2,0,0,0,-4,0,0,0#1|-6,0,0,0,2,0,0,0, 26 witness(es))
[PeriodSolver k=3] ⚑ INCOMPLETE-REGION (primitivity-rejection): certified supercell discarded; primitive lattice 1|-2,0,0,0,3,0,0,0#1|-4,0,0,0,-1,0,0,0 not in candidate list (supercell 1|-4,0,0,0,6,0,0,0#1|-6,0,0,0,2,0,0,0, 26 witness(es))
[PeriodSolver k=3] ⚑ INCOMPLETE-REGION (primitivity-rejection): certified supercell discarded; primitive lattice 1|-2,0,0,0,3,0,0,0#1|-4,0,0,0,-1,0,0,0 not in candidate list (supercell 1|-4,0,0,0,6,0,0,0#1|-6,0,0,0,2,0,0,0, 26 witness(es))
[PeriodSolver k=3] ⚑ INCOMPLETE-REGION (primitivity-rejection): certified supercell discarded; primitive lattice 1|-2,0,0,0,3,0,0,0#1|-4,0,0,0,-1,0,0,0 not in candidate list (supercell 1|-2,0,0,0,-4,0,0,0#1|-6,0,0,0,2,0,0,0, 26 witness(es))
[PeriodSolver k=3] ⚑ INCOMPLETE-REGION (primitivity-rejection): certified supercell discarded; primitive lattice 1|-2,0,0,0,3,0,0,0#1|-4,0,0,0,-1,0,0,0 not in candidate list (supercell 1|-2,0,0,0,-4,0,0,0#1|-6,0,0,0,2,0,0,0, 26 witness(es))
[PeriodSolver k=3] ⚑ INCOMPLETE-REGION (primitivity-rejection): certified supercell discarded; primitive lattice 1|-2,0,0,0,3,0,0,0#1|-4,0,0,0,-1,0,0,0 not in candidate list (supercell 1|-2,0,0,0,-4,0,0,0#1|-6,0,0,0,2,0,0,0, 26 witness(es))
[PeriodSolver k=3] ⚑ INCOMPLETE-REGION (primitivity-rejection): certified supercell discarded; primitive lattice 1|-1,0,0,0,-4,0,0,0#1|-3,0,0,0,2,0,0,0 not in candidate list (supercell 1|-4,0,0,0,-2,0,0,0#1|-6,0,0,0,4,0,0,0, 26 witness(es))
[PeriodSolver k=3] ⚑ INCOMPLETE-REGION (primitivity-rejection): certified supercell discarded; primitive lattice 1|-2,0,0,0,3,0,0,0#1|-4,0,0,0,-1,0,0,0 not in candidate list (supercell 1|-4,0,0,0,6,0,0,0#1|-6,0,0,0,2,0,0,0, 26 witness(es))
[PeriodSolver k=3] ⚑ INCOMPLETE-REGION (primitivity-rejection): certified supercell discarded; primitive lattice 1|-1,0,0,0,-4,0,0,0#1|-3,0,0,0,2,0,0,0 not in candidate list (supercell 1|-2,0,0,0,6,0,0,0#1|-6,0,0,0,4,0,0,0, 26 witness(es))
[PeriodSolver k=3] ⚑ INCOMPLETE-REGION (primitivity-rejection): certified supercell discarded; primitive lattice 1|-2,0,0,0,3,0,0,0#1|-4,0,0,0,-1,0,0,0 not in candidate list (supercell 1|-2,0,0,0,-4,0,0,0#1|-6,0,0,0,2,0,0,0, 26 witness(es))
[PeriodSolver k=3] ⚑ INCOMPLETE-REGION (primitivity-rejection): certified supercell discarded; primitive lattice 1|-2,0,0,0,3,0,0,0#1|-4,0,0,0,-1,0,0,0 not in candidate list (supercell 1|-4,0,0,0,6,0,0,0#1|-6,0,0,0,2,0,0,0, 26 witness(es))
[PeriodSolver k=3] ⚑ INCOMPLETE-REGION (primitivity-rejection): certified supercell discarded; primitive lattice 1|-2,0,0,0,3,0,0,0#1|-4,0,0,0,-1,0,0,0 not in candidate list (supercell 1|-2,0,0,0,-4,0,0,0#1|-6,0,0,0,2,0,0,0, 26 witness(es))
  [179] [3,3,3,3,6;3,3,6,6;6,6,6]      cells=1 45430ms  (173/449)
  [180] [3,3,3,3,6;3,3,6,6;6,6,6]      cells=1 48000ms  (174/449)
[PeriodSolver k=3] ⚑ INCOMPLETE-REGION (grid long-side reach): 21924 solved cmm/rect long axes exceed poolLmax=8.12 and are not enumerated
[PeriodSolver k=3] ⚑ INCOMPLETE-REGION (oblique candidate stage): {"cause":"join-waived","rejects":18046336,"denMax":60}
  [176] [3,3,3,3,6;3,6,3,6;3,3,6,6]    cells=0 136318ms  (175/449)
[PeriodSolver k=3] ⚑ INCOMPLETE-REGION (grid long-side reach): 21924 solved cmm/rect long axes exceed poolLmax=8.12 and are not enumerated
[PeriodSolver k=3] ⚑ INCOMPLETE-REGION (oblique candidate stage): {"cause":"join-waived","rejects":18046336,"denMax":60}
  [175] [3,3,3,3,6;3,6,3,6;3,3,6,6]    cells=1 159145ms  (176/449)
  [181] [3,3,3,3,6;3,6,3,6;3,6,4,4]    cells=0 56733ms  (177/449)
  [172] [3,3,3,3,6;3,3,6,6;3,6,3,6]    cells=0 176059ms  (178/449)
  [183] [3,3,3,3,6;3,6,3,6;3,6,3,6]    cells=0 13545ms  (179/449)
  [173] [3,3,3,3,6;3,3,6,6;3,6,3,6]    cells=0 184385ms  (180/449)
  [184] [3,3,3,3,6;3,6,3,6;3,6,3,6]    cells=0 17055ms  (181/449)
  [185] [3,3,3,3,6;3,6,3,6;3,6,3,6]    cells=0 17065ms  (182/449)
  [182] [3,3,3,3,6;3,6,3,6;3,4,4,6]    cells=0 54937ms  (183/449)
  [177] [3,3,3,3,6;3,6,3,6;3,3,6,6]    cells=0 212117ms  (184/449)
  [186] [3,3,3,3,6;3,3,3,3,6;3,6,3,6]  cells=2 45123ms  (185/449)
  [189] [3,3,3,3,6;3,6,3,6;3,3,3,3,6]  cells=2 41008ms  (186/449)
  [178] [3,3,3,3,6;3,6,3,6;3,3,6,6]    cells=0 220136ms  (187/449)
  [188] [3,3,3,3,6;3,6,3,6;3,3,3,3,6]  cells=2 51388ms  (188/449)
[PeriodSolver k=3] ⚑ INCOMPLETE-REGION (grid long-side reach): 2388 solved cmm/rect long axes exceed poolLmax=8.12 and are not enumerated
  [187] [3,3,3,3,6;3,6,3,6;3,3,3,3,6]  cells=2 52879ms  (189/449)
[PeriodSolver k=3] ⚑ INCOMPLETE-REGION (grid long-side reach): 2388 solved cmm/rect long axes exceed poolLmax=8.12 and are not enumerated
[PeriodSolver k=3] ⚑ INCOMPLETE-REGION (oblique candidate stage): {"cause":"join-waived","rejects":13085684,"denMax":60}
[PeriodSolver k=3] ⚑ INCOMPLETE-REGION (oblique candidate stage): {"cause":"join-waived","rejects":13085684,"denMax":60}
  [190] [3,3,3,3,6;3,6,3,6;3,3,3,3,6]  cells=2 42223ms  (190/449)
[PeriodSolver k=3] ⚑ INCOMPLETE-REGION (grid long-side reach): 2388 solved cmm/rect long axes exceed poolLmax=8.12 and are not enumerated
[PeriodSolver k=3] ⚑ INCOMPLETE-REGION (oblique candidate stage): {"cause":"join-waived","rejects":13085684,"denMax":60}
  [192] [3,3,3,3,6;3,6,3,6;3,3,3,3,6]  cells=2 38717ms  (191/449)
[PeriodSolver k=3] ⚑ INCOMPLETE-REGION (grid long-side reach): 2388 solved cmm/rect long axes exceed poolLmax=8.12 and are not enumerated
[PeriodSolver k=3] ⚑ INCOMPLETE-REGION (oblique candidate stage): {"cause":"join-waived","rejects":13085684,"denMax":60}
  [191] [3,3,3,3,6;3,6,3,6;3,3,3,3,6]  cells=2 48313ms  (192/449)
[PeriodSolver k=3] ⚑ INCOMPLETE-REGION (grid long-side reach): 2388 solved cmm/rect long axes exceed poolLmax=8.12 and are not enumerated
[PeriodSolver k=3] ⚑ INCOMPLETE-REGION (oblique candidate stage): {"cause":"join-waived","rejects":13085684,"denMax":60}
  [193] [3,3,3,3,6;3,6,3,6;3,3,3,3,6]  cells=2 40713ms  (193/449)
[PeriodSolver k=3] ⚑ INCOMPLETE-REGION (grid long-side reach): 2388 solved cmm/rect long axes exceed poolLmax=8.12 and are not enumerated
  [194] [3,3,3,3,6;3,6,3,6;3,3,3,3,6]  cells=2 40675ms  (194/449)
[PeriodSolver k=3] ⚑ INCOMPLETE-REGION (grid long-side reach): 2388 solved cmm/rect long axes exceed poolLmax=8.12 and are not enumerated
[PeriodSolver k=3] ⚑ INCOMPLETE-REGION (oblique candidate stage): {"cause":"join-waived","rejects":13085684,"denMax":60}
[PeriodSolver k=3] ⚑ INCOMPLETE-REGION (oblique candidate stage): {"cause":"join-waived","rejects":13085684,"denMax":60}
  [174] [3,3,3,3,6;3,6,3,6;3,3,6,6]    cells=0 323305ms  (195/449)
[PeriodSolver k=3] ⚑ INCOMPLETE-REGION (grid long-side reach): 2388 solved cmm/rect long axes exceed poolLmax=8.12 and are not enumerated
[PeriodSolver k=3] ⚑ INCOMPLETE-REGION (oblique candidate stage): {"cause":"join-waived","rejects":13085684,"denMax":60}
  [196] [3,3,3,4,4;3,3,4,3,4;3,3,4,3,4] cells=1 126365ms  (196/449)
  [197] [3,3,3,4,4;3,3,4,3,4;3,3,4,3,4] cells=1 128288ms  (197/449)
  [195] [3,3,3,4,4;3,3,4,3,4;3,3,4,3,4] cells=1 134741ms  (198/449)
  [198] [3,3,3,4,4;3,3,4,3,4;3,3,4,3,4] cells=2 125832ms  (199/449)
  [201] [3,3,3,4,4;3,3,4,3,4;3,3,4,3,4] cells=1 115776ms  (200/449)
  [199] [3,3,3,4,4;3,3,4,3,4;3,3,4,3,4] cells=2 125791ms  (201/449)
  [200] [3,3,3,4,4;3,3,4,3,4;3,3,4,3,4] cells=1 124209ms  (202/449)
  [202] [3,3,3,4,4;3,3,4,3,4;3,3,4,3,4] cells=1 123749ms  (203/449)
  [203] [3,3,3,4,4;3,3,4,3,4;3,3,4,3,4] cells=2 120318ms  (204/449)
  [205] [3,3,3,4,4;3,3,4,3,4;3,3,4,3,4] cells=1 124299ms  (205/449)
  [204] [3,3,3,4,4;3,3,4,3,4;3,3,4,3,4] cells=1 131211ms  (206/449)
  [207] [3,3,3,4,4;3,3,4,3,4;3,3,4,3,4] cells=2 123567ms  (207/449)
  [206] [3,3,3,4,4;3,3,4,3,4;3,3,4,3,4] cells=1 124633ms  (208/449)
  [208] [3,3,3,4,4;3,3,4,3,4;3,3,4,3,4] cells=1 125948ms  (209/449)
  [209] [3,3,3,4,4;3,3,4,3,4;3,3,4,3,4] cells=1 125549ms  (210/449)
  [210] [3,3,3,4,4;3,3,4,3,4;3,3,4,3,4] cells=1 118190ms  (211/449)
  [211] [3,3,3,4,4;3,3,4,3,4;3,3,4,3,4] cells=1 125579ms  (212/449)
  [212] [3,3,3,4,4;3,3,4,3,4;3,3,4,3,4] cells=1 124727ms  (213/449)
  [213] [3,3,3,4,4;3,3,4,3,4;3,3,4,3,4] cells=1 132218ms  (214/449)
  [214] [3,3,3,4,4;3,3,4,3,4;3,3,4,3,4] cells=2 129690ms  (215/449)
  [215] [3,3,3,4,4;3,3,4,3,4;3,3,4,3,4] cells=1 130650ms  (216/449)
  [217] [3,3,3,4,4;3,3,3,4,4;3,3,4,3,4] cells=2 123304ms  (217/449)
  [216] [3,3,3,4,4;3,3,3,4,4;3,3,4,3,4] cells=2 129061ms  (218/449)
  [218] [3,3,3,4,4;3,3,3,4,4;3,3,4,3,4] cells=2 124135ms  (219/449)
  [219] [3,3,3,4,4;3,3,4,3,4;3,3,3,4,4] cells=2 121967ms  (220/449)
  [220] [3,3,3,4,4;3,3,4,3,4;3,3,3,4,4] cells=2 121912ms  (221/449)
  [221] [3,3,3,4,4;3,3,4,3,4;3,3,3,4,4] cells=2 116844ms  (222/449)
  [223] [3,3,3,4,4;3,3,4,3,4;3,3,3,4,4] cells=1 118895ms  (223/449)
[PeriodSolver k=3] ⚑ INCOMPLETE-REGION (tuned pool regime): poolSteps=8 (proven 71), poolLmax=8.12 (proven 930.83), compactOffMax2=66.00, gridShortMax2=66.00 (proven 930.83), areaBound=806.12 (proven 806.12) below proven box — run is oracle-anchored, not proof-anchored
[PeriodSolver k=3] ⚑ INCOMPLETE-REGION (grid long-side reach): 3432 solved cmm/rect long axes exceed poolLmax=8.12 and are not enumerated
[PeriodSolver k=3] ⚑ INCOMPLETE-REGION (grid long-side reach): 4188 solved cmm/rect long axes exceed poolLmax=8.12 and are not enumerated
  [243] [3,3,3,4,4;3,3,4,3,4;3,4,4,6]  cells=0 4048ms  (237/449)
  [222] [3,3,3,4,4;3,3,4,3,4;3,3,3,4,4] cells=2 126898ms  (238/449)
[PeriodSolver k=3] ⚑ INCOMPLETE-REGION (grid long-side reach): 4188 solved cmm/rect long axes exceed poolLmax=8.12 and are not enumerated
  [244] [3,3,3,4,4;3,3,4,3,4;3,6,4,4]  cells=0 3272ms  (239/449)
  [245] [3,3,3,4,4;3,3,4,3,4;3,4,4,6]  cells=0 4573ms  (240/449)
  [225] [3,3,3,4,4;3,3,4,3,4;3,3,3,4,4] cells=2 126689ms  (241/449)
[PeriodSolver k=3] ⚑ INCOMPLETE-REGION (grid long-side reach): 4188 solved cmm/rect long axes exceed poolLmax=8.12 and are not enumerated
  [246] [3,3,3,4,4;3,3,4,3,4;3,4,4,6]  cells=0 4885ms  (242/449)
  [247] [3,3,3,4,4;3,3,4,3,4;3,6,4,4]  cells=0 3751ms  (243/449)
  [224] [3,3,3,4,4;3,3,4,3,4;3,3,3,4,4] cells=1 132745ms  (244/449)
[PeriodSolver k=3] ⚑ INCOMPLETE-REGION (grid long-side reach): 4188 solved cmm/rect long axes exceed poolLmax=8.12 and are not enumerated
  [248] [3,3,3,4,4;3,3,4,3,4;3,4,4,6]  cells=0 3568ms  (245/449)
  [250] [3,3,3,4,4;3,4,4,6;3,3,4,3,4]  cells=0 4509ms  (247/449)
  [253] [3,3,3,4,4;3,3,4,3,4;3,4,6,4]  cells=0 3037ms  (248/449)
  [251] [3,3,3,4,4;3,3,4,3,4;3,4,6,4]  cells=0 4874ms  (249/449)
  [252] [3,3,3,4,4;3,3,4,3,4;3,4,6,4]  cells=0 5181ms  (250/449)
  [255] [3,3,3,4,4;3,3,4,3,4;3,4,6,4]  cells=0 3610ms  (251/449)
  [254] [3,3,3,4,4;3,3,4,3,4;3,4,6,4]  cells=0 5600ms  (252/449)
  [258] [3,3,3,4,4;3,3,4,3,4;3,4,6,4]  cells=0 3220ms  (253/449)
  [256] [3,3,3,4,4;3,4,6,4;3,3,4,3,4]  cells=0 6726ms  (254/449)
  [257] [3,3,3,4,4;3,4,6,4;3,3,4,3,4]  cells=0 5479ms  (255/449)
[PeriodSolver k=3] ⚑ INCOMPLETE-REGION (grid long-side reach): 19176 solved cmm/rect long axes exceed poolLmax=8.12 and are not enumerated
[PeriodSolver k=3] ⚑ INCOMPLETE-REGION (grid long-side reach): 19176 solved cmm/rect long axes exceed poolLmax=8.12 and are not enumerated
[PeriodSolver k=3] ⚑ INCOMPLETE-REGION (grid long-side reach): 19176 solved cmm/rect long axes exceed poolLmax=8.12 and are not enumerated
  [259] [3,3,3,4,4;3,3,4,3,4;3,4,6,4]  cells=0 3913ms  (256/449)
[PeriodSolver k=3] ⚑ INCOMPLETE-REGION (grid long-side reach): 4140 solved cmm/rect long axes exceed poolLmax=8.12 and are not enumerated
[PeriodSolver k=3] ⚑ INCOMPLETE-REGION (grid long-side reach): 3432 solved cmm/rect long axes exceed poolLmax=8.12 and are not enumerated
[PeriodSolver k=3] ⚑ INCOMPLETE-REGION (grid long-side reach): 4248 solved cmm/rect long axes exceed poolLmax=8.12 and are not enumerated
[PeriodSolver k=3] ⚑ INCOMPLETE-REGION (oblique candidate stage): {"cause":"join-waived","rejects":103845342,"denMax":60}
[PeriodSolver k=3] ⚑ INCOMPLETE-REGION (oblique candidate stage): {"cause":"join-waived","rejects":103845342,"denMax":60}
[PeriodSolver k=3] ⚑ INCOMPLETE-REGION (oblique candidate stage): {"cause":"join-waived","rejects":103845342,"denMax":60}
  [226] [3,3,3,4,4;3,3,4,3,4;3,3,3,4,4] cells=2 119397ms  (268/449)
[PeriodSolver k=3] ⚑ INCOMPLETE-REGION (tuned pool regime): poolSteps=8 (proven 71), poolLmax=8.12 (proven 930.83), compactOffMax2=66.00, gridShortMax2=66.00 (proven 930.83), areaBound=806.12 (proven 806.12) below proven box — run is oracle-anchored, not proof-anchored
[PeriodSolver k=3] ⚑ INCOMPLETE-REGION (grid long-side reach): 4248 solved cmm/rect long axes exceed poolLmax=8.12 and are not enumerated
  [274] [3,3,3,4,4;3,4,6,4;3,3,4,12]   cells=1 12205ms  (269/449)
[PeriodSolver k=3] ⚑ INCOMPLETE-REGION (grid long-side reach): 22092 solved cmm/rect long axes exceed poolLmax=8.12 and are not enumerated
[PeriodSolver k=3] ⚑ INCOMPLETE-REGION (oblique candidate stage): {"cause":"join-waived","rejects":41390730,"denMax":60}
  [275] [3,3,3,4,4;3,4,6,4;3,3,12,4]   cells=1 13028ms  (270/449)
[PeriodSolver k=3] ⚑ INCOMPLETE-REGION (grid long-side reach): 22092 solved cmm/rect long axes exceed poolLmax=8.12 and are not enumerated
[PeriodSolver k=3] ⚑ INCOMPLETE-REGION (oblique candidate stage): {"cause":"join-waived","rejects":41390730,"denMax":60}
  [227] [3,3,3,4,4;3,3,4,3,4;3,3,3,4,4] cells=1 133581ms  (271/449)
[PeriodSolver k=3] ⚑ INCOMPLETE-REGION (grid long-side reach): 22092 solved cmm/rect long axes exceed poolLmax=8.12 and are not enumerated
  [229] [3,3,3,4,4;3,3,4,3,4;3,3,3,4,4] cells=2 123402ms  (272/449)
[PeriodSolver k=3] ⚑ INCOMPLETE-REGION (grid long-side reach): 22092 solved cmm/rect long axes exceed poolLmax=8.12 and are not enumerated
[PeriodSolver k=3] ⚑ INCOMPLETE-REGION (oblique candidate stage): {"cause":"join-waived","rejects":41390730,"denMax":60}
  [276] [3,3,3,4,4;3,4,4,6;3,3,6,6]    cells=1 72091ms  (273/449)
[PeriodSolver k=3] ⚑ INCOMPLETE-REGION (oblique candidate stage): {"cause":"join-waived","rejects":41390730,"denMax":60}
  [228] [3,3,3,4,4;3,3,4,3,4;3,3,3,4,4] cells=2 142620ms  (274/449)
[PeriodSolver k=3] ⚑ INCOMPLETE-REGION (grid long-side reach): 4572 solved cmm/rect long axes exceed poolLmax=8.12 and are not enumerated
  [281] [3,3,3,4,4;3,4,4,6;3,6,4,4]    cells=0 7130ms  (275/449)
[PeriodSolver k=3] ⚑ INCOMPLETE-REGION (grid long-side reach): 4188 solved cmm/rect long axes exceed poolLmax=8.12 and are not enumerated
  [282] [3,3,3,4,4;3,3,3,4,4;3,4,4,6]  cells=0 3509ms  (276/449)
  [283] [3,3,3,4,4;3,3,3,4,4;3,6,4,4]  cells=0 3320ms  (277/449)
  [284] [3,3,3,4,4;3,3,3,4,4;3,4,4,6]  cells=0 3384ms  (278/449)
  [277] [3,3,3,4,4;3,4,4,6;3,3,6,6]    cells=1 80744ms  (279/449)
[PeriodSolver k=3] ⚑ INCOMPLETE-REGION (grid long-side reach): 4572 solved cmm/rect long axes exceed poolLmax=8.12 and are not enumerated
  [285] [3,3,3,4,4;3,3,3,4,4;3,6,4,4]  cells=0 3672ms  (280/449)
  [286] [3,3,3,4,4;3,4,6,4;3,4,4,6]    cells=0 4838ms  (281/449)
  [287] [3,3,3,4,4;3,4,6,4;3,4,4,6]    cells=0 5263ms  (282/449)
[PeriodSolver k=3] ⚑ INCOMPLETE-REGION (grid long-side reach): 22380 solved cmm/rect long axes exceed poolLmax=8.12 and are not enumerated
  [288] [3,3,3,4,4;3,4,4,6;3,4,6,4]    cells=0 5002ms  (283/449)
  [289] [3,3,3,4,4;4,4,4,4;3,4,4,6]    cells=0 9587ms  (284/449)
  [291] [3,3,3,4,4;3,4,6,4;3,4,6,4]    cells=0 7726ms  (285/449)
  [292] [3,3,3,4,4;3,4,6,4;3,4,6,4]    cells=0 6774ms  (286/449)
  [280] [3,3,3,4,4;3,4,4,6;3,3,6,6]    cells=0 52563ms  (287/449)
  [278] [3,3,3,4,4;3,3,6,6;3,4,4,6]    cells=1 71081ms  (288/449)
[PeriodSolver k=3] ⚑ INCOMPLETE-REGION (grid long-side reach): 4188 solved cmm/rect long axes exceed poolLmax=8.12 and are not enumerated
  [295] [3,3,3,4,4;3,4,6,4;3,3,3,4,4]  cells=0 4966ms  (290/449)
  [293] [3,3,3,4,4;3,4,6,4;3,4,6,4]    cells=0 7125ms  (291/449)
[PeriodSolver k=3] ⚑ INCOMPLETE-REGION (grid long-side reach): 4644 solved cmm/rect long axes exceed poolLmax=8.12 and are not enumerated
  [279] [3,3,3,4,4;3,3,6,6;3,6,4,4]    cells=1 70322ms  (292/449)
  [296] [3,3,3,4,4;3,4,6,4;3,3,3,4,4]  cells=0 4901ms  (293/449)
[PeriodSolver k=3] ⚑ INCOMPLETE-REGION (grid long-side reach): 19800 solved cmm/rect long axes exceed poolLmax=8.12 and are not enumerated
[PeriodSolver k=3] ⚑ INCOMPLETE-REGION (grid long-side reach): 19800 solved cmm/rect long axes exceed poolLmax=8.12 and are not enumerated
[PeriodSolver k=3] ⚑ INCOMPLETE-REGION (grid long-side reach): 19176 solved cmm/rect long axes exceed poolLmax=8.12 and are not enumerated
  [297] [3,3,3,4,4;3,4,6,4;3,3,3,4,4]  cells=0 4808ms  (295/449)
[PeriodSolver k=3] ⚑ INCOMPLETE-REGION (grid long-side reach): 19176 solved cmm/rect long axes exceed poolLmax=8.12 and are not enumerated
[PeriodSolver k=3] ⚑ INCOMPLETE-REGION (oblique candidate stage): {"cause":"join-waived","rejects":74553526,"denMax":60}
[PeriodSolver k=3] ⚑ INCOMPLETE-REGION (oblique candidate stage): {"cause":"join-waived","rejects":74553526,"denMax":60}
[PeriodSolver k=3] ⚑ INCOMPLETE-REGION (oblique candidate stage): {"cause":"join-waived","rejects":103845342,"denMax":60}
[PeriodSolver k=3] ⚑ INCOMPLETE-REGION (oblique candidate stage): {"cause":"join-waived","rejects":103845342,"denMax":60}
  [290] [3,3,3,4,4;3,4,4,6;3,6,3,6]    cells=0 54747ms  (296/449)
[PeriodSolver k=3] ⚑ INCOMPLETE-REGION (grid long-side reach): 19176 solved cmm/rect long axes exceed poolLmax=8.12 and are not enumerated
[PeriodSolver k=3] ⚑ INCOMPLETE-REGION (oblique candidate stage): {"cause":"join-waived","rejects":103845342,"denMax":60}
  [261] [3,3,3,4,4;3,3,4,3,4;4,4,4,4]  cells=3 317472ms  (297/449)
[PeriodSolver k=3] ⚑ INCOMPLETE-REGION (grid long-side reach): 4140 solved cmm/rect long axes exceed poolLmax=8.12 and are not enumerated
  [260] [3,3,3,4,4;3,3,4,3,4;4,4,4,4]  cells=3 317901ms  (298/449)
[PeriodSolver k=3] ⚑ INCOMPLETE-REGION (grid long-side reach): 3432 solved cmm/rect long axes exceed poolLmax=8.12 and are not enumerated
[PeriodSolver k=3] ⚑ INCOMPLETE-REGION (grid long-side reach): 4140 solved cmm/rect long axes exceed poolLmax=8.12 and are not enumerated
  [311] [3,3,4,12;3,3,4,3,4;3,4,3,12]  cells=0 6640ms  (306/449)
  [312] [3,3,4,12;3,3,4,3,4;3,4,3,12]  cells=0 6729ms  (307/449)
  [262] [3,3,3,4,4;3,3,4,3,4;4,4,4,4]  cells=3 328041ms  (308/449)
[PeriodSolver k=3] ⚑ INCOMPLETE-REGION (grid long-side reach): 4140 solved cmm/rect long axes exceed poolLmax=8.12 and are not enumerated
  [314] [3,3,4,12;3,3,4,3,4;3,4,3,12]  cells=0 5574ms  (309/449)
[PeriodSolver k=3] ⚑ INCOMPLETE-REGION (grid long-side reach): 4248 solved cmm/rect long axes exceed poolLmax=8.12 and are not enumerated
[PeriodSolver k=3] ⚑ INCOMPLETE-REGION (grid long-side reach): 7788 solved cmm/rect long axes exceed poolLmax=8.12 and are not enumerated
  [313] [3,3,4,12;3,3,4,3,4;3,4,3,12]  cells=0 7423ms  (311/449)
[PeriodSolver k=3] ⚑ INCOMPLETE-REGION (grid long-side reach): 22092 solved cmm/rect long axes exceed poolLmax=8.12 and are not enumerated
  [315] [3,3,4,12;3,4,3,12;3,3,4,3,4]  cells=0 6651ms  (312/449)
[PeriodSolver k=3] ⚑ INCOMPLETE-REGION (grid long-side reach): 22092 solved cmm/rect long axes exceed poolLmax=8.12 and are not enumerated
  [300] [3,3,3,4,4;4,4,4,4;4,4,4,4]    cells=3 184071ms  (313/449)
[PeriodSolver k=3] ⚑ INCOMPLETE-REGION (oblique candidate stage): {"cause":"join-waived","rejects":41390730,"denMax":60}
[PeriodSolver k=3] ⚑ INCOMPLETE-REGION (oblique candidate stage): {"cause":"join-waived","rejects":41390730,"denMax":60}
  [317] [3,12,12;3,3,12,4;3,3,4,3,4]   cells=0 9681ms  (322/449)
[PeriodSolver k=3] ⚑ INCOMPLETE-REGION (grid long-side reach): 4572 solved cmm/rect long axes exceed poolLmax=8.12 and are not enumerated
  [299] [3,3,3,4,4;4,4,4,4;4,4,4,4]    cells=3 197052ms  (324/449)
[PeriodSolver k=3] ⚑ INCOMPLETE-REGION (grid long-side reach): 4572 solved cmm/rect long axes exceed poolLmax=8.12 and are not enumerated
  [330] [3,3,4,3,4;3,4,4,6;3,6,4,4]    cells=0 7559ms  (325/449)
  [329] [3,12,12;3,4,3,12;3,3,4,3,4]   cells=0 9975ms  (326/449)
  [331] [3,3,4,3,4;3,4,4,6;3,6,4,4]    cells=0 6480ms  (327/449)
  [333] [3,3,4,3,4;3,3,4,3,4;3,4,4,6]  cells=0 4069ms  (328/449)
[PeriodSolver k=3] ⚑ INCOMPLETE-REGION (grid long-side reach): 4188 solved cmm/rect long axes exceed poolLmax=8.12 and are not enumerated
  [332] [3,3,4,3,4;3,4,4,6;3,6,4,4]    cells=0 6367ms  (329/449)
  [335] [3,3,4,3,4;3,3,4,3,4;3,4,4,6]  cells=0 3399ms  (330/449)
[PeriodSolver k=3] ⚑ INCOMPLETE-REGION (grid long-side reach): 4572 solved cmm/rect long axes exceed poolLmax=8.12 and are not enumerated
  [334] [3,3,4,3,4;3,3,4,3,4;3,6,4,4]  cells=0 4294ms  (331/449)
  [336] [3,3,4,3,4;3,4,6,4;3,4,4,6]    cells=1 15484ms  (332/449)
  [338] [3,3,4,3,4;3,4,6,4;3,6,4,4]    cells=1 12918ms  (333/449)
  [337] [3,3,4,3,4;3,4,6,4;3,6,4,4]    cells=1 16082ms  (334/449)
  [341] [3,3,4,3,4;3,4,6,4;3,6,4,4]    cells=0 3192ms  (335/449)
  [340] [3,3,4,3,4;3,4,4,6;3,4,6,4]    cells=1 12961ms  (336/449)
[PeriodSolver k=3] ⚑ INCOMPLETE-REGION (grid long-side reach): 22380 solved cmm/rect long axes exceed poolLmax=8.12 and are not enumerated
  [342] [3,3,4,3,4;3,4,6,4;3,4,4,6]    cells=0 13182ms  (337/449)
[PeriodSolver k=3] ⚑ INCOMPLETE-REGION (grid long-side reach): 4644 solved cmm/rect long axes exceed poolLmax=8.12 and are not enumerated
  [343] [3,3,4,3,4;3,4,4,6;4,4,4,4]    cells=0 9433ms  (339/449)
  [319] [3,3,4,3,4;3,3,6,6;3,4,4,6]    cells=0 61623ms  (340/449)
[PeriodSolver k=3] ⚑ INCOMPLETE-REGION (grid long-side reach): 4572 solved cmm/rect long axes exceed poolLmax=8.12 and are not enumerated
  [318] [3,3,4,3,4;3,4,4,6;3,3,6,6]    cells=0 65150ms  (341/449)
[PeriodSolver k=3] ⚑ INCOMPLETE-REGION (grid long-side reach): 4572 solved cmm/rect long axes exceed poolLmax=8.12 and are not enumerated
  [339] [3,3,4,3,4;3,4,6,4;3,4,4,6]    cells=1 35463ms  (342/449)
  [345] [3,3,4,3,4;3,4,6,4;3,4,6,4]    cells=0 16564ms  (343/449)
  [346] [3,3,4,3,4;3,4,6,4;3,4,6,4]    cells=0 15406ms  (344/449)
  [349] [3,3,4,3,4;3,4,6,4;3,4,6,4]    cells=0 9416ms  (345/449)
  [352] [3,3,4,3,4;3,3,4,3,4;3,4,6,4]  cells=0 5635ms  (346/449)
  [353] [3,3,4,3,4;3,3,4,3,4;3,4,6,4]  cells=0 5513ms  (347/449)
  [351] [3,3,4,3,4;3,4,6,4;3,4,6,4]    cells=0 19463ms  (348/449)
  [350] [3,3,4,3,4;3,4,6,4;3,4,6,4]    cells=0 22137ms  (349/449)
  [354] [3,3,4,3,4;3,3,4,3,4;3,4,6,4]  cells=0 5263ms  (350/449)
  [355] [3,3,4,3,4;3,3,4,3,4;3,4,6,4]  cells=0 5263ms  (351/449)
  [347] [3,3,4,3,4;3,4,6,4;3,4,6,4]    cells=0 39761ms  (352/449)
  [348] [3,3,4,3,4;3,4,6,4;3,4,6,4]    cells=0 38024ms  (353/449)
  [356] [3,3,4,3,4;3,3,4,3,4;3,4,6,4]  cells=0 5069ms  (354/449)
  [357] [3,3,4,3,4;3,4,6,4;3,3,4,3,4]  cells=0 6945ms  (355/449)
[PeriodSolver k=3] ⚑ INCOMPLETE-REGION (grid long-side reach): 4644 solved cmm/rect long axes exceed poolLmax=8.12 and are not enumerated
  [358] [3,3,4,3,4;3,4,6,4;3,3,4,3,4]  cells=0 5690ms  (356/449)
  [361] [3,3,4,3,4;3,3,4,3,4;3,4,6,4]  cells=0 4136ms  (357/449)
[PeriodSolver k=3] ⚑ INCOMPLETE-REGION (grid long-side reach): 4644 solved cmm/rect long axes exceed poolLmax=8.12 and are not enumerated
[PeriodSolver k=3] ⚑ INCOMPLETE-REGION (grid long-side reach): 1176 solved cmm/rect long axes exceed poolLmax=8.12 and are not enumerated
  [360] [3,3,4,3,4;3,3,4,3,4;3,4,6,4]  cells=0 5508ms  (358/449)
[PeriodSolver k=3] ⚑ INCOMPLETE-REGION (grid long-side reach): 1176 solved cmm/rect long axes exceed poolLmax=8.12 and are not enumerated
  [359] [3,3,4,3,4;3,4,6,4;3,3,4,3,4]  cells=0 5875ms  (360/449)
[PeriodSolver k=3] ⚑ INCOMPLETE-REGION (grid long-side reach): 1176 solved cmm/rect long axes exceed poolLmax=8.12 and are not enumerated
[PeriodSolver k=3] ⚑ INCOMPLETE-REGION (grid long-side reach): 1176 solved cmm/rect long axes exceed poolLmax=8.12 and are not enumerated
[PeriodSolver k=3] ⚑ INCOMPLETE-REGION (grid long-side reach): 1620 solved cmm/rect long axes exceed poolLmax=8.12 and are not enumerated
[PeriodSolver k=3] ⚑ INCOMPLETE-REGION (grid long-side reach): 4536 solved cmm/rect long axes exceed poolLmax=8.12 and are not enumerated
[PeriodSolver k=3] ⚑ INCOMPLETE-REGION (grid long-side reach): 1176 solved cmm/rect long axes exceed poolLmax=8.12 and are not enumerated
[PeriodSolver k=3] ⚑ INCOMPLETE-REGION (grid long-side reach): 1620 solved cmm/rect long axes exceed poolLmax=8.12 and are not enumerated
[PeriodSolver k=3] ⚑ INCOMPLETE-REGION (grid long-side reach): 4536 solved cmm/rect long axes exceed poolLmax=8.12 and are not enumerated
[PeriodSolver k=3] ⚑ INCOMPLETE-REGION (grid long-side reach): 4536 solved cmm/rect long axes exceed poolLmax=8.12 and are not enumerated
[PeriodSolver k=3] ⚑ INCOMPLETE-REGION (grid long-side reach): 1704 solved cmm/rect long axes exceed poolLmax=8.12 and are not enumerated
[PeriodSolver k=3] ⚑ INCOMPLETE-REGION (grid long-side reach): 1524 solved cmm/rect long axes exceed poolLmax=8.12 and are not enumerated
[PeriodSolver k=3] ⚑ INCOMPLETE-REGION (grid long-side reach): 1524 solved cmm/rect long axes exceed poolLmax=8.12 and are not enumerated
[PeriodSolver k=3] ⚑ INCOMPLETE-REGION (grid long-side reach): 4704 solved cmm/rect long axes exceed poolLmax=8.12 and are not enumerated
[PeriodSolver k=3] ⚑ INCOMPLETE-REGION (grid long-side reach): 3444 solved cmm/rect long axes exceed poolLmax=8.12 and are not enumerated
[PeriodSolver k=3] ⚑ INCOMPLETE-REGION (grid long-side reach): 5004 solved cmm/rect long axes exceed poolLmax=8.12 and are not enumerated
[PeriodSolver k=3] ⚑ INCOMPLETE-REGION (grid long-side reach): 5256 solved cmm/rect long axes exceed poolLmax=8.12 and are not enumerated
[PeriodSolver k=3] ⚑ INCOMPLETE-REGION (grid long-side reach): 1716 solved cmm/rect long axes exceed poolLmax=8.12 and are not enumerated
[PeriodSolver k=3] ⚑ INCOMPLETE-REGION (grid long-side reach): 8688 solved cmm/rect long axes exceed poolLmax=8.12 and are not enumerated
[PeriodSolver k=3] ⚑ INCOMPLETE-REGION (grid long-side reach): 8688 solved cmm/rect long axes exceed poolLmax=8.12 and are not enumerated
[PeriodSolver k=3] ⚑ INCOMPLETE-REGION (oblique candidate stage): {"cause":"join-waived","rejects":12340138,"denMax":60}
[PeriodSolver k=3] ⚑ INCOMPLETE-REGION (oblique candidate stage): {"cause":"join-waived","rejects":12340138,"denMax":60}
  [372] [3,12,12;3,4,3,12;3,3,12,4]    cells=1 7514ms  (378/449)
[PeriodSolver k=3] ⚑ INCOMPLETE-REGION (grid long-side reach): 486 solved cmm/rect long axes exceed poolLmax=8.12 and are not enumerated
  [373] [3,12,12;3,4,3,12;3,3,12,4]    cells=1 9905ms  (379/449)
[PeriodSolver k=3] ⚑ INCOMPLETE-REGION (grid long-side reach): 486 solved cmm/rect long axes exceed poolLmax=8.12 and are not enumerated
  [378] [3,12,12;3,3,12,4;3,4,6,4]     cells=1 9976ms  (380/449)
[PeriodSolver k=3] ⚑ INCOMPLETE-REGION (grid long-side reach): 486 solved cmm/rect long axes exceed poolLmax=8.12 and are not enumerated
  [386] [3,3,6,6;3,6,3,6;3,6,3,6]      cells=1 22454ms  (381/449)
  [387] [3,3,6,6;3,6,3,6;3,6,3,6]      cells=1 22042ms  (382/449)
  [301] [3,3,3,4,4;3,3,3,4,4;4,4,4,4]  cells=4 328710ms  (383/449)
[PeriodSolver k=3] ⚑ INCOMPLETE-REGION (grid long-side reach): 486 solved cmm/rect long axes exceed poolLmax=8.12 and are not enumerated
  [303] [3,3,3,4,4;4,4,4,4;3,3,3,4,4]  cells=1 308264ms  (384/449)
[PeriodSolver k=3] ⚑ INCOMPLETE-REGION (grid long-side reach): 486 solved cmm/rect long axes exceed poolLmax=8.12 and are not enumerated
  [302] [3,3,3,4,4;3,3,3,4,4;4,4,4,4]  cells=4 332495ms  (385/449)
[PeriodSolver k=3] ⚑ INCOMPLETE-REGION (grid long-side reach): 1758 solved cmm/rect long axes exceed poolLmax=8.12 and are not enumerated
  [385] [3,3,6,6;3,6,3,6;3,6,3,6]      cells=1 38844ms  (386/449)
[PeriodSolver k=3] ⚑ INCOMPLETE-REGION (grid long-side reach): 1932 solved cmm/rect long axes exceed poolLmax=8.12 and are not enumerated
  [383] [3,3,6,6;3,6,3,6;3,6,4,4]      cells=4 43015ms  (387/449)
[PeriodSolver k=3] ⚑ INCOMPLETE-REGION (grid long-side reach): 1758 solved cmm/rect long axes exceed poolLmax=8.12 and are not enumerated
  [384] [3,3,6,6;3,6,3,6;3,4,4,6]      cells=4 43334ms  (388/449)
[PeriodSolver k=3] ⚑ INCOMPLETE-REGION (grid long-side reach): 1524 solved cmm/rect long axes exceed poolLmax=8.12 and are not enumerated
  [393] [3,3,6,6;6,6,6;6,6,6]          cells=0 4175ms  (392/449)
[PeriodSolver k=3] ⚑ INCOMPLETE-REGION (grid long-side reach): 4704 solved cmm/rect long axes exceed poolLmax=8.12 and are not enumerated
  [394] [3,3,6,6;6,6,6;3,3,6,6]        cells=0 4256ms  (396/449)
[PeriodSolver k=3] ⚑ INCOMPLETE-REGION (grid long-side reach): 5004 solved cmm/rect long axes exceed poolLmax=8.12 and are not enumerated
[PeriodSolver k=3] ⚑ INCOMPLETE-REGION (grid long-side reach): 5004 solved cmm/rect long axes exceed poolLmax=8.12 and are not enumerated
[PeriodSolver k=3] ⚑ INCOMPLETE-REGION (grid long-side reach): 1164 solved cmm/rect long axes exceed poolLmax=8.12 and are not enumerated
[PeriodSolver k=3] ⚑ INCOMPLETE-REGION (oblique candidate stage): {"cause":"join-waived","rejects":5529930,"denMax":60}
  [405] [3,12,12;3,4,3,12;3,4,3,12]    cells=0 3482ms  (400/449)
[PeriodSolver k=3] ⚑ INCOMPLETE-REGION (grid long-side reach): 1164 solved cmm/rect long axes exceed poolLmax=8.12 and are not enumerated
  [389] [3,3,6,6;3,6,3,6;3,3,6,6]      cells=1 24315ms  (401/449)
[PeriodSolver k=3] ⚑ INCOMPLETE-REGION (oblique candidate stage): {"cause":"join-waived","rejects":5529930,"denMax":60}
[PeriodSolver k=3] ⚑ INCOMPLETE-REGION (grid long-side reach): 1164 solved cmm/rect long axes exceed poolLmax=8.12 and are not enumerated
[PeriodSolver k=3] ⚑ INCOMPLETE-REGION (oblique candidate stage): {"cause":"join-waived","rejects":5529930,"denMax":60}
  [401] [3,12,12;3,4,3,12;3,4,6,4]     cells=1 9836ms  (402/449)
[PeriodSolver k=3] ⚑ INCOMPLETE-REGION (grid long-side reach): 1164 solved cmm/rect long axes exceed poolLmax=8.12 and are not enumerated
  [388] [3,3,6,6;3,6,3,6;3,3,6,6]      cells=1 29353ms  (403/449)
[PeriodSolver k=3] ⚑ INCOMPLETE-REGION (oblique candidate stage): {"cause":"join-waived","rejects":5529930,"denMax":60}
[PeriodSolver k=3] ⚑ INCOMPLETE-REGION (grid long-side reach): 1164 solved cmm/rect long axes exceed poolLmax=8.12 and are not enumerated
[PeriodSolver k=3] ⚑ INCOMPLETE-REGION (oblique candidate stage): {"cause":"join-waived","rejects":5529930,"denMax":60}
  [390] [3,3,6,6;3,6,3,6;3,3,6,6]      cells=1 26950ms  (404/449)
[PeriodSolver k=3] ⚑ INCOMPLETE-REGION (grid long-side reach): 1164 solved cmm/rect long axes exceed poolLmax=8.12 and are not enumerated
[PeriodSolver k=3] ⚑ INCOMPLETE-REGION (oblique candidate stage): {"cause":"join-waived","rejects":5529930,"denMax":60}
  [391] [3,3,6,6;3,6,3,6;3,3,6,6]      cells=1 24809ms  (405/449)
[PeriodSolver k=3] ⚑ INCOMPLETE-REGION (grid long-side reach): 1164 solved cmm/rect long axes exceed poolLmax=8.12 and are not enumerated
  [392] [3,3,6,6;3,6,3,6;6,6,6]        cells=2 23517ms  (406/449)
[PeriodSolver k=3] ⚑ INCOMPLETE-REGION (grid long-side reach): 1164 solved cmm/rect long axes exceed poolLmax=8.12 and are not enumerated
[PeriodSolver k=3] ⚑ INCOMPLETE-REGION (oblique candidate stage): {"cause":"join-waived","rejects":5529930,"denMax":60}
[PeriodSolver k=3] ⚑ INCOMPLETE-REGION (oblique candidate stage): {"cause":"join-waived","rejects":5529930,"denMax":60}
  [406] [3,4,4,6;3,4,6,4;3,4,6,4]      cells=1 67813ms  (407/449)
  [411] [3,4,4,6;3,4,6,4;3,4,6,4]      cells=0 61392ms  (408/449)
  [407] [3,4,4,6;3,4,6,4;3,4,6,4]      cells=1 70068ms  (409/449)
  [410] [3,4,4,6;3,4,6,4;3,4,6,4]      cells=1 66134ms  (410/449)
  [409] [3,4,4,6;3,4,6,4;3,4,6,4]      cells=1 67160ms  (411/449)
  [408] [3,4,4,6;3,4,6,4;3,4,6,4]      cells=1 70106ms  (412/449)
[PeriodSolver k=3] ⚑ INCOMPLETE-REGION (grid long-side reach): 8376 solved cmm/rect long axes exceed poolLmax=8.12 and are not enumerated
[PeriodSolver k=3] ⚑ INCOMPLETE-REGION (oblique candidate stage): {"cause":"join-waived","rejects":23787198,"denMax":60}
  [413] [3,4,4,6;3,6,4,4;3,4,6,4]      cells=1 70066ms  (413/449)
[PeriodSolver k=3] ⚑ INCOMPLETE-REGION (grid long-side reach): 9012 solved cmm/rect long axes exceed poolLmax=8.12 and are not enumerated
  [412] [3,4,4,6;3,6,4,4;3,4,6,4]      cells=1 71088ms  (414/449)
[PeriodSolver k=3] ⚑ INCOMPLETE-REGION (grid long-side reach): 9012 solved cmm/rect long axes exceed poolLmax=8.12 and are not enumerated
  [421] [3,4,4,6;4,4,4,4;3,4,6,4]      cells=1 15000ms  (415/449)
[PeriodSolver k=3] ⚑ INCOMPLETE-REGION (grid long-side reach): 1560 solved cmm/rect long axes exceed poolLmax=8.12 and are not enumerated
[PeriodSolver k=3] ⚑ INCOMPLETE-REGION (grid long-side reach): 8688 solved cmm/rect long axes exceed poolLmax=8.12 and are not enumerated
[PeriodSolver k=3] ⚑ INCOMPLETE-REGION (oblique candidate stage): {"cause":"join-waived","rejects":12340138,"denMax":60}
  [420] [3,4,4,6;3,4,6,4;4,4,4,4]      cells=1 24597ms  (418/449)
[PeriodSolver k=3] ⚑ INCOMPLETE-REGION (grid long-side reach): 8688 solved cmm/rect long axes exceed poolLmax=8.12 and are not enumerated
[PeriodSolver k=3] ⚑ INCOMPLETE-REGION (oblique candidate stage): {"cause":"join-waived","rejects":12340138,"denMax":60}
  [424] [3,4,4,6;3,6,3,6;3,6,3,6]      cells=2 34118ms  (419/449)
  [415] [3,4,4,6;3,4,6,4;3,6,4,4]      cells=0 63717ms  (420/449)
[PeriodSolver k=3] ⚑ INCOMPLETE-REGION (grid long-side reach): 8376 solved cmm/rect long axes exceed poolLmax=8.12 and are not enumerated
[PeriodSolver k=3] ⚑ INCOMPLETE-REGION (grid long-side reach): 8376 solved cmm/rect long axes exceed poolLmax=8.12 and are not enumerated
  [416] [3,4,4,6;3,4,6,4;3,6,4,4]      cells=0 64254ms  (421/449)
[PeriodSolver k=3] ⚑ INCOMPLETE-REGION (grid long-side reach): 8376 solved cmm/rect long axes exceed poolLmax=8.12 and are not enumerated
[PeriodSolver k=3] ⚑ INCOMPLETE-REGION (oblique candidate stage): {"cause":"join-waived","rejects":23787198,"denMax":60}
[PeriodSolver k=3] ⚑ INCOMPLETE-REGION (oblique candidate stage): {"cause":"join-waived","rejects":23787198,"denMax":60}
  [414] [3,4,4,6;3,4,6,4;3,6,4,4]      cells=1 72028ms  (422/449)
[PeriodSolver k=3] ⚑ INCOMPLETE-REGION (oblique candidate stage): {"cause":"join-waived","rejects":23787198,"denMax":60}
[PeriodSolver k=3] ⚑ INCOMPLETE-REGION (grid long-side reach): 8376 solved cmm/rect long axes exceed poolLmax=8.12 and are not enumerated
  [417] [3,4,4,6;3,6,4,4;3,4,6,4]      cells=1 67889ms  (423/449)
[PeriodSolver k=3] ⚑ INCOMPLETE-REGION (grid long-side reach): 8376 solved cmm/rect long axes exceed poolLmax=8.12 and are not enumerated
  [418] [3,4,4,6;3,4,6,4;3,6,4,4]      cells=1 68459ms  (424/449)
[PeriodSolver k=3] ⚑ INCOMPLETE-REGION (grid long-side reach): 8376 solved cmm/rect long axes exceed poolLmax=8.12 and are not enumerated
  [419] [3,4,4,6;3,6,3,6;3,4,6,4]      cells=2 69191ms  (425/449)
[PeriodSolver k=3] ⚑ INCOMPLETE-REGION (grid long-side reach): 16308 solved cmm/rect long axes exceed poolLmax=8.12 and are not enumerated
  [425] [3,4,4,6;3,6,3,6;3,6,3,6]      cells=2 35319ms  (426/449)
[PeriodSolver k=3] ⚑ INCOMPLETE-REGION (grid long-side reach): 8916 solved cmm/rect long axes exceed poolLmax=8.12 and are not enumerated
[PeriodSolver k=3] ⚑ INCOMPLETE-REGION (oblique candidate stage): {"cause":"join-waived","rejects":23787198,"denMax":60}
[PeriodSolver k=3] ⚑ INCOMPLETE-REGION (oblique candidate stage): {"cause":"join-waived","rejects":23787198,"denMax":60}
[PeriodSolver k=3] ⚑ INCOMPLETE-REGION (oblique candidate stage): {"cause":"join-waived","rejects":23787198,"denMax":60}
[PeriodSolver k=3] ⚑ INCOMPLETE-REGION (oblique candidate stage): {"cause":"join-waived","rejects":60171798,"denMax":60}
  [433] [3,4,4,6;3,6,3,6;4,12,6]       cells=1 8079ms  (427/449)
  [434] [3,4,4,6;4,4,4,4;3,6,4,4]      cells=0 11126ms  (428/449)
  [435] [3,4,4,6;4,4,4,4;3,6,4,4]      cells=0 19205ms  (429/449)
  [436] [3,4,4,6;4,4,4,4;3,4,4,6]      cells=0 18741ms  (430/449)
[PeriodSolver k=3] ⚑ INCOMPLETE-REGION (grid long-side reach): 1560 solved cmm/rect long axes exceed poolLmax=8.12 and are not enumerated
[PeriodSolver k=3] ⚑ INCOMPLETE-REGION (grid long-side reach): 8616 solved cmm/rect long axes exceed poolLmax=8.12 and are not enumerated
  [438] [3,4,4,6;4,4,4,4;4,4,4,4]      cells=0 11742ms  (432/449)
  [426] [3,4,4,6;3,6,3,6;3,6,4,4]      cells=3 78865ms  (433/449)
  [428] [3,4,4,6;3,6,3,6;3,6,4,4]      cells=3 77947ms  (434/449)
[PeriodSolver k=3] ⚑ INCOMPLETE-REGION (grid long-side reach): 8616 solved cmm/rect long axes exceed poolLmax=8.12 and are not enumerated
[PeriodSolver k=3] ⚑ INCOMPLETE-REGION (grid long-side reach): 1776 solved cmm/rect long axes exceed poolLmax=8.12 and are not enumerated
  [430] [3,4,4,6;3,6,3,6;3,6,4,4]      cells=3 75032ms  (435/449)
[PeriodSolver k=3] ⚑ INCOMPLETE-REGION (grid long-side reach): 1776 solved cmm/rect long axes exceed poolLmax=8.12 and are not enumerated
  [431] [3,4,4,6;3,6,3,6;3,4,4,6]      cells=3 74739ms  (437/449)
[PeriodSolver k=3] ⚑ INCOMPLETE-REGION (grid long-side reach): 1776 solved cmm/rect long axes exceed poolLmax=8.12 and are not enumerated
[PeriodSolver k=3] ⚑ INCOMPLETE-REGION (grid long-side reach): 1560 solved cmm/rect long axes exceed poolLmax=8.12 and are not enumerated
  [427] [3,4,4,6;3,6,3,6;3,4,4,6]      cells=3 81617ms  (440/449)
[PeriodSolver k=3] ⚑ INCOMPLETE-REGION (grid long-side reach): 1560 solved cmm/rect long axes exceed poolLmax=8.12 and are not enumerated
  [429] [3,4,4,6;3,6,3,6;3,6,4,4]      cells=3 79845ms  (441/449)
[PeriodSolver k=3] ⚑ INCOMPLETE-REGION (grid long-side reach): 1560 solved cmm/rect long axes exceed poolLmax=8.12 and are not enumerated
  [444] [3,4,6,4;4,12,6;4,6,12]        cells=0 4788ms  (442/449)
  [446] [3,4,6,4;3,4,6,4;4,12,6]       cells=0 4286ms  (443/449)
  [445] [3,4,6,4;4,12,6;4,6,12]        cells=0 4619ms  (444/449)
  [447] [3,4,6,4;3,4,6,4;4,6,12]       cells=0 4580ms  (445/449)
  [448] [3,4,6,4;3,4,6,4;4,6,12]       cells=0 3433ms  (446/449)
  [439] [3,4,4,6;4,4,4,4;4,4,4,4]      cells=0 9743ms  (447/449)
  [440] [3,4,4,6;4,4,4,4;4,4,4,4]      cells=0 10662ms  (448/449)
  [432] [3,4,4,6;3,6,3,6;4,4,4,4]      cells=6 155150ms  (449/449)

PARALLEL k=3: 61 distinct tilings (from 362 raw cells), 0 seeds timed out, 7428.0s total, 8 workers
COMPOSITION digest=99919f42a7b58e76 count=61
