[02:42:52] ==== KTARNAK oracle run, MAXNUM=16 (fused streaming solve|prune, one solve, all k) ====
[02:42:52] box: Apple M5 | RAM 26GB
[02:42:52] no EU_KONLY → pruner keeps all k; progress = distinct-so-far per k from eupruned_NN.txt
[02:43:52]   +    60s  k=1 started (kept so far 0)
[02:43:52]   +    60s  k=2 started (kept so far 0)
[02:43:52]   +    60s  k=3 started (kept so far 0)
[02:43:52]   +    60s  k=4 started (kept so far 0)
[02:43:52]   +    60s  k=5 started (kept so far 15)
[02:43:52]   +    60s  k=6 started (kept so far 13)
[02:43:52]   +    60s  k=7 started (kept so far 36)
[02:43:52]   +    60s  k=8 started (kept so far 64)
[02:43:52]   +    60s  k=9 started (kept so far 117)
[02:43:52]   +    60s  k=10 started (kept so far 223)
[02:43:52]   +    60s  k=11 started (kept so far 383)
[02:43:52]   +    60s  k=12 started (kept so far 625)
[02:43:52]   +    60s  k=13 started (kept so far 1012)
[02:43:52]   +    60s  k=14 started (kept so far 1530)
[02:43:52]   +    60s  k=15 started (kept so far 2425)
[02:43:52]   +    60s  k=16 started (kept so far 3888)
[02:43:52]   +    60s  processing~k16  rss=24MB  distinct: 1:0 2:0 3:0 4:0 5:15 6:13 7:36 8:64 9:117 10:223 11:383 12:625 13:1012 14:1530 15:2425 16:3888
[02:44:52]   +   120s  processing~k16  rss=54MB  distinct: 1:0 2:0 3:0 4:18 5:31 6:67 7:106 8:192 9:337 10:553 11:972 12:1652 13:2683 14:4328 15:7286 16:11951
[02:45:52]   +   180s  processing~k16  rss=97MB  distinct: 1:0 2:0 3:0 4:18 5:31 6:94 7:178 8:320 9:590 10:991 11:1760 12:3076 13:5115 14:8529 15:14518 16:24213
[02:46:52]   +   240s  processing~k16  rss=117MB  distinct: 1:0 2:0 3:0 4:18 5:47 6:107 7:190 8:351 9:657 10:1115 11:1972 12:3444 13:5750 14:9544 15:16240 16:27064
[02:47:52]   +   300s  processing~k16  rss=131MB  distinct: 1:0 2:0 3:0 4:18 5:47 6:107 7:202 8:372 9:685 10:1192 11:2132 12:3781 13:6420 14:10891 15:18813 16:31890
[02:48:52]   +   360s  processing~k16  rss=136MB  distinct: 1:0 2:0 3:0 4:18 5:47 6:107 7:202 8:372 9:703 10:1209 11:2208 12:3897 13:6646 14:11278 15:19631 16:33299
[02:49:52]   +   420s  processing~k16  rss=136MB  distinct: 1:0 2:0 3:0 4:18 5:47 6:107 7:202 8:372 9:703 10:1209 11:2217 12:3904 13:6667 14:11306 15:19695 16:33401
[02:50:52]   +   480s  processing~k16  rss=137MB  distinct: 1:0 2:0 3:0 4:18 5:47 6:107 7:202 8:372 9:703 10:1209 11:2217 12:3904 13:6682 14:11340 15:19779 16:33600
[02:51:52]   +   540s  processing~k16  rss=138MB  distinct: 1:0 2:0 3:0 4:18 5:47 6:107 7:202 8:372 9:703 10:1209 11:2233 12:3927 13:6739 14:11490 15:20001 16:34062
[02:52:52]   +   600s  processing~k16  rss=141MB  distinct: 1:0 2:0 3:0 4:18 5:47 6:107 7:202 8:383 9:712 10:1236 11:2258 12:3994 13:6837 14:11693 15:20330 16:34686
[02:53:53]   +   660s  processing~k16  rss=143MB  distinct: 1:0 2:0 3:0 4:18 5:47 6:107 7:202 8:383 9:712 10:1245 11:2290 12:4046 13:6960 14:11892 15:20707 16:35388
[02:54:53]   +   721s  processing~k16  rss=144MB  distinct: 1:0 2:0 3:0 4:18 5:47 6:107 7:202 8:383 9:712 10:1254 11:2290 12:4054 13:6981 14:11930 15:20789 16:35500
[02:55:53]   +   781s  processing~k16  rss=144MB  distinct: 1:0 2:0 3:0 4:18 5:47 6:107 7:202 8:383 9:712 10:1254 11:2290 12:4054 13:6981 14:11936 15:20807 16:35522
[02:56:53]   +   841s  processing~k16  rss=147MB  distinct: 1:0 2:0 3:0 4:37 5:47 6:119 7:224 8:412 9:757 10:1303 11:2373 12:4172 13:7216 14:12266 15:21259 16:36185
[02:57:53]   +   901s  processing~k16  rss=266MB  distinct: 1:0 2:0 3:0 4:37 5:61 6:145 7:283 8:529 9:1003 10:1816 11:3403 12:6385 13:11856 14:22139 15:42455 16:81762
[02:58:53]   +   961s  processing~k16  rss=373MB  distinct: 1:0 2:0 3:0 4:37 5:77 6:172 7:330 8:635 9:1224 10:2305 11:4449 12:8604 13:16634 14:32409 15:64573 16:129532
[02:59:53]   +  1021s  processing~k16  rss=431MB  distinct: 1:0 2:0 3:0 4:55 5:92 6:184 7:396 8:715 9:1424 10:2610 11:4986 12:9531 13:18188 14:35025 15:69104 16:137234
[03:00:53]   +  1081s  processing~k16  rss=438MB  distinct: 1:0 2:0 3:0 4:55 5:106 6:197 7:396 8:736 9:1453 10:2680 11:5076 12:9763 13:18556 14:35598 15:70280 16:138874
[03:01:53]   +  1141s  processing~k16  rss=501MB  distinct: 1:0 2:0 3:0 4:55 5:106 6:211 7:432 8:822 9:1630 10:3086 11:5917 12:11609 13:22525 14:44100 15:88756 16:178839
[03:02:53]   +  1201s  processing~k16  rss=508MB  distinct: 1:0 2:0 3:0 4:55 5:121 6:211 7:443 8:832 9:1667 10:3128 11:6019 12:11783 13:22845 14:44634 15:89814 16:180872
[03:03:54]   +  1262s  processing~k16  rss=576MB  distinct: 1:0 2:0 3:0 4:55 5:121 6:211 7:443 8:842 9:1708 10:3262 11:6362 12:12678 13:25093 14:50221 15:103389 16:213637
[03:04:54]   +  1322s  processing~k16  rss=637MB  distinct: 1:0 2:0 3:0 4:55 5:121 6:224 7:455 8:876 9:1788 10:3436 11:6783 12:13681 13:27410 14:55604 15:115751 16:241976
[03:05:54]   +  1382s  processing~k16  rss=776MB  distinct: 1:0 2:0 3:0 4:55 5:121 6:224 7:467 8:898 9:1849 10:3625 11:7242 12:14844 13:30226 14:62415 15:131999 16:280419
[03:06:54]   +  1442s  processing~k16  rss=852MB  distinct: 1:0 2:0 3:0 4:55 5:121 6:224 7:467 8:920 9:1908 10:3783 11:7673 12:15936 13:32920 14:68978 15:147689 16:317558
[03:07:55]   +  1502s  processing~k16  rss=852MB  distinct: 1:0 2:0 3:0 4:55 5:121 6:224 7:467 8:920 9:1908 10:3783 11:7673 12:15936 13:32920 14:68978 15:147689 16:317558
[03:08:55]   +  1563s  processing~k16  rss=887MB  distinct: 1:0 2:0 3:0 4:55 5:121 6:224 7:492 8:954 9:1979 10:3942 11:8017 12:16660 13:34480 14:72309 15:154773 16:332680
[03:09:55]   +  1623s  processing~k16  rss=955MB  distinct: 1:0 2:0 3:0 4:55 5:121 6:224 7:492 8:976 9:2040 10:4083 11:8389 12:17627 13:36881 14:78146 15:168712 16:365608
[03:10:55]   +  1683s  processing~k16  rss=977MB  distinct: 1:0 2:0 3:0 4:55 5:121 6:224 7:492 8:976 9:2060 10:4139 11:8534 12:17977 13:37718 14:80136 15:173349 16:376360
[03:11:56]   +  1744s  processing~k16  rss=1056MB  distinct: 1:0 2:0 3:0 4:55 5:121 6:237 7:504 8:1007 9:2134 10:4345 11:9033 12:19208 13:40627 14:86977 15:189229 16:412892
[03:12:56]   +  1804s  processing~k16  rss=1083MB  distinct: 1:0 2:0 3:0 4:55 5:121 6:237 7:504 8:1016 9:2152 10:4411 11:9185 12:19591 13:41586 14:89259 15:194584 16:425320
[03:13:56]   +  1864s  processing~k16  rss=1095MB  distinct: 1:0 2:0 3:0 4:55 5:121 6:237 7:515 8:1037 9:2207 10:4495 11:9350 12:19911 13:42173 14:90310 15:196552 16:429040
[03:14:56]   +  1924s  processing~k16  rss=1103MB  distinct: 1:0 2:0 3:0 4:55 5:121 6:237 7:515 8:1047 9:2226 10:4529 11:9438 12:20050 13:42486 14:90898 15:197730 16:431402
[03:15:57]   +  1985s  processing~k16  rss=1112MB  distinct: 1:0 2:0 3:0 4:55 5:121 6:250 7:526 8:1057 9:2254 10:4598 11:9532 12:20253 13:42880 14:91575 15:199199 16:433824
[03:16:57]   +  2045s  processing~k16  rss=1123MB  distinct: 1:0 2:0 3:0 4:55 5:121 6:250 7:537 8:1077 9:2299 10:4664 11:9730 12:20540 13:43462 14:92529 15:200834 16:436687
[03:17:57]   +  2105s  processing~k16  rss=1125MB  distinct: 1:0 2:0 3:0 4:55 5:121 6:250 7:548 8:1086 9:2326 10:4704 11:9790 12:20644 13:43630 14:92758 15:201232 16:437258
[03:18:58]   +  2166s  processing~k16  rss=1126MB  distinct: 1:0 2:0 3:0 4:55 5:121 6:250 7:548 8:1086 9:2326 10:4712 11:9814 12:20673 13:43683 14:92838 15:201366 16:437454
[03:19:58]   +  2226s  processing~k16  rss=1128MB  distinct: 1:0 2:0 3:0 4:55 5:121 6:250 7:548 8:1086 9:2335 10:4737 11:9829 12:20741 13:43775 14:93031 15:201682 16:438029
[03:20:58]   +  2286s  processing~k16  rss=781MB  distinct: 1:0 2:0 3:0 4:55 5:121 6:250 7:559 8:1096 9:2352 10:4761 11:9874 12:20825 13:43930 14:93278 15:202055 16:438669
[03:21:58]   +  2346s  processing~k16  rss=822MB  distinct: 1:0 2:0 3:0 4:55 5:136 6:262 7:570 8:1139 9:2441 10:4943 11:10258 12:21614 13:45560 14:96657 15:209041 16:453198
[03:22:59]   +  2407s  processing~k16  rss=936MB  distinct: 1:0 2:0 3:0 4:55 5:136 6:303 7:654 8:1288 9:2752 10:5586 11:11560 12:24275 13:51029 14:107932 15:232306 16:501254
[03:23:59]   +  2467s  processing~k16  rss=1046MB  distinct: 1:0 2:0 3:23 4:72 5:151 6:329 7:712 8:1434 9:3040 10:6175 11:12785 12:26784 13:56237 14:118720 15:254677 16:547712
[03:25:00]   +  2528s  processing~k16  rss=925MB  distinct: 1:0 2:0 3:23 4:72 5:166 6:342 7:734 8:1464 9:3095 10:6287 11:13029 12:27274 13:57207 14:120694 15:258689 16:555806
[03:26:00]   +  2588s  processing~k16  rss=1141MB  distinct: 1:0 2:0 3:23 4:72 5:166 6:355 7:768 8:1515 9:3197 10:6521 11:13412 12:28203 13:59022 14:124637 15:267248 16:574508
[03:27:00]   +  2648s  processing~k16  rss=926MB  distinct: 1:0 2:0 3:23 4:72 5:166 6:355 7:780 8:1549 9:3257 10:6650 11:13685 12:28818 13:60320 14:127407 15:273222 16:587289
[03:28:01]   +  2709s  processing~k16  rss=967MB  distinct: 1:0 2:0 3:23 4:72 5:166 6:355 7:792 8:1559 9:3308 10:6762 11:13975 12:29495 13:61916 14:131109 15:281613 16:606192
[03:29:01]   +  2769s  processing~k16  rss=1021MB  distinct: 1:0 2:0 3:23 4:72 5:166 6:355 7:792 8:1590 9:3373 10:6951 11:14378 12:30453 13:64114 14:136073 15:292684 16:630830
[03:30:02]   +  2830s  processing~k16  rss=1042MB  distinct: 1:0 2:0 3:23 4:72 5:166 6:368 7:803 8:1600 9:3400 10:7025 11:14562 12:30843 13:64988 14:137975 15:296817 16:639716
[03:31:02]   +  2890s  processing~k16  rss=1043MB  distinct: 1:0 2:0 3:23 4:72 5:166 6:368 7:803 8:1600 9:3400 10:7033 11:14562 12:30849 13:65007 14:137993 15:296845 16:639774
[03:32:03]   +  2951s  processing~k16  rss=1043MB  distinct: 1:0 2:0 3:23 4:72 5:166 6:368 7:803 8:1600 9:3400 10:7033 11:14562 12:30849 13:65007 14:137993 15:296845 16:639774
[03:33:03]   +  3011s  processing~k16  rss=1043MB  distinct: 1:0 2:0 3:23 4:72 5:166 6:368 7:803 8:1600 9:3400 10:7033 11:14562 12:30849 13:65007 14:137993 15:296845 16:639774
[03:34:04]   +  3072s  processing~k16  rss=570MB  distinct: 1:0 2:0 3:23 4:91 5:181 6:382 7:852 8:1698 9:3587 10:7416 11:15340 12:32390 13:68117 14:144212 15:309311 16:664764
[03:35:04]   +  3132s  processing~k16  rss=593MB  distinct: 1:0 2:0 3:23 4:91 5:181 6:382 7:852 8:1709 9:3616 10:7471 11:15485 12:32731 13:68875 14:145930 15:313106 16:673111
[03:36:05]   +  3193s  processing~k16  rss=260MB  distinct: 1:0 2:0 3:23 4:91 5:181 6:382 7:852 8:1709 9:3626 10:7506 11:15598 12:33041 13:69578 14:147524 15:316750 16:681232
[03:37:05]   +  3253s  processing~k16  rss=299MB  distinct: 1:0 2:0 3:23 4:91 5:181 6:382 7:852 8:1720 9:3666 10:7596 11:15796 12:33498 13:70653 14:149906 15:321895 16:692236
[03:38:06]   +  3314s  processing~k16  rss=359MB  distinct: 1:0 2:0 3:23 4:91 5:181 6:395 7:863 8:1741 9:3724 10:7720 11:16031 12:33939 13:71517 14:151599 15:325200 16:698644
[03:39:06]   +  3375s  processing~k16  rss=359MB  distinct: 1:0 2:0 3:23 4:91 5:181 6:395 7:863 8:1741 9:3724 10:7720 11:16031 12:33939 13:71517 14:151599 15:325200 16:698644
[03:40:07]   +  3435s  processing~k16  rss=374MB  distinct: 1:0 2:0 3:23 4:91 5:181 6:395 7:875 8:1762 9:3762 10:7801 11:16212 12:34297 13:72190 14:152928 15:327899 16:704061
[03:41:08]   +  3496s  processing~k16  rss=388MB  distinct: 1:0 2:0 3:23 4:91 5:181 6:395 7:875 8:1773 9:3782 10:7836 11:16319 12:34562 13:72796 14:154240 15:330621 16:709818
[03:42:08]   +  3556s  processing~k16  rss=403MB  distinct: 1:0 2:0 3:23 4:91 5:181 6:395 7:875 8:1784 9:3802 10:7899 11:16441 12:34855 13:73438 14:155691 15:333774 16:716582
[03:43:09]   +  3617s  processing~k16  rss=434MB  distinct: 1:0 2:0 3:23 4:91 5:181 6:395 7:887 8:1804 9:3866 10:8043 11:16737 12:35485 13:74783 14:158500 15:339592 16:728525
[03:44:09]   +  3677s  processing~k16  rss=442MB  distinct: 1:0 2:0 3:23 4:91 5:181 6:395 7:887 8:1814 9:3875 10:8059 11:16791 12:35609 13:75047 14:159066 15:340760 16:730949
[03:45:10]   +  3738s  processing~k16  rss=298MB  distinct: 1:0 2:0 3:23 4:91 5:196 6:408 7:910 8:1855 9:3968 10:8247 11:17169 12:36372 13:76589 14:162120 15:346797 16:742802
[03:46:10]   +  3798s  processing~k16  rss=451MB  distinct: 1:0 2:0 3:23 4:91 5:196 6:421 7:931 8:1884 9:4022 10:8364 11:17454 12:36895 13:77607 14:164070 15:350548 16:750029
[03:47:11]   +  3859s  processing~k16  rss=481MB  distinct: 1:0 2:0 3:23 4:91 5:196 6:421 7:942 8:1922 9:4092 10:8494 11:17672 12:37323 13:78455 14:165695 15:353665 16:755930
[03:48:12]   +  3920s  processing~k16  rss=509MB  distinct: 1:0 2:0 3:23 4:91 5:196 6:433 7:952 8:1941 9:4144 10:8606 11:17908 12:37770 13:79312 14:167365 15:356792 16:761767
[03:49:12]   +  3980s  processing~k16  rss=520MB  distinct: 1:0 2:0 3:23 4:91 5:196 6:433 7:963 8:1961 9:4172 10:8666 11:18027 12:38004 13:79762 14:168209 15:358353 16:764627
[03:50:13]   +  4041s  processing~k16  rss=523MB  distinct: 1:0 2:0 3:23 4:91 5:196 6:433 7:963 8:1971 9:4181 10:8691 11:18065 12:38069 13:79876 14:168402 15:358677 16:765168
[03:51:13]   +  4101s  processing~k16  rss=527MB  distinct: 1:0 2:0 3:23 4:91 5:196 6:433 7:963 8:1971 9:4181 10:8691 11:18065 12:38069 13:79876 14:168409 15:358695 16:765207
[03:52:14]   +  4162s  processing~k16  rss=531MB  distinct: 1:0 2:0 3:23 4:91 5:196 6:433 7:963 8:1971 9:4190 10:8707 11:18103 12:38153 13:80040 14:168725 15:359273 16:766264
[03:53:14]   +  4223s  processing~k16  rss=545MB  distinct: 1:0 2:0 3:23 4:91 5:196 6:445 7:975 8:2002 9:4246 10:8826 11:18309 12:38516 13:80715 14:169884 15:361309 16:769850
[03:54:15]   +  4283s  processing~k16  rss=549MB  distinct: 1:0 2:0 3:23 4:91 5:196 6:445 7:975 8:2002 9:4256 10:8853 11:18333 12:38612 13:80858 14:170205 15:361990 16:771009
[03:55:16]   +  4344s  processing~k16  rss=566MB  distinct: 1:0 2:0 3:23 4:91 5:211 6:445 7:1008 8:2022 9:4347 10:8939 11:18580 12:39005 13:81673 14:171595 15:364373 16:775726
[03:56:16]   +  4404s  processing~k16  rss=569MB  distinct: 1:0 2:0 3:23 4:91 5:211 6:445 7:1008 8:2022 9:4356 10:8947 11:18633 12:39053 13:81847 14:171739 15:364801 16:776339
[03:57:17]   +  4465s  processing~k16  rss=592MB  distinct: 1:0 2:0 3:23 4:91 5:225 6:483 7:1075 8:2140 9:4571 10:9251 11:19290 12:39868 13:83370 14:174010 15:368499 16:781748
[03:58:17]   +  4525s  processing~k16  rss=626MB  distinct: 1:0 2:0 3:23 4:108 5:240 6:509 7:1144 8:2248 9:4760 10:9596 11:19938 12:41077 13:85693 14:178445 15:377177 16:798734
[03:59:18]   +  4586s  processing~k16  rss=678MB  distinct: 1:0 2:0 3:23 4:108 5:255 6:537 7:1206 8:2361 9:4991 10:10042 11:20837 12:42889 13:89330 14:185723 15:391754 16:827813
[04:00:19]   +  4647s  processing~k16  rss=678MB  distinct: 1:0 2:0 3:23 4:108 5:255 6:537 7:1206 8:2361 9:5000 10:10052 11:20860 12:42903 13:89369 14:185754 15:391844 16:827873
[04:01:19]   +  4707s  processing~k16  rss=696MB  distinct: 1:0 2:0 3:23 4:108 5:255 6:550 7:1219 8:2395 9:5076 10:10193 11:21158 12:43493 13:90534 14:188069 15:396464 16:837169
[04:02:20]   +  4768s  processing~k16  rss=747MB  distinct: 1:0 2:0 3:46 4:126 5:271 6:579 7:1283 8:2512 9:5300 10:10640 11:22042 12:45233 13:94059 14:195043 15:410414 16:864880
[04:03:20]   +  4829s  processing~k16  rss=747MB  distinct: 1:0 2:0 3:46 4:126 5:271 6:579 7:1283 8:2512 9:5300 10:10640 11:22042 12:45233 13:94059 14:195043 15:410414 16:864880
[04:04:21]   +  4889s  processing~k16  rss=755MB  distinct: 1:0 2:0 3:46 4:126 5:271 6:579 7:1283 8:2512 9:5310 10:10670 11:22117 12:45425 13:94515 14:196101 15:412802 16:870178
[04:05:22]   +  4950s  processing~k16  rss=765MB  distinct: 1:0 2:0 3:46 4:126 5:271 6:579 7:1283 8:2524 9:5321 10:10711 11:22238 12:45693 13:95114 14:197407 15:415660 16:876317
[04:06:22]   +  5011s  processing~k16  rss=779MB  distinct: 1:0 2:0 3:46 4:126 5:271 6:579 7:1283 8:2536 9:5365 10:10801 11:22415 12:46074 13:95948 14:199188 15:419431 16:884310
[04:07:23]   +  5071s  processing~k16  rss=786MB  distinct: 1:0 2:0 3:46 4:126 5:271 6:579 7:1283 8:2536 9:5375 10:10830 11:22496 12:46268 13:96360 14:200097 15:421374 16:888413
[04:08:24]   +  5132s  processing~k16  rss=792MB  distinct: 1:0 2:0 3:46 4:126 5:271 6:579 7:1295 8:2559 9:5408 10:10890 11:22607 12:46483 13:96778 14:200906 15:422944 16:891470
[04:09:25]   +  5193s  processing~k16  rss=798MB  distinct: 1:0 2:0 3:46 4:126 5:271 6:579 7:1295 8:2559 9:5419 10:10921 11:22674 12:46649 13:97152 14:201706 15:424678 16:895112
[04:10:25]   +  5253s  processing~k16  rss=815MB  distinct: 1:0 2:0 3:46 4:126 5:271 6:579 7:1308 8:2582 9:5472 10:11038 11:22937 12:47191 13:98280 14:204037 15:429467 16:904862
[04:11:26]   +  5314s  processing~k16  rss=820MB  distinct: 1:0 2:0 3:46 4:126 5:271 6:579 7:1308 8:2582 9:5482 10:11067 11:23000 12:47317 13:98572 14:204653 15:430772 16:907561
[04:12:27]   +  5375s  processing~k16  rss=821MB  distinct: 1:0 2:0 3:46 4:126 5:271 6:579 7:1308 8:2582 9:5482 10:11067 11:23018 12:47367 13:98681 14:204882 15:431253 16:908539
[04:13:28]   +  5436s  processing~k16  rss=780MB  distinct: 1:0 2:0 3:46 4:126 5:271 6:593 7:1321 8:2617 9:5535 10:11156 11:23182 12:47666 13:99239 14:205901 15:433156 16:912010
[04:14:28]   +  5496s  processing~k16  rss=747MB  distinct: 1:0 2:0 3:46 4:126 5:271 6:593 7:1321 8:2617 9:5535 10:11156 11:23182 12:47666 13:99239 14:205901 15:433156 16:912010
[04:15:29]   +  5557s  processing~k16  rss=748MB  distinct: 1:0 2:0 3:46 4:126 5:271 6:593 7:1321 8:2617 9:5535 10:11156 11:23182 12:47666 13:99239 14:205901 15:433156 16:912010
[04:16:30]   +  5618s  processing~k16  rss=754MB  distinct: 1:0 2:0 3:46 4:126 5:271 6:593 7:1321 8:2617 9:5546 10:11186 11:23247 12:47795 13:99512 14:206458 15:434277 16:914277
[04:17:30]   +  5678s  processing~k16  rss=730MB  distinct: 1:0 2:0 3:46 4:126 5:271 6:593 7:1333 8:2640 9:5589 10:11265 11:23393 12:48093 13:100094 14:207588 15:436463 16:918453
[04:18:31]   +  5739s  processing~k16  rss=728MB  distinct: 1:0 2:0 3:46 4:126 5:271 6:593 7:1346 8:2652 9:5621 10:11343 11:23566 12:48440 13:100798 14:208972 15:439179 16:923687
[04:19:32]   +  5800s  processing~k16  rss=730MB  distinct: 1:0 2:0 3:46 4:126 5:287 6:607 7:1346 8:2663 9:5641 10:11382 11:23637 12:48565 13:101017 14:209340 15:439811 16:924772
[04:20:32]   +  5860s  processing~k16  rss=730MB  distinct: 1:0 2:0 3:46 4:126 5:287 6:607 7:1346 8:2663 9:5641 10:11382 11:23637 12:48565 13:101017 14:209340 15:439811 16:924772
[04:21:33]   +  5921s  processing~k16  rss=735MB  distinct: 1:0 2:0 3:46 4:126 5:287 6:607 7:1346 8:2674 9:5673 10:11440 11:23736 12:48766 13:101387 14:210043 15:441112 16:927181
[04:22:34]   +  5982s  processing~k16  rss=735MB  distinct: 1:0 2:0 3:46 4:126 5:287 6:607 7:1346 8:2674 9:5673 10:11440 11:23745 12:48766 13:101403 14:210073 15:441175 16:927301
[04:23:34]   +  6042s  processing~k16  rss=737MB  distinct: 1:0 2:0 3:46 4:126 5:287 6:607 7:1346 8:2674 9:5673 10:11450 11:23763 12:48825 13:101505 14:210279 15:441556 16:928004
[04:24:35]   +  6103s  processing~k16  rss=738MB  distinct: 1:0 2:0 3:46 4:126 5:287 6:607 7:1346 8:2685 9:5682 10:11467 11:23779 12:48853 13:101544 14:210343 15:441691 16:928171
[04:25:36]   +  6164s  processing~k16  rss=738MB  distinct: 1:0 2:0 3:46 4:126 5:287 6:607 7:1346 8:2685 9:5682 10:11467 11:23779 12:48853 13:101544 14:210343 15:441691 16:928171
[04:26:36]   +  6224s  processing~k16  rss=738MB  distinct: 1:0 2:0 3:46 4:126 5:287 6:607 7:1346 8:2685 9:5682 10:11467 11:23779 12:48853 13:101544 14:210343 15:441691 16:928171
[04:27:37]   +  6285s  processing~k16  rss=738MB  distinct: 1:0 2:0 3:46 4:126 5:287 6:607 7:1346 8:2685 9:5682 10:11467 11:23779 12:48853 13:101544 14:210343 15:441691 16:928171
[04:28:37]   +  6345s  processing~k16  rss=738MB  distinct: 1:0 2:0 3:46 4:126 5:287 6:607 7:1346 8:2685 9:5682 10:11467 11:23779 12:48853 13:101544 14:210343 15:441691 16:928171
[04:29:38]   +  6406s  processing~k16  rss=582MB  distinct: 1:0 2:0 3:46 4:126 5:287 6:607 7:1346 8:2685 9:5682 10:11467 11:23779 12:48853 13:101544 14:210343 15:441691 16:928171
[04:30:39]   +  6467s  processing~k16  rss=582MB  distinct: 1:0 2:0 3:46 4:126 5:287 6:607 7:1346 8:2685 9:5682 10:11467 11:23779 12:48853 13:101544 14:210343 15:441691 16:928171
[04:31:39]   +  6527s  processing~k16  rss=583MB  distinct: 1:0 2:0 3:46 4:126 5:287 6:607 7:1346 8:2685 9:5682 10:11467 11:23786 12:48867 13:101557 14:210367 15:441730 16:928230
[04:32:40]   +  6588s  processing~k16  rss=583MB  distinct: 1:0 2:0 3:46 4:126 5:287 6:607 7:1346 8:2685 9:5682 10:11467 11:23786 12:48867 13:101557 14:210367 15:441730 16:928230
[04:33:40]   +  6648s  processing~k16  rss=583MB  distinct: 1:0 2:0 3:46 4:126 5:287 6:607 7:1346 8:2685 9:5682 10:11467 11:23786 12:48867 13:101557 14:210367 15:441730 16:928230
[04:34:41]   +  6709s  processing~k16  rss=583MB  distinct: 1:0 2:0 3:46 4:126 5:287 6:607 7:1346 8:2685 9:5682 10:11467 11:23786 12:48867 13:101557 14:210367 15:441730 16:928230
[04:35:41]   +  6769s  processing~k16  rss=407MB  distinct: 1:0 2:0 3:46 4:126 5:287 6:607 7:1346 8:2685 9:5682 10:11467 11:23786 12:48867 13:101557 14:210373 15:441736 16:928236
[04:36:42]   +  6830s  processing~k16  rss=407MB  distinct: 1:0 2:0 3:46 4:126 5:287 6:607 7:1346 8:2685 9:5682 10:11467 11:23786 12:48867 13:101557 14:210373 15:441736 16:928236
[04:37:43]   +  6891s  processing~k16  rss=407MB  distinct: 1:0 2:0 3:46 4:126 5:287 6:607 7:1346 8:2685 9:5682 10:11467 11:23786 12:48867 13:101557 14:210373 15:441736 16:928236
[04:38:43]   +  6951s  processing~k16  rss=411MB  distinct: 1:0 2:0 3:46 4:126 5:301 6:619 7:1379 8:2723 9:5744 10:11548 11:23957 12:49020 13:101832 14:210714 15:442238 16:928839
[04:39:44]   +  7012s  processing~k16  rss=370MB  distinct: 1:0 2:0 3:46 4:126 5:301 6:633 7:1416 8:2770 9:5829 10:11698 11:24199 12:49402 13:102502 14:211808 15:444059 16:931822
[04:40:45]   +  7073s  processing~k16  rss=372MB  distinct: 1:0 2:0 3:46 4:126 5:316 6:647 7:1429 8:2794 9:5883 10:11767 11:24310 12:49583 13:102784 14:212239 15:444742 16:932877
[04:41:45]   +  7133s  processing~k16  rss=190MB  distinct: 1:0 2:0 3:46 4:144 5:316 6:660 7:1464 8:2845 9:5948 10:11853 11:24445 12:49782 13:103073 14:212611 15:445268 16:933611
[04:42:46]   +  7194s  processing~k16  rss=0MB  distinct: 1:10 2:20 3:61 4:151 5:332 6:673 7:1472 8:2850 9:5960 10:11866 11:24459 12:49794 13:103082 14:212631 15:445289 16:933637
[04:42:46] ==== DONE ====
[04:42:46] wall = 7193.9s (119.9 min) ; peak memory footprint = 2485MB
[04:42:46]   k= 1:       10   OK
[04:42:46]   k= 2:       20   OK
[04:42:46]   k= 3:       61   OK
[04:42:46]   k= 4:      151   OK
[04:42:46]   k= 5:      332   OK
[04:42:46]   k= 6:      673   OK
[04:42:46]   k= 7:     1472   OK
[04:42:46]   k= 8:     2850   OK
[04:42:46]   k= 9:     5960   OK
[04:42:46]   k=10:    11866   OK
[04:42:46]   k=11:    24459   OK
[04:42:46]   k=12:    49794   OK
[04:42:46]   k=13:   103082   OK
[04:42:46]   k=14:   212631   NEW RECORD
[04:42:46]   k=15:   445289   NEW RECORD
[04:42:46]   k=16:   933637   NEW RECORD
[04:42:46] csv -> ktarnak-k16-2026-07-10.csv
