=== build-mixed-atlas (convex-isotoxal + star families) ===
  ctrnact-mixed-family-k1-01  4α.4*.6*.12*  P=1
  ctrnact-mixed-family-k1-02  4α.8α.6*.12*  P=1
  ctrnact-mixed-family-k1-03  6α.3*  P=1
  ctrnact-mixed-family-k1-04  8α.3*.6*  P=1
  ctrnact-mixed-family-k1-05  12α.3*  P=1
  ctrnact-mixed-family-k1-06  8α.4*  P=1
  ctrnact-mixed-family-k1-07  6α.12α.4*  P=1
  ctrnact-mixed-family-k1-08  4α.4*  P=1
  ctrnact-mixed-family-k1-09  4α.4*  P=1
  ctrnact-mixed-family-k1-10  4α.4*  P=1
  ctrnact-mixed-family-k1-11  4α.8α.4*  P=1
  ctrnact-mixed-family-k1-12  4α.8α.4*  P=1
  ctrnact-mixed-family-k1-13  4.4α.4*  P=1
  ctrnact-mixed-family-k1-14  8α.4*  P=1
  ctrnact-mixed-family-k1-15  6α.6*  P=1
  ctrnact-mixed-family-k1-16  4α.6*  P=1
  ctrnact-mixed-family-k1-17  3.4α.6*  P=1
  ctrnact-mixed-family-k1-18  6α.6*  P=1
  ctrnact-mixed-family-k1-19  4α.4*.8*  P=1
  ctrnact-mixed-family-k2-01  3.4α.6α.12*  P=1
  ctrnact-mixed-family-k2-02  6α.3*  P=1
  ctrnact-mixed-family-k2-03  6α.3*  P=1
  ctrnact-mixed-family-k2-04  6α.3*  P=1
  ctrnact-mixed-family-k2-05  6.6α.3*  P=1
  ctrnact-mixed-family-k2-06  6.6α.3*  P=1
  ctrnact-mixed-family-k2-07  4α.3*  P=1
  ctrnact-mixed-family-k2-08  6α.12α.3*.6*  P=1
  ctrnact-mixed-family-k2-09  3.4α.3*  P=1
  ctrnact-mixed-family-k2-10  3.6α.3*  P=1
  ctrnact-mixed-family-k2-11  4α.4*  P=1
  ctrnact-mixed-family-k2-12  6α.8α.4*.6*  P=1
  ctrnact-mixed-family-k2-13  4α.8α.4*  P=1
  ctrnact-mixed-family-k2-14  4α.4*  P=1
  ctrnact-mixed-family-k2-15  3.4α.4*  P=1
  ctrnact-mixed-family-k2-16  4α.4*  P=1
  ctrnact-mixed-family-k2-17  4.4α.4*  P=1
  ctrnact-mixed-family-k2-18  4α.8α.4*  P=1
  ctrnact-mixed-family-k2-19  4α.4*  P=1
  ctrnact-mixed-family-k2-20  4α.4*  P=1
  ctrnact-mixed-family-k2-21  4α.4*  P=1
  ctrnact-mixed-family-k2-22  4α.4*  P=1
  ctrnact-mixed-family-k2-23  4α.4*  P=1
  ctrnact-mixed-family-k2-24  4α.4*  P=1
  ctrnact-mixed-family-k2-25  4α.4*  P=1
  ctrnact-mixed-family-k2-26  4α.8α.4*  P=1
  ctrnact-mixed-family-k2-27  4.4α.4*  P=1
  ctrnact-mixed-family-k2-28  4α.8α.4*  P=1
  ctrnact-mixed-family-k2-29  4α.8α.4*  P=1
  ctrnact-mixed-family-k2-30  4α.8α.4*  P=1
  ctrnact-mixed-family-k2-31  4α.8α.4*  P=1
  ctrnact-mixed-family-k2-32  4α.8α.4*  P=1
  ctrnact-mixed-family-k2-33  4α.8α.4*  P=1
  ctrnact-mixed-family-k2-34  4α.8α.4*  P=1
  ctrnact-mixed-family-k2-35  8.4α.4*  P=1
  ctrnact-mixed-family-k2-36  4α.8α.4*  P=1
  ctrnact-mixed-family-k2-37  4.4α.8α.4*  P=1
  ctrnact-mixed-family-k2-38  3.4α.8α.4*  P=1
  ctrnact-mixed-family-k2-39  4α.8α.4*  P=1
  ctrnact-mixed-family-k2-40  4α.8α.4*  P=1
  ctrnact-mixed-family-k2-41  4α.8α.4*  P=1
  ctrnact-mixed-family-k2-42  4α.8α.4*  P=1
  ctrnact-mixed-family-k2-43  4α.8α.4*  P=1
  ctrnact-mixed-family-k2-44  3.4α.4*.8*  P=1
  ctrnact-mixed-family-k2-45  4α.3*.6*  P=1
  ctrnact-mixed-family-k2-46  4α.6α.6*  P=1
  ctrnact-mixed-family-k2-47  4α.3*.6*  P=1
  ctrnact-mixed-family-k2-48  3.6α.6*  P=1
  ctrnact-mixed-family-k2-49  4α.6α.6*  P=1
  ctrnact-mixed-family-k2-50  4α.3*.6*  P=1
  ctrnact-mixed-family-k2-51  3.4α.6*  P=1
  ctrnact-mixed-family-k2-52  3.4α.6*  P=1
  ctrnact-mixed-family-k2-53  3.4α.6*  P=1
  ctrnact-mixed-family-k2-54  4α.6α.6*  P=1
  ctrnact-mixed-family-k2-55  4α.6α.6*  P=1
  ctrnact-mixed-family-k2-56  4.4α.6α.6*  P=1
  ctrnact-mixed-family-k2-57  4α.3*.6*  P=1
  ctrnact-mixed-family-k2-58  4.4α.3*.6*  P=1
  ctrnact-mixed-family-k2-59  4.4α.6α.6*  P=1
  ctrnact-mixed-family-k2-60  3.4α.8α.8*  P=1
  wrote 79 mixed families (0 skipped) → public/reference-atlas-mixed.json (392.4 KB), elapsed 0.01s
