[18:10:36] === MIXED (isotoxal+star) family export; tables=tables/isotoxal-star-z24 ===
[18:10:36] k=2: 193 MIXED (cx+star) blocks in run-par-k2-isotoxal-star-z24-pruned/out/pruned
[18:10:36]   flexing: (4*d16,cx4-60.120@0,3)F, (4*p2,cx4-60.120@1,3,4,3)F  (dev 0.0s, primary cx4-60.120)
[18:10:36]   flexing: (4*d15,cx4-75.105@0,3)F, (4*p3,cx4-75.105@1,3,4,3)F  (dev 0.0s, primary cx4-75.105)
[18:10:36]   flexing: (3*d15,cx4-75.105@0,3)F, (3*p1,cx4-75.105@1,3,6,3)F  (dev 0.0s, primary cx4-75.105)
[18:10:36]   flexing: (6*d16,cx4-60.120@1)F, (6*p4,cx4-60.120@0,cx4-60.120@1,3,cx4-60.120@0)F, (cx4-60.120@1,cx4-60.120@0,3,3,3)F  (dev 0.0s, primary cx4-60.120)
[18:10:36]   flexing: (6*d16,cx4-60.120@0,3)F, (6*p4,cx4-60.120@1,3,3,3)F  (dev 0.0s, primary cx4-60.120)
[18:10:36]   flexing: (4*d16,cx4-60.120@1)F, (8*p1,3,cx4-75.105@0,cx4-60.120@0,4*p2,cx4-60.120@0,3)F, (8*p1,3,cx4-75.105@1,cx4-60.120@1,3)F, (8*d20,3)F, (8*d20,3)F  (dev 0.0s, primary cx4-60.120)
[18:10:36]   flexing: (6*d16,cx4-60.120@1)F, (6*p4,cx4-60.120@0,cx4-75.105@1,cx4-75.105@0,cx4-60.120@0)F, (cx4-75.105@1,cx4-60.120@1,cx4-75.105@0,3)F  (dev 0.0s, primary cx4-75.105)
[18:10:36]   flexing: (12*d20,3)F, (12*p2,3,cx6-90.150@0,cx4-60.120@1,3)F, (12*p2,3,cx6-90.150@1,cx4-60.120@0,3)F, (12*d20,3)F  (dev 0.0s, primary cx4-60.120)
[18:10:36]   flexing: (8*d20,3)F, (8*p1,3,cx8-105.165@0,cx4-60.120@1,3)F, (8*p1,3,cx8-105.165@1,cx4-60.120@0,3)F, (8*d20,3)F  (dev 0.0s, primary cx4-60.120)
[18:10:36]   flexing: (4*d16,cx4-60.120@1)F, (4*p2,cx4-60.120@0,cx8-120.150@1,3,cx4-60.120@0)F, (cx8-120.150@0,cx4-60.120@1,3,3)F  (dev 0.0s, primary cx4-60.120)
[18:10:36]   flexing: (6*d15,cx4-75.105@0,3)F, (6*p5,cx4-75.105@1,3,3,3)F  (dev 0.0s, primary cx4-75.105)
[18:10:37]   flexing: (12*d20,3)F, (12*p2,3,cx6-105.135@0,cx4-75.105@1,3)F, (12*p2,3,cx6-105.135@1,cx4-75.105@0,3)F, (12*d20,3)F  (dev 0.0s, primary cx4-75.105)
[18:10:37]   flexing: (8*d20,3)F, (8*p1,3,cx8-120.150@0,cx4-75.105@1,3)F, (8*p1,3,cx8-120.150@1,cx4-75.105@0,3)F, (8*d20,3)F  (dev 0.0s, primary cx4-75.105)
[18:10:37]   flexing: (3*d15,cx6-75.165@0,3)F, (3*p1,cx6-75.165@1,3,3,3)F  (dev 0.0s, primary cx6-75.165)
[18:10:37]   flexing: (6*d15,cx6-75.165@0,3)F, (6*p5,cx6-75.165@1,3,3)F  (dev 0.0s, primary cx6-75.165)
[18:10:37]   flexing: (3*d14,cx6-90.150@0,3)F, (3*p2,cx6-90.150@1,3,3,3)F  (dev 0.0s, primary cx6-90.150)
[18:10:37]   flexing: (6*d14,cx6-90.150@0,3)F, (6*p6,cx6-90.150@1,3,3)F  (dev 0.0s, primary cx6-90.150)
[18:10:37]   flexing: (6*d18,4)F, (6*p2,4,3*p2,cx4-60.120@1,4)F, (3*d14,cx4-60.120@0,4)F  (dev 0.0s, primary cx4-60.120)
[18:10:37]   flexing: (4*d16,cx4-60.120@1)A, (4*d16,4*p2,cx4-60.120@0,4*p2)A, (4*d16,4*p2,4)F  (dev 0.0s, primary cx4-60.120)
[18:10:37]   flexing: (4*d16,cx4-60.120@1)A, (4*p2,cx4-60.120@0,cx4-60.120@1,4,cx4-60.120@0)F, (4*p2,cx4-60.120@0,4*p2,cx4-60.120@0,cx4-60.120@1,cx4-60.120@0)A, (4*d16,cx4-60.120@1)F, (4*d16,cx4-60.120@1)A  (dev 0.0s, primary cx4-60.120)
[18:10:37]   flexing: (6*d18,4)F, (6*p2,4,cx6-90.150@0,cx4-60.120@0,4)F, (cx6-90.150@1,cx4-60.120@1,4)F  (dev 0.0s, primary cx4-60.120)
[18:10:37]   flexing: (6*d16,cx4-60.120@1)F, (6*p4,cx4-60.120@0,cx6-90.150@0,4,cx4-60.120@0)F, (cx6-90.150@1,cx4-60.120@1,4)F  (dev 0.0s, primary cx4-60.120)
[18:10:37]   flexing: (4*d16,cx4-60.120@1)F, (4*p2,cx4-60.120@0,cx8-120.150@0,4,cx4-60.120@0)F, (cx8-120.150@1,cx4-60.120@1,4)F  (dev 0.0s, primary cx4-60.120)
[18:10:37]   flexing: (6*d18,4)F, (6*p2,4,cx6-75.165@0,cx4-75.105@0,4)F, (cx6-75.165@1,cx4-75.105@1,4)F  (dev 0.0s, primary cx4-75.105)
[18:10:37]   flexing: (3*d14,cx6-90.150@1)F, (3*d14,3*p2,cx6-90.150@0,3*p2)F, (3*d14,3*p2,6)F  (dev 0.0s, primary cx6-90.150)
[18:10:37]   flexing: (3*d14,cx6-90.150@1)F, (3*p2,cx6-90.150@0,cx6-90.150@1,cx6-90.150@0)F, (cx6-90.150@1,cx6-90.150@0,6)F  (dev 0.0s, primary cx6-90.150)
[18:10:37]   flexing: (3*d15,cx6-105.135@1)F, (3*d15,3*p1,cx6-105.135@0,3*p1)F, (3*d15,3*p1,6)F  (dev 0.0s, primary cx6-105.135)
[18:10:37]   flexing: (3*d15,cx6-105.135@1)F, (3*p1,cx6-105.135@0,cx6-105.135@1,cx6-105.135@0)F, (cx6-105.135@1,cx6-105.135@0,6)F  (dev 0.0s, primary cx6-105.135)
[18:10:37]   flexing: (4*d16,cx4-60.120@1)F, (4*p2,cx4-60.120@0,cx4-75.105@0,8,cx4-60.120@0)F, (cx4-75.105@1,cx4-60.120@1,8)F  (dev 0.0s, primary cx4-60.120)
[18:10:37]   flexing: (3*d15,3*p1,cx4-60.120@1)F, (3*d15,cx4-60.120@0,3*p1,cx4-60.120@0)A  (dev 0.0s, primary 3*1)
[18:10:37]   flexing: (6*d15,3*p1,cx4-60.120@1)F, (6*p5,3*d15,cx4-60.120@0)F  (dev 0.0s, primary cx4-60.120)
[18:10:37]   flexing: (3*d14,3*p2,cx4-60.120@1)F, (3*d14,cx4-60.120@0,3*p2,cx4-60.120@0)A  (dev 0.0s, primary 3*2)
[18:10:37]   flexing: (6*d18,3*p2,cx4-60.120@0)F, (6*p2,3*d14,cx4-60.120@1)F  (dev 0.0s, primary cx4-60.120)
[18:10:37]   flexing: (6*d14,3*p2,cx4-60.120@1)F, (6*p6,3*d14,cx4-60.120@0)F  (dev 0.0s, primary cx4-60.120)
[18:10:37]   flexing: (4*d16,cx4-60.120@1)A, (4*p2,cx4-60.120@0,4*p2,cx4-60.120@0,cx4-60.120@1,cx4-60.120@0)A, (4*d16,cx4-60.120@1)A, (cx4-60.120@1,cx4-60.120@0,cx4-60.120@1,cx4-60.120@0)S2  (dev 0.0s, primary cx4-60.120)
[18:10:37]   flexing: (4*d16,cx4-60.120@1)A, (4*p2,cx4-60.120@0,4*p2,cx4-60.120@0,cx4-60.120@1,cx4-60.120@0)A, (4*d16,cx4-60.120@1)A, (cx4-60.120@1,cx4-60.120@0,cx4-60.120@1,cx4-60.120@0)Aa  (dev 0.0s, primary cx4-60.120)
[18:10:37]   flexing: (4*d16,cx4-60.120@1)A, (4*p2,cx4-60.120@0,4*p2,cx4-60.120@0,cx4-60.120@1,cx4-60.120@0)A, (4*d16,cx4-60.120@1)F, (4*d16,4*p2,cx4-60.120@0,4*p2)A  (dev 0.0s, primary cx4-60.120)
[18:10:37]   flexing: (4*d16,cx4-60.120@1)A, (4*p2,cx4-60.120@0,4*p2,cx4-60.120@0,cx4-60.120@1,cx4-60.120@0)A, (4*d16,cx4-60.120@1)F, (4*p2,cx4-60.120@0,4*p2,cx4-60.120@0,4*p2,cx4-60.120@0,4*p2,cx4-60.120@0)S2b, (4*d16,cx4-60.120@1)A  (dev 0.0s, primary cx4-60.120)
[18:10:37]   flexing: (4*d16,cx4-60.120@1)A, (4*p2,cx4-60.120@0,4*p2,cx4-60.120@0,cx4-60.120@1,cx4-60.120@0)A, (4*d16,cx4-60.120@1)F, (4*p2,cx4-60.120@0,4*p2,cx4-60.120@0,4*p2,cx4-60.120@0,4*p2,cx4-60.120@0)Ab, (4*d16,cx4-60.120@1)A, (4*d16,cx4-60.120@1)A, (4*d16,cx4-60.120@1)A  (dev 0.0s, primary cx4-60.120)
[18:10:37]   flexing: (4*d16,cx4-60.120@1)A, (4*p2,cx4-60.120@0,4*p2,cx4-60.120@0,4*p2,cx4-60.120@0,4*p2,cx4-60.120@0)S2b, (4*d16,cx4-60.120@1)F, (4*d16,4*p2,cx4-60.120@0,4*p2)A  (dev 0.0s, primary cx4-60.120)
[18:10:37]   flexing: (4*d16,cx4-60.120@1)A, (4*p2,cx4-60.120@0,4*p2,cx4-60.120@0,4*p2,cx4-60.120@0,4*p2,cx4-60.120@0)Ab, (4*d16,cx4-60.120@1)A, (4*d16,cx4-60.120@1)A, (4*d16,cx4-60.120@1)F, (4*d16,4*p2,cx4-60.120@0,4*p2)A  (dev 0.0s, primary cx4-60.120)
[18:10:37]   flexing: (4*d14,4*p2,cx4-60.120@1)F, (4*p4,4*d16,cx4-60.120@0)F  (dev 0.0s, primary cx4-60.120)
[18:10:37]   flexing: (4*d16,cx4-60.120@1)A, (4*d14,cx4-60.120@0,4*p2,cx4-60.120@0)A, (4*p4,cx4-60.120@1,4*p4,cx4-60.120@1)S2  (dev 0.0s, primary cx4-60.120)
[18:10:37]   flexing: (6*d16,cx4-60.120@1)F, (6*p4,cx4-60.120@0,cx6-75.165@0,cx4-75.105@1,cx4-60.120@0)F, (cx6-75.165@1,cx4-75.105@0,cx4-60.120@1)F  (dev 0.0s, primary cx4-75.105)
[18:10:37]   flexing: (6*d16,cx4-60.120@1)F, (6*p4,cx4-60.120@0,cx6-105.135@0,cx4-75.105@0,cx4-60.120@0)F, (cx6-105.135@1,cx4-75.105@1,cx4-60.120@1)F  (dev 0.0s, primary cx4-75.105)
[18:10:37]   flexing: (4*d16,cx4-60.120@1)F, (4*p2,cx4-60.120@0,cx8-105.165@0,cx4-75.105@1,cx4-60.120@0)F, (cx8-105.165@1,cx4-75.105@0,cx4-60.120@1)F  (dev 0.0s, primary cx4-75.105)
[18:10:37]   flexing: (6*d15,cx6-75.165@0,cx4-60.120@0)F, (6*p5,cx6-75.165@1,cx4-60.120@1)F  (dev 0.0s, primary cx4-60.120)
[18:10:37]   flexing: (6*d14,cx6-90.150@0,cx4-60.120@0)F, (6*p6,cx6-90.150@1,cx4-60.120@1)F  (dev 0.0s, primary cx4-60.120)
[18:10:37]   flexing: (4*d16,cx4-60.120@1)A, (4*p2,cx8-120.150@1,cx4-60.120@1,cx4-60.120@0)F, (cx8-120.150@0,cx4-60.120@0,cx4-60.120@1,cx4-60.120@0)A, (4*d16,cx8-120.150@0)A  (dev 0.0s, primary cx4-60.120)
[18:10:37]   flexing: (4*d16,cx4-60.120@1)A, (4*p2,cx4-60.120@0,4*p2,cx4-60.120@0,cx8-120.150@0,cx4-60.120@0)A, (4*d16,cx4-60.120@1)F, (4*p2,cx8-120.150@1,cx4-60.120@1,cx4-60.120@0)F, (4*d16,cx8-120.150@0)A  (dev 0.0s, primary cx4-60.120)
[18:10:37]   flexing: (4*d16,cx4-60.120@1)A, (4*p2,cx8-120.150@1,4*p2,cx4-60.120@0,4*p2,cx4-60.120@0)A, (4*d16,cx4-60.120@1)A, (4*d16,cx8-120.150@0)F, (4*p2,cx8-120.150@1,4*p2,cx8-120.150@1)Ab, (4*d16,cx8-120.150@0)A  (dev 0.0s, primary cx4-60.120)
[18:10:37]   flexing: (4*d16,cx4-60.120@1)A, (4*p2,cx8-120.150@1,4*p2,cx4-60.120@0,4*p2,cx4-60.120@0)F, (4*d16,cx4-60.120@1)A, (4*d16,cx4-60.120@1)A, (4*d16,cx4-60.120@1)A, (4*d16,cx8-120.150@0)A, (4*d16,cx8-120.150@0)F, (4*p2,cx8-120.150@1,4*p2,cx8-120.150@1)R2, (4*d16,cx8-120.150@0)A  (dev 0.0s, primary cx4-60.120)
[18:10:37]   flexing: (4*d16,cx4-60.120@1)A, (4*p2,cx8-120.150@1,4*p2,cx4-60.120@0,4*p2,cx4-60.120@0)F, (4*d16,cx4-60.120@1)A, (4*d16,cx4-60.120@1)F, (4*d16,cx8-120.150@0)A, (4*d16,cx8-120.150@0)F, (4*p2,cx8-120.150@1,4*p2,cx8-120.150@1)R2, (4*d16,cx8-120.150@0)A  (dev 0.0s, primary cx4-60.120)
[18:10:37]   flexing: (4*d16,cx4-60.120@1)A, (4*p2,cx8-120.150@1,4*p2,cx4-60.120@0,4*p2,cx4-60.120@0)F, (4*d16,cx4-60.120@1)A, (4*d16,cx4-60.120@1)F, (4*d16,cx8-120.150@0)A, (4*d16,cx8-120.150@0)F, (4*p2,cx8-120.150@1,4*p2,cx8-120.150@1)F, (4*d16,cx8-120.150@0)A, (4*d16,cx8-120.150@0)A, (4*d16,cx8-120.150@0)A  (dev 0.0s, primary cx4-60.120)
[18:10:37]   flexing: (4*d16,cx4-60.120@1)A, (4*p2,cx8-120.150@1,4*p2,cx4-60.120@0,4*p2,cx4-60.120@0)F, (4*d16,cx4-60.120@1)A, (4*d16,cx4-60.120@1)F, (4*p2,cx4-60.120@0,4*p2,cx4-60.120@0,4*p2,cx4-60.120@0,4*p2,cx4-60.120@0)R2, (4*d16,cx4-60.120@1)A, (4*d16,cx4-60.120@1)F, (4*d16,cx4-60.120@1)A, (4*d16,cx8-120.150@0)A, (4*d16,cx8-120.150@0)A  (dev 0.0s, primary cx4-60.120)
[18:10:37]   flexing: (4*d16,cx4-60.120@1)A, (4*p2,cx8-120.150@1,4*p2,cx4-60.120@0,4*p2,cx4-60.120@0)F, (4*d16,cx4-60.120@1)A, (4*d16,cx4-60.120@1)F, (4*p2,cx4-60.120@0,4*p2,cx4-60.120@0,4*p2,cx4-60.120@0,4*p2,cx4-60.120@0)Ab, (4*d16,cx4-60.120@1)A, (4*d16,cx4-60.120@1)F, (4*d16,cx4-60.120@1)A, (4*d16,cx8-120.150@0)A, (4*d16,cx8-120.150@0)A  (dev 0.0s, primary cx4-60.120)
[18:10:37]   flexing: (4*d16,cx4-60.120@1)A, (4*p2,cx4-60.120@0,4*p2,cx4-60.120@0,4*p2,cx4-60.120@0,4*p2,cx4-60.120@0)Aa, (4*d16,cx4-60.120@1)A, (4*d16,cx4-60.120@1)F, (4*p2,cx8-120.150@1,4*p2,cx4-60.120@0,4*p2,cx4-60.120@0)A, (4*d16,cx8-120.150@0)A, (4*d16,cx4-60.120@1)F  (dev 0.0s, primary cx4-60.120)
[18:10:37]   flexing: (4*d16,cx4-60.120@1)F, (4*p2,cx8-120.150@1,cx4-60.120@1,cx4-60.120@0)F, (4*p2,cx8-120.150@1,cx8-120.150@0,cx4-60.120@0)F, (4*d16,cx8-120.150@0)A, (4*d16,cx8-120.150@0)A  (dev 0.0s, primary cx4-60.120)
[18:10:37]   flexing: (4*d16,cx4-60.120@1)F, (4*p2,cx8-120.150@1,cx4-60.120@1,cx4-60.120@0)F, (4*p2,cx8-120.150@1,cx8-120.150@0,cx4-60.120@0)F, (4*d16,cx8-120.150@0)F  (dev 0.0s, primary cx4-60.120)
[18:10:37]   flexing: (4*d16,cx4-60.120@1)F, (4*p2,cx4-60.120@0,cx8-120.150@1,cx4-60.120@0,cx4-60.120@0)F, (cx8-120.150@0,cx4-60.120@1,cx4-60.120@1)F  (dev 0.0s, primary cx4-60.120)
[18:10:37]   flexing: (4*d16,cx4-60.120@1)F, (4*p2,cx8-120.150@1,4*p2,cx4-60.120@0,4*p2,cx4-60.120@0)A, (4*d16,cx8-120.150@0)F, (4*p2,cx8-120.150@1,4*p2,cx8-120.150@1)S2  (dev 0.0s, primary cx4-60.120)
[18:10:37]   flexing: (4*d16,cx4-60.120@1)F, (4*p2,cx8-120.150@1,4*p2,cx4-60.120@0,4*p2,cx4-60.120@0)F, (4*d16,cx4-60.120@1)F, (4*p2,cx4-60.120@0,4*p2,cx4-60.120@0,4*p2,cx4-60.120@0,4*p2,cx4-60.120@0)R4, (4*d16,cx4-60.120@1)F, (4*d16,cx8-120.150@0)F  (dev 0.0s, primary cx4-60.120)
[18:10:37]   flexing: (4*d14,cx8-120.150@1)A, (4*p4,cx8-120.150@0,4*p4,cx4-60.120@1)A, (4*d14,cx4-60.120@0,4*p2,cx4-60.120@0)A, (4*d16,cx4-60.120@1)A  (dev 0.0s, primary cx4-60.120)
[18:10:37]   flexing: (6*d18,3*p1,cx4-75.105@0)F, (6*p2,3*d15,cx4-75.105@1)F  (dev 0.0s, primary cx4-75.105)
[18:10:37]   flexing: (6*d16,3*p1,cx4-75.105@1)F, (6*p4,3*d15,cx4-75.105@0)F  (dev 0.0s, primary cx4-75.105)
[18:10:37]   flexing: (6*d15,3*p2,cx4-75.105@1)F, (6*p5,3*d14,cx4-75.105@0)F  (dev 0.0s, primary cx4-75.105)
[18:10:37]   flexing: (4*d15,4*p2,cx4-75.105@1)F, (4*p3,4*d16,cx4-75.105@0)F  (dev 0.0s, primary cx4-75.105)
[18:10:37]   flexing: (4*d14,4*p3,cx4-75.105@1)F, (4*p4,4*d15,cx4-75.105@0)F  (dev 0.0s, primary cx4-75.105)
[18:10:37]   flexing: (6*d14,cx6-75.165@0,cx4-75.105@0)F, (6*p6,cx6-75.165@1,cx4-75.105@1)F  (dev 0.0s, primary cx4-75.105)
[18:10:37]   flexing: (3*d14,cx6-75.165@0,cx6-75.165@0)A, (3*p2,cx6-75.165@1,cx6-75.165@1)A  (dev 0.0s, primary cx6-75.165)
[18:10:37]   flexing: (3*d14,cx6-90.150@1)F, (3*d14,3*p2,cx6-90.150@0,3*p2)A, (3*p2,cx6-90.150@0,cx6-90.150@1,cx6-90.150@0)A  (dev 0.0s, primary cx6-90.150)
[18:10:37]   flexing: (4*d14,cx6-90.150@1)A, (6*p6,cx8-120.150@0,4*p4,cx6-90.150@0)F, (6*d14,cx6-90.150@1)F, (6*p6,cx6-90.150@0,6*p6,cx6-90.150@0)S2, (4*d14,cx8-120.150@1)A, (6*d14,cx8-120.150@1)A  (dev 0.0s, primary cx6-90.150)
[18:10:37]   flexing: (3*d15,cx6-105.135@1)F, (3*d15,3*p1,cx6-105.135@0,3*p1)A, (3*p1,cx6-105.135@0,cx6-105.135@1,cx6-105.135@0)A  (dev 0.0s, primary cx6-105.135)
[18:10:37]   flexing: (3*d14,3*p1,cx6-105.135@1)F, (3*p2,3*d15,cx6-105.135@0)F  (dev 0.0s, primary cx6-105.135)
[18:10:37]   flexing: (3*d15,cx12-135.165@0)A, (6*p5,cx12-135.165@1,3*p1,cx6-105.135@0)F, (3*d15,cx6-105.135@1)F, (3*p1,cx6-105.135@0,3*p1,cx6-105.135@0,3*p1,cx6-105.135@0)S3, (6*d15,cx6-105.135@1)A, (6*d15,cx12-135.165@0)A  (dev 0.0s, primary cx6-105.135)
[18:10:37] k=2: 118 pinned, 75 flexing blocks in 60 keyed groups
[18:10:37] k=2: 60 families (15 collapse >1 grid-member; 0 multi-slider separable)
[18:10:37]   ctrnact-mixed-family-k2-01: (12S@d@20,3) + (12S@d@20,3) + (12S@p@2,3,cx4@0@a,cx6@1@-a+14,3) + (12S@p@2,3,cx4@1@-a+12,cx6@0@a+2,3)  P=1 α∈[[30.0, 150.0]]  checks 5/5 pass
[18:10:37]   ctrnact-mixed-family-k2-02: (3S@d@-a+22,3S@p@2,cx6@0@a) + (3S@d@14,3S@p@a-6,cx6@1@-a+16)  P=1 α∈[[90.0, 150.0]]  checks 5/5 pass
[18:10:37]   ctrnact-mixed-family-k2-03: (3S@d@-2a+24,cx6@0@a,cx6@0@a) + (3S@p@2a-8,cx6@1@-a+16,cx6@1@-a+16)  P=1 α∈[[60.0, 90.0]]  checks 5/5 pass
[18:10:37]   ctrnact-mixed-family-k2-04: (3S@d@a+8,3S@p@-a+8,cx6@0@a,3S@p@-a+8) + (3S@d@a+8,cx6@1@-a+16) + (3S@p@-a+8,cx6@0@a,cx6@1@-a+16,cx6@0@a)  P=1 α∈[[60.0, 120.0]]  checks 5/5 pass
[18:10:37]   ctrnact-mixed-family-k2-05: (3S@d@a+8,3S@p@-a+8,6) + (3S@d@a+8,3S@p@-a+8,cx6@0@a,3S@p@-a+8) + (3S@d@a+8,cx6@1@-a+16)  P=1 α∈[[60.0, 120.0]]  checks 5/5 pass
[18:10:37]   ctrnact-mixed-family-k2-06: (3S@d@a+8,cx6@1@-a+16) + (3S@p@-a+8,cx6@0@a,cx6@1@-a+16,cx6@0@a) + (6,cx6@0@a,cx6@1@-a+16)  P=1 α∈[[60.0, 120.0]]  checks 5/5 pass
[18:10:37]   ctrnact-mixed-family-k2-07: (3S@d@-a+16,3S@p@a,cx4@1@8) + (3S@d@-a+16,cx4@0@4,3S@p@a,cx4@0@4)  P=1 α∈[[0.0, 60.0]]  checks 5/5 pass
[18:10:37]   ctrnact-mixed-family-k2-08: (3S@d@a+8,cx12@0@-a+16) + (3S@d@a+8,cx6@1@-a+16) + (3S@p@-a+8,cx12@1@a+4,6S@p@-a+12,cx6@0@a) + (3S@p@-a+8,cx6@0@a,3S@p@-a+8,cx6@0@a,3S@p@-a+8,cx6@0@a) + (6S@d@a+8,cx12@0@-a+16) + (6S@d@a+8,cx6@1@-a+16)  P=1 α∈[[60.0, 120.0]]  checks 5/5 pass
[18:10:37]   ctrnact-mixed-family-k2-09: (3,3S@d@-a+20,cx4@0@a) + (3,3S@p@a-4,cx4@1@-a+12,3,6)  P=1 α∈[[60.0, 120.0]]  checks 5/5 pass
[18:10:37]   ctrnact-mixed-family-k2-10: (3,3,3,3S@p@a-4,cx6@1@-a+16) + (3,3S@d@-a+20,cx6@0@a)  P=1 α∈[[60.0, 120.0]]  checks 5/5 pass
[18:10:37]   ctrnact-mixed-family-k2-11: (4S@d@-a+20,4S@p@4,cx4@0@a) + (4S@d@14,4S@p@a-2,cx4@1@-a+12)  P=1 α∈[[30.0, 120.0]]  checks 5/5 pass
[18:10:37]   ctrnact-mixed-family-k2-12: (4S@d@a+8,cx6@1@-a+16) + (4S@d@a+8,cx8@1@-a+16) + (4S@p@-a+10,cx6@0@a,6S@p@-a+12,cx8@0@a+2) + (6S@d@a+8,cx6@1@-a+16) + (6S@d@a+8,cx8@1@-a+16) + (6S@p@-a+12,cx6@0@a,6S@p@-a+12,cx6@0@a)  P=1 α∈[[60.0, 150.0]]  checks 5/5 pass
[18:10:37]   ctrnact-mixed-family-k2-13: (4S@d@-a+18,cx4@0@a,4S@p@-a+6,cx4@0@a) + (4S@d@-a+18,cx8@1@a+6) + (4S@d@a+12,cx4@1@-a+12) + (4S@p@a,cx4@1@-a+12,4S@p@a,cx8@0@-a+12)  P=1 α∈[[0.0, 90.0]]  checks 5/5 pass
[18:10:37]   ctrnact-mixed-family-k2-14: (4S@d@-a+21,4S@p@3,cx4@0@a) + (4S@d@15,4S@p@a-3,cx4@1@-a+12)  P=1 α∈[[45.0, 135.0]]  checks 5/5 pass
[18:10:37]   ctrnact-mixed-family-k2-15: (3,4,3,4S@p@a-2,cx4@1@-a+12) + (3,4S@d@-a+20,cx4@0@a)  P=1 α∈[[30.0, 120.0]]  checks 5/5 pass
[18:10:37]   ctrnact-mixed-family-k2-16: (4S@d@-a+18,cx4@0@a,4S@p@-a+6,cx4@0@a) + (4S@d@a+12,cx4@1@-a+12) + (4S@p@a,cx4@1@-a+12,4S@p@a,cx4@1@-a+12)  P=1 α∈[[0.0, 90.0]]  checks 5/5 pass
[18:10:37]   ctrnact-mixed-family-k2-17: (4,4S@d@a+12,4S@p@-a+6) + (4S@d@a+12,4S@p@-a+6,cx4@0@a,4S@p@-a+6) + (4S@d@a+12,cx4@1@-a+12)  P=1 α∈[[0.0, 90.0]]  checks 5/5 pass
[18:10:37]   ctrnact-mixed-family-k2-18: (4S@d@a+12,cx4@1@-a+12) + (4S@d@a+12,cx4@1@-a+12) + (4S@d@a+12,cx4@1@-a+12) + (4S@d@a+12,cx4@1@-a+12) + (4S@d@a+12,cx8@0@-a+12) + (4S@p@-a+6,cx4@0@a,4S@p@-a+6,cx4@0@a,4S@p@-a+6,cx4@0@a,4S@p@-a+6,cx4@0@a) + (4S@p@-a+6,cx4@0@a,4S@p@-a+6,cx4@0@a,4S@p@-a+6,cx8@1@a+6)  P=1 α∈[[0.0, 90.0]]  checks 5/5 pass
[18:10:37]   ctrnact-mixed-family-k2-19: (4S@d@a+12,4S@p@-a+6,cx4@0@a,4S@p@-a+6) + (4S@d@a+12,cx4@1@-a+12) + (4S@d@a+12,cx4@1@-a+12) + (4S@d@a+12,cx4@1@-a+12) + (4S@d@a+12,cx4@1@-a+12) + (4S@p@-a+6,cx4@0@a,4S@p@-a+6,cx4@0@a,4S@p@-a+6,cx4@0@a,4S@p@-a+6,cx4@0@a)  P=1 α∈[[0.0, 90.0]]  checks 5/5 pass
[18:10:37]   ctrnact-mixed-family-k2-20: (4S@d@a+12,4S@p@-a+6,cx4@0@a,4S@p@-a+6) + (4S@d@a+12,cx4@1@-a+12) + (4S@d@a+12,cx4@1@-a+12) + (4S@p@-a+6,cx4@0@a,4S@p@-a+6,cx4@0@a,4S@p@-a+6,cx4@0@a,4S@p@-a+6,cx4@0@a)  P=1 α∈[[0.0, 90.0]]  checks 5/5 pass
[18:10:37]   ctrnact-mixed-family-k2-21: (4S@d@a+12,cx4@1@-a+12) + (4S@d@a+12,cx4@1@-a+12) + (4S@p@-a+6,cx4@0@a,4S@p@-a+6,cx4@0@a,cx4@1@-a+12,cx4@0@a) + (cx4@0@a,cx4@1@-a+12,cx4@0@a,cx4@1@-a+12)  P=1 α∈[[0.0, 90.0]]  checks 5/5 pass
[18:10:37]   ctrnact-mixed-family-k2-22: (4S@d@a+12,cx4@1@-a+12) + (4S@d@a+12,cx4@1@-a+12) + (4S@p@-a+6,cx4@0@a,4S@p@-a+6,cx4@0@a,cx4@1@-a+12,cx4@0@a) + (cx4@0@a,cx4@1@-a+12,cx4@0@a,cx4@1@-a+12)  P=1 α∈[[0.0, 90.0]]  checks 5/5 pass
[18:10:37]   ctrnact-mixed-family-k2-23: (4S@d@a+12,4S@p@-a+6,cx4@0@a,4S@p@-a+6) + (4S@d@a+12,cx4@1@-a+12) + (4S@d@a+12,cx4@1@-a+12) + (4S@p@-a+6,cx4@0@a,4S@p@-a+6,cx4@0@a,cx4@1@-a+12,cx4@0@a)  P=1 α∈[[0.0, 90.0]]  checks 5/5 pass
[18:10:37]   ctrnact-mixed-family-k2-24: (4S@d@a+12,cx4@1@-a+12) + (4S@d@a+12,cx4@1@-a+12) + (4S@d@a+12,cx4@1@-a+12) + (4S@d@a+12,cx4@1@-a+12) + (4S@d@a+12,cx4@1@-a+12) + (4S@p@-a+6,cx4@0@a,4S@p@-a+6,cx4@0@a,4S@p@-a+6,cx4@0@a,4S@p@-a+6,cx4@0@a) + (4S@p@-a+6,cx4@0@a,4S@p@-a+6,cx4@0@a,cx4@1@-a+12,cx4@0@a)  P=1 α∈[[0.0, 90.0]]  checks 5/5 pass
[18:10:37]   ctrnact-mixed-family-k2-25: (4S@d@a+12,cx4@1@-a+12) + (4S@d@a+12,cx4@1@-a+12) + (4S@d@a+12,cx4@1@-a+12) + (4S@p@-a+6,cx4@0@a,4S@p@-a+6,cx4@0@a,4S@p@-a+6,cx4@0@a,4S@p@-a+6,cx4@0@a) + (4S@p@-a+6,cx4@0@a,4S@p@-a+6,cx4@0@a,cx4@1@-a+12,cx4@0@a)  P=1 α∈[[0.0, 90.0]]  checks 5/5 pass
[18:10:37]   ctrnact-mixed-family-k2-26: (4S@d@a+12,cx4@1@-a+12) + (4S@d@a+12,cx4@1@-a+12) + (4S@d@a+12,cx8@0@-a+12) + (4S@p@-a+6,cx4@0@a,4S@p@-a+6,cx4@0@a,cx8@0@-a+12,cx4@0@a) + (4S@p@-a+6,cx4@0@a,cx4@1@-a+12,cx8@1@a+6)  P=1 α∈[[0.0, 90.0]]  checks 5/5 pass
[18:10:37]   ctrnact-mixed-family-k2-27: (4,cx4@0@a,4S@p@-a+6,cx4@0@a,cx4@1@-a+12) + (4S@d@a+12,cx4@1@-a+12) + (4S@d@a+12,cx4@1@-a+12) + (4S@d@a+12,cx4@1@-a+12) + (4S@p@-a+6,cx4@0@a,4S@p@-a+6,cx4@0@a,cx4@1@-a+12,cx4@0@a)  P=1 α∈[[0.0, 90.0]]  checks 5/5 pass
[18:10:37]   ctrnact-mixed-family-k2-28: (4S@d@a+12,cx4@1@-a+12) + (4S@d@a+12,cx4@1@-a+12) + (4S@d@a+12,cx8@0@-a+12) + (4S@d@a+12,cx8@0@-a+12) + (4S@p@-a+6,cx4@0@a,4S@p@-a+6,cx4@0@a,4S@p@-a+6,cx8@1@a+6) + (4S@p@-a+6,cx8@1@a+6,4S@p@-a+6,cx8@1@a+6)  P=1 α∈[[0.0, 90.0]]  checks 5/5 pass
[18:10:37]   ctrnact-mixed-family-k2-29: (4S@d@a+12,cx4@1@-a+12) + (4S@d@a+12,cx4@1@-a+12) + (4S@d@a+12,cx4@1@-a+12) + (4S@d@a+12,cx4@1@-a+12) + (4S@d@a+12,cx8@0@-a+12) + (4S@d@a+12,cx8@0@-a+12) + (4S@d@a+12,cx8@0@-a+12) + (4S@p@-a+6,cx4@0@a,4S@p@-a+6,cx4@0@a,4S@p@-a+6,cx8@1@a+6) + (4S@p@-a+6,cx8@1@a+6,4S@p@-a+6,cx8@1@a+6)  P=1 α∈[[0.0, 90.0]]  checks 5/5 pass
[18:10:37]   ctrnact-mixed-family-k2-30: (4S@d@a+12,cx4@1@-a+12) + (4S@d@a+12,cx4@1@-a+12) + (4S@d@a+12,cx4@1@-a+12) + (4S@d@a+12,cx8@0@-a+12) + (4S@d@a+12,cx8@0@-a+12) + (4S@d@a+12,cx8@0@-a+12) + (4S@d@a+12,cx8@0@-a+12) + (4S@d@a+12,cx8@0@-a+12) + (4S@p@-a+6,cx4@0@a,4S@p@-a+6,cx4@0@a,4S@p@-a+6,cx8@1@a+6) + (4S@p@-a+6,cx8@1@a+6,4S@p@-a+6,cx8@1@a+6)  P=1 α∈[[0.0, 90.0]]  checks 5/5 pass
[18:10:37]   ctrnact-mixed-family-k2-31: (4S@d@a+12,cx4@1@-a+12) + (4S@d@a+12,cx4@1@-a+12) + (4S@d@a+12,cx4@1@-a+12) + (4S@d@a+12,cx8@0@-a+12) + (4S@d@a+12,cx8@0@-a+12) + (4S@d@a+12,cx8@0@-a+12) + (4S@p@-a+6,cx4@0@a,4S@p@-a+6,cx4@0@a,4S@p@-a+6,cx8@1@a+6) + (4S@p@-a+6,cx8@1@a+6,4S@p@-a+6,cx8@1@a+6)  P=1 α∈[[0.0, 90.0]]  checks 5/5 pass
[18:10:37]   ctrnact-mixed-family-k2-32: (4S@d@a+12,cx4@1@-a+12) + (4S@d@a+12,cx4@1@-a+12) + (4S@d@a+12,cx4@1@-a+12) + (4S@d@a+12,cx4@1@-a+12) + (4S@d@a+12,cx4@1@-a+12) + (4S@d@a+12,cx4@1@-a+12) + (4S@d@a+12,cx8@0@-a+12) + (4S@d@a+12,cx8@0@-a+12) + (4S@p@-a+6,cx4@0@a,4S@p@-a+6,cx4@0@a,4S@p@-a+6,cx4@0@a,4S@p@-a+6,cx4@0@a) + (4S@p@-a+6,cx4@0@a,4S@p@-a+6,cx4@0@a,4S@p@-a+6,cx8@1@a+6)  P=1 α∈[[0.0, 90.0]]  checks 5/5 pass
[18:10:37]   ctrnact-mixed-family-k2-33: (4S@d@a+12,cx4@1@-a+12) + (4S@d@a+12,cx4@1@-a+12) + (4S@d@a+12,cx4@1@-a+12) + (4S@d@a+12,cx4@1@-a+12) + (4S@d@a+12,cx4@1@-a+12) + (4S@d@a+12,cx4@1@-a+12) + (4S@d@a+12,cx8@0@-a+12) + (4S@d@a+12,cx8@0@-a+12) + (4S@p@-a+6,cx4@0@a,4S@p@-a+6,cx4@0@a,4S@p@-a+6,cx4@0@a,4S@p@-a+6,cx4@0@a) + (4S@p@-a+6,cx4@0@a,4S@p@-a+6,cx4@0@a,4S@p@-a+6,cx8@1@a+6)  P=1 α∈[[0.0, 90.0]]  checks 5/5 pass
[18:10:37]   ctrnact-mixed-family-k2-34: (4S@d@a+12,cx4@1@-a+12) + (4S@d@a+12,cx8@0@-a+12) + (4S@p@-a+6,cx4@0@a,cx4@1@-a+12,cx8@1@a+6) + (cx4@0@a,cx4@1@-a+12,cx4@0@a,cx8@0@-a+12)  P=1 α∈[[0.0, 90.0]]  checks 5/5 pass
[18:10:37]   ctrnact-mixed-family-k2-35: (4S@d@a+12,cx4@1@-a+12) + (4S@p@-a+6,cx4@0@a,8,cx4@0@-a+9,cx4@0@a) + (8,cx4@1@-a+12,cx4@1@a+3)  P=1 α∈[[0.0, 90.0]]  checks 5/5 pass
[18:10:37]   ctrnact-mixed-family-k2-36: (4S@d@16,cx4@1@8) + (4S@p@2,cx4@0@4,cx4@1@-a+12,cx8@0@a+2,cx4@0@4) + (cx4@0@a,cx4@1@8,cx8@1@-a+16)  P=1 α∈[[60.0, 150.0]]  checks 5/5 pass
[18:10:37]   ctrnact-mixed-family-k2-37: (4,cx4@0@a,4S@p@-a+6,cx4@0@a,cx8@0@-a+12) + (4,cx4@1@-a+12,cx8@1@a+6) + (4S@d@a+12,cx4@1@-a+12)  P=1 α∈[[0.0, 90.0]]  checks 5/5 pass
[18:10:37]   ctrnact-mixed-family-k2-38: (3,3,cx4@1@-a+12,cx8@0@a+4) + (3,cx4@0@a,4S@p@-a+6,cx4@0@a,cx8@1@-a+14) + (4S@d@a+12,cx4@1@-a+12)  P=1 α∈[[30.0, 90.0]]  checks 5/5 pass
[18:10:37]   ctrnact-mixed-family-k2-39: (4S@d@a+12,cx4@1@-a+12) + (4S@p@-a+6,cx4@0@a,cx4@0@a,cx8@1@-2a+18,cx4@0@a) + (cx4@1@-a+12,cx4@1@-a+12,cx8@0@2a)  P=1 α∈[[45.0, 90.0]]  checks 5/5 pass
[18:10:37]   ctrnact-mixed-family-k2-40: (4S@d@a+12,cx4@1@-a+12) + (4S@d@a+12,cx8@0@-a+12) + (4S@p@-a+6,cx4@0@a,4S@p@-a+6,cx4@0@a,4S@p@-a+6,cx8@1@a+6) + (4S@p@-a+6,cx8@1@a+6,4S@p@-a+6,cx8@1@a+6)  P=1 α∈[[0.0, 90.0]]  checks 5/5 pass
[18:10:37]   ctrnact-mixed-family-k2-41: (4S@d@a+12,cx4@1@-a+12) + (4S@d@a+12,cx4@1@-a+12) + (4S@d@a+12,cx4@1@-a+12) + (4S@d@a+12,cx8@0@-a+12) + (4S@p@-a+6,cx4@0@a,4S@p@-a+6,cx4@0@a,4S@p@-a+6,cx4@0@a,4S@p@-a+6,cx4@0@a) + (4S@p@-a+6,cx4@0@a,4S@p@-a+6,cx4@0@a,4S@p@-a+6,cx8@1@a+6)  P=1 α∈[[0.0, 90.0]]  checks 5/5 pass
[18:10:37]   ctrnact-mixed-family-k2-42: (4S@d@a+12,cx4@1@-a+12) + (4S@d@a+12,cx8@0@-a+12) + (4S@d@a+12,cx8@0@-a+12) + (4S@p@-a+6,cx4@0@a,cx4@1@-a+12,cx8@1@a+6) + (4S@p@-a+6,cx4@0@a,cx8@0@-a+12,cx8@1@a+6)  P=1 α∈[[0.0, 90.0]]  checks 5/5 pass
[18:10:37]   ctrnact-mixed-family-k2-43: (4S@d@a+12,cx4@1@-a+12) + (4S@d@a+12,cx8@0@-a+12) + (4S@p@-a+6,cx4@0@a,cx4@1@-a+12,cx8@1@a+6) + (4S@p@-a+6,cx4@0@a,cx8@0@-a+12,cx8@1@a+6)  P=1 α∈[[0.0, 90.0]]  checks 5/5 pass
[18:10:37]   ctrnact-mixed-family-k2-44: (3,8S@d@20) + (3,8S@d@20) + (3,8S@p@1,3,cx4@0@-a+9,cx4@0@a,4S@p@-a+6,cx4@0@a) + (3,8S@p@1,3,cx4@1@-a+12,cx4@1@a+3) + (4S@d@a+12,cx4@1@-a+12)  P=1 α∈[[0.0, 90.0]]  checks 5/5 pass
[18:10:37]   ctrnact-mixed-family-k2-45: (3S@d@-a+18,6S@p@6,cx4@0@a) + (3S@p@a-2,6S@d@14,cx4@1@-a+12)  P=1 α∈[[30.0, 90.0]]  checks 5/5 pass
[18:10:37]   ctrnact-mixed-family-k2-46: (6S@d@14,cx4@0@a,cx6@0@-a+10) + (6S@p@6,cx4@1@-a+12,cx6@1@a+6)  P=1 α∈[[0.0, 90.0]]  checks 5/5 pass
[18:10:37]   ctrnact-mixed-family-k2-47: (3S@d@-a+19,6S@p@5,cx4@0@a) + (3S@p@a-3,6S@d@15,cx4@1@-a+12)  P=1 α∈[[45.0, 105.0]]  checks 5/5 pass
[18:10:37]   ctrnact-mixed-family-k2-48: (3,3,6S@p@a,cx6@1@-a+16) + (3,6S@d@-a+20,cx6@0@a)  P=1 α∈[[60.0, 120.0]]  checks 5/5 pass
[18:10:37]   ctrnact-mixed-family-k2-49: (6S@d@15,cx4@0@a,cx6@0@-a+9) + (6S@p@5,cx4@1@-a+12,cx6@1@a+7)  P=1 α∈[[0.0, 75.0]]  checks 5/5 pass
[18:10:37]   ctrnact-mixed-family-k2-50: (3S@d@-a+20,6S@p@4,cx4@0@a) + (3S@p@a-4,6S@d@16,cx4@1@-a+12)  P=1 α∈[[60.0, 120.0]]  checks 5/5 pass
[18:10:37]   ctrnact-mixed-family-k2-51: (3,3,3,6S@p@a,cx4@1@-a+12) + (3,6S@d@-a+20,cx4@0@a)  P=1 α∈[[0.0, 120.0]]  checks 5/5 pass
[18:10:37]   ctrnact-mixed-family-k2-52: (3,3,3,cx4@0@a,cx4@1@-a+12) + (3,cx4@0@a,6S@p@-a+8,cx4@0@a,cx4@1@-a+12) + (6S@d@a+12,cx4@1@-a+12)  P=1 α∈[[0.0, 120.0]]  checks 5/5 pass
[18:10:37]   ctrnact-mixed-family-k2-53: (3,cx4@0@a,cx4@1@8,cx4@1@-a+12) + (6S@d@16,cx4@1@8) + (6S@p@4,cx4@0@4,cx4@0@a,cx4@1@-a+12,cx4@0@4)  P=1 α∈[[0.0, 180.0]]  checks 5/5 pass
[18:10:37]   ctrnact-mixed-family-k2-54: (6S@d@16,cx4@1@8) + (6S@p@4,cx4@0@4,cx4@0@a,cx6@0@-a+12,cx4@0@4) + (cx4@1@-a+12,cx4@1@8,cx6@1@a+4)  P=1 α∈[[0.0, 120.0]]  checks 5/5 pass
[18:10:37]   ctrnact-mixed-family-k2-55: (6S@d@16,cx4@1@8) + (6S@p@4,cx4@0@4,cx4@1@-a+12,cx6@0@a,cx4@0@4) + (cx4@0@a,cx4@1@8,cx6@1@-a+16)  P=1 α∈[[60.0, 180.0]]  checks 5/5 pass
[18:10:37]   ctrnact-mixed-family-k2-56: (4,cx4@0@a,6S@p@-a+8,cx4@0@a,cx6@0@-a+10) + (4,cx4@1@-a+12,cx6@1@a+6) + (6S@d@a+12,cx4@1@-a+12)  P=1 α∈[[0.0, 90.0]]  checks 5/5 pass
[18:10:37]   ctrnact-mixed-family-k2-57: (3S@d@a+10,6S@p@2,cx4@1@-a+12) + (3S@p@-a+6,6S@d@18,cx4@0@a)  P=1 α∈[[30.0, 90.0]]  checks 5/5 pass
[18:10:37]   ctrnact-mixed-family-k2-58: (3S@d@-a+18,4,cx4@0@a) + (3S@p@a-2,4,6S@p@2,4,cx4@1@-a+12) + (4,6S@d@18)  P=1 α∈[[30.0, 90.0]]  checks 5/5 pass
[18:10:37]   ctrnact-mixed-family-k2-59: (4,6S@d@18) + (4,6S@p@2,4,cx4@0@a,cx6@0@-a+10) + (4,cx4@1@-a+12,cx6@1@a+6)  P=1 α∈[[0.0, 90.0]]  checks 5/5 pass
[18:10:37]   ctrnact-mixed-family-k2-60: (3,8S@d@20) + (3,8S@d@20) + (3,8S@p@1,3,cx4@0@a,cx8@1@-a+15) + (3,8S@p@1,3,cx4@1@-a+12,cx8@0@a+3)  P=1 α∈[[45.0, 135.0]]  checks 5/5 pass
[18:10:37] wrote 60 family records → ../../experiments/results/ctrnact-mixed-families-k2.cells.json  (0 with failing checks)
