OP-1 vBelowKSkipped sweep over ALL k=2 concretes (post-change) — 2026-06-10T18:26:49.867Z
40 concrete seeds (ALL, unfiltered)
[1/40] [3,3,3,3,3,3;3,3,3,3,6]      cells=2 p2Skipped=0 vBelowKSkipped=0 scRej=0 gateRej=10 (30.3s, elapsed 30s, ETA ~1181s)
[2/40] [3,3,3,3,3,3;3,3,3,3,6]      cells=1 p2Skipped=0 vBelowKSkipped=0 scRej=0 gateRej=10 (25.2s, elapsed 55s, ETA ~1053s)
[3/40] [3,3,3,3,3,3;3,3,3,4,4]      cells=2 p2Skipped=0 vBelowKSkipped=0 scRej=3 gateRej=4 (33.8s, elapsed 89s, ETA ~1100s)
[4/40] [3,3,3,3,3,3;3,3,4,3,4]      cells=1 p2Skipped=0 vBelowKSkipped=0 scRej=0 gateRej=1 (23.3s, elapsed 112s, ETA ~1012s)
[5/40] [3,3,3,3,3,3;3,3,4,12]       cells=1 p2Skipped=0 vBelowKSkipped=0 scRej=0 gateRej=0 (3.7s, elapsed 116s, ETA ~813s)
[6/40] [3,3,3,3,3,3;3,3,6,6]        cells=1 p2Skipped=27 vBelowKSkipped=0 scRej=2 gateRej=0 (16.5s, elapsed 133s, ETA ~752s)
[7/40] [3,3,3,3,6;3,3,3,4,4]        cells=0 p2Skipped=0 vBelowKSkipped=0 scRej=0 gateRej=0 (0.2s, elapsed 133s, ETA ~626s)
[8/40] [3,3,3,3,6;3,3,3,4,4]        cells=0 p2Skipped=0 vBelowKSkipped=0 scRej=0 gateRej=0 (0.1s, elapsed 133s, ETA ~532s)
[9/40] [3,3,3,3,6;3,3,4,3,4]        cells=0 p2Skipped=0 vBelowKSkipped=0 scRej=0 gateRej=0 (0.1s, elapsed 133s, ETA ~458s)
[10/40] [3,3,3,3,6;3,3,4,12]         cells=0 p2Skipped=0 vBelowKSkipped=0 scRej=0 gateRej=0 (0.0s, elapsed 133s, ETA ~399s)
[11/40] [3,3,3,3,6;3,3,6,6]          cells=1 p2Skipped=0 vBelowKSkipped=0 scRej=3 gateRej=0 (3.1s, elapsed 136s, ETA ~359s)
[12/40] [3,3,3,3,6;3,3,6,6]          cells=1 p2Skipped=0 vBelowKSkipped=0 scRej=3 gateRej=0 (3.2s, elapsed 139s, ETA ~325s)
[13/40] [3,3,3,3,6;3,6,3,6]          cells=0 p2Skipped=0 vBelowKSkipped=0 scRej=0 gateRej=2 (3.2s, elapsed 143s, ETA ~296s)
[14/40] [3,3,3,4,4;3,3,4,3,4]        cells=1 p2Skipped=4 vBelowKSkipped=0 scRej=1 gateRej=0 (12.6s, elapsed 155s, ETA ~288s)
[15/40] [3,3,3,4,4;3,3,4,3,4]        cells=2 p2Skipped=4 vBelowKSkipped=0 scRej=1 gateRej=0 (15.7s, elapsed 171s, ETA ~285s)

resumed (indices 16-40 of the same enumeration order) — 2026-06-10T18:34:12.132Z
40 concrete seeds (ALL, unfiltered); resuming at [16/40]
[16/40] [3,3,3,4,4;3,3,4,3,4]        cells=2 p2Skipped=6 vBelowKSkipped=0 scRej=1 gateRej=0 (17.7s, elapsed 18s, ETA ~424s)
[17/40] [3,3,3,4,4;3,3,4,12]         cells=0 p2Skipped=0 vBelowKSkipped=0 scRej=0 gateRej=0 (0.0s, elapsed 18s, ETA ~204s)
[18/40] [3,3,3,4,4;3,4,4,6]          cells=0 p2Skipped=0 vBelowKSkipped=0 scRej=0 gateRej=0 (0.6s, elapsed 18s, ETA ~134s)
[19/40] [3,3,3,4,4;3,4,6,4]          cells=1 p2Skipped=0 vBelowKSkipped=0 scRej=0 gateRej=0 (2.5s, elapsed 21s, ETA ~110s)
[20/40] [3,3,3,4,4;4,4,4,4]          cells=2 p2Skipped=0 vBelowKSkipped=0 scRej=0 gateRej=2 (11.4s, elapsed 32s, ETA ~129s)
[21/40] [3,3,4,12;3,3,4,3,4]         cells=0 p2Skipped=0 vBelowKSkipped=0 scRej=0 gateRej=0 (0.0s, elapsed 32s, ETA ~102s)
[22/40] [3,3,4,3,4;3,4,3,12]         cells=0 p2Skipped=0 vBelowKSkipped=0 scRej=0 gateRej=0 (0.0s, elapsed 32s, ETA ~83s)
[23/40] [3,3,4,3,4;3,4,4,6]          cells=0 p2Skipped=0 vBelowKSkipped=0 scRej=0 gateRej=0 (0.5s, elapsed 33s, ETA ~70s)
[24/40] [3,3,4,3,4;3,4,6,4]          cells=1 p2Skipped=0 vBelowKSkipped=0 scRej=0 gateRej=0 (3.2s, elapsed 36s, ETA ~64s)
[25/40] [3,3,4,3,4;3,4,6,4]          cells=0 p2Skipped=0 vBelowKSkipped=0 scRej=0 gateRej=0 (0.7s, elapsed 37s, ETA ~55s)
[26/40] [3,3,4,12;3,4,3,12]          cells=0 p2Skipped=0 vBelowKSkipped=0 scRej=0 gateRej=0 (0.0s, elapsed 37s, ETA ~47s)
[27/40] [3,3,4,12;3,4,3,12]          cells=0 p2Skipped=0 vBelowKSkipped=0 scRej=0 gateRej=0 (0.0s, elapsed 37s, ETA ~40s)
[28/40] [3,3,4,12;3,4,6,4]           cells=0 p2Skipped=0 vBelowKSkipped=0 scRej=0 gateRej=0 (0.1s, elapsed 37s, ETA ~34s)
[29/40] [3,12,12;3,3,12,4]           cells=0 p2Skipped=0 vBelowKSkipped=0 scRej=0 gateRej=0 (0.2s, elapsed 37s, ETA ~29s)
[30/40] [3,3,4,12;4,6,12]            cells=0 p2Skipped=0 vBelowKSkipped=0 scRej=0 gateRej=0 (0.0s, elapsed 37s, ETA ~25s)
[31/40] [3,3,6,6;3,6,3,6]            cells=1 p2Skipped=4 vBelowKSkipped=0 scRej=5 gateRej=3 (3.5s, elapsed 41s, ETA ~23s)
[32/40] [3,3,6,6;6,6,6]              cells=0 p2Skipped=0 vBelowKSkipped=0 scRej=0 gateRej=0 (0.6s, elapsed 41s, ETA ~19s)
[33/40] [3,4,3,12;3,4,6,4]           cells=0 p2Skipped=0 vBelowKSkipped=0 scRej=0 gateRej=0 (0.0s, elapsed 41s, ETA ~16s)
[34/40] [3,12,12;3,4,3,12]           cells=1 p2Skipped=0 vBelowKSkipped=0 scRej=1 gateRej=0 (1.8s, elapsed 43s, ETA ~14s)
[35/40] [3,4,4,6;3,4,6,4]            cells=1 p2Skipped=1 vBelowKSkipped=0 scRej=0 gateRej=1 (4.3s, elapsed 47s, ETA ~12s)
[36/40] [3,4,4,6;3,4,6,4]            cells=0 p2Skipped=0 vBelowKSkipped=0 scRej=0 gateRej=1 (1.1s, elapsed 48s, ETA ~9s)
[37/40] [3,4,4,6;3,6,3,6]            cells=2 p2Skipped=0 vBelowKSkipped=0 scRej=0 gateRej=2 (5.5s, elapsed 54s, ETA ~7s)
[38/40] [3,4,4,6;4,4,4,4]            cells=0 p2Skipped=0 vBelowKSkipped=0 scRej=0 gateRej=0 (1.1s, elapsed 55s, ETA ~5s)
[39/40] [3,4,4,6;4,12,6]             cells=0 p2Skipped=0 vBelowKSkipped=0 scRej=0 gateRej=0 (0.1s, elapsed 55s, ETA ~2s)
[40/40] [3,4,6,4;4,12,6]             cells=1 p2Skipped=0 vBelowKSkipped=0 scRej=0 gateRej=0 (1.5s, elapsed 56s, ETA ~0s)

resumed-segment TOTALS (indices 16-40): p2Skipped=11 vBelowKSkipped=0 timeouts=0
