# op123 merge — acceptance probes (temp branch integrate/op123 @ 7a19b6a)
# date: 2026-06-11
# k≤2: expect BYTE-IDENTICAL (master's reducedClassKey canonicalizer kept; OP pruning is set-preserving)
# RECORDED ANCHORS: k=1 = 6f9ca9cf2d16c75f/11 ; k=2 = f3e2e0517191362c/20 ; 0 timeouts
# k=3: separate fresh no-cap sweep + recert (oracle bijection 61/61) — digest RE-BASELINES (expected)
# ---------------------------------------------------------------------------
=== k=1 13:09:27 ===
tiles: {3,4,6,8,12}  ring N=24
k=1: 15 seeds (15 used)
[PeriodSolver k=1] ⚑ INCOMPLETE-REGION (tuned pool regime): poolSteps=6 (proven 23), poolLmax=5.60 (proven 12.00), compactOffMax2=16.00, gridShortMax2=12.25 (proven 12.00), areaBound=10.39 (proven 10.39) below proven box — run is oracle-anchored, not proof-anchored
[PeriodSolver k=1] ⚑ INCOMPLETE-REGION (compact off-grid cap): 48 off-grid pool vectors exceed compactOffMax2=16.00 and are not tried as round-cell bases
[PeriodSolver k=1] ⚑ INCOMPLETE-REGION (grid short-side cap): 78 pool vectors exceed gridShortMax2=12.25 and are not tried as cmm/rect short sides
[PeriodSolver k=1] ⚑ INCOMPLETE-REGION (grid long-side reach): 84 solved cmm/rect long axes exceed poolLmax=5.60 and are not enumerated
  [0] [3,3,3,3,3,3]                cells=1 lat=23 raw=2 gateRej=0 fanLat=0 obl=0 7961ms
[PeriodSolver k=1] ⚑ INCOMPLETE-REGION (tuned pool regime): poolSteps=6 (proven 23), poolLmax=5.60 (proven 72.00), compactOffMax2=16.00, gridShortMax2=12.25 (proven 72.00), areaBound=62.35 (proven 62.35) below proven box — run is oracle-anchored, not proof-anchored
[PeriodSolver k=1] ⚑ INCOMPLETE-REGION (compact off-grid cap): 48 off-grid pool vectors exceed compactOffMax2=16.00 and are not tried as round-cell bases
[PeriodSolver k=1] ⚑ INCOMPLETE-REGION (grid short-side cap): 78 pool vectors exceed gridShortMax2=12.25 and are not tried as cmm/rect short sides
[PeriodSolver k=1] ⚑ INCOMPLETE-REGION (grid long-side reach): 48 solved cmm/rect long axes exceed poolLmax=5.60 and are not enumerated
  [1] [3,3,3,3,6]                  cells=1 lat=4 raw=4 gateRej=0 fanLat=0 obl=0 3026ms
[PeriodSolver k=1] ⚑ INCOMPLETE-REGION (tuned pool regime): poolSteps=6 (proven 23), poolLmax=5.60 (proven 27.71), compactOffMax2=16.00, gridShortMax2=12.25 (proven 27.71), areaBound=24.00 (proven 24.00) below proven box — run is oracle-anchored, not proof-anchored
[PeriodSolver k=1] ⚑ INCOMPLETE-REGION (compact off-grid cap): 888 off-grid pool vectors exceed compactOffMax2=16.00 and are not tried as round-cell bases
[PeriodSolver k=1] ⚑ INCOMPLETE-REGION (grid short-side cap): 1344 pool vectors exceed gridShortMax2=12.25 and are not tried as cmm/rect short sides
[PeriodSolver k=1] ⚑ INCOMPLETE-REGION (grid long-side reach): 192 solved cmm/rect long axes exceed poolLmax=5.60 and are not enumerated
[PeriodSolver k=1] ⚑ INCOMPLETE-REGION (oblique candidate stage): {"cause":"join-waived","rejects":226824,"denMax":60}
  [2] [3,3,3,4,4]                  cells=1 lat=26 raw=1 gateRej=0 fanLat=0 obl=108(trunc:join-waived) 1125ms
  [3] [3,3,4,3,4]                  cells=1 lat=26 raw=1 gateRej=0 fanLat=0 obl=108(trunc:join-waived) 1140ms
[PeriodSolver k=1] ⚑ INCOMPLETE-REGION (tuned pool regime): poolSteps=6 (proven 23), poolLmax=5.60 (proven 310.28), compactOffMax2=16.00, gridShortMax2=12.25 (proven 310.28), areaBound=268.71 (proven 268.71) below proven box — run is oracle-anchored, not proof-anchored
[PeriodSolver k=1] ⚑ INCOMPLETE-REGION (compact off-grid cap): 888 off-grid pool vectors exceed compactOffMax2=16.00 and are not tried as round-cell bases
[PeriodSolver k=1] ⚑ INCOMPLETE-REGION (grid short-side cap): 1344 pool vectors exceed gridShortMax2=12.25 and are not tried as cmm/rect short sides
[PeriodSolver k=1] ⚑ INCOMPLETE-REGION (grid long-side reach): 216 solved cmm/rect long axes exceed poolLmax=5.60 and are not enumerated
[PeriodSolver k=1] ⚑ INCOMPLETE-REGION (compact off-grid cap): 48 off-grid pool vectors exceed compactOffMax2=16.00 and are not tried as round-cell bases
[PeriodSolver k=1] ⚑ INCOMPLETE-REGION (grid short-side cap): 78 pool vectors exceed gridShortMax2=12.25 and are not tried as cmm/rect short sides
[PeriodSolver k=1] ⚑ INCOMPLETE-REGION (grid long-side reach): 72 solved cmm/rect long axes exceed poolLmax=5.60 and are not enumerated
[PeriodSolver k=1] ⚑ INCOMPLETE-REGION (compact off-grid cap): 888 off-grid pool vectors exceed compactOffMax2=16.00 and are not tried as round-cell bases
[PeriodSolver k=1] ⚑ INCOMPLETE-REGION (grid short-side cap): 1344 pool vectors exceed gridShortMax2=12.25 and are not tried as cmm/rect short sides
[PeriodSolver k=1] ⚑ INCOMPLETE-REGION (grid long-side reach): 144 solved cmm/rect long axes exceed poolLmax=5.60 and are not enumerated
  [8] [3,4,6,4]                    cells=1 lat=4 raw=1 gateRej=0 fanLat=0 obl=0 685ms
  [9] [3,6,3,6]                    cells=1 lat=11 raw=2 gateRej=0 fanLat=0 obl=0 1353ms
[PeriodSolver k=1] ⚑ INCOMPLETE-REGION (compact off-grid cap): 888 off-grid pool vectors exceed compactOffMax2=16.00 and are not tried as round-cell bases
[PeriodSolver k=1] ⚑ INCOMPLETE-REGION (grid short-side cap): 1344 pool vectors exceed gridShortMax2=12.25 and are not tried as cmm/rect short sides
[PeriodSolver k=1] ⚑ INCOMPLETE-REGION (grid long-side reach): 384 solved cmm/rect long axes exceed poolLmax=5.60 and are not enumerated
  [10] [3,12,12]                    cells=1 lat=6 raw=1 gateRej=0 fanLat=0 obl=0 763ms
[PeriodSolver k=1] ⚑ INCOMPLETE-REGION (compact off-grid cap): 24 off-grid pool vectors exceed compactOffMax2=16.00 and are not tried as round-cell bases
[PeriodSolver k=1] ⚑ INCOMPLETE-REGION (grid short-side cap): 44 pool vectors exceed gridShortMax2=12.25 and are not tried as cmm/rect short sides
[PeriodSolver k=1] ⚑ INCOMPLETE-REGION (grid long-side reach): 104 solved cmm/rect long axes exceed poolLmax=5.60 and are not enumerated
  [11] [4,4,4,4]                    cells=1 lat=18 raw=1 gateRej=0 fanLat=0 obl=0 2790ms
[PeriodSolver k=1] ⚑ INCOMPLETE-REGION (compact off-grid cap): 888 off-grid pool vectors exceed compactOffMax2=16.00 and are not tried as round-cell bases
[PeriodSolver k=1] ⚑ INCOMPLETE-REGION (grid short-side cap): 1344 pool vectors exceed gridShortMax2=12.25 and are not tried as cmm/rect short sides
[PeriodSolver k=1] ⚑ INCOMPLETE-REGION (grid long-side reach): 252 solved cmm/rect long axes exceed poolLmax=5.60 and are not enumerated
  [12] [4,6,12]                     cells=1 lat=3 raw=1 gateRej=0 fanLat=0 obl=0 1173ms
[PeriodSolver k=1] ⚑ INCOMPLETE-REGION (tuned pool regime): poolSteps=6 (proven 23), poolLmax=5.60 (proven 133.81), compactOffMax2=16.00, gridShortMax2=12.25 (proven 133.81), areaBound=115.88 (proven 115.88) below proven box — run is oracle-anchored, not proof-anchored
[PeriodSolver k=1] ⚑ INCOMPLETE-REGION (compact off-grid cap): 304 off-grid pool vectors exceed compactOffMax2=16.00 and are not tried as round-cell bases
[PeriodSolver k=1] ⚑ INCOMPLETE-REGION (grid short-side cap): 512 pool vectors exceed gridShortMax2=12.25 and are not tried as cmm/rect short sides
[PeriodSolver k=1] ⚑ INCOMPLETE-REGION (grid long-side reach): 160 solved cmm/rect long axes exceed poolLmax=5.60 and are not enumerated
  [13] [4,8,8]                      cells=1 lat=8 raw=1 gateRej=0 fanLat=0 obl=0 473ms
[PeriodSolver k=1] ⚑ INCOMPLETE-REGION (compact off-grid cap): 48 off-grid pool vectors exceed compactOffMax2=16.00 and are not tried as round-cell bases
[PeriodSolver k=1] ⚑ INCOMPLETE-REGION (grid short-side cap): 78 pool vectors exceed gridShortMax2=12.25 and are not tried as cmm/rect short sides
[PeriodSolver k=1] ⚑ INCOMPLETE-REGION (grid long-side reach): 108 solved cmm/rect long axes exceed poolLmax=5.60 and are not enumerated
  [14] [6,6,6]                      cells=1 lat=12 raw=1 gateRej=0 fanLat=0 obl=0 686ms

k=1: 11 distinct tilings (from 11 raw cells), 0 seeds timed out, 25.6s total
COMPOSITION digest=6f9ca9cf2d16c75f count=11
=== k=1 done 13:09:53 ===
=== k=2 13:09:53 maxMs=600000 ===
tiles: {3,4,6,8,12}  ring N=24
k=2: 40 seeds (40 used)
[PeriodSolver k=2] ⚑ INCOMPLETE-REGION (tuned pool regime): poolSteps=6 (proven 47), poolLmax=5.60 (proven 144.00), compactOffMax2=16.00, gridShortMax2=12.25 (proven 144.00), areaBound=124.71 (proven 124.71) below proven box — run is oracle-anchored, not proof-anchored
[PeriodSolver k=2] ⚑ INCOMPLETE-REGION (compact off-grid cap): 48 off-grid pool vectors exceed compactOffMax2=16.00 and are not tried as round-cell bases
[PeriodSolver k=2] ⚑ INCOMPLETE-REGION (grid short-side cap): 78 pool vectors exceed gridShortMax2=12.25 and are not tried as cmm/rect short sides
[PeriodSolver k=2] ⚑ INCOMPLETE-REGION (grid long-side reach): 720 solved cmm/rect long axes exceed poolLmax=5.60 and are not enumerated
  [0] [3,3,3,3,3,3;3,3,3,3,6]      cells=2 lat=23 raw=21 gateRej=10 fanLat=0 obl=0 23617ms
  [1] [3,3,3,3,3,3;3,3,3,3,6]      cells=1 lat=23 raw=20 gateRej=10 fanLat=0 obl=0 21299ms
[PeriodSolver k=2] ⚑ INCOMPLETE-REGION (tuned pool regime): poolSteps=6 (proven 47), poolLmax=5.60 (proven 55.43), compactOffMax2=16.00, gridShortMax2=12.25 (proven 55.43), areaBound=48.00 (proven 48.00) below proven box — run is oracle-anchored, not proof-anchored
[PeriodSolver k=2] ⚑ INCOMPLETE-REGION (compact off-grid cap): 888 off-grid pool vectors exceed compactOffMax2=16.00 and are not tried as round-cell bases
[PeriodSolver k=2] ⚑ INCOMPLETE-REGION (grid short-side cap): 1344 pool vectors exceed gridShortMax2=12.25 and are not tried as cmm/rect short sides
[PeriodSolver k=2] ⚑ INCOMPLETE-REGION (grid long-side reach): 8532 solved cmm/rect long axes exceed poolLmax=5.60 and are not enumerated
[PeriodSolver k=2] ⚑ INCOMPLETE-REGION (oblique candidate stage): {"cause":"join-waived","rejects":4437846,"denMax":60}
  [2] [3,3,3,3,3,3;3,3,3,4,4]      cells=2 lat=190 raw=12 gateRej=4 fanLat=62 obl=2616(trunc:join-waived) 21305ms
  [3] [3,3,3,3,3,3;3,3,4,3,4]      cells=1 lat=190 raw=2 gateRej=1 fanLat=63 obl=2616(trunc:join-waived) 11660ms
[PeriodSolver k=2] ⚑ INCOMPLETE-REGION (tuned pool regime): poolSteps=6 (proven 47), poolLmax=5.60 (proven 620.55), compactOffMax2=16.00, gridShortMax2=12.25 (proven 620.55), areaBound=537.42 (proven 537.42) below proven box — run is oracle-anchored, not proof-anchored
[PeriodSolver k=2] ⚑ INCOMPLETE-REGION (compact off-grid cap): 888 off-grid pool vectors exceed compactOffMax2=16.00 and are not tried as round-cell bases
[PeriodSolver k=2] ⚑ INCOMPLETE-REGION (grid short-side cap): 1344 pool vectors exceed gridShortMax2=12.25 and are not tried as cmm/rect short sides
[PeriodSolver k=2] ⚑ INCOMPLETE-REGION (grid long-side reach): 3156 solved cmm/rect long axes exceed poolLmax=5.60 and are not enumerated
  [4] [3,3,3,3,3,3;3,3,4,12]       cells=1 lat=3 raw=2 gateRej=0 fanLat=0 obl=0 3207ms
[PeriodSolver k=2] ⚑ INCOMPLETE-REGION (compact off-grid cap): 48 off-grid pool vectors exceed compactOffMax2=16.00 and are not tried as round-cell bases
[PeriodSolver k=2] ⚑ INCOMPLETE-REGION (grid short-side cap): 78 pool vectors exceed gridShortMax2=12.25 and are not tried as cmm/rect short sides
[PeriodSolver k=2] ⚑ INCOMPLETE-REGION (grid long-side reach): 852 solved cmm/rect long axes exceed poolLmax=5.60 and are not enumerated
  [5] [3,3,3,3,3,3;3,3,6,6]        cells=1 lat=47 raw=1 gateRej=0 fanLat=28 obl=12 14532ms
[PeriodSolver k=2] ⚑ INCOMPLETE-REGION (compact off-grid cap): 888 off-grid pool vectors exceed compactOffMax2=16.00 and are not tried as round-cell bases
[PeriodSolver k=2] ⚑ INCOMPLETE-REGION (grid short-side cap): 1344 pool vectors exceed gridShortMax2=12.25 and are not tried as cmm/rect short sides
[PeriodSolver k=2] ⚑ INCOMPLETE-REGION (grid long-side reach): 2112 solved cmm/rect long axes exceed poolLmax=5.60 and are not enumerated
[PeriodSolver k=2] ⚑ INCOMPLETE-REGION (compact off-grid cap): 888 off-grid pool vectors exceed compactOffMax2=16.00 and are not tried as round-cell bases
[PeriodSolver k=2] ⚑ INCOMPLETE-REGION (grid short-side cap): 1344 pool vectors exceed gridShortMax2=12.25 and are not tried as cmm/rect short sides
[PeriodSolver k=2] ⚑ INCOMPLETE-REGION (grid long-side reach): 552 solved cmm/rect long axes exceed poolLmax=5.60 and are not enumerated
[PeriodSolver k=2] ⚑ INCOMPLETE-REGION (compact off-grid cap): 48 off-grid pool vectors exceed compactOffMax2=16.00 and are not tried as round-cell bases
[PeriodSolver k=2] ⚑ INCOMPLETE-REGION (grid short-side cap): 78 pool vectors exceed gridShortMax2=12.25 and are not tried as cmm/rect short sides
[PeriodSolver k=2] ⚑ INCOMPLETE-REGION (grid long-side reach): 768 solved cmm/rect long axes exceed poolLmax=5.60 and are not enumerated
  [10] [3,3,3,3,6;3,3,6,6]          cells=1 lat=26 raw=1 gateRej=0 fanLat=10 obl=12 2769ms
  [11] [3,3,3,3,6;3,3,6,6]          cells=1 lat=26 raw=1 gateRej=0 fanLat=16 obl=12 2879ms
[PeriodSolver k=2] ⚑ INCOMPLETE-REGION (compact off-grid cap): 888 off-grid pool vectors exceed compactOffMax2=16.00 and are not tried as round-cell bases
[PeriodSolver k=2] ⚑ INCOMPLETE-REGION (grid short-side cap): 1344 pool vectors exceed gridShortMax2=12.25 and are not tried as cmm/rect short sides
[PeriodSolver k=2] ⚑ INCOMPLETE-REGION (grid long-side reach): 1440 solved cmm/rect long axes exceed poolLmax=5.60 and are not enumerated
[PeriodSolver k=2] ⚑ INCOMPLETE-REGION (oblique candidate stage): {"cause":"join-waived","rejects":1345792,"denMax":60}
  [13] [3,3,3,4,4;3,3,4,3,4]        cells=1 lat=88 raw=1 gateRej=0 fanLat=42 obl=648(trunc:join-waived) 10053ms
  [14] [3,3,3,4,4;3,3,4,3,4]        cells=2 lat=88 raw=2 gateRej=0 fanLat=42 obl=648(trunc:join-waived) 12300ms
  [15] [3,3,3,4,4;3,3,4,3,4]        cells=2 lat=88 raw=2 gateRej=0 fanLat=55 obl=648(trunc:join-waived) 12228ms
[PeriodSolver k=2] ⚑ INCOMPLETE-REGION (compact off-grid cap): 888 off-grid pool vectors exceed compactOffMax2=16.00 and are not tried as round-cell bases
[PeriodSolver k=2] ⚑ INCOMPLETE-REGION (grid short-side cap): 1344 pool vectors exceed gridShortMax2=12.25 and are not tried as cmm/rect short sides
[PeriodSolver k=2] ⚑ INCOMPLETE-REGION (grid long-side reach): 1608 solved cmm/rect long axes exceed poolLmax=5.60 and are not enumerated
[PeriodSolver k=2] ⚑ INCOMPLETE-REGION (compact off-grid cap): 888 off-grid pool vectors exceed compactOffMax2=16.00 and are not tried as round-cell bases
[PeriodSolver k=2] ⚑ INCOMPLETE-REGION (grid short-side cap): 1344 pool vectors exceed gridShortMax2=12.25 and are not tried as cmm/rect short sides
[PeriodSolver k=2] ⚑ INCOMPLETE-REGION (grid long-side reach): 2184 solved cmm/rect long axes exceed poolLmax=5.60 and are not enumerated
  [18] [3,3,3,4,4;3,4,6,4]          cells=1 lat=9 raw=1 gateRej=0 fanLat=0 obl=0 2324ms
[PeriodSolver k=2] ⚑ INCOMPLETE-REGION (compact off-grid cap): 888 off-grid pool vectors exceed compactOffMax2=16.00 and are not tried as round-cell bases
[PeriodSolver k=2] ⚑ INCOMPLETE-REGION (grid short-side cap): 1344 pool vectors exceed gridShortMax2=12.25 and are not tried as cmm/rect short sides
[PeriodSolver k=2] ⚑ INCOMPLETE-REGION (grid long-side reach): 9504 solved cmm/rect long axes exceed poolLmax=5.60 and are not enumerated
[PeriodSolver k=2] ⚑ INCOMPLETE-REGION (oblique candidate stage): {"cause":"join-waived","rejects":3099762,"denMax":60}
  [19] [3,3,3,4,4;4,4,4,4]          cells=2 lat=171 raw=5 gateRej=2 fanLat=60 obl=1932(trunc:join-waived) 9149ms
  [23] [3,3,4,3,4;3,4,6,4]          cells=1 lat=9 raw=2 gateRej=0 fanLat=0 obl=0 3154ms
[PeriodSolver k=2] ⚑ INCOMPLETE-REGION (compact off-grid cap): 888 off-grid pool vectors exceed compactOffMax2=16.00 and are not tried as round-cell bases
[PeriodSolver k=2] ⚑ INCOMPLETE-REGION (grid short-side cap): 1344 pool vectors exceed gridShortMax2=12.25 and are not tried as cmm/rect short sides
[PeriodSolver k=2] ⚑ INCOMPLETE-REGION (grid long-side reach): 480 solved cmm/rect long axes exceed poolLmax=5.60 and are not enumerated
[PeriodSolver k=2] ⚑ INCOMPLETE-REGION (compact off-grid cap): 888 off-grid pool vectors exceed compactOffMax2=16.00 and are not tried as round-cell bases
[PeriodSolver k=2] ⚑ INCOMPLETE-REGION (grid short-side cap): 1344 pool vectors exceed gridShortMax2=12.25 and are not tried as cmm/rect short sides
[PeriodSolver k=2] ⚑ INCOMPLETE-REGION (grid long-side reach): 528 solved cmm/rect long axes exceed poolLmax=5.60 and are not enumerated
[PeriodSolver k=2] ⚑ INCOMPLETE-REGION (compact off-grid cap): 888 off-grid pool vectors exceed compactOffMax2=16.00 and are not tried as round-cell bases
[PeriodSolver k=2] ⚑ INCOMPLETE-REGION (grid short-side cap): 1344 pool vectors exceed gridShortMax2=12.25 and are not tried as cmm/rect short sides
[PeriodSolver k=2] ⚑ INCOMPLETE-REGION (grid long-side reach): 1380 solved cmm/rect long axes exceed poolLmax=5.60 and are not enumerated
[PeriodSolver k=2] ⚑ INCOMPLETE-REGION (compact off-grid cap): 888 off-grid pool vectors exceed compactOffMax2=16.00 and are not tried as round-cell bases
[PeriodSolver k=2] ⚑ INCOMPLETE-REGION (grid short-side cap): 1344 pool vectors exceed gridShortMax2=12.25 and are not tried as cmm/rect short sides
[PeriodSolver k=2] ⚑ INCOMPLETE-REGION (grid long-side reach): 552 solved cmm/rect long axes exceed poolLmax=5.60 and are not enumerated
[PeriodSolver k=2] ⚑ INCOMPLETE-REGION (compact off-grid cap): 48 off-grid pool vectors exceed compactOffMax2=16.00 and are not tried as round-cell bases
[PeriodSolver k=2] ⚑ INCOMPLETE-REGION (grid short-side cap): 78 pool vectors exceed gridShortMax2=12.25 and are not tried as cmm/rect short sides
[PeriodSolver k=2] ⚑ INCOMPLETE-REGION (grid long-side reach): 300 solved cmm/rect long axes exceed poolLmax=5.60 and are not enumerated
  [30] [3,3,6,6;3,6,3,6]            cells=1 lat=23 raw=4 gateRej=3 fanLat=15 obl=0 3323ms
[PeriodSolver k=2] ⚑ INCOMPLETE-REGION (compact off-grid cap): 48 off-grid pool vectors exceed compactOffMax2=16.00 and are not tried as round-cell bases
[PeriodSolver k=2] ⚑ INCOMPLETE-REGION (grid short-side cap): 78 pool vectors exceed gridShortMax2=12.25 and are not tried as cmm/rect short sides
[PeriodSolver k=2] ⚑ INCOMPLETE-REGION (grid long-side reach): 984 solved cmm/rect long axes exceed poolLmax=5.60 and are not enumerated
  [33] [3,12,12;3,4,3,12]           cells=1 lat=12 raw=1 gateRej=0 fanLat=8 obl=0 1567ms
[PeriodSolver k=2] ⚑ INCOMPLETE-REGION (compact off-grid cap): 888 off-grid pool vectors exceed compactOffMax2=16.00 and are not tried as round-cell bases
[PeriodSolver k=2] ⚑ INCOMPLETE-REGION (grid short-side cap): 1344 pool vectors exceed gridShortMax2=12.25 and are not tried as cmm/rect short sides
[PeriodSolver k=2] ⚑ INCOMPLETE-REGION (grid long-side reach): 660 solved cmm/rect long axes exceed poolLmax=5.60 and are not enumerated
  [34] [3,4,4,6;3,4,6,4]            cells=1 lat=33 raw=3 gateRej=1 fanLat=26 obl=0 4081ms
[PeriodSolver k=2] ⚑ INCOMPLETE-REGION (compact off-grid cap): 888 off-grid pool vectors exceed compactOffMax2=16.00 and are not tried as round-cell bases
[PeriodSolver k=2] ⚑ INCOMPLETE-REGION (grid short-side cap): 1344 pool vectors exceed gridShortMax2=12.25 and are not tried as cmm/rect short sides
[PeriodSolver k=2] ⚑ INCOMPLETE-REGION (grid long-side reach): 3924 solved cmm/rect long axes exceed poolLmax=5.60 and are not enumerated
[PeriodSolver k=2] ⚑ INCOMPLETE-REGION (oblique candidate stage): {"cause":"join-waived","rejects":884270,"denMax":60}
  [36] [3,4,4,6;3,6,3,6]            cells=2 lat=94 raw=4 gateRej=2 fanLat=73 obl=1056(trunc:join-waived) 5700ms
[PeriodSolver k=2] ⚑ INCOMPLETE-REGION (compact off-grid cap): 888 off-grid pool vectors exceed compactOffMax2=16.00 and are not tried as round-cell bases
[PeriodSolver k=2] ⚑ INCOMPLETE-REGION (grid short-side cap): 1344 pool vectors exceed gridShortMax2=12.25 and are not tried as cmm/rect short sides
[PeriodSolver k=2] ⚑ INCOMPLETE-REGION (grid long-side reach): 4344 solved cmm/rect long axes exceed poolLmax=5.60 and are not enumerated
[PeriodSolver k=2] ⚑ INCOMPLETE-REGION (compact off-grid cap): 888 off-grid pool vectors exceed compactOffMax2=16.00 and are not tried as round-cell bases
[PeriodSolver k=2] ⚑ INCOMPLETE-REGION (grid short-side cap): 1344 pool vectors exceed gridShortMax2=12.25 and are not tried as cmm/rect short sides
[PeriodSolver k=2] ⚑ INCOMPLETE-REGION (grid long-side reach): 528 solved cmm/rect long axes exceed poolLmax=5.60 and are not enumerated
  [39] [3,4,6,4;4,12,6]             cells=1 lat=2 raw=1 gateRej=0 fanLat=0 obl=0 1565ms

k=2: 20 distinct tilings (from 25 raw cells), 0 seeds timed out, 208.5s total
COMPOSITION digest=f3e2e0517191362c count=20
=== k=2 done 13:13:26 ===
