=== load source data ===
ctrnact.json: 47854 records indexed
star cell files: 10 read, 180 ids with per-orbit configs

=== classify public/reference-atlas-k8.json (2850 entries) ===
  [100/2850] regular classified — 4s elapsed, ETA 99s
  [200/2850] regular classified — 7s elapsed, ETA 99s
  [300/2850] regular classified — 11s elapsed, ETA 95s
  [400/2850] regular classified — 15s elapsed, ETA 93s
  [500/2850] regular classified — 20s elapsed, ETA 92s
  [600/2850] regular classified — 24s elapsed, ETA 91s
  [700/2850] regular classified — 31s elapsed, ETA 97s
  [800/2850] regular classified — 36s elapsed, ETA 92s
  [900/2850] regular classified — 40s elapsed, ETA 87s
  [1000/2850] regular classified — 44s elapsed, ETA 82s
  [1100/2850] regular classified — 48s elapsed, ETA 77s
  [1200/2850] regular classified — 54s elapsed, ETA 74s
  [1300/2850] regular classified — 59s elapsed, ETA 70s
  [1400/2850] regular classified — 64s elapsed, ETA 66s
  [1500/2850] regular classified — 68s elapsed, ETA 61s
  [1600/2850] regular classified — 73s elapsed, ETA 57s
  [1700/2850] regular classified — 80s elapsed, ETA 54s
  [1800/2850] regular classified — 87s elapsed, ETA 51s
  [1900/2850] regular classified — 91s elapsed, ETA 46s
  [2000/2850] regular classified — 98s elapsed, ETA 42s
  [2100/2850] regular classified — 107s elapsed, ETA 38s
  [2200/2850] regular classified — 125s elapsed, ETA 37s
  [2300/2850] regular classified — 146s elapsed, ETA 35s
  [2400/2850] regular classified — 157s elapsed, ETA 29s
  [2500/2850] regular classified — 167s elapsed, ETA 23s
  [2600/2850] regular classified — 173s elapsed, ETA 17s
  [2700/2850] regular classified — 179s elapsed, ETA 10s
  [2800/2850] regular classified — 185s elapsed, ETA 3s

--- summary ---
m/partition:  2850 classified, 0 unclassified
wallpaper:    2850 classified, 0 skipped (stars, by design)

M distribution by k (k: {M: count}):
  k=8: {"2":258,"3":1037,"4":795,"5":537,"6":203,"7":20}

wallpaper-group histogram:
  cm    15
  cmm   1116
  p2    142
  p3    6
  p31m  27
  p3m1  17
  p4    1
  p4g   6
  p4m   2
  p6    57
  p6m   224
  pg    2
  pgg   52
  pm    13
  pmg   401
  pmm   769

✓ ctrnact partition gate: all 2850 entries agree with distinctTypePartition

★ wrote public/reference-atlas-k8.json in 189s

=== classify public/reference-atlas-k9.json (5960 entries) ===
  [100/5960] regular classified — 4s elapsed, ETA 234s
  [200/5960] regular classified — 7s elapsed, ETA 214s
  [300/5960] regular classified — 12s elapsed, ETA 220s
  [400/5960] regular classified — 16s elapsed, ETA 220s
  [500/5960] regular classified — 20s elapsed, ETA 216s
  [600/5960] regular classified — 24s elapsed, ETA 211s
  [700/5960] regular classified — 28s elapsed, ETA 207s
  [800/5960] regular classified — 32s elapsed, ETA 206s
  [900/5960] regular classified — 36s elapsed, ETA 204s
  [1000/5960] regular classified — 40s elapsed, ETA 200s
  [1100/5960] regular classified — 46s elapsed, ETA 203s
  [1200/5960] regular classified — 51s elapsed, ETA 203s
  [1300/5960] regular classified — 62s elapsed, ETA 222s
  [1400/5960] regular classified — 70s elapsed, ETA 228s
  [1500/5960] regular classified — 76s elapsed, ETA 225s
  [1600/5960] regular classified — 81s elapsed, ETA 220s
  [1700/5960] regular classified — 86s elapsed, ETA 215s
  [1800/5960] regular classified — 91s elapsed, ETA 210s
  [1900/5960] regular classified — 97s elapsed, ETA 208s
  [2000/5960] regular classified — 103s elapsed, ETA 204s
  [2100/5960] regular classified — 108s elapsed, ETA 198s
  [2200/5960] regular classified — 113s elapsed, ETA 193s
  [2300/5960] regular classified — 118s elapsed, ETA 188s
  [2400/5960] regular classified — 123s elapsed, ETA 183s
  [2500/5960] regular classified — 129s elapsed, ETA 179s
  [2600/5960] regular classified — 136s elapsed, ETA 175s
  [2700/5960] regular classified — 141s elapsed, ETA 171s
  [2800/5960] regular classified — 147s elapsed, ETA 165s
  [2900/5960] regular classified — 153s elapsed, ETA 161s
  [3000/5960] regular classified — 160s elapsed, ETA 158s
  [3100/5960] regular classified — 165s elapsed, ETA 152s
  [3200/5960] regular classified — 170s elapsed, ETA 147s
  [3300/5960] regular classified — 177s elapsed, ETA 143s
  [3400/5960] regular classified — 182s elapsed, ETA 137s
  [3500/5960] regular classified — 188s elapsed, ETA 132s
  [3600/5960] regular classified — 195s elapsed, ETA 128s
  [3700/5960] regular classified — 201s elapsed, ETA 123s
  [3800/5960] regular classified — 211s elapsed, ETA 120s
  [3900/5960] regular classified — 217s elapsed, ETA 115s
  [4000/5960] regular classified — 227s elapsed, ETA 111s
  [4100/5960] regular classified — 232s elapsed, ETA 105s
  [4200/5960] regular classified — 237s elapsed, ETA 100s
  [4300/5960] regular classified — 243s elapsed, ETA 94s
  [4400/5960] regular classified — 249s elapsed, ETA 88s
  [4500/5960] regular classified — 261s elapsed, ETA 85s
  [4600/5960] regular classified — 270s elapsed, ETA 80s
  [4700/5960] regular classified — 282s elapsed, ETA 76s
  [4800/5960] regular classified — 300s elapsed, ETA 72s
  [4900/5960] regular classified — 327s elapsed, ETA 71s
  [5000/5960] regular classified — 343s elapsed, ETA 66s
  [5100/5960] regular classified — 350s elapsed, ETA 59s
  [5200/5960] regular classified — 362s elapsed, ETA 53s
  [5300/5960] regular classified — 370s elapsed, ETA 46s
  [5400/5960] regular classified — 378s elapsed, ETA 39s
  [5500/5960] regular classified — 386s elapsed, ETA 32s
  [5600/5960] regular classified — 392s elapsed, ETA 25s
  [5700/5960] regular classified — 398s elapsed, ETA 18s
  [5800/5960] regular classified — 404s elapsed, ETA 11s
  [5900/5960] regular classified — 412s elapsed, ETA 4s

--- summary ---
m/partition:  5960 classified, 0 unclassified
wallpaper:    5960 classified, 0 skipped (stars, by design)

M distribution by k (k: {M: count}):
  k=9: {"2":424,"3":1992,"4":1608,"5":1278,"6":570,"7":80,"8":8}

wallpaper-group histogram:
  cm    40
  cmm   2411
  p1    1
  p2    333
  p3    10
  p31m  31
  p3m1  28
  p4    3
  p4g   12
  p4m   1
  p6    89
  p6m   330
  pg    3
  pgg   94
  pm    32
  pmg   883
  pmm   1659

✓ ctrnact partition gate: all 5960 entries agree with distinctTypePartition

★ wrote public/reference-atlas-k9.json in 418s

=== classify public/reference-atlas-k10.json (11866 entries) ===
  [100/11866] regular classified — 5s elapsed, ETA 550s
  [200/11866] regular classified — 9s elapsed, ETA 533s
  [300/11866] regular classified — 13s elapsed, ETA 518s
  [400/11866] regular classified — 18s elapsed, ETA 505s
  [500/11866] regular classified — 22s elapsed, ETA 499s
  [600/11866] regular classified — 27s elapsed, ETA 500s
  [700/11866] regular classified — 31s elapsed, ETA 498s
  [800/11866] regular classified — 36s elapsed, ETA 499s
  [900/11866] regular classified — 824s elapsed, ETA 10038s
  [1000/11866] regular classified — 829s elapsed, ETA 9012s
  [1100/11866] regular classified — 834s elapsed, ETA 8167s
  [1200/11866] regular classified — 839s elapsed, ETA 7460s
  [1300/11866] regular classified — 844s elapsed, ETA 6859s
  [1400/11866] regular classified — 849s elapsed, ETA 6345s
  [1500/11866] regular classified — 853s elapsed, ETA 5897s
  [1600/11866] regular classified — 858s elapsed, ETA 5507s
  [1700/11866] regular classified — 863s elapsed, ETA 5163s
  [1800/11866] regular classified — 868s elapsed, ETA 4856s
  [1900/11866] regular classified — 873s elapsed, ETA 4579s
  [2000/11866] regular classified — 878s elapsed, ETA 4330s
  [2100/11866] regular classified — 884s elapsed, ETA 4110s
  [2200/11866] regular classified — 891s elapsed, ETA 3913s
  [2300/11866] regular classified — 896s elapsed, ETA 3726s
  [2400/11866] regular classified — 903s elapsed, ETA 3560s
  [2500/11866] regular classified — 914s elapsed, ETA 3425s
  [2600/11866] regular classified — 925s elapsed, ETA 3298s
  [2700/11866] regular classified — 934s elapsed, ETA 3171s
  [2800/11866] regular classified — 944s elapsed, ETA 3056s
  [2900/11866] regular classified — 950s elapsed, ETA 2936s
  [3000/11866] regular classified — 956s elapsed, ETA 2825s
  [3100/11866] regular classified — 963s elapsed, ETA 2723s
  [3200/11866] regular classified — 968s elapsed, ETA 2622s
  [3300/11866] regular classified — 975s elapsed, ETA 2530s
  [3400/11866] regular classified — 981s elapsed, ETA 2442s
  [3500/11866] regular classified — 987s elapsed, ETA 2358s
  [3600/11866] regular classified — 994s elapsed, ETA 2283s
  [3700/11866] regular classified — 1000s elapsed, ETA 2207s
  [3800/11866] regular classified — 1006s elapsed, ETA 2136s
  [3900/11866] regular classified — 1013s elapsed, ETA 2069s
  [4000/11866] regular classified — 1021s elapsed, ETA 2007s
  [4100/11866] regular classified — 1027s elapsed, ETA 1946s
  [4200/11866] regular classified — 1033s elapsed, ETA 1885s
  [4300/11866] regular classified — 1039s elapsed, ETA 1829s
  [4400/11866] regular classified — 1045s elapsed, ETA 1773s
  [4500/11866] regular classified — 1051s elapsed, ETA 1720s
  [4600/11866] regular classified — 1057s elapsed, ETA 1669s
  [4700/11866] regular classified — 1063s elapsed, ETA 1621s
  [4800/11866] regular classified — 1070s elapsed, ETA 1575s
  [4900/11866] regular classified — 1076s elapsed, ETA 1530s
  [5000/11866] regular classified — 1082s elapsed, ETA 1486s
  [5100/11866] regular classified — 1088s elapsed, ETA 1443s
  [5200/11866] regular classified — 1095s elapsed, ETA 1403s
  [5300/11866] regular classified — 1102s elapsed, ETA 1365s
  [5400/11866] regular classified — 1112s elapsed, ETA 1332s
  [5500/11866] regular classified — 1124s elapsed, ETA 1301s
  [5600/11866] regular classified — 1131s elapsed, ETA 1265s
  [5700/11866] regular classified — 1137s elapsed, ETA 1230s
  [5800/11866] regular classified — 1144s elapsed, ETA 1197s
  [5900/11866] regular classified — 1152s elapsed, ETA 1165s
  [6000/11866] regular classified — 1159s elapsed, ETA 1133s
  [6100/11866] regular classified — 1165s elapsed, ETA 1101s
  [6200/11866] regular classified — 1173s elapsed, ETA 1072s
  [6300/11866] regular classified — 1180s elapsed, ETA 1043s
  [6400/11866] regular classified — 1188s elapsed, ETA 1015s
  [6500/11866] regular classified — 1194s elapsed, ETA 985s
  [6600/11866] regular classified — 1200s elapsed, ETA 957s
  [6700/11866] regular classified — 1206s elapsed, ETA 930s
  [6800/11866] regular classified — 1213s elapsed, ETA 904s
  [6900/11866] regular classified — 1219s elapsed, ETA 877s
  [7000/11866] regular classified — 1226s elapsed, ETA 852s
  [7100/11866] regular classified — 1234s elapsed, ETA 828s
  [7200/11866] regular classified — 1241s elapsed, ETA 804s
  [7300/11866] regular classified — 1247s elapsed, ETA 780s
  [7400/11866] regular classified — 1254s elapsed, ETA 757s
  [7500/11866] regular classified — 1261s elapsed, ETA 734s
  [7600/11866] regular classified — 1268s elapsed, ETA 712s
  [7700/11866] regular classified — 1277s elapsed, ETA 691s
  [7800/11866] regular classified — 1287s elapsed, ETA 671s
  [7900/11866] regular classified — 1294s elapsed, ETA 649s
  [8000/11866] regular classified — 1300s elapsed, ETA 628s
  [8100/11866] regular classified — 1308s elapsed, ETA 608s
  [8200/11866] regular classified — 1318s elapsed, ETA 589s
  [8300/11866] regular classified — 1328s elapsed, ETA 570s
  [8400/11866] regular classified — 1336s elapsed, ETA 551s
  [8500/11866] regular classified — 1344s elapsed, ETA 532s
  [8600/11866] regular classified — 1353s elapsed, ETA 514s
  [8700/11866] regular classified — 1363s elapsed, ETA 496s
  [8800/11866] regular classified — 1369s elapsed, ETA 477s
  [8900/11866] regular classified — 1375s elapsed, ETA 458s
  [9000/11866] regular classified — 1381s elapsed, ETA 440s
  [9100/11866] regular classified — 1387s elapsed, ETA 422s
  [9200/11866] regular classified — 1392s elapsed, ETA 403s
  [9300/11866] regular classified — 1400s elapsed, ETA 386s
  [9400/11866] regular classified — 1408s elapsed, ETA 369s
  [9500/11866] regular classified — 1420s elapsed, ETA 354s
  [9600/11866] regular classified — 1429s elapsed, ETA 337s
  [9700/11866] regular classified — 1442s elapsed, ETA 322s
  [9800/11866] regular classified — 1460s elapsed, ETA 308s
  [9900/11866] regular classified — 1481s elapsed, ETA 294s
  [10000/11866] regular classified — 1501s elapsed, ETA 280s
  [10100/11866] regular classified — 1536s elapsed, ETA 269s
  [10200/11866] regular classified — 1553s elapsed, ETA 254s
  [10300/11866] regular classified — 1573s elapsed, ETA 239s
  [10400/11866] regular classified — 1585s elapsed, ETA 223s
  [10500/11866] regular classified — 1596s elapsed, ETA 208s
  [10600/11866] regular classified — 1606s elapsed, ETA 192s
  [10700/11866] regular classified — 1616s elapsed, ETA 176s
  [10800/11866] regular classified — 1625s elapsed, ETA 160s
  [10900/11866] regular classified — 1634s elapsed, ETA 145s
  [11000/11866] regular classified — 1644s elapsed, ETA 129s
  [11100/11866] regular classified — 1652s elapsed, ETA 114s
  [11200/11866] regular classified — 1659s elapsed, ETA 99s
  [11300/11866] regular classified — 1667s elapsed, ETA 84s
  [11400/11866] regular classified — 1673s elapsed, ETA 68s
  [11500/11866] regular classified — 1680s elapsed, ETA 53s
  [11600/11866] regular classified — 1691s elapsed, ETA 39s
  [11700/11866] regular classified — 1698s elapsed, ETA 24s
  [11800/11866] regular classified — 1710s elapsed, ETA 10s

--- summary ---
m/partition:  11866 classified, 0 unclassified
wallpaper:    11866 classified, 0 skipped (stars, by design)

M distribution by k (k: {M: count}):
  k=10: {"2":663,"3":3772,"4":2979,"5":2745,"6":1468,"7":212,"8":27}

wallpaper-group histogram:
  cm    92
  cmm   4955
  p1    2
  p2    562
  p3    15
  p31m  37
  p3m1  47
  p4    3
  p4g   11
  p4m   1
  p6    117
  p6m   497
  pg    14
  pgg   161
  pm    73
  pmg   1880
  pmm   3399

✓ ctrnact partition gate: all 11866 entries agree with distinctTypePartition

★ wrote public/reference-atlas-k10.json in 1718s
