=== ST-9 fill-requiring star probe (2026-06-10T18:10:04.795Z) @ 0291e83 ===
flags: limit=120 maxMs=12000 maxCorners=6 singleStar=true wantHits=3
⚑ PROBE, not a sweep: caps everywhere; results are existence evidence only, no completeness claim.

[part 0] strict 4(j) sub-fan {8, 4*p@3}: cells=0 lattices=204 timedOut=false (2573ms)
         expected 0 — the declared vertex names the PARTIAL VC "4*p@3,8", the closed VC 4*p@3,8,4*p@3,8 is never allowed ⇒ every branch contradicts.

[part 1] scanning 120 Fig-4 VCs (single-star=true, ≤6 corners), fill-requiring criterion: cellStars > fanStars
  hit (fan-closing) [7/120] 12,12,4*p@4 cellStars=1 fanStars=1 comp={12,4*@4} (3465ms)
  …progress 10/120 (50s elapsed, ETA 550s, 0 fill-hits, 2 timeouts)
  …progress 20/120 (121s elapsed, ETA 606s, 0 fill-hits, 5 timeouts)
  …progress 30/120 (175s elapsed, ETA 526s, 0 fill-hits, 6 timeouts)
  …progress 40/120 (204s elapsed, ETA 408s, 0 fill-hits, 6 timeouts)
  …progress 50/120 (251s elapsed, ETA 351s, 0 fill-hits, 7 timeouts)
  hit (fan-closing) [53/120] 12,3*p@2,12,3*p@2 cellStars=2 fanStars=2 comp={12,3*@2,3*@2} (4053ms)
  …progress 60/120 (310s elapsed, ETA 310s, 0 fill-hits, 9 timeouts)
  …progress 70/120 (368s elapsed, ETA 263s, 0 fill-hits, 10 timeouts)
  …progress 80/120 (400s elapsed, ETA 200s, 0 fill-hits, 10 timeouts)
  …progress 90/120 (446s elapsed, ETA 149s, 0 fill-hits, 12 timeouts)
=== ST-9 fill-requiring star probe (2026-06-10T18:18:29.684Z) @ 0291e83 ===
flags: limit=∞ maxMs=180000 maxCorners=6 singleStar=true wantHits=1
⚑ PROBE, not a sweep: caps everywhere; results are existence evidence only, no completeness claim.

[part 0] strict 4(j) sub-fan {8, 4*p@3}: cells=0 lattices=204 timedOut=false (2496ms)
         expected 0 — the declared vertex names the PARTIAL VC "4*p@3,8", the closed VC 4*p@3,8,4*p@3,8 is never allowed ⇒ every branch contradicts.

[part 1] scanning 1 Fig-4 VCs (single-star=true, ≤6 corners), fill-requiring criterion: cellStars > fanStars

=== DONE: 0 fill-requiring hit(s) over 1 VCs (0 timeouts) in 17s ===
=== ST-9 fill-requiring star probe (2026-06-10T18:21:31.391Z) @ 0291e83 ===
flags: limit=∞ maxMs=300000 maxCorners=6 singleStar=true wantHits=1
⚑ PROBE, not a sweep: caps everywhere; results are existence evidence only, no completeness claim.

[part 0] strict 4(j) sub-fan {8, 4*p@3}: cells=0 lattices=1092 timedOut=false (18478ms)
         expected 0 — the declared vertex names the PARTIAL VC "4*p@3,8", the closed VC 4*p@3,8,4*p@3,8 is never allowed ⇒ every branch contradicts.

[part 1] scanning 1 Fig-4 VCs (single-star=true, ≤6 corners), fill-requiring criterion: cellStars > fanStars
=== ST-9 fill-requiring star probe (2026-06-10T18:24:05.263Z) @ 0291e83 ===
flags: limit=∞ maxMs=300000 maxCorners=6 singleStar=true wantHits=1
⚑ PROBE, not a sweep: caps everywhere; results are existence evidence only, no completeness claim.

[part 0] strict 4(j) sub-fan {8, 4*p@3}: cells=0 lattices=926 timedOut=false (16207ms)
         expected 0 — the declared vertex names the PARTIAL VC "4*p@3,8", the closed VC 4*p@3,8,4*p@3,8 is never allowed ⇒ every branch contradicts.

[part 1] scanning 1 Fig-4 VCs (vc-filter="3*p@1,8,6*p@5" (single-star/corner caps bypassed)), fill-requiring criterion: cellStars > fanStars
  pool widening active: POOL_STEPS_UP=8 POOL_LMAX_UP=8 (widen-only; superset pool)
=== ST-9 fill-requiring star probe (2026-06-10T18:31:00.268Z) @ 0291e83 ===
flags: limit=∞ maxMs=300000 maxCorners=6 singleStar=true wantHits=1
⚑ PROBE, not a sweep: caps everywhere; results are existence evidence only, no completeness claim.

[part 0] strict 4(j) sub-fan {8, 4*p@3}: cells=0 lattices=220 timedOut=false (2689ms)
         expected 0 — the declared vertex names the PARTIAL VC "4*p@3,8", the closed VC 4*p@3,8,4*p@3,8 is never allowed ⇒ every branch contradicts.

[part 1] scanning 1 Fig-4 VCs (vc-filter="3*p@1,8,6*p@5" (single-star/corner caps bypassed)), fill-requiring criterion: cellStars > fanStars
  pool widening active: POOL_STEPS_UP=8 POOL_LMAX_UP=— (widen-only; superset pool)

=== DONE: 0 fill-requiring hit(s) over 1 VCs (0 timeouts) in 35s ===
=== ST-9 fill-requiring star probe (2026-06-10T18:32:37.289Z) @ 0291e83 ===
flags: limit=∞ maxMs=300000 maxCorners=6 singleStar=true wantHits=1
⚑ PROBE, not a sweep: caps everywhere; results are existence evidence only, no completeness claim.

[part 0] strict 4(j) sub-fan {8, 4*p@3}: cells=0 lattices=435 timedOut=false (6621ms)
         expected 0 — the declared vertex names the PARTIAL VC "4*p@3,8", the closed VC 4*p@3,8,4*p@3,8 is never allowed ⇒ every branch contradicts.

[part 1] scanning 1 Fig-4 VCs (vc-filter="3*p@1,8,6*p@5" (single-star/corner caps bypassed)), fill-requiring criterion: cellStars > fanStars
  pool widening active: POOL_STEPS_UP=8 POOL_LMAX_UP=5.7 (widen-only; superset pool)
  ★ FILL-REQUIRING HIT [VC 1/1] 3*p@1,8,6*p@5,8
      fanStars=2 cellStars=3 |detΛ|=(6+3√2+4√3+2√6)/1≈22.0698 tiles=6 comp={3*@1,3*@1,6*@5,8,8,8} (103959ms, timedOut=false)
  …progress 1/1 (104s elapsed, ETA 0s, 1 fill-hits, 0 timeouts)
  stopping: 1 fill-requiring hits found (--hits 1)

=== DONE: 1 fill-requiring hit(s) over 1 VCs (0 timeouts) in 104s ===
