[2026-07-07 08:05:47] ==================== star-cells-k1k2 dump — MODE=A ====================
[2026-07-07 08:05:47] ===== PART A (certified k=1 cells) =====
[2026-07-07 08:05:47] Part A — 4j: solving  8.4*p@3.8.4*p@3  (maxMs=30000)
[2026-07-07 08:05:51]   4j: status=solved gatePass=true det≈6.8284 [4*@3,8] 3.9s
[2026-07-07 08:05:51] Part A — 4p: solving  4.6.4*p@2.6  (maxMs=60000)
[2026-07-07 08:06:19]   4p: status=solved gatePass=true det≈7.4641 [4,4*@2,6,6] 26.6s
[2026-07-07 08:06:19] Part A — 4i: widened pool POOL_STEPS_UP=8 POOL_LMAX_UP=5.7, maxMs=1_200_000 (heavy)
[2026-07-07 08:07:57]   4i: status=solved gatePass=true det≈22.0698 [3*@1,3*@1,6*@5,8,8,8] 93.8s
[2026-07-07 08:07:57] ===== STATUS TABLE =====
[2026-07-07 08:07:57] fig   k  status            gate  det        composition
[2026-07-07 08:07:57] 4i    1  solved            Y     22.0698    3*@1,3*@1,6*@5,8,8,8
[2026-07-07 08:07:57] 4j    1  solved            Y     6.8284     4*@3,8
[2026-07-07 08:07:57] 4p    1  solved            Y     7.4641     4,4*@2,6,6
[2026-07-07 08:07:57] solved: 3/3  (4i·k1, 4j·k1, 4p·k1)
[2026-07-07 08:07:57] output: /Users/alessandro/Desktop/University/Thesis/TilingAtlas/experiments/star-oracle/star-cells-k1k2.json
[2026-07-07 08:09:06] ==================== star-cells-k1k2 dump — MODE=B ====================
[2026-07-07 08:09:06] ===== PART B (best-effort k=2 cells) =====
[2026-07-07 08:09:06] ----- Part B — Fig 36:  A(star)=3.3.3.4.3.12*p@2  B(reg)=3.3.3.3.3.3 -----
[2026-07-07 08:09:06]   Fig 36: 1 admissible 2-orbit seed(s) after glue+overlap filter (solving ≤4 @ 180000ms)
[2026-07-07 08:12:36]     seed 0: emitted=1 accepted(k=2 gated)=0 timedOut=true cand=2907 195.9s
[2026-07-07 08:12:36]   Fig 36: status=timeout gatePass=false det≈— [] — no gated k=2 cell from 1 solved seed(s)
[2026-07-07 08:12:36] ----- Part B — Fig 40:  A(star)=3.4.8.3.8*p@1  B(reg)=4.8.8 -----
[2026-07-07 08:12:36]   Fig 40: 11 admissible 2-orbit seed(s) after glue+overlap filter (solving ≤4 @ 180000ms)
[2026-07-07 08:15:36]     seed 0: emitted=0 accepted(k=2 gated)=0 timedOut=true cand=8168 180.0s
[2026-07-07 08:18:53]     seed 1: emitted=1 accepted(k=2 gated)=1 timedOut=true cand=8168 187.5s
[2026-07-07 08:19:03]   Fig 40: status=solved gatePass=true det≈23.3137 [3,3,3,3,3,3,3,3,4,4,4,4,8,8,8,8*@1]
[2026-07-07 08:19:03] ----- Part B — Fig 42:  A(star)=4.4.6*p@2.4.12*p@4  B(reg)=4.4.4.4 -----
[2026-07-07 08:19:03]   Fig 42: 1 admissible 2-orbit seed(s) after glue+overlap filter (solving ≤4 @ 180000ms)
[2026-07-07 08:20:29]     seed 0: emitted=0 accepted(k=2 gated)=0 timedOut=false cand=1167 86.0s
[2026-07-07 08:20:29]   Fig 42: status=seed-path-missing gatePass=false det≈— [] — no gated k=2 cell from 1 solved seed(s)
[2026-07-07 08:20:29] ----- Part B — Fig 43:  A(star)=4.4.8*p@3.4.8*p@3  B(reg)=4.4.4.4 -----
[2026-07-07 08:20:30]   Fig 43: 1 admissible 2-orbit seed(s) after glue+overlap filter (solving ≤4 @ 180000ms)
[2026-07-07 08:21:23]     seed 0: emitted=1 accepted(k=2 gated)=1 timedOut=false cand=577 50.9s
[2026-07-07 08:21:25]   Fig 43: status=solved gatePass=true det≈11.6569 [4,4,4,4,4,4,8*@3]
[2026-07-07 08:21:25] ===== STATUS TABLE =====
[2026-07-07 08:21:25] fig   k  status            gate  det        composition
[2026-07-07 08:21:25] 4i    1  solved            Y     22.0698    3*@1,3*@1,6*@5,8,8,8
[2026-07-07 08:21:25] 4j    1  solved            Y     6.8284     4*@3,8
[2026-07-07 08:21:25] 4p    1  solved            Y     7.4641     4,4*@2,6,6
[2026-07-07 08:21:25] 34    2  seed-path-missing n     —             // not attempted — outside chosen subset (36/40/42/43); mixed-orbit or deferred
[2026-07-07 08:21:25] 35    2  seed-path-missing n     —             // not attempted — outside chosen subset (36/40/42/43); mixed-orbit or deferred
[2026-07-07 08:21:25] 36    2  timeout           n     —             // no gated k=2 cell from 1 solved seed(s)
[2026-07-07 08:21:25] 37    2  seed-path-missing n     —             // not attempted — outside chosen subset (36/40/42/43); mixed-orbit or deferred
[2026-07-07 08:21:25] 38    2  seed-path-missing n     —             // not attempted — outside chosen subset (36/40/42/43); mixed-orbit or deferred
[2026-07-07 08:21:25] 39    2  seed-path-missing n     —             // not attempted — outside chosen subset (36/40/42/43); mixed-orbit or deferred
[2026-07-07 08:21:25] 40    2  solved            Y     23.3137    3,3,3,3,3,3,3,3,4,4,4,4,8,8,8,8*@1
[2026-07-07 08:21:25] 41    2  seed-path-missing n     —             // not attempted — outside chosen subset (36/40/42/43); mixed-orbit or deferred
[2026-07-07 08:21:25] 42    2  seed-path-missing n     —             // no gated k=2 cell from 1 solved seed(s)
[2026-07-07 08:21:25] 43    2  solved            Y     11.6569    4,4,4,4,4,4,8*@3
[2026-07-07 08:21:25] solved: 5/13  (4i·k1, 4j·k1, 4p·k1, 40·k2, 43·k2)
[2026-07-07 08:21:25] output: /Users/alessandro/Desktop/University/Thesis/TilingAtlas/experiments/star-oracle/star-cells-k1k2.json
[2026-07-07 08:33:58] ==================== star-cells-k1k2 dump — MODE=B ====================
[2026-07-07 08:33:58] ===== PART B (best-effort k=2 cells) =====
[2026-07-07 08:33:58] ----- Part B — Fig 36:  3.3.3.3.3.3 | 3.3.3.4.3.12*p@2  (pool up 8/5.7; ≤2 solves @ 1200000ms) -----
[2026-07-07 08:33:58]   Fig 36: 7 admissible 2-orbit seed(s) after glue+overlap filter (both orientations; solving ≤2 @ 1200000ms)
[2026-07-07 08:37:50]     seed 0: emitted=1 accepted(k=2 gated)=1 timedOut=false cand=2907 218.0s
[2026-07-07 08:38:03]   Fig 36: status=solved gatePass=true det≈19.3923 [12*@2,3,3,3,3,3,3,3,3,3,3,3,3,3,3,3,3,3,3,3,3,3,3,3,3,4,4,4]
[2026-07-07 08:38:03] ===== STATUS TABLE =====
[2026-07-07 08:38:03] fig   k  status            gate  det        composition
[2026-07-07 08:38:03] 4i    1  solved            Y     22.0698    3*@1,3*@1,6*@5,8,8,8
[2026-07-07 08:38:03] 4j    1  solved            Y     6.8284     4*@3,8
[2026-07-07 08:38:03] 4p    1  solved            Y     7.4641     4,4*@2,6,6
[2026-07-07 08:38:03] 34    2  seed-path-missing n     —             // not attempted — outside chosen subset (36/40/42/43); mixed-orbit or deferred
[2026-07-07 08:38:03] 35    2  seed-path-missing n     —             // not attempted — outside chosen subset (36/40/42/43); mixed-orbit or deferred
[2026-07-07 08:38:03] 36    2  solved            Y     19.3923    12*@2,3,3,3,3,3,3,3,3,3,3,3,3,3,3,3,3,3,3,3,3,3,3,3,3,4,4,4
[2026-07-07 08:38:03] 37    2  seed-path-missing n     —             // not attempted — outside chosen subset (36/40/42/43); mixed-orbit or deferred
[2026-07-07 08:38:03] 38    2  seed-path-missing n     —             // not attempted — outside chosen subset (36/40/42/43); mixed-orbit or deferred
[2026-07-07 08:38:03] 39    2  seed-path-missing n     —             // not attempted — outside chosen subset (36/40/42/43); mixed-orbit or deferred
[2026-07-07 08:38:03] 40    2  solved            Y     23.3137    3,3,3,3,3,3,3,3,4,4,4,4,8,8,8,8*@1
[2026-07-07 08:38:03] 41    2  seed-path-missing n     —             // not attempted — outside chosen subset (36/40/42/43); mixed-orbit or deferred
[2026-07-07 08:38:03] 42    2  seed-path-missing n     —             // no gated k=2 cell from 1 solved seed(s)
[2026-07-07 08:38:03] 43    2  solved            Y     11.6569    4,4,4,4,4,4,8*@3
[2026-07-07 08:38:03] solved: 6/13  (4i·k1, 4j·k1, 4p·k1, 36·k2, 40·k2, 43·k2)
[2026-07-07 08:38:03] output: /Users/alessandro/Desktop/University/Thesis/TilingAtlas/experiments/star-oracle/star-cells-k1k2.json
[2026-07-07 08:38:04] ==================== star-cells-k1k2 dump — MODE=B ====================
[2026-07-07 08:38:04] ===== PART B (best-effort k=2 cells) =====
[2026-07-07 08:38:04] ----- Part B — Fig 38:  3.3.12*p@2.3.12 | 3.12.12  (pool up 8/5.7; ≤2 solves @ 420000ms) -----
[2026-07-07 08:38:04]   Fig 38: 12 admissible 2-orbit seed(s) after glue+overlap filter (both orientations; solving ≤2 @ 420000ms)
[2026-07-07 08:38:27]     seed 0: emitted=0 accepted(k=2 gated)=0 timedOut=false cand=887 23.4s
[2026-07-07 08:38:45]     seed 1: emitted=0 accepted(k=2 gated)=0 timedOut=false cand=887 17.7s
[2026-07-07 08:38:45]   Fig 38: status=seed-path-missing gatePass=false det≈— [] — no gated k=2 cell from 2 solved seed(s) (pool up 8/5.7, 420000ms)
[2026-07-07 08:38:45] ----- Part B — Fig 39:  3.4.6.3.12*p@2 | 3.4.6.4  (pool up 8/5.7; ≤2 solves @ 420000ms) -----
[2026-07-07 08:38:45]   Fig 39: 12 admissible 2-orbit seed(s) after glue+overlap filter (both orientations; solving ≤2 @ 420000ms)
[2026-07-07 08:41:15]     seed 0: emitted=1 accepted(k=2 gated)=1 timedOut=false cand=3180 136.0s
[2026-07-07 08:41:30]   Fig 39: status=solved gatePass=true det≈25.8564 [12*@2,3,3,3,3,3,3,3,3,3,3,3,3,3,3,4,4,4,4,4,4,6,6,6]
[2026-07-07 08:41:30] ----- Part B — Fig 41:  3.4.4.6*p@2.4 | 3.3.3.4.4  (pool up 8/5.7; ≤2 solves @ 420000ms) -----
[2026-07-07 08:41:30]   Fig 41: 10 admissible 2-orbit seed(s) after glue+overlap filter (both orientations; solving ≤2 @ 420000ms)
[2026-07-07 08:46:33]     seed 0: emitted=1 accepted(k=2 gated)=0 timedOut=false cand=3635 295.4s
[2026-07-07 08:51:03]     seed 1: emitted=1 accepted(k=2 gated)=0 timedOut=false cand=3635 262.1s
[2026-07-07 08:51:03]   Fig 41: status=seed-path-missing gatePass=false det≈— [] — no gated k=2 cell from 2 solved seed(s) (pool up 8/5.7, 420000ms)
[2026-07-07 08:51:03] ===== STATUS TABLE =====
[2026-07-07 08:51:03] fig   k  status            gate  det        composition
[2026-07-07 08:51:03] 4i    1  solved            Y     22.0698    3*@1,3*@1,6*@5,8,8,8
[2026-07-07 08:51:03] 4j    1  solved            Y     6.8284     4*@3,8
[2026-07-07 08:51:03] 4p    1  solved            Y     7.4641     4,4*@2,6,6
[2026-07-07 08:51:03] 34    2  seed-path-missing n     —             // not attempted — outside chosen subset (36/40/42/43); mixed-orbit or deferred
[2026-07-07 08:51:03] 35    2  seed-path-missing n     —             // not attempted — outside chosen subset (36/40/42/43); mixed-orbit or deferred
[2026-07-07 08:51:03] 36    2  solved            Y     19.3923    12*@2,3,3,3,3,3,3,3,3,3,3,3,3,3,3,3,3,3,3,3,3,3,3,3,3,4,4,4
[2026-07-07 08:51:03] 37    2  seed-path-missing n     —             // not attempted — outside chosen subset (36/40/42/43); mixed-orbit or deferred
[2026-07-07 08:51:03] 38    2  seed-path-missing n     —             // no gated k=2 cell from 2 solved seed(s) (pool up 8/5.7, 420000ms)
[2026-07-07 08:51:03] 39    2  solved            Y     25.8564    12*@2,3,3,3,3,3,3,3,3,3,3,3,3,3,3,4,4,4,4,4,4,6,6,6
[2026-07-07 08:51:03] 40    2  solved            Y     23.3137    3,3,3,3,3,3,3,3,4,4,4,4,8,8,8,8*@1
[2026-07-07 08:51:03] 41    2  seed-path-missing n     —             // no gated k=2 cell from 2 solved seed(s) (pool up 8/5.7, 420000ms)
[2026-07-07 08:51:03] 42    2  seed-path-missing n     —             // no gated k=2 cell from 1 solved seed(s)
[2026-07-07 08:51:03] 43    2  solved            Y     11.6569    4,4,4,4,4,4,8*@3
[2026-07-07 08:51:03] solved: 7/13  (4i·k1, 4j·k1, 4p·k1, 36·k2, 39·k2, 40·k2, 43·k2)
[2026-07-07 08:51:03] output: /Users/alessandro/Desktop/University/Thesis/TilingAtlas/experiments/star-oracle/star-cells-k1k2.json
[2026-07-07 08:51:03] ==================== star-cells-k1k2 dump — MODE=B ====================
[2026-07-07 08:51:03] ===== PART B (best-effort k=2 cells) =====
[2026-07-07 08:51:03] ----- Part B — Fig 42:  4.4.6*p@2.4.12*p@4 | 4.4.4.4  (pool up 9/6.2; ≤2 solves @ 600000ms) -----
[2026-07-07 08:51:04]   Fig 42: 5 admissible 2-orbit seed(s) after glue+overlap filter (both orientations; solving ≤2 @ 600000ms)
[2026-07-07 08:52:53]     seed 0: emitted=0 accepted(k=2 gated)=0 timedOut=false cand=1652 109.1s
[2026-07-07 08:54:34]     seed 1: emitted=0 accepted(k=2 gated)=0 timedOut=false cand=1652 101.6s
[2026-07-07 08:54:34]   Fig 42: status=seed-path-missing gatePass=false det≈— [] — no gated k=2 cell from 2 solved seed(s) (pool up 9/6.2, 600000ms)
[2026-07-07 08:54:34] ===== STATUS TABLE =====
[2026-07-07 08:54:34] fig   k  status            gate  det        composition
[2026-07-07 08:54:34] 4i    1  solved            Y     22.0698    3*@1,3*@1,6*@5,8,8,8
[2026-07-07 08:54:34] 4j    1  solved            Y     6.8284     4*@3,8
[2026-07-07 08:54:34] 4p    1  solved            Y     7.4641     4,4*@2,6,6
[2026-07-07 08:54:34] 34    2  seed-path-missing n     —             // not attempted — outside chosen subset (36/40/42/43); mixed-orbit or deferred
[2026-07-07 08:54:34] 35    2  seed-path-missing n     —             // not attempted — outside chosen subset (36/40/42/43); mixed-orbit or deferred
[2026-07-07 08:54:34] 36    2  solved            Y     19.3923    12*@2,3,3,3,3,3,3,3,3,3,3,3,3,3,3,3,3,3,3,3,3,3,3,3,3,4,4,4
[2026-07-07 08:54:34] 37    2  seed-path-missing n     —             // not attempted — outside chosen subset (36/40/42/43); mixed-orbit or deferred
[2026-07-07 08:54:34] 38    2  seed-path-missing n     —             // no gated k=2 cell from 2 solved seed(s) (pool up 8/5.7, 420000ms)
[2026-07-07 08:54:34] 39    2  solved            Y     25.8564    12*@2,3,3,3,3,3,3,3,3,3,3,3,3,3,3,4,4,4,4,4,4,6,6,6
[2026-07-07 08:54:34] 40    2  solved            Y     23.3137    3,3,3,3,3,3,3,3,4,4,4,4,8,8,8,8*@1
[2026-07-07 08:54:34] 41    2  seed-path-missing n     —             // no gated k=2 cell from 2 solved seed(s) (pool up 8/5.7, 420000ms)
[2026-07-07 08:54:34] 42    2  seed-path-missing n     —             // no gated k=2 cell from 2 solved seed(s) (pool up 9/6.2, 600000ms)
[2026-07-07 08:54:34] 43    2  solved            Y     11.6569    4,4,4,4,4,4,8*@3
[2026-07-07 08:54:34] solved: 7/13  (4i·k1, 4j·k1, 4p·k1, 36·k2, 39·k2, 40·k2, 43·k2)
[2026-07-07 08:54:34] output: /Users/alessandro/Desktop/University/Thesis/TilingAtlas/experiments/star-oracle/star-cells-k1k2.json
[2026-07-07 08:55:49] ==================== star-cells-k1k2 dump — MODE=B ====================
[2026-07-07 08:55:49] ===== PART B (best-effort k=2 cells) =====
[2026-07-07 08:55:49] ----- Part B — Fig 38:  3.3.12*p@2.3.12 | 3.12.12  (pool up 8/5.7; ≤16 solves @ 180000ms) -----
[2026-07-07 08:55:50]   Fig 38: 24 admissible 2-orbit seed(s) after glue+overlap filter (both orientations; solving ≤16 @ 180000ms)
[2026-07-07 08:56:13]     seed 0: emitted=0 accepted(k=2 gated)=0 timedOut=false cand=887 23.5s
[2026-07-07 08:56:31]     seed 1: emitted=0 accepted(k=2 gated)=0 timedOut=false cand=887 17.9s
[2026-07-07 08:56:49]     seed 2: emitted=0 accepted(k=2 gated)=0 timedOut=false cand=887 18.2s
[2026-07-07 08:57:07]     seed 3: emitted=0 accepted(k=2 gated)=0 timedOut=false cand=887 17.7s
[2026-07-07 08:57:24]     seed 4: emitted=0 accepted(k=2 gated)=0 timedOut=false cand=887 17.7s
[2026-07-07 08:57:42]     seed 5: emitted=0 accepted(k=2 gated)=0 timedOut=false cand=887 17.9s
[2026-07-07 08:58:00]     seed 6: emitted=0 accepted(k=2 gated)=0 timedOut=false cand=887 17.9s
[2026-07-07 08:58:18]     seed 7: emitted=0 accepted(k=2 gated)=0 timedOut=false cand=887 17.8s
[2026-07-07 08:58:36]     seed 8: emitted=0 accepted(k=2 gated)=0 timedOut=false cand=887 17.8s
[2026-07-07 08:58:54]     seed 9: emitted=0 accepted(k=2 gated)=0 timedOut=false cand=887 18.0s
[2026-07-07 08:59:12]     seed 10: emitted=0 accepted(k=2 gated)=0 timedOut=false cand=887 17.9s
[2026-07-07 08:59:30]     seed 11: emitted=0 accepted(k=2 gated)=0 timedOut=false cand=887 18.2s
[2026-07-07 08:59:48]     seed 12: emitted=0 accepted(k=2 gated)=0 timedOut=false cand=887 18.4s
[2026-07-07 09:00:06]     seed 13: emitted=0 accepted(k=2 gated)=0 timedOut=false cand=887 18.0s
[2026-07-07 09:00:28]     seed 14: emitted=0 accepted(k=2 gated)=0 timedOut=false cand=887 21.5s
[2026-07-07 09:00:49]     seed 15: emitted=0 accepted(k=2 gated)=0 timedOut=false cand=887 21.1s
[2026-07-07 09:00:49]   Fig 38: status=seed-path-missing gatePass=false det≈— [] — no gated k=2 cell from 16 solved seed(s) (pool up 8/5.7, 180000ms)
[2026-07-07 09:00:49] ===== STATUS TABLE =====
[2026-07-07 09:00:49] fig   k  status            gate  det        composition
[2026-07-07 09:00:49] 4i    1  solved            Y     22.0698    3*@1,3*@1,6*@5,8,8,8
[2026-07-07 09:00:49] 4j    1  solved            Y     6.8284     4*@3,8
[2026-07-07 09:00:49] 4p    1  solved            Y     7.4641     4,4*@2,6,6
[2026-07-07 09:00:49] 34    2  seed-path-missing n     —             // not attempted — outside chosen subset (36/40/42/43); mixed-orbit or deferred
[2026-07-07 09:00:49] 35    2  seed-path-missing n     —             // not attempted — outside chosen subset (36/40/42/43); mixed-orbit or deferred
[2026-07-07 09:00:49] 36    2  solved            Y     19.3923    12*@2,3,3,3,3,3,3,3,3,3,3,3,3,3,3,3,3,3,3,3,3,3,3,3,3,4,4,4
[2026-07-07 09:00:49] 37    2  seed-path-missing n     —             // not attempted — outside chosen subset (36/40/42/43); mixed-orbit or deferred
[2026-07-07 09:00:49] 38    2  seed-path-missing n     —             // no gated k=2 cell from 16 solved seed(s) (pool up 8/5.7, 180000ms)
[2026-07-07 09:00:49] 39    2  solved            Y     25.8564    12*@2,3,3,3,3,3,3,3,3,3,3,3,3,3,3,4,4,4,4,4,4,6,6,6
[2026-07-07 09:00:49] 40    2  solved            Y     23.3137    3,3,3,3,3,3,3,3,4,4,4,4,8,8,8,8*@1
[2026-07-07 09:00:49] 41    2  seed-path-missing n     —             // no gated k=2 cell from 2 solved seed(s) (pool up 8/5.7, 420000ms)
[2026-07-07 09:00:49] 42    2  seed-path-missing n     —             // no gated k=2 cell from 2 solved seed(s) (pool up 9/6.2, 600000ms)
[2026-07-07 09:00:49] 43    2  solved            Y     11.6569    4,4,4,4,4,4,8*@3
[2026-07-07 09:00:49] solved: 7/13  (4i·k1, 4j·k1, 4p·k1, 36·k2, 39·k2, 40·k2, 43·k2)
[2026-07-07 09:00:49] output: /Users/alessandro/Desktop/University/Thesis/TilingAtlas/experiments/star-oracle/star-cells-k1k2.json
[2026-07-07 09:00:50] ==================== star-cells-k1k2 dump — MODE=B ====================
[2026-07-07 09:00:50] ===== PART B (best-effort k=2 cells) =====
[2026-07-07 09:00:50] ----- Part B — Fig 42:  4.4.6*p@2.4.12*p@4 | 4.4.4.4  (pool up 9/6.2; ≤8 solves @ 300000ms) -----
[2026-07-07 09:00:50]   Fig 42: 5 admissible 2-orbit seed(s) after glue+overlap filter (both orientations; solving ≤8 @ 300000ms)
[2026-07-07 09:02:56]     seed 0: emitted=0 accepted(k=2 gated)=0 timedOut=false cand=1652 125.5s
[2026-07-07 09:04:50]     seed 1: emitted=0 accepted(k=2 gated)=0 timedOut=false cand=1652 114.5s
[2026-07-07 09:06:48]     seed 2: emitted=0 accepted(k=2 gated)=0 timedOut=false cand=1652 117.5s
[2026-07-07 09:08:42]     seed 3: emitted=0 accepted(k=2 gated)=0 timedOut=false cand=1652 114.7s
[2026-07-07 09:10:31]     seed 4: emitted=0 accepted(k=2 gated)=0 timedOut=false cand=1652 108.6s
[2026-07-07 09:10:31]   Fig 42: status=seed-path-missing gatePass=false det≈— [] — no gated k=2 cell from 5 solved seed(s) (pool up 9/6.2, 300000ms)
[2026-07-07 09:10:31] ===== STATUS TABLE =====
[2026-07-07 09:10:31] fig   k  status            gate  det        composition
[2026-07-07 09:10:31] 4i    1  solved            Y     22.0698    3*@1,3*@1,6*@5,8,8,8
[2026-07-07 09:10:31] 4j    1  solved            Y     6.8284     4*@3,8
[2026-07-07 09:10:31] 4p    1  solved            Y     7.4641     4,4*@2,6,6
[2026-07-07 09:10:31] 34    2  seed-path-missing n     —             // not attempted — outside chosen subset (36/40/42/43); mixed-orbit or deferred
[2026-07-07 09:10:31] 35    2  seed-path-missing n     —             // not attempted — outside chosen subset (36/40/42/43); mixed-orbit or deferred
[2026-07-07 09:10:31] 36    2  solved            Y     19.3923    12*@2,3,3,3,3,3,3,3,3,3,3,3,3,3,3,3,3,3,3,3,3,3,3,3,3,4,4,4
[2026-07-07 09:10:31] 37    2  seed-path-missing n     —             // not attempted — outside chosen subset (36/40/42/43); mixed-orbit or deferred
[2026-07-07 09:10:31] 38    2  seed-path-missing n     —             // no gated k=2 cell from 16 solved seed(s) (pool up 8/5.7, 180000ms)
[2026-07-07 09:10:31] 39    2  solved            Y     25.8564    12*@2,3,3,3,3,3,3,3,3,3,3,3,3,3,3,4,4,4,4,4,4,6,6,6
[2026-07-07 09:10:31] 40    2  solved            Y     23.3137    3,3,3,3,3,3,3,3,4,4,4,4,8,8,8,8*@1
[2026-07-07 09:10:31] 41    2  seed-path-missing n     —             // no gated k=2 cell from 2 solved seed(s) (pool up 8/5.7, 420000ms)
[2026-07-07 09:10:31] 42    2  seed-path-missing n     —             // no gated k=2 cell from 5 solved seed(s) (pool up 9/6.2, 300000ms)
[2026-07-07 09:10:31] 43    2  solved            Y     11.6569    4,4,4,4,4,4,8*@3
[2026-07-07 09:10:31] solved: 7/13  (4i·k1, 4j·k1, 4p·k1, 36·k2, 39·k2, 40·k2, 43·k2)
[2026-07-07 09:10:31] output: /Users/alessandro/Desktop/University/Thesis/TilingAtlas/experiments/star-oracle/star-cells-k1k2.json
[2026-07-07 09:10:31] ==================== star-cells-k1k2 dump — MODE=B ====================
[2026-07-07 09:10:31] ===== PART B (best-effort k=2 cells) =====
[2026-07-07 09:10:31] ----- Part B — Fig 41:  3.4.4.6*p@2.4 | 3.3.3.4.4  (pool up 8/5.7; ≤5 solves @ 300000ms) -----
[2026-07-07 09:10:32]   Fig 41: 10 admissible 2-orbit seed(s) after glue+overlap filter (both orientations; solving ≤5 @ 300000ms)
