[2026-07-07 13:49:28] ==================== star-general-path — targets 34,35,37,38,41,42 ====================
[2026-07-07 13:49:28] floor pool 8/5.7; escalation 8/5.7 → 9/6.2; solve cap 4 @ 120000ms; beyond-target cap 0 (global)
[2026-07-07 13:49:28] grouped 6 figs into 4 species groups: [12:2]→{34,35,38}  [8:1]→{37}  [6:2]→{41}  [12:4,6:2]→{42}
[2026-07-07 13:49:28] [12:2] enumerated 64 VCs (49 star); compatibility loaded from cache (62 edges)
[2026-07-07 13:49:28] [8:1] enumerated 68 VCs (53 star); compatibility loaded from cache (40 edges)
[2026-07-07 13:49:28] [6:2] enumerated 64 VCs (49 star); compatibility loaded from cache (106 edges)
[2026-07-07 13:49:28] [12:4,6:2] enumerated 114 VCs (99 star); compatibility loaded from cache (174 edges)
[2026-07-07 13:49:28] GATE-0 passed: all 6 target fig pairs present and mutually compatible.
[2026-07-07 13:49:28] ===== species group [12:2] — figs 34,35,38 =====
[2026-07-07 13:49:28] [12:2] seed-sets (k=2, ≥1 star): 24 → 3 target-fig, 21 beyond-target
[2026-07-07 13:49:28] ----- Fig 34 (1/6):  12*p@2,3,3,12*p@2,3,3,3  |  12*p@2,3,3,4,3,3 -----
[2026-07-07 13:52:11]   Fig 34: status=solved gate=Y det≈13.9282 placements=4 pool=8/5.7 [12*@2,3,3,3,3,3,3,3,3,3,3,3,3,3,3,3,3,4] — solved at pool 8/5.7 (seed 1/4)
[2026-07-07 13:52:11] ----- Fig 35 (2/6, ETA 819s):  12*p@2,3,3,12*p@2,3,3,3  |  12*p@2,3,12,3,3 -----
[2026-07-07 13:53:28]       no gated k=2 cell at pool 8/5.7 (solved 2/2 placements, timedOut=false)
[2026-07-07 13:55:14]       no gated k=2 cell at pool 9/6.2 (solved 2/2 placements, timedOut=false)
[2026-07-07 13:55:14]   Fig 35: status=open gate=n det≈— placements=2 pool=8/5.7,9/6.2 [] — all 2 placements solved at every pool, no gated k=2 cell
[2026-07-07 13:55:14] ----- Fig 38 (3/6, ETA 692s):  12*p@2,3,12,3,3  |  12,12,3 -----
[2026-07-07 13:55:54]       no gated k=2 cell at pool 8/5.7 (solved 2/2 placements, timedOut=false)
[2026-07-07 13:56:51]       no gated k=2 cell at pool 9/6.2 (solved 2/2 placements, timedOut=false)
[2026-07-07 13:56:51]   Fig 38: status=open gate=n det≈— placements=2 pool=8/5.7,9/6.2 [] — all 2 placements solved at every pool, no gated k=2 cell
[2026-07-07 13:56:51]   [not solved this run] 12*p@2,3,12,3,3 + 12*p@2,3,3,4,3,3
[2026-07-07 13:56:51]   [not solved this run] 12*p@2,3,12,3,3 + 12,3,3,4
[2026-07-07 13:56:51]   [not solved this run] 12*p@2,3,12,3,3 + 12,3,4,3
[2026-07-07 13:56:51]   [not solved this run] 12*p@2,3,3,12*p@2,3,3,3 + 12*p@2,3,3,3,4,3
[2026-07-07 13:56:51]   [not solved this run] 12*p@2,3,3,3,4,3 + 12*p@2,3,3,4,3,3
[2026-07-07 13:56:51]   [not solved this run] 12*p@2,3,3,3,4,3 + 12*p@2,3,4,6,3
[2026-07-07 13:56:51]   [not solved this run] 12*p@2,3,3,3,4,3 + 12,3,3,4
[2026-07-07 13:56:51]   [not solved this run] 12*p@2,3,3,3,4,3 + 12,3,4,3
[2026-07-07 13:56:51]   [not solved this run] 12*p@2,3,3,3,4,3 + 3,3,3,3,3,3
[2026-07-07 13:56:51]   [not solved this run] 12*p@2,3,3,3,4,3 + 3,3,3,3,6
[2026-07-07 13:56:51]   [not solved this run] 12*p@2,3,3,3,4,3 + 3,3,3,4,4
[2026-07-07 13:56:51]   [not solved this run] 12*p@2,3,3,3,4,3 + 3,3,4,3,4
[2026-07-07 13:56:51]   [not solved this run] 12*p@2,3,3,3,4,3 + 3,3,6,6
[2026-07-07 13:56:51]   [not solved this run] 12*p@2,3,3,3,4,3 + 3,4,6,4
[2026-07-07 13:56:51]   [not solved this run] 12*p@2,3,3,4,3,3 + 12,3,3,4
[2026-07-07 13:56:51]   [not solved this run] 12*p@2,3,3,4,3,3 + 12,3,4,3
[2026-07-07 13:56:51]   [not solved this run] 12*p@2,3,3,4,3,3 + 3,3,3,4,4
[2026-07-07 13:56:51]   [not solved this run] 12*p@2,3,3,4,3,3 + 3,3,4,3,4
[2026-07-07 13:56:51]   [not solved this run] 12*p@2,3,3,4,3,3 + 3,4,4,6
[2026-07-07 13:56:51]   [not solved this run] 12*p@2,3,3,4,3,3 + 3,4,6,4
[2026-07-07 13:56:51]   [not solved this run] 12*p@2,3,4,6,3 + 3,4,6,4
[2026-07-07 13:56:51] ===== species group [8:1] — figs 37 =====
[2026-07-07 13:56:51] [8:1] seed-sets (k=2, ≥1 star): 2 → 1 target-fig, 1 beyond-target
[2026-07-07 13:56:51] ----- Fig 37 (4/6, ETA 443s):  3,3,8*p@1,3,4,3,8*p@1  |  3,4,8,3,8*p@1 -----
[2026-07-07 14:02:17]       no gated k=2 cell at pool 8/5.7 (solved 2/2 placements, timedOut=true)
