=== TH-4 — exact star d_max table (commit be943b9, 2026-06-10) ===

PREMISES (stated, not inherited from the enumerator — see spec §"Stated premises"):
  P1 (≤1 dent/vertex): dents are reflex, β = 24 − 24/n − α > 12 units; two reflex corners sum > 24u = 2π. ∎
  P2 (no two adjacent points): isotoxal star edges run point→dent; two adjacent points at v put a dent
     of EACH star at the shared edge's far endpoint — two reflex corners > 2π by P1's arithmetic. ∎
     (Both k-independent. Myers prune (iii) — ≥1 point, uniformity-only, TH-5 — is used NOWHERE here.)
  P3 (scope, inherited NOT derived): n ∈ {3,4,6,8,12}, 0 < α < 12(n−2)/n, π/12 units (32 variants).
     ⚑ If the star scope widens (n=24, off-ring α), every constant below must be recomputed.
  P4 (degree = t over TRUE vertices): t ≥ 3 per def:tiling-vertex; t=2 dent-fills are non-vertices.
  Strata: Fig-4 = 0 dents | Fig-3(=1) = exactly 1 (the TH-3 Γ⋆ stratum) | Fig-3(≤1) = identity
     max(Fig-4, Fig-3(=1)) — reported for the work order, adds no information beyond the identity check.

Route 2 (PUBLISHED) = independent multiset engine (StarDmaxRoute2: P3 formulas, zero StarVC imports).
Route 1 (CHECK) = enumerateStarVCs (prunes (i)/(ii) verbatim; prune (iii) hard-coded at StarVC.ts:134
  is bypassed via computed point-free fold-backs: pure-regular ≤ 6; dent-no-point β ≥ 13 ⇒ t ≤ 3).
Per-cell agreement + the Fig-3(≤1) identity are HARD GATES (exit 1 on failure).

  [ 1/35] regular-only        fig4=6  fig3(=1)=0  fig3(≤1)=6  [0.0s, ETA 0s]
  [ 2/35] F(3,1)              fig4=9  fig3(=1)=4  fig3(≤1)=9  [0.0s, ETA 0s]
  [ 3/35] F(3,2)              fig4=8  fig3(=1)=4  fig3(≤1)=8  [0.0s, ETA 0s]
  [ 4/35] F(3,3)              fig4=6  fig3(=1)=4  fig3(≤1)=6  [0.0s, ETA 0s]
  [ 5/35] F(4,1)              fig4=9  fig3(=1)=3  fig3(≤1)=9  [0.0s, ETA 0s]
  [ 6/35] F(4,2)              fig4=8  fig3(=1)=4  fig3(≤1)=8  [0.0s, ETA 0s]
  [ 7/35] F(4,3)              fig4=6  fig3(=1)=3  fig3(≤1)=6  [0.1s, ETA 0s]
  [ 8/35] F(4,4)              fig4=6  fig3(=1)=3  fig3(≤1)=6  [0.1s, ETA 0s]
  [ 9/35] F(4,5)              fig4=6  fig3(=1)=3  fig3(≤1)=6  [0.1s, ETA 0s]
  [10/35] F(6,1)              fig4=9  fig3(=1)=3  fig3(≤1)=9  [0.1s, ETA 0s]
  [11/35] F(6,2)              fig4=8  fig3(=1)=3  fig3(≤1)=8  [0.1s, ETA 0s]
  [12/35] F(6,3)              fig4=6  fig3(=1)=3  fig3(≤1)=6  [0.1s, ETA 0s]
  [13/35] F(6,4)              fig4=6  fig3(=1)=3  fig3(≤1)=6  [0.1s, ETA 0s]
  [14/35] F(6,5)              fig4=6  fig3(=1)=3  fig3(≤1)=6  [0.1s, ETA 0s]
  [15/35] F(6,6)              fig4=6  fig3(=1)=3  fig3(≤1)=6  [0.1s, ETA 0s]
  [16/35] F(6,7)              fig4=6  fig3(=1)=3  fig3(≤1)=6  [0.1s, ETA 0s]
  [17/35] F(8,1)              fig4=9  fig3(=1)=0  fig3(≤1)=9  [0.1s, ETA 0s]
  [18/35] F(8,2)              fig4=8  fig3(=1)=0  fig3(≤1)=8  [0.1s, ETA 0s]
  [19/35] F(8,3)              fig4=6  fig3(=1)=0  fig3(≤1)=6  [0.1s, ETA 0s]
  [20/35] F(8,4)              fig4=6  fig3(=1)=0  fig3(≤1)=6  [0.1s, ETA 0s]
  [21/35] F(8,5)              fig4=6  fig3(=1)=3  fig3(≤1)=6  [0.1s, ETA 0s]
  [22/35] F(8,6)              fig4=6  fig3(=1)=0  fig3(≤1)=6  [0.1s, ETA 0s]
  [23/35] F(8,7)              fig4=6  fig3(=1)=3  fig3(≤1)=6  [0.1s, ETA 0s]
  [24/35] F(8,8)              fig4=6  fig3(=1)=0  fig3(≤1)=6  [0.1s, ETA 0s]
  [25/35] F(12,1)             fig4=9  fig3(=1)=0  fig3(≤1)=9  [0.1s, ETA 0s]
  [26/35] F(12,2)             fig4=8  fig3(=1)=0  fig3(≤1)=8  [0.2s, ETA 0s]
  [27/35] F(12,3)             fig4=6  fig3(=1)=0  fig3(≤1)=6  [0.2s, ETA 0s]
  [28/35] F(12,4)             fig4=6  fig3(=1)=0  fig3(≤1)=6  [0.2s, ETA 0s]
  [29/35] F(12,5)             fig4=6  fig3(=1)=0  fig3(≤1)=6  [0.2s, ETA 0s]
  [30/35] F(12,6)             fig4=6  fig3(=1)=3  fig3(≤1)=6  [0.2s, ETA 0s]
  [31/35] F(12,7)             fig4=6  fig3(=1)=0  fig3(≤1)=6  [0.2s, ETA 0s]
  [32/35] F(12,8)             fig4=6  fig3(=1)=3  fig3(≤1)=6  [0.2s, ETA 0s]
  [33/35] F(12,9)             fig4=6  fig3(=1)=0  fig3(≤1)=6  [0.2s, ETA 0s]
  [34/35] envelope-dentreg-19 fig4=9  fig3(=1)=5  fig3(≤1)=9  [1.1s, ETA 0s]
  [35/35] envelope-all-32     fig4=9  fig3(=1)=6  fig3(≤1)=9  [7.5s, ETA 0s]

ENVELOPE WITNESSES (Route 2):
  envelope-dentreg-19 fig4: d=9  [3*p@1, 3*p@1, 3*p@1, 3*p@1, 3, 3, 3, 3, 3]
  envelope-dentreg-19 fig3eq1: d=5  [3*p@1, 3*p@1, 3, 3, 3*d@14]
  envelope-dentreg-19 fig3le1: d=9  [3*p@1, 3*p@1, 3*p@1, 3*p@1, 3, 3, 3, 3, 3]
  envelope-all-32 fig4: d=9  [3*p@1, 3*p@1, 3*p@1, 3*p@1, 3, 3, 3, 3, 3]
  envelope-all-32 fig3eq1: d=6  [3*p@1, 3*p@1, 3*p@1, 3, 3, 3*d@13]
  envelope-all-32 fig3le1: d=9  [3*p@1, 3*p@1, 3*p@1, 3*p@1, 3, 3, 3, 3, 3]

PINNED EXPECTATIONS (hand-derived in the spec):
  ✓ regular-only fig4 == 6 (recovers the regular bound)
  ✓ regular-only fig3(=1) == 0 (no dents in alphabet ⇒ empty stratum)
  ✓ envelope-all-32 fig4 == 9
  ✓ envelope-dentreg-19 fig4 == 9
  ✓ every F(n,1) fig4 == 9
  ✓ every F(n,2) fig4 == 8
  ✓ envelope-all-32 fig3(=1) == 6
  ✓ degree-7 falsifier present in the enumeration (sanity anchor)
  ✓ per-cell route agreement + Fig-3(≤1) identity on ALL rows

CONSEQUENCE FOR TA (constants input — TH-4 is discharged by TA's re-proved transfer, not here):
  d_max(in-ring envelope, all strata) = 9
  ⇒ δ ≤ 2k·d_max = 18k   (restated Remark 3; vs crude guess ≈11 ⇒ 22k; regular-derived 12k is FALSE for stars)
  ⇒ F ≤ (d_max/2 − 1)·12k = 42k   (cor:starbox(i) with the exact constant)

ALL CHECKS PASSED  (7.5s total)
