
> tiling-atlas-next@0.1.0 build /Users/alessandro/Desktop/University/Thesis/TilingAtlas
> next build

▲ Next.js 16.2.3 (Turbopack)
- Environments: .env

  Creating an optimized production build ...
✓ Compiled successfully in 4.3s
  Running TypeScript ...
  Finished TypeScript in 2.8s ...
  Collecting page data using 9 workers ...
  Generating static pages using 9 workers (0/10) ...
  Generating static pages using 9 workers (2/10) 
  Generating static pages using 9 workers (4/10) 
  Generating static pages using 9 workers (7/10) 
✓ Generating static pages using 9 workers (10/10) in 73ms
  Finalizing page optimization ...

Route (app)
┌ ƒ /
├ ○ /_not-found
├ ƒ /api/pipeline/expand-seeds
├ ƒ /api/pipeline/extract-translational-cells
├ ƒ /api/pipeline/generate-polygons
├ ƒ /api/pipeline/generate-seed-configurations
├ ƒ /api/pipeline/generate-vcs
├ ƒ /api/pipeline/list-folders
├ ƒ /api/pipeline/structure
├ ƒ /lab
├ ƒ /lab/[experimentHash]
├ ƒ /lab/[experimentHash]/expanded-seeds
├ ƒ /lab/[experimentHash]/polygons
├ ƒ /lab/[experimentHash]/seeds
├ ƒ /lab/[experimentHash]/tilings
├ ƒ /lab/[experimentHash]/vcs
├ ƒ /lab/run/[runId]
├ ƒ /library
└ ƒ /play


ƒ Proxy (Middleware)

○  (Static)   prerendered as static content
ƒ  (Dynamic)  server-rendered on demand

